[35m[Appium][39m Welcome to Appium v1.15.1
[35m[Appium][39m Non-default server args:
[35m[Appium][39m   bootstrapPort: 5723
[35m[Appium][39m   nodeconfig: ./test_program/nodeconfig/Honor_9/8.0.0/mobile.json
[35m[Appium][39m   udid: MKJNW18524003878
[35m[Appium][39m Deprecated server args:
[35m[Appium][39m   [31m-U,--udid[39m => --default-capabilities '{"udid":"MKJNW18524003878"}'
[35m[Appium][39m Default capabilities, which will be added to each request unless overridden by desired capabilities:
[35m[Appium][39m   udid: MKJNW18524003878
[debug] [35m[Appium][39m Starting auto register thread for grid. Will try to register every 5000 ms.
[35m[Appium][39m Appium REST http interface listener started on 0.0.0.0:4723
[debug] [35m[Appium][39m Appium successfully registered with the grid on http://192.168.222.67:4444
[35m[HTTP][39m [37m-->[39m [37mPOST[39m [37m/wd/hub/session[39m
[35m[HTTP][39m [90m{"desiredCapabilities":{"app":"/Users/vanthink_test_ios/Desktop/student_env_devMasterDebug_1.4.2-1.apk","automationName":"uiautomator2","deviceName":"Honor_9","noReset":true,"platformName":"android","platformVersion":"8.0.0","resetKeyboard":true,"server:CONFIG_UUID":"7dbce966-80fe-4889-9f01-1154ed2330ad","systemPort":8200,"udid":"MKJNW18524003878"},"capabilities":{"desiredCapabilities":{"app":"/Users/vanthink_test_ios/Desktop/student_env_devMasterDebug_1.4.2-1.apk","automationName":"uiautomator2","deviceName":"Honor_9","noReset":true,"platformName":"android","platformVersion":"8.0.0","resetKeyboard":true,"server:CONFIG_UUID":"7dbce966-80fe-4889-9f01-1154ed2330ad","systemPort":8200,"udid":"MKJNW18524003878"},"firstMatch":[{"platformName":"android","server:CONFIG_UUID":"7dbce966-80fe-4889-9f01-1154ed2330ad"}]}}[39m
[debug] [35m[W3C][39m Calling AppiumDriver.createSession() with args: [{"app":"/Users/vanthink_test_ios/Desktop/student_env_devMasterDebug_1.4.2-1.apk","automationName":"uiautomator2","deviceName":"Honor_9","noReset":true,"platformName":"android","platformVersion":"8.0.0","resetKeyboard":true,"server:CONFIG_UUID":"7dbce966-80fe-4889-9f01-1154ed2330ad","systemPort":8200,"udid":"MKJNW18524003878"},null,{"desiredCapabilities":{"app":"/Users/vanthink_test_ios/Desktop/student_env_devMasterDebug_1.4.2-1.apk","automationName":"uiautomator2","deviceName":"Honor_9","noReset":true,"platformName":"android","platformVersion":"8.0.0","resetKeyboard":true,"server:CONFIG_UUID":"7dbce966-80fe-4889-9f01-1154ed2330ad","systemPort":8200,"udid":"MKJNW18524003878"},"firstMatch":[{"platformName":"android","server:CONFIG_UUID":"7dbce966-80fe-4889-9f01-1154ed2330ad"}]}]
[debug] [35m[BaseDriver][39m Event 'newSessionRequested' logged at 1572319109307 (11:18:29 GMT+0800 (CST))
[35m[BaseDriver][39m The capabilities ["udid"] are not standard capabilities and should have an extension prefix
[35m[Appium][39m Could not parse W3C capabilities: 'deviceName' can't be blank
[35m[Appium][39m Trying to fix W3C capabilities by merging them with JSONWP caps
[35m[BaseDriver][39m The capabilities ["app","automationName","deviceName","noReset","platformVersion","resetKeyboard","systemPort","udid"] are not standard capabilities and should have an extension prefix
[35m[Appium][39m Appium v1.15.1 creating new AndroidUiautomator2Driver (v1.37.2) session
[debug] [35m[BaseDriver][39m W3C capabilities and MJSONWP desired capabilities were provided
[debug] [35m[BaseDriver][39m Creating session with W3C capabilities: {
[debug] [35m[BaseDriver][39m   "alwaysMatch": {
[debug] [35m[BaseDriver][39m     "appium:app": "/Users/vanthink_test_ios/Desktop/student_env_devMasterDebug_1.4.2-1.apk",
[debug] [35m[BaseDriver][39m     "appium:automationName": "uiautomator2",
[debug] [35m[BaseDriver][39m     "appium:deviceName": "Honor_9",
[debug] [35m[BaseDriver][39m     "appium:noReset": true,
[debug] [35m[BaseDriver][39m     "appium:platformVersion": "8.0.0",
[debug] [35m[BaseDriver][39m     "appium:resetKeyboard": true,
[debug] [35m[BaseDriver][39m     "appium:systemPort": 8200,
[debug] [35m[BaseDriver][39m     "platformName": "android",
[debug] [35m[BaseDriver][39m     "server:CONFIG_UUID": "7dbce966-80fe-4889-9f01-1154ed2330ad",
[debug] [35m[BaseDriver][39m     "appium:udid": "MKJNW18524003878"
[debug] [35m[BaseDriver][39m   },
[debug] [35m[BaseDriver][39m   "firstMatch": [
[debug] [35m[BaseDriver][39m     {}
[debug] [35m[BaseDriver][39m   ]
[debug] [35m[BaseDriver][39m }
[35m[BaseDriver][39m The following capabilities were provided, but are not recognized by Appium:
[35m[BaseDriver][39m   server:CONFIG_UUID
[35m[BaseDriver][39m Session created with session id: cad832de-4a3d-4eb4-a77e-1fe4cf82d7d7
[35m[BaseDriver][39m Using local app '/Users/vanthink_test_ios/Desktop/student_env_devMasterDebug_1.4.2-1.apk'
[debug] [35m[UiAutomator2][39m Checking whether app is actually present
[35m[ADB][39m Found 4 'build-tools' folders under '/Users/vanthink_test_ios/Desktop/intsall/adt-bundle-mac-x86_64-20140624/sdk' (newest first):
[35m[ADB][39m     /Users/vanthink_test_ios/Desktop/intsall/adt-bundle-mac-x86_64-20140624/sdk/build-tools/28.0.3
[35m[ADB][39m     /Users/vanthink_test_ios/Desktop/intsall/adt-bundle-mac-x86_64-20140624/sdk/build-tools/28.0.0
[35m[ADB][39m     /Users/vanthink_test_ios/Desktop/intsall/adt-bundle-mac-x86_64-20140624/sdk/build-tools/27.0.1
[35m[ADB][39m     /Users/vanthink_test_ios/Desktop/intsall/adt-bundle-mac-x86_64-20140624/sdk/build-tools/23.0.1
[35m[ADB][39m Using 'adb' from '/Users/vanthink_test_ios/Desktop/intsall/adt-bundle-mac-x86_64-20140624/sdk/platform-tools/adb'
[35m[AndroidDriver][39m Retrieving device list
[debug] [35m[ADB][39m Trying to find a connected android device
[debug] [35m[ADB][39m Getting connected devices...
[debug] [35m[ADB][39m Connected devices: [{"udid":"MKJNW18524003878","state":"device"}]
[35m[AndroidDriver][39m Using device: MKJNW18524003878
[35m[ADB][39m Using 'adb' from '/Users/vanthink_test_ios/Desktop/intsall/adt-bundle-mac-x86_64-20140624/sdk/platform-tools/adb'
[debug] [35m[ADB][39m Setting device id to MKJNW18524003878
[debug] [35m[ADB][39m Running '/Users/vanthink_test_ios/Desktop/intsall/adt-bundle-mac-x86_64-20140624/sdk/platform-tools/adb -P 5037 -s MKJNW18524003878 shell getprop ro.build.version.sdk'
[debug] [35m[ADB][39m Current device property 'ro.build.version.sdk': 26
[debug] [35m[ADB][39m Device API level: 26
[debug] [35m[AndroidDriver][39m Parsing package and activity from app manifest
[35m[ADB][39m Using the alternative activity name detection method because of: Could not find 'apkanalyzer' in ["/Users/vanthink_test_ios/Desktop/intsall/adt-bundle-mac-x86_64-20140624/sdk/platform-tools/apkanalyzer","/Users/vanthink_test_ios/Desktop/intsall/adt-bundle-mac-x86_64-20140624/sdk/emulator/apkanalyzer","/Users/vanthink_test_ios/Desktop/intsall/adt-bundle-mac-x86_64-20140624/sdk/tools/apkanalyzer","/Users/vanthink_test_ios/Desktop/intsall/adt-bundle-mac-x86_64-20140624/sdk/tools/bin/apkanalyzer","/Users/vanthink_test_ios/Desktop/intsall/adt-bundle-mac-x86_64-20140624/sdk/build-tools/28.0.3/apkanalyzer","/Users/vanthink_test_ios/Desktop/intsall/adt-bundle-mac-x86_64-20140624/sdk/build-tools/28.0.0/apkanalyzer","/Users/vanthink_test_ios/Desktop/intsall/adt-bundle-mac-x86_64-20140624/sdk/build-tools/27.0.1/apkanalyzer","/Users/vanthink_test_ios/Desktop/intsall/adt-bundle-mac-x86_64-20140624/sdk/build-tools/23.0.1/apkanalyzer"]. Do you have Android Build Tools installed at '/Users/vanthink_test_ios/Desktop/intsall/adt-bundle-mac-x86_64-20140624/sdk'?
[35m[ADB][39m Using 'aapt' from '/Users/vanthink_test_ios/Desktop/intsall/adt-bundle-mac-x86_64-20140624/sdk/build-tools/28.0.3/aapt'
[35m[ADB][39m Extracting package and launch activity from manifest
[35m[ADB][39m Package name: 'com.vanthink.student.debug'
[35m[ADB][39m Main activity name: 'com.vanthink.vanthinkstudent.ui.splash.SplashActivity'
[debug] [35m[AndroidDriver][39m Parsed package and activity are: com.vanthink.student.debug/com.vanthink.vanthinkstudent.ui.splash.SplashActivity
[debug] [35m[ADB][39m Running '/Users/vanthink_test_ios/Desktop/intsall/adt-bundle-mac-x86_64-20140624/sdk/platform-tools/adb -P 5037 -s MKJNW18524003878 wait-for-device'
[debug] [35m[ADB][39m Running '/Users/vanthink_test_ios/Desktop/intsall/adt-bundle-mac-x86_64-20140624/sdk/platform-tools/adb -P 5037 -s MKJNW18524003878 shell echo ping'
[debug] [35m[AndroidDriver][39m Pushing settings apk to device...
[debug] [35m[ADB][39m Getting install status for io.appium.settings
[debug] [35m[ADB][39m Running '/Users/vanthink_test_ios/Desktop/intsall/adt-bundle-mac-x86_64-20140624/sdk/platform-tools/adb -P 5037 -s MKJNW18524003878 shell dumpsys package io.appium.settings'
[debug] [35m[ADB][39m 'io.appium.settings' is installed
[debug] [35m[ADB][39m Getting package info for 'io.appium.settings'
[debug] [35m[ADB][39m Running '/Users/vanthink_test_ios/Desktop/intsall/adt-bundle-mac-x86_64-20140624/sdk/platform-tools/adb -P 5037 -s MKJNW18524003878 shell dumpsys package io.appium.settings'
[35m[ADB][39m Cannot extract apk info using apkanalyzer. Falling back to aapt. Original error: Could not find 'apkanalyzer' in ["/Users/vanthink_test_ios/Desktop/intsall/adt-bundle-mac-x86_64-20140624/sdk/platform-tools/apkanalyzer","/Users/vanthink_test_ios/Desktop/intsall/adt-bundle-mac-x86_64-20140624/sdk/emulator/apkanalyzer","/Users/vanthink_test_ios/Desktop/intsall/adt-bundle-mac-x86_64-20140624/sdk/tools/apkanalyzer","/Users/vanthink_test_ios/Desktop/intsall/adt-bundle-mac-x86_64-20140624/sdk/tools/bin/apkanalyzer","/Users/vanthink_test_ios/Desktop/intsall/adt-bundle-mac-x86_64-20140624/sdk/build-tools/28.0.3/apkanalyzer","/Users/vanthink_test_ios/Desktop/intsall/adt-bundle-mac-x86_64-20140624/sdk/build-tools/28.0.0/apkanalyzer","/Users/vanthink_test_ios/Desktop/intsall/adt-bundle-mac-x86_64-20140624/sdk/build-tools/27.0.1/apkanalyzer","/Users/vanthink_test_ios/Desktop/intsall/adt-bundle-mac-x86_64-20140624/sdk/build-tools/23.0.1/apkanalyzer"]. Do you have Android Build Tools installed at '/Users/vanthink_test_ios/Desktop/intsall/adt-bundle-mac-x86_64-20140624/sdk'?
[debug] [35m[ADB][39m The installed 'io.appium.settings' package is older than '/Users/vanthink_test_ios/.nvm/v8.14.1/lib/node_modules/appium/node_modules/io.appium.settings/apks/settings_apk-debug.apk' (17 < 19 or '2.14.0' < '2.14.2')'
[debug] [35m[ADB][39m Executing upgrade of '/Users/vanthink_test_ios/.nvm/v8.14.1/lib/node_modules/appium/node_modules/io.appium.settings/apks/settings_apk-debug.apk'
[debug] [35m[ADB][39m Running '/Users/vanthink_test_ios/Desktop/intsall/adt-bundle-mac-x86_64-20140624/sdk/platform-tools/adb -P 5037 -s MKJNW18524003878 shell 'ls -t -1 /data/local/tmp/appium_cache 2>&1 || echo _ERROR_''
[debug] [35m[ADB][39m The count of applications in the cache: 10
[35m[ADB][39m Caching the application at '/Users/vanthink_test_ios/.nvm/v8.14.1/lib/node_modules/appium/node_modules/io.appium.settings/apks/settings_apk-debug.apk' to '/data/local/tmp/appium_cache/3d97225b036c28750562ef8962defee6b1af19a4.apk'
[debug] [35m[ADB][39m Running '/Users/vanthink_test_ios/Desktop/intsall/adt-bundle-mac-x86_64-20140624/sdk/platform-tools/adb -P 5037 -s MKJNW18524003878 shell mkdir -p /data/local/tmp/appium_cache'
[debug] [35m[ADB][39m Running '/Users/vanthink_test_ios/Desktop/intsall/adt-bundle-mac-x86_64-20140624/sdk/platform-tools/adb -P 5037 -s MKJNW18524003878 push /Users/vanthink_test_ios/.nvm/v8.14.1/lib/node_modules/appium/node_modules/io.appium.settings/apks/settings_apk-debug.apk /data/local/tmp/appium_cache/3d97225b036c28750562ef8962defee6b1af19a4.apk'
[35m[ADB][39m The upload of 'settings_apk-debug.apk' (1.16 MB) took 0.105s
[debug] [35m[ADB][39m Running '/Users/vanthink_test_ios/Desktop/intsall/adt-bundle-mac-x86_64-20140624/sdk/platform-tools/adb -P 5037 -s MKJNW18524003878 shell rm -f /data/local/tmp/appium_cache/728413456b86856a2003edeb524d6bd577ca6418.apk'
[debug] [35m[ADB][39m Deleted 1 expired application cache entries
[debug] [35m[ADB][39m Running '/Users/vanthink_test_ios/Desktop/intsall/adt-bundle-mac-x86_64-20140624/sdk/platform-tools/adb -P 5037 -s MKJNW18524003878 shell pm install -r -g /data/local/tmp/appium_cache/3d97225b036c28750562ef8962defee6b1af19a4.apk'
[35m[ADB][39m The installation of 'settings_apk-debug.apk' took 2.258s
[debug] [35m[ADB][39m Install command stdout: Success
[debug] [35m[ADB][39m Getting IDs of all 'io.appium.settings' processes
[debug] [35m[ADB][39m Running '/Users/vanthink_test_ios/Desktop/intsall/adt-bundle-mac-x86_64-20140624/sdk/platform-tools/adb -P 5037 -s MKJNW18524003878 shell 'pgrep --help; echo $?''
[debug] [35m[ADB][39m Running '/Users/vanthink_test_ios/Desktop/intsall/adt-bundle-mac-x86_64-20140624/sdk/platform-tools/adb -P 5037 -s MKJNW18524003878 shell pgrep \^appium\\.settings\$'
[debug] [35m[ADB][39m Running '/Users/vanthink_test_ios/Desktop/intsall/adt-bundle-mac-x86_64-20140624/sdk/platform-tools/adb -P 5037 -s MKJNW18524003878 shell am start -n io.appium.settings/.Settings -a android.intent.action.MAIN -c android.intent.category.LAUNCHER'
[debug] [35m[ADB][39m Getting IDs of all 'io.appium.settings' processes
[debug] [35m[ADB][39m Running '/Users/vanthink_test_ios/Desktop/intsall/adt-bundle-mac-x86_64-20140624/sdk/platform-tools/adb -P 5037 -s MKJNW18524003878 shell pgrep \^appium\\.settings\$'
[debug] [35m[ADB][39m Getting IDs of all 'io.appium.settings' processes
[debug] [35m[ADB][39m Running '/Users/vanthink_test_ios/Desktop/intsall/adt-bundle-mac-x86_64-20140624/sdk/platform-tools/adb -P 5037 -s MKJNW18524003878 shell pgrep \^appium\\.settings\$'
[debug] [35m[ADB][39m Running '/Users/vanthink_test_ios/Desktop/intsall/adt-bundle-mac-x86_64-20140624/sdk/platform-tools/adb -P 5037 -s MKJNW18524003878 shell appops set io.appium.settings android\:mock_location allow'
[debug] [35m[Logcat][39m Starting logcat capture
[debug] [35m[ADB][39m Getting install status for io.appium.uiautomator2.server
[debug] [35m[ADB][39m Running '/Users/vanthink_test_ios/Desktop/intsall/adt-bundle-mac-x86_64-20140624/sdk/platform-tools/adb -P 5037 -s MKJNW18524003878 shell dumpsys package io.appium.uiautomator2.server'
[debug] [35m[ADB][39m 'io.appium.uiautomator2.server' is installed
[debug] [35m[ADB][39m Getting package info for 'io.appium.uiautomator2.server'
[debug] [35m[ADB][39m Running '/Users/vanthink_test_ios/Desktop/intsall/adt-bundle-mac-x86_64-20140624/sdk/platform-tools/adb -P 5037 -s MKJNW18524003878 shell dumpsys package io.appium.uiautomator2.server'
[35m[ADB][39m Cannot extract apk info using apkanalyzer. Falling back to aapt. Original error: Could not find 'apkanalyzer' in ["/Users/vanthink_test_ios/Desktop/intsall/adt-bundle-mac-x86_64-20140624/sdk/platform-tools/apkanalyzer","/Users/vanthink_test_ios/Desktop/intsall/adt-bundle-mac-x86_64-20140624/sdk/emulator/apkanalyzer","/Users/vanthink_test_ios/Desktop/intsall/adt-bundle-mac-x86_64-20140624/sdk/tools/apkanalyzer","/Users/vanthink_test_ios/Desktop/intsall/adt-bundle-mac-x86_64-20140624/sdk/tools/bin/apkanalyzer","/Users/vanthink_test_ios/Desktop/intsall/adt-bundle-mac-x86_64-20140624/sdk/build-tools/28.0.3/apkanalyzer","/Users/vanthink_test_ios/Desktop/intsall/adt-bundle-mac-x86_64-20140624/sdk/build-tools/28.0.0/apkanalyzer","/Users/vanthink_test_ios/Desktop/intsall/adt-bundle-mac-x86_64-20140624/sdk/build-tools/27.0.1/apkanalyzer","/Users/vanthink_test_ios/Desktop/intsall/adt-bundle-mac-x86_64-20140624/sdk/build-tools/23.0.1/apkanalyzer"]. Do you have Android Build Tools installed at '/Users/vanthink_test_ios/Desktop/intsall/adt-bundle-mac-x86_64-20140624/sdk'?
[debug] [35m[ADB][39m The installed 'io.appium.uiautomator2.server' package is older than '/Users/vanthink_test_ios/.nvm/v8.14.1/lib/node_modules/appium/node_modules/appium-uiautomator2-server/apks/appium-uiautomator2-server-v4.3.0.apk' (31 < 41 or '3.5.1' < '4.3.0')'
[debug] [35m[UiAutomator2][39m io.appium.uiautomator2.server installation state: olderVersionInstalled
[debug] [35m[ADB][39m Checking app cert for /Users/vanthink_test_ios/.nvm/v8.14.1/lib/node_modules/appium/node_modules/appium-uiautomator2-server/apks/appium-uiautomator2-server-v4.3.0.apk
[35m[ADB][39m Using 'apksigner' from '/Users/vanthink_test_ios/Desktop/intsall/adt-bundle-mac-x86_64-20140624/sdk/build-tools/28.0.3/apksigner'
[debug] [35m[ADB][39m Starting '/Users/vanthink_test_ios/Desktop/intsall/adt-bundle-mac-x86_64-20140624/sdk/build-tools/28.0.3/apksigner' with args '["verify","--print-certs","/Users/vanthink_test_ios/.nvm/v8.14.1/lib/node_modules/appium/node_modules/appium-uiautomator2-server/apks/appium-uiautomator2-server-v4.3.0.apk"]'
[35m[HTTP][39m [37m-->[39m [37mGET[39m [37m/wd/hub/status[39m
[35m[HTTP][39m [90m{}[39m
[debug] [35m[GENERIC][39m Calling AppiumDriver.getStatus() with args: []
[debug] [35m[GENERIC][39m Responding to client with driver.getStatus() result: {"build":{"version":"1.15.1"}}
[35m[HTTP][39m [37m<-- GET /wd/hub/status [39m[32m200[39m [90m10 ms - 68[39m
[35m[HTTP][39m [90m[39m
[debug] [35m[ADB][39m apksigner stdout: Signer #1 certificate DN: EMAILADDRESS=android@android.com, CN=Android, OU=Android, O=Android, L=Mountain View, ST=California, C=US
[debug] [35m[ADB][39m Signer #1 certificate SHA-256 digest: a40da80a59d170caa950cf15c18c454d47a39b26989d8b640ecd745ba71bf5dc
[debug] [35m[ADB][39m Signer #1 certificate SHA-1 digest: 61ed377e85d386a8dfee6b864bd85b0bfaa5af81
[debug] [35m[ADB][39m Signer #1 certificate MD5 digest: e89b158e4bcf988ebd09eb83f5378e87
[debug] [35m[ADB][39m 
[debug] [35m[ADB][39m '/Users/vanthink_test_ios/.nvm/v8.14.1/lib/node_modules/appium/node_modules/appium-uiautomator2-server/apks/appium-uiautomator2-server-v4.3.0.apk' is already signed.
[debug] [35m[ADB][39m Getting install status for io.appium.uiautomator2.server.test
[debug] [35m[ADB][39m Running '/Users/vanthink_test_ios/Desktop/intsall/adt-bundle-mac-x86_64-20140624/sdk/platform-tools/adb -P 5037 -s MKJNW18524003878 shell dumpsys package io.appium.uiautomator2.server.test'
[debug] [35m[ADB][39m 'io.appium.uiautomator2.server.test' is installed
[debug] [35m[ADB][39m Checking app cert for /Users/vanthink_test_ios/.nvm/v8.14.1/lib/node_modules/appium/node_modules/appium-uiautomator2-server/apks/appium-uiautomator2-server-debug-androidTest.apk
[debug] [35m[ADB][39m Starting '/Users/vanthink_test_ios/Desktop/intsall/adt-bundle-mac-x86_64-20140624/sdk/build-tools/28.0.3/apksigner' with args '["verify","--print-certs","/Users/vanthink_test_ios/.nvm/v8.14.1/lib/node_modules/appium/node_modules/appium-uiautomator2-server/apks/appium-uiautomator2-server-debug-androidTest.apk"]'
[debug] [35m[ADB][39m apksigner stdout: Signer #1 certificate DN: CN=Android Debug, O=Android, C=US
[debug] [35m[ADB][39m Signer #1 certificate SHA-256 digest: 3e4f2ab66d641bbbd363421151755f8b12b66ea37a5db43c52116596b7392a8e
[debug] [35m[ADB][39m Signer #1 certificate SHA-1 digest: e24fc8971c0aad07d1df6cc62af7fb0d48b45b60
[debug] [35m[ADB][39m Signer #1 certificate MD5 digest: 5623d53469c7f7147b52ace9d09901eb
[debug] [35m[ADB][39m 
[debug] [35m[ADB][39m '/Users/vanthink_test_ios/.nvm/v8.14.1/lib/node_modules/appium/node_modules/appium-uiautomator2-server/apks/appium-uiautomator2-server-debug-androidTest.apk' is signed with non-default certificate
[35m[ADB][39m Using 'zipalign' from '/Users/vanthink_test_ios/Desktop/intsall/adt-bundle-mac-x86_64-20140624/sdk/build-tools/28.0.3/zipalign'
[debug] [35m[ADB][39m /Users/vanthink_test_ios/.nvm/v8.14.1/lib/node_modules/appium/node_modules/appium-uiautomator2-server/apks/appium-uiautomator2-server-debug-androidTest.apk' is already zip-aligned. Doing nothing
[debug] [35m[ADB][39m Signing '/Users/vanthink_test_ios/.nvm/v8.14.1/lib/node_modules/appium/node_modules/appium-uiautomator2-server/apks/appium-uiautomator2-server-debug-androidTest.apk' with default cert
[debug] [35m[ADB][39m Starting '/Users/vanthink_test_ios/Desktop/intsall/adt-bundle-mac-x86_64-20140624/sdk/build-tools/28.0.3/apksigner' with args '["sign","--key","/Users/vanthink_test_ios/.nvm/v8.14.1/lib/node_modules/appium/node_modules/appium-adb/keys/testkey.pk8","--cert","/Users/vanthink_test_ios/.nvm/v8.14.1/lib/node_modules/appium/node_modules/appium-adb/keys/testkey.x509.pem","/Users/vanthink_test_ios/.nvm/v8.14.1/lib/node_modules/appium/node_modules/appium-uiautomator2-server/apks/appium-uiautomator2-server-debug-androidTest.apk"]'
[35m[UiAutomator2][39m Server packages are going to be (re)installed
[35m[UiAutomator2][39m Full packages reinstall is going to be performed
[debug] [35m[ADB][39m Uninstalling io.appium.uiautomator2.server
[debug] [35m[ADB][39m Getting install status for io.appium.uiautomator2.server
[debug] [35m[ADB][39m Running '/Users/vanthink_test_ios/Desktop/intsall/adt-bundle-mac-x86_64-20140624/sdk/platform-tools/adb -P 5037 -s MKJNW18524003878 shell dumpsys package io.appium.uiautomator2.server'
[debug] [35m[ADB][39m 'io.appium.uiautomator2.server' is installed
[debug] [35m[ADB][39m Running '/Users/vanthink_test_ios/Desktop/intsall/adt-bundle-mac-x86_64-20140624/sdk/platform-tools/adb -P 5037 -s MKJNW18524003878 shell am force-stop io.appium.uiautomator2.server'
[debug] [35m[ADB][39m Running '/Users/vanthink_test_ios/Desktop/intsall/adt-bundle-mac-x86_64-20140624/sdk/platform-tools/adb -P 5037 -s MKJNW18524003878 uninstall io.appium.uiautomator2.server'
[debug] [35m[ADB][39m 'adb uninstall io.appium.uiautomator2.server' command output: Success
[35m[ADB][39m io.appium.uiautomator2.server was successfully uninstalled
[debug] [35m[ADB][39m Running '/Users/vanthink_test_ios/Desktop/intsall/adt-bundle-mac-x86_64-20140624/sdk/platform-tools/adb -P 5037 -s MKJNW18524003878 shell 'ls -t -1 /data/local/tmp/appium_cache 2>&1 || echo _ERROR_''
[debug] [35m[ADB][39m The count of applications in the cache: 10
[35m[ADB][39m Caching the application at '/Users/vanthink_test_ios/.nvm/v8.14.1/lib/node_modules/appium/node_modules/appium-uiautomator2-server/apks/appium-uiautomator2-server-v4.3.0.apk' to '/data/local/tmp/appium_cache/0cc1725a60a05dbb5d0d09256f2fc6ece7e3b10f.apk'
[debug] [35m[ADB][39m Running '/Users/vanthink_test_ios/Desktop/intsall/adt-bundle-mac-x86_64-20140624/sdk/platform-tools/adb -P 5037 -s MKJNW18524003878 shell mkdir -p /data/local/tmp/appium_cache'
[debug] [35m[ADB][39m Running '/Users/vanthink_test_ios/Desktop/intsall/adt-bundle-mac-x86_64-20140624/sdk/platform-tools/adb -P 5037 -s MKJNW18524003878 push /Users/vanthink_test_ios/.nvm/v8.14.1/lib/node_modules/appium/node_modules/appium-uiautomator2-server/apks/appium-uiautomator2-server-v4.3.0.apk /data/local/tmp/appium_cache/0cc1725a60a05dbb5d0d09256f2fc6ece7e3b10f.apk'
[35m[ADB][39m The upload of 'appium-uiautomator2-server-v4.3.0.apk' (2.14 MB) took 0.157s
[debug] [35m[ADB][39m Running '/Users/vanthink_test_ios/Desktop/intsall/adt-bundle-mac-x86_64-20140624/sdk/platform-tools/adb -P 5037 -s MKJNW18524003878 shell rm -f /data/local/tmp/appium_cache/56abf1bf10f6562619a2dd8fb060718e27c4cb28.apk'
[debug] [35m[ADB][39m Deleted 1 expired application cache entries
[debug] [35m[ADB][39m Running '/Users/vanthink_test_ios/Desktop/intsall/adt-bundle-mac-x86_64-20140624/sdk/platform-tools/adb -P 5037 -s MKJNW18524003878 shell pm install -r /data/local/tmp/appium_cache/0cc1725a60a05dbb5d0d09256f2fc6ece7e3b10f.apk'
[35m[ADB][39m The installation of 'appium-uiautomator2-server-v4.3.0.apk' took 2.145s
[debug] [35m[ADB][39m Install command stdout: Success
[debug] [35m[ADB][39m Uninstalling io.appium.uiautomator2.server.test
[debug] [35m[ADB][39m Getting install status for io.appium.uiautomator2.server.test
[debug] [35m[ADB][39m Running '/Users/vanthink_test_ios/Desktop/intsall/adt-bundle-mac-x86_64-20140624/sdk/platform-tools/adb -P 5037 -s MKJNW18524003878 shell dumpsys package io.appium.uiautomator2.server.test'
[debug] [35m[ADB][39m 'io.appium.uiautomator2.server.test' is installed
[debug] [35m[ADB][39m Running '/Users/vanthink_test_ios/Desktop/intsall/adt-bundle-mac-x86_64-20140624/sdk/platform-tools/adb -P 5037 -s MKJNW18524003878 shell am force-stop io.appium.uiautomator2.server.test'
[debug] [35m[ADB][39m Running '/Users/vanthink_test_ios/Desktop/intsall/adt-bundle-mac-x86_64-20140624/sdk/platform-tools/adb -P 5037 -s MKJNW18524003878 uninstall io.appium.uiautomator2.server.test'
[debug] [35m[ADB][39m 'adb uninstall io.appium.uiautomator2.server.test' command output: Success
[35m[ADB][39m io.appium.uiautomator2.server.test was successfully uninstalled
[debug] [35m[ADB][39m Running '/Users/vanthink_test_ios/Desktop/intsall/adt-bundle-mac-x86_64-20140624/sdk/platform-tools/adb -P 5037 -s MKJNW18524003878 shell 'ls -t -1 /data/local/tmp/appium_cache 2>&1 || echo _ERROR_''
[debug] [35m[ADB][39m The count of applications in the cache: 10
[35m[ADB][39m Caching the application at '/Users/vanthink_test_ios/.nvm/v8.14.1/lib/node_modules/appium/node_modules/appium-uiautomator2-server/apks/appium-uiautomator2-server-debug-androidTest.apk' to '/data/local/tmp/appium_cache/bb3c9a361048ff6a78cfbff9cbcb177215ea6d8b.apk'
[debug] [35m[ADB][39m Running '/Users/vanthink_test_ios/Desktop/intsall/adt-bundle-mac-x86_64-20140624/sdk/platform-tools/adb -P 5037 -s MKJNW18524003878 shell mkdir -p /data/local/tmp/appium_cache'
[debug] [35m[ADB][39m Running '/Users/vanthink_test_ios/Desktop/intsall/adt-bundle-mac-x86_64-20140624/sdk/platform-tools/adb -P 5037 -s MKJNW18524003878 push /Users/vanthink_test_ios/.nvm/v8.14.1/lib/node_modules/appium/node_modules/appium-uiautomator2-server/apks/appium-uiautomator2-server-debug-androidTest.apk /data/local/tmp/appium_cache/bb3c9a361048ff6a78cfbff9cbcb177215ea6d8b.apk'
[35m[HTTP][39m [37m-->[39m [37mGET[39m [37m/wd/hub/status[39m
[35m[HTTP][39m [90m{}[39m
[debug] [35m[GENERIC][39m Calling AppiumDriver.getStatus() with args: []
[debug] [35m[GENERIC][39m Responding to client with driver.getStatus() result: {"build":{"version":"1.15.1"}}
[35m[HTTP][39m [37m<-- GET /wd/hub/status [39m[32m200[39m [90m1 ms - 68[39m
[35m[HTTP][39m [90m[39m
[35m[ADB][39m The upload of 'appium-uiautomator2-server-debug-androidTest.apk' (539.10 KB) took 0.075s
[debug] [35m[ADB][39m Running '/Users/vanthink_test_ios/Desktop/intsall/adt-bundle-mac-x86_64-20140624/sdk/platform-tools/adb -P 5037 -s MKJNW18524003878 shell rm -f /data/local/tmp/appium_cache/fb387b418f4225e91f2e6f02f7c62091d8e4ac10.apk'
[debug] [35m[ADB][39m Deleted 1 expired application cache entries
[debug] [35m[ADB][39m Running '/Users/vanthink_test_ios/Desktop/intsall/adt-bundle-mac-x86_64-20140624/sdk/platform-tools/adb -P 5037 -s MKJNW18524003878 shell pm install -r /data/local/tmp/appium_cache/bb3c9a361048ff6a78cfbff9cbcb177215ea6d8b.apk'
[35m[ADB][39m The installation of 'appium-uiautomator2-server-debug-androidTest.apk' took 1.597s
[debug] [35m[ADB][39m Install command stdout: Success
[debug] [35m[UiAutomator2][39m Waiting up to 30000ms for services to be available
[debug] [35m[ADB][39m Running '/Users/vanthink_test_ios/Desktop/intsall/adt-bundle-mac-x86_64-20140624/sdk/platform-tools/adb -P 5037 -s MKJNW18524003878 shell pm list instrumentation'
[debug] [35m[UiAutomator2][39m Instrumentation target 'io.appium.uiautomator2.server.test/androidx.test.runner.AndroidJUnitRunner' is available
[debug] [35m[UiAutomator2][39m Forwarding UiAutomator2 Server port 6790 to 8200
[debug] [35m[ADB][39m Forwarding system: 8200 to device: 6790
[debug] [35m[ADB][39m Running '/Users/vanthink_test_ios/Desktop/intsall/adt-bundle-mac-x86_64-20140624/sdk/platform-tools/adb -P 5037 -s MKJNW18524003878 forward tcp\:8200 tcp\:6790'
[debug] [35m[ADB][39m Checking app cert for /Users/vanthink_test_ios/Desktop/student_env_devMasterDebug_1.4.2-1.apk
[debug] [35m[ADB][39m Starting '/Users/vanthink_test_ios/Desktop/intsall/adt-bundle-mac-x86_64-20140624/sdk/build-tools/28.0.3/apksigner' with args '["verify","--print-certs","/Users/vanthink_test_ios/Desktop/student_env_devMasterDebug_1.4.2-1.apk"]'
[debug] [35m[ADB][39m apksigner stdout: Signer #1 certificate DN: EMAILADDRESS=android@android.com, CN=Android, OU=Android, O=Android, L=Mountain View, ST=California, C=US
[debug] [35m[ADB][39m Signer #1 certificate SHA-256 digest: a40da80a59d170caa950cf15c18c454d47a39b26989d8b640ecd745ba71bf5dc
[debug] [35m[ADB][39m Signer #1 certificate SHA-1 digest: 61ed377e85d386a8dfee6b864bd85b0bfaa5af81
[debug] [35m[ADB][39m Signer #1 certificate MD5 digest: e89b158e4bcf988ebd09eb83f5378e87
[debug] [35m[ADB][39m 
[debug] [35m[ADB][39m '/Users/vanthink_test_ios/Desktop/student_env_devMasterDebug_1.4.2-1.apk' is already signed.
[debug] [35m[ADB][39m Getting install status for com.vanthink.student.debug
[debug] [35m[ADB][39m Running '/Users/vanthink_test_ios/Desktop/intsall/adt-bundle-mac-x86_64-20140624/sdk/platform-tools/adb -P 5037 -s MKJNW18524003878 shell dumpsys package com.vanthink.student.debug'
[debug] [35m[ADB][39m 'com.vanthink.student.debug' is installed
[debug] [35m[ADB][39m Getting package info for 'com.vanthink.student.debug'
[debug] [35m[ADB][39m Running '/Users/vanthink_test_ios/Desktop/intsall/adt-bundle-mac-x86_64-20140624/sdk/platform-tools/adb -P 5037 -s MKJNW18524003878 shell dumpsys package com.vanthink.student.debug'
[35m[ADB][39m Cannot extract apk info using apkanalyzer. Falling back to aapt. Original error: Could not find 'apkanalyzer' in ["/Users/vanthink_test_ios/Desktop/intsall/adt-bundle-mac-x86_64-20140624/sdk/platform-tools/apkanalyzer","/Users/vanthink_test_ios/Desktop/intsall/adt-bundle-mac-x86_64-20140624/sdk/emulator/apkanalyzer","/Users/vanthink_test_ios/Desktop/intsall/adt-bundle-mac-x86_64-20140624/sdk/tools/apkanalyzer","/Users/vanthink_test_ios/Desktop/intsall/adt-bundle-mac-x86_64-20140624/sdk/tools/bin/apkanalyzer","/Users/vanthink_test_ios/Desktop/intsall/adt-bundle-mac-x86_64-20140624/sdk/build-tools/28.0.3/apkanalyzer","/Users/vanthink_test_ios/Desktop/intsall/adt-bundle-mac-x86_64-20140624/sdk/build-tools/28.0.0/apkanalyzer","/Users/vanthink_test_ios/Desktop/intsall/adt-bundle-mac-x86_64-20140624/sdk/build-tools/27.0.1/apkanalyzer","/Users/vanthink_test_ios/Desktop/intsall/adt-bundle-mac-x86_64-20140624/sdk/build-tools/23.0.1/apkanalyzer"]. Do you have Android Build Tools installed at '/Users/vanthink_test_ios/Desktop/intsall/adt-bundle-mac-x86_64-20140624/sdk'?
[debug] [35m[ADB][39m The version name of the installed 'com.vanthink.student.debug' is greater or equal to the application version name ('1.4.2' >= '1.4.2')
[debug] [35m[ADB][39m There is no need to install/upgrade '/Users/vanthink_test_ios/Desktop/student_env_devMasterDebug_1.4.2-1.apk'
[debug] [35m[UiAutomator2][39m Performing shallow cleanup of automation leftovers
[debug] [35m[UiAutomator2][39m No obsolete sessions have been detected (Error: socket hang up)
[debug] [35m[ADB][39m Running '/Users/vanthink_test_ios/Desktop/intsall/adt-bundle-mac-x86_64-20140624/sdk/platform-tools/adb -P 5037 -s MKJNW18524003878 shell am force-stop io.appium.uiautomator2.server.test'
[35m[UiAutomator2][39m Starting UIAutomator2 server 4.3.0
[35m[UiAutomator2][39m Using UIAutomator2 server from '/Users/vanthink_test_ios/.nvm/v8.14.1/lib/node_modules/appium/node_modules/appium-uiautomator2-server/apks/appium-uiautomator2-server-v4.3.0.apk' and test from '/Users/vanthink_test_ios/.nvm/v8.14.1/lib/node_modules/appium/node_modules/appium-uiautomator2-server/apks/appium-uiautomator2-server-debug-androidTest.apk'
[35m[UiAutomator2][39m Waiting up to 30000ms for UiAutomator2 to be online...
[debug] [35m[ADB][39m Creating ADB subprocess with args: ["-P",5037,"-s","MKJNW18524003878","shell","am","instrument","-w","io.appium.uiautomator2.server.test/androidx.test.runner.AndroidJUnitRunner"]
[debug] [35m[WD Proxy][39m Matched '/status' to command name 'getStatus'
[debug] [35m[WD Proxy][39m Proxying [GET /status] to [GET http://localhost:8200/wd/hub/status] with no body
[35m[WD Proxy][39m Got an unexpected response with status undefined: {"code":"ECONNRESET"}
[35m[HTTP][39m [37m-->[39m [37mGET[39m [37m/wd/hub/status[39m
[35m[HTTP][39m [90m{}[39m
[debug] [35m[GENERIC][39m Calling AppiumDriver.getStatus() with args: []
[debug] [35m[GENERIC][39m Responding to client with driver.getStatus() result: {"build":{"version":"1.15.1"}}
[35m[HTTP][39m [37m<-- GET /wd/hub/status [39m[32m200[39m [90m1 ms - 68[39m
[35m[HTTP][39m [90m[39m
[debug] [35m[Instrumentation][39m io.appium.uiautomator2.server.test.AppiumUiAutomator2Server:
[debug] [35m[WD Proxy][39m Matched '/status' to command name 'getStatus'
[debug] [35m[WD Proxy][39m Proxying [GET /status] to [GET http://localhost:8200/wd/hub/status] with no body
[35m[WD Proxy][39m Got an unexpected response with status undefined: {"code":"ECONNRESET"}
[debug] [35m[WD Proxy][39m Matched '/status' to command name 'getStatus'
[debug] [35m[WD Proxy][39m Proxying [GET /status] to [GET http://localhost:8200/wd/hub/status] with no body
[debug] [35m[WD Proxy][39m Got response with status 200: {"sessionId":"None","value":{"ready":true,"message":"UiAutomator2 Server is ready to accept commands"}}
[debug] [35m[UiAutomator2][39m The initialization of the instrumentation process took 3132ms
[debug] [35m[WD Proxy][39m Matched '/session' to command name 'createSession'
[debug] [35m[WD Proxy][39m Proxying [POST /session] to [POST http://localhost:8200/wd/hub/session] with body: {"capabilities":{"firstMatch":[{"platform":"LINUX","webStorageEnabled":false,"takesScreenshot":true,"javascriptEnabled":true,"databaseEnabled":false,"networkConnectionEnabled":true,"locationContextEnabled":false,"warnings":{},"desired":{"platformName":"android","server:CONFIG_UUID":"7dbce966-80fe-4889-9f01-1154ed2330ad","app":"/Users/vanthink_test_ios/Desktop/student_env_devMasterDebug_1.4.2-1.apk","automationName":"uiautomator2","deviceName":"Honor_9","noReset":true,"platformVersion":"8.0.0","resetKeyboard":true,"systemPort":8200,"udid":"MKJNW18524003878"},"platformName":"android","server:CONFIG_UUID":"7dbce966-80fe-4889-9f01-1154ed2330ad","app":"/Users/vanthink_test_ios/Desktop/student_env_devMasterDebug_1.4.2-1.apk","automationName":"uiautomator2","deviceName":"MKJNW18524003878","noReset":true,"platformVersion":"8.0.0","resetKeyboard":true,"systemPort":8200,"udid":"MKJNW18524003878","deviceUDID":"MKJNW18524003878","appPackage":"com.vanthink.student.debug"}],"alwaysMatch":{}}}
[debug] [35m[WD Proxy][39m Got response with status 200: {"sessionId":"26ec65d3-333d-408d-af75-73031d7165b1","value":{"sessionId":"26ec65d3-333d-408d-af75-73031d7165b1","capabilities":{"firstMatch":[{"platform":"LINUX","webStorageEnabled":false,"takesScreenshot":true,"javascriptEnabled":true,"databaseEnabled":false,"networkConnectionEnabled":true,"locationContextEnabled":false,"warnings":{},"desired":{"platformName":"android","server:CONFIG_UUID":"7dbce966-80fe-4889-9f01-1154ed2330ad","app":"/Users/vanthink_test_ios/Desktop/student_env_devMasterDebug_1.4.2-1.apk","automationName":"uiautomator2","deviceName":"Honor_9","noReset":true,"platformVersion":"8.0.0","resetKeyboard":true,"systemPort":8200,"udid":"MKJNW18524003878"},"platformName":"android","server:CONFIG_UUID":"7dbce966-80fe-4889-9f01-1154ed2330ad","app":"/Users/vanthink_test_ios/Desktop/student_env_devMasterDebug_1.4.2-1.apk","automationName":"uiautomator2","deviceName":"MKJNW18524003878","noReset":true,"platformVersion":"8.0.0","resetKeyboard":true,"systemPort":8200,"udid":"MKJNW18524003878","deviceUDID...
[35m[WD Proxy][39m Determined the downstream protocol as 'W3C'
[debug] [35m[WD Proxy][39m Proxying [GET /appium/device/info] to [GET http://localhost:8200/wd/hub/session/26ec65d3-333d-408d-af75-73031d7165b1/appium/device/info] with no body
[debug] [35m[WD Proxy][39m Got response with status 200: {"sessionId":"26ec65d3-333d-408d-af75-73031d7165b1","value":{"androidId":"8590ad42452d5c03","manufacturer":"HUAWEI","model":"LLD-AL00","brand":"HONOR","apiVersion":"26","platformVersion":"8.0.0","carrierName":"ä¸­å›½ç”µä¿¡","realDisplaySize":"1080x2160","displayDensity":480,"networks":[{"type":1,"typeName":"WIFI","subtype":0,"subtypeName":"","isConnected":true,"detailedState":"CONNECTED","state":"CONNECTED","extraInfo":"\"VANTHINK_2.4G\"","isAvailable":true,"isFailover":false,"isRoaming":false,"capabilities":{"transportTypes":"NET_CAPABILITY_SUPL","networkCapabilities":"","linkUpstreamBandwidthKbps":1048576,"linkDownBandwidthKbps":1048576,"signalStrength":-32,"networkSpecifier":null,"SSID":null}}],"locale":"zh_CN_#Hans","timeZone":"Asia\/Shanghai"}}
[debug] [35m[ADB][39m Running '/Users/vanthink_test_ios/Desktop/intsall/adt-bundle-mac-x86_64-20140624/sdk/platform-tools/adb -P 5037 -s MKJNW18524003878 shell dumpsys window'
[35m[AndroidDriver][39m Screen already unlocked, doing nothing
[35m[UiAutomator2][39m Starting 'com.vanthink.student.debug/com.vanthink.vanthinkstudent.ui.splash.SplashActivity and waiting for 'com.vanthink.student.debug/com.vanthink.vanthinkstudent.ui.splash.SplashActivity'
[debug] [35m[ADB][39m Running '/Users/vanthink_test_ios/Desktop/intsall/adt-bundle-mac-x86_64-20140624/sdk/platform-tools/adb -P 5037 -s MKJNW18524003878 shell am start -W -n com.vanthink.student.debug/com.vanthink.vanthinkstudent.ui.splash.SplashActivity -S -a android.intent.action.MAIN -c android.intent.category.LAUNCHER -f 0x10200000'
[debug] [35m[ADB][39m Waiting up to 20000ms for activity matching pkg: 'com.vanthink.student.debug' and activity: 'com.vanthink.vanthinkstudent.ui.splash.SplashActivity' to be focused
[debug] [35m[ADB][39m Possible activities, to be checked: 'com.vanthink.vanthinkstudent.ui.splash.SplashActivity', 'com.vanthink.student.debug.com.vanthink.vanthinkstudent.ui.splash.SplashActivity'
[debug] [35m[ADB][39m Getting focused package and activity
[debug] [35m[ADB][39m Running '/Users/vanthink_test_ios/Desktop/intsall/adt-bundle-mac-x86_64-20140624/sdk/platform-tools/adb -P 5037 -s MKJNW18524003878 shell dumpsys window windows'
[debug] [35m[ADB][39m Found package: 'com.vanthink.student.debug' and fully qualified activity name : 'com.vanthink.vanthinkstudent.ui.splash.SplashActivity'
[debug] [35m[WD Proxy][39m Proxying [GET /appium/device/pixel_ratio] to [GET http://localhost:8200/wd/hub/session/26ec65d3-333d-408d-af75-73031d7165b1/appium/device/pixel_ratio] with body: {}
[debug] [35m[WD Proxy][39m Got response with status 200: {"sessionId":"26ec65d3-333d-408d-af75-73031d7165b1","value":3}
[debug] [35m[WD Proxy][39m Matched '/appium/device/system_bars' to command name 'getSystemBars'
[debug] [35m[WD Proxy][39m Proxying [GET /appium/device/system_bars] to [GET http://localhost:8200/wd/hub/session/26ec65d3-333d-408d-af75-73031d7165b1/appium/device/system_bars] with body: {}
[debug] [35m[WD Proxy][39m Got response with status 200: {"sessionId":"26ec65d3-333d-408d-af75-73031d7165b1","value":{"statusBar":72}}
[debug] [35m[WD Proxy][39m Matched '/window/current/size' to command name 'getWindowSize'
[debug] [35m[WD Proxy][39m Proxying [GET /window/current/size] to [GET http://localhost:8200/wd/hub/session/26ec65d3-333d-408d-af75-73031d7165b1/window/current/size] with body: {}
[debug] [35m[WD Proxy][39m Got response with status 200: {"sessionId":"26ec65d3-333d-408d-af75-73031d7165b1","value":{"height":2032,"width":1080}}
[35m[Appium][39m New AndroidUiautomator2Driver session created successfully, session cad832de-4a3d-4eb4-a77e-1fe4cf82d7d7 added to master session list
[debug] [35m[BaseDriver][39m Event 'newSessionStarted' logged at 1572319127935 (11:18:47 GMT+0800 (CST))
[debug] [35m[W3C (cad832de)][39m Cached the protocol value 'W3C' for the new session cad832de-4a3d-4eb4-a77e-1fe4cf82d7d7
[debug] [35m[W3C (cad832de)][39m Responding to client with driver.createSession() result: {"capabilities":{"platform":"LINUX","webStorageEnabled":false,"takesScreenshot":true,"javascriptEnabled":true,"databaseEnabled":false,"networkConnectionEnabled":true,"locationContextEnabled":false,"warnings":{},"desired":{"platformName":"android","server:CONFIG_UUID":"7dbce966-80fe-4889-9f01-1154ed2330ad","app":"/Users/vanthink_test_ios/Desktop/student_env_devMasterDebug_1.4.2-1.apk","automationName":"uiautomator2","deviceName":"Honor_9","noReset":true,"platformVersion":"8.0.0","resetKeyboard":true,"systemPort":8200,"udid":"MKJNW18524003878"},"platformName":"android","server:CONFIG_UUID":"7dbce966-80fe-4889-9f01-1154ed2330ad","app":"/Users/vanthink_test_ios/Desktop/student_env_devMasterDebug_1.4.2-1.apk","automationName":"uiautomator2","deviceName":"MKJNW18524003878","noReset":true,"platformVersion":"8.0.0","resetKeyboard":true,"systemPort":8200,"udid":"MKJNW18524003878","deviceUDID":"MKJNW18524003878","appPackage":"com.vanthink.student.debug","deviceApiLevel":26,"deviceScreenSize":"1080x2160","deviceScree...
[35m[HTTP][39m [37m<-- POST /wd/hub/session [39m[32m200[39m [90m18633 ms - 1248[39m
[35m[HTTP][39m [90m[39m
[35m[HTTP][39m [37m-->[39m [37mGET[39m [37m/wd/hub/session/cad832de-4a3d-4eb4-a77e-1fe4cf82d7d7/appium/device/current_activity[39m
[35m[HTTP][39m [90m{}[39m
[debug] [35m[W3C (cad832de)][39m Calling AppiumDriver.getCurrentActivity() with args: ["cad832de-4a3d-4eb4-a77e-1fe4cf82d7d7"]
[debug] [35m[ADB][39m Getting focused package and activity
[debug] [35m[ADB][39m Running '/Users/vanthink_test_ios/Desktop/intsall/adt-bundle-mac-x86_64-20140624/sdk/platform-tools/adb -P 5037 -s MKJNW18524003878 shell dumpsys window windows'
[debug] [35m[W3C (cad832de)][39m Responding to client with driver.getCurrentActivity() result: "com.vanthink.vanthinkstudent.ui.splash.SplashActivity"
[35m[HTTP][39m [37m<-- GET /wd/hub/session/cad832de-4a3d-4eb4-a77e-1fe4cf82d7d7/appium/device/current_activity [39m[32m200[39m [90m79 ms - 65[39m
[35m[HTTP][39m [90m[39m
[35m[HTTP][39m [37m-->[39m [37mPOST[39m [37m/wd/hub/session/cad832de-4a3d-4eb4-a77e-1fe4cf82d7d7/element[39m
[35m[HTTP][39m [90m{"using":"id","value":"com.vanthink.student.debug:id/btn_login"}[39m
[debug] [35m[W3C (cad832de)][39m Calling AppiumDriver.findElement() with args: ["id","com.vanthink.student.debug:id/btn_login","cad832de-4a3d-4eb4-a77e-1fe4cf82d7d7"]
[debug] [35m[BaseDriver][39m Valid locator strategies for this request: xpath, id, class name, accessibility id, -android uiautomator
[debug] [35m[BaseDriver][39m Waiting up to 0 ms for condition
[debug] [35m[WD Proxy][39m Matched '/element' to command name 'findElement'
[debug] [35m[WD Proxy][39m Proxying [POST /element] to [POST http://localhost:8200/wd/hub/session/26ec65d3-333d-408d-af75-73031d7165b1/element] with body: {"strategy":"id","selector":"com.vanthink.student.debug:id/btn_login","context":"","multiple":false}
[35m[WD Proxy][39m Got an unexpected response with status 404: {"sessionId":"26ec65d3-333d-408d-af75-73031d7165b1","value":{"error":"no such element","message":"An element could not be located on the page using the given search parameters","stacktrace":"io.appium.uiautomator2.common.exceptions.ElementNotFoundException: An element could not be located on the page using the given search parameters\n\tat io.appium.uiautomator2.handler.FindElement.safeHandle(FindElement.java:78)\n\tat io.appium.uiautomator2.handler.request.SafeRequestHandler.handle(SafeRequestHandler.java:38)\n\tat io.appium.uiautomator2.server.AppiumServlet.handleRequest(AppiumServlet.java:252)\n\tat io.appium.uiautomator2.server.AppiumServlet.handleHttpRequest(AppiumServlet.java:242)\n\tat io.appium.uiautomator2.http.ServerHandler.channelRead(ServerHandler.java:44)\n\tat io.netty.channel.AbstractChannelHandlerContext.invokeChannelRead(AbstractChannelHandlerContext.java:366)\n\tat io.netty.channel.AbstractChannelHandlerContext.invokeChannelRead(AbstractChannelHandlerContext.java:352)\n\tat io.netty.chann...
[debug] [35m[W3C][39m Matched W3C error code 'no such element' to NoSuchElementError
[debug] [35m[W3C (cad832de)][39m Encountered internal error running command: NoSuchElementError: An element could not be located on the page using the given search parameters.
[debug] [35m[W3C (cad832de)][39m     at AndroidUiautomator2Driver.findElOrEls (/Users/vanthink_test_ios/.nvm/v8.14.1/lib/node_modules/appium/node_modules/appium-android-driver/lib/commands/find.js:75:11)
[debug] [35m[W3C (cad832de)][39m     at <anonymous>
[35m[HTTP][39m [37m<-- POST /wd/hub/session/cad832de-4a3d-4eb4-a77e-1fe4cf82d7d7/element [39m[33m404[39m [90m94 ms - 434[39m
[35m[HTTP][39m [90m[39m
[35m[HTTP][39m [37m-->[39m [37mPOST[39m [37m/wd/hub/session/cad832de-4a3d-4eb4-a77e-1fe4cf82d7d7/element[39m
[35m[HTTP][39m [90m{"using":"id","value":"com.vanthink.student.debug:id/btn_login"}[39m
[debug] [35m[W3C (cad832de)][39m Calling AppiumDriver.findElement() with args: ["id","com.vanthink.student.debug:id/btn_login","cad832de-4a3d-4eb4-a77e-1fe4cf82d7d7"]
[debug] [35m[BaseDriver][39m Valid locator strategies for this request: xpath, id, class name, accessibility id, -android uiautomator
[debug] [35m[BaseDriver][39m Waiting up to 0 ms for condition
[debug] [35m[WD Proxy][39m Matched '/element' to command name 'findElement'
[debug] [35m[WD Proxy][39m Proxying [POST /element] to [POST http://localhost:8200/wd/hub/session/26ec65d3-333d-408d-af75-73031d7165b1/element] with body: {"strategy":"id","selector":"com.vanthink.student.debug:id/btn_login","context":"","multiple":false}
[35m[WD Proxy][39m Got an unexpected response with status 404: {"sessionId":"26ec65d3-333d-408d-af75-73031d7165b1","value":{"error":"no such element","message":"An element could not be located on the page using the given search parameters","stacktrace":"io.appium.uiautomator2.common.exceptions.ElementNotFoundException: An element could not be located on the page using the given search parameters\n\tat io.appium.uiautomator2.handler.FindElement.safeHandle(FindElement.java:78)\n\tat io.appium.uiautomator2.handler.request.SafeRequestHandler.handle(SafeRequestHandler.java:38)\n\tat io.appium.uiautomator2.server.AppiumServlet.handleRequest(AppiumServlet.java:252)\n\tat io.appium.uiautomator2.server.AppiumServlet.handleHttpRequest(AppiumServlet.java:242)\n\tat io.appium.uiautomator2.http.ServerHandler.channelRead(ServerHandler.java:44)\n\tat io.netty.channel.AbstractChannelHandlerContext.invokeChannelRead(AbstractChannelHandlerContext.java:366)\n\tat io.netty.channel.AbstractChannelHandlerContext.invokeChannelRead(AbstractChannelHandlerContext.java:352)\n\tat io.netty.chann...
[debug] [35m[W3C][39m Matched W3C error code 'no such element' to NoSuchElementError
[debug] [35m[W3C (cad832de)][39m Encountered internal error running command: NoSuchElementError: An element could not be located on the page using the given search parameters.
[debug] [35m[W3C (cad832de)][39m     at AndroidUiautomator2Driver.findElOrEls (/Users/vanthink_test_ios/.nvm/v8.14.1/lib/node_modules/appium/node_modules/appium-android-driver/lib/commands/find.js:75:11)
[debug] [35m[W3C (cad832de)][39m     at <anonymous>
[35m[HTTP][39m [37m<-- POST /wd/hub/session/cad832de-4a3d-4eb4-a77e-1fe4cf82d7d7/element [39m[33m404[39m [90m69 ms - 434[39m
[35m[HTTP][39m [90m[39m
[35m[HTTP][39m [37m-->[39m [37mGET[39m [37m/wd/hub/status[39m
[35m[HTTP][39m [90m{}[39m
[debug] [35m[GENERIC][39m Calling AppiumDriver.getStatus() with args: []
[debug] [35m[GENERIC][39m Responding to client with driver.getStatus() result: {"build":{"version":"1.15.1"}}
[35m[HTTP][39m [37m<-- GET /wd/hub/status [39m[32m200[39m [90m1 ms - 68[39m
[35m[HTTP][39m [90m[39m
[35m[HTTP][39m [37m-->[39m [37mPOST[39m [37m/wd/hub/session/cad832de-4a3d-4eb4-a77e-1fe4cf82d7d7/element[39m
[35m[HTTP][39m [90m{"using":"id","value":"com.vanthink.student.debug:id/btn_login"}[39m
[debug] [35m[W3C (cad832de)][39m Calling AppiumDriver.findElement() with args: ["id","com.vanthink.student.debug:id/btn_login","cad832de-4a3d-4eb4-a77e-1fe4cf82d7d7"]
[debug] [35m[BaseDriver][39m Valid locator strategies for this request: xpath, id, class name, accessibility id, -android uiautomator
[debug] [35m[BaseDriver][39m Waiting up to 0 ms for condition
[debug] [35m[WD Proxy][39m Matched '/element' to command name 'findElement'
[debug] [35m[WD Proxy][39m Proxying [POST /element] to [POST http://localhost:8200/wd/hub/session/26ec65d3-333d-408d-af75-73031d7165b1/element] with body: {"strategy":"id","selector":"com.vanthink.student.debug:id/btn_login","context":"","multiple":false}
[debug] [35m[WD Proxy][39m Got response with status 200: {"sessionId":"26ec65d3-333d-408d-af75-73031d7165b1","value":{"ELEMENT":"2470f8f0-2fce-4638-8bd5-3b2dad4ddec2","element-6066-11e4-a52e-4f735466cecf":"2470f8f0-2fce-4638-8bd5-3b2dad4ddec2"}}
[debug] [35m[W3C (cad832de)][39m Responding to client with driver.findElement() result: {"element-6066-11e4-a52e-4f735466cecf":"2470f8f0-2fce-4638-8bd5-3b2dad4ddec2","ELEMENT":"2470f8f0-2fce-4638-8bd5-3b2dad4ddec2"}
[35m[HTTP][39m [37m<-- POST /wd/hub/session/cad832de-4a3d-4eb4-a77e-1fe4cf82d7d7/element [39m[32m200[39m [90m1625 ms - 137[39m
[35m[HTTP][39m [90m[39m
[35m[HTTP][39m [37m-->[39m [37mPOST[39m [37m/wd/hub/session/cad832de-4a3d-4eb4-a77e-1fe4cf82d7d7/element[39m
[35m[HTTP][39m [90m{"using":"id","value":"com.vanthink.student.debug:id/ed_user_nickname"}[39m
[debug] [35m[W3C (cad832de)][39m Calling AppiumDriver.findElement() with args: ["id","com.vanthink.student.debug:id/ed_user_nickname","cad832de-4a3d-4eb4-a77e-1fe4cf82d7d7"]
[debug] [35m[BaseDriver][39m Valid locator strategies for this request: xpath, id, class name, accessibility id, -android uiautomator
[debug] [35m[BaseDriver][39m Waiting up to 0 ms for condition
[debug] [35m[WD Proxy][39m Matched '/element' to command name 'findElement'
[debug] [35m[WD Proxy][39m Proxying [POST /element] to [POST http://localhost:8200/wd/hub/session/26ec65d3-333d-408d-af75-73031d7165b1/element] with body: {"strategy":"id","selector":"com.vanthink.student.debug:id/ed_user_nickname","context":"","multiple":false}
[debug] [35m[WD Proxy][39m Got response with status 200: {"sessionId":"26ec65d3-333d-408d-af75-73031d7165b1","value":{"ELEMENT":"7e998fc6-77e0-4381-b5f3-b877ffefc7c9","element-6066-11e4-a52e-4f735466cecf":"7e998fc6-77e0-4381-b5f3-b877ffefc7c9"}}
[debug] [35m[W3C (cad832de)][39m Responding to client with driver.findElement() result: {"element-6066-11e4-a52e-4f735466cecf":"7e998fc6-77e0-4381-b5f3-b877ffefc7c9","ELEMENT":"7e998fc6-77e0-4381-b5f3-b877ffefc7c9"}
[35m[HTTP][39m [37m<-- POST /wd/hub/session/cad832de-4a3d-4eb4-a77e-1fe4cf82d7d7/element [39m[32m200[39m [90m127 ms - 137[39m
[35m[HTTP][39m [90m[39m
[35m[HTTP][39m [37m-->[39m [37mPOST[39m [37m/wd/hub/session/cad832de-4a3d-4eb4-a77e-1fe4cf82d7d7/element[39m
[35m[HTTP][39m [90m{"using":"id","value":"com.vanthink.student.debug:id/ed_user_pwd"}[39m
[debug] [35m[W3C (cad832de)][39m Calling AppiumDriver.findElement() with args: ["id","com.vanthink.student.debug:id/ed_user_pwd","cad832de-4a3d-4eb4-a77e-1fe4cf82d7d7"]
[debug] [35m[BaseDriver][39m Valid locator strategies for this request: xpath, id, class name, accessibility id, -android uiautomator
[debug] [35m[BaseDriver][39m Waiting up to 0 ms for condition
[debug] [35m[WD Proxy][39m Matched '/element' to command name 'findElement'
[debug] [35m[WD Proxy][39m Proxying [POST /element] to [POST http://localhost:8200/wd/hub/session/26ec65d3-333d-408d-af75-73031d7165b1/element] with body: {"strategy":"id","selector":"com.vanthink.student.debug:id/ed_user_pwd","context":"","multiple":false}
[debug] [35m[WD Proxy][39m Got response with status 200: {"sessionId":"26ec65d3-333d-408d-af75-73031d7165b1","value":{"ELEMENT":"c5a1cc98-0957-4337-ba78-6b62ad2bae36","element-6066-11e4-a52e-4f735466cecf":"c5a1cc98-0957-4337-ba78-6b62ad2bae36"}}
[debug] [35m[W3C (cad832de)][39m Responding to client with driver.findElement() result: {"element-6066-11e4-a52e-4f735466cecf":"c5a1cc98-0957-4337-ba78-6b62ad2bae36","ELEMENT":"c5a1cc98-0957-4337-ba78-6b62ad2bae36"}
[35m[HTTP][39m [37m<-- POST /wd/hub/session/cad832de-4a3d-4eb4-a77e-1fe4cf82d7d7/element [39m[32m200[39m [90m72 ms - 137[39m
[35m[HTTP][39m [90m[39m
[35m[HTTP][39m [37m-->[39m [37mPOST[39m [37m/wd/hub/session/cad832de-4a3d-4eb4-a77e-1fe4cf82d7d7/element/7e998fc6-77e0-4381-b5f3-b877ffefc7c9/value[39m
[35m[HTTP][39m [90m{"text":"18823452345","value":["1","8","8","2","3","4","5","2","3","4","5"],"id":"7e998fc6-77e0-4381-b5f3-b877ffefc7c9"}[39m
[debug] [35m[W3C (cad832de)][39m Calling AppiumDriver.setValue() with args: [["1","8","8","2","3","4","5","2","3","4","5"],"7e998fc6-77e0-4381-b5f3-b877ffefc7c9","cad832de-4a3d-4eb4-a77e-1fe4cf82d7d7"]
[debug] [35m[WD Proxy][39m Matched '/element/7e998fc6-77e0-4381-b5f3-b877ffefc7c9/value' to command name 'setValue'
[debug] [35m[Protocol Converter][39m Added 'value' property ["1","8","8","2","3","4","5","2","3","4","5"] to 'setValue' request body
[debug] [35m[WD Proxy][39m Proxying [POST /element/7e998fc6-77e0-4381-b5f3-b877ffefc7c9/value] to [POST http://localhost:8200/wd/hub/session/26ec65d3-333d-408d-af75-73031d7165b1/element/7e998fc6-77e0-4381-b5f3-b877ffefc7c9/value] with body: {"elementId":"7e998fc6-77e0-4381-b5f3-b877ffefc7c9","text":"18823452345","replace":false,"value":["1","8","8","2","3","4","5","2","3","4","5"]}
[debug] [35m[WD Proxy][39m Got response with status 200: {"sessionId":"26ec65d3-333d-408d-af75-73031d7165b1","value":null}
[debug] [35m[W3C (cad832de)][39m Responding to client with driver.setValue() result: null
[35m[HTTP][39m [37m<-- POST /wd/hub/session/cad832de-4a3d-4eb4-a77e-1fe4cf82d7d7/element/7e998fc6-77e0-4381-b5f3-b877ffefc7c9/value [39m[32m200[39m [90m676 ms - 14[39m
[35m[HTTP][39m [90m[39m
[35m[HTTP][39m [37m-->[39m [37mPOST[39m [37m/wd/hub/session/cad832de-4a3d-4eb4-a77e-1fe4cf82d7d7/element/c5a1cc98-0957-4337-ba78-6b62ad2bae36/value[39m
[35m[HTTP][39m [90m{"text":"123456","value":["1","2","3","4","5","6"],"id":"c5a1cc98-0957-4337-ba78-6b62ad2bae36"}[39m
[debug] [35m[W3C (cad832de)][39m Calling AppiumDriver.setValue() with args: [["1","2","3","4","5","6"],"c5a1cc98-0957-4337-ba78-6b62ad2bae36","cad832de-4a3d-4eb4-a77e-1fe4cf82d7d7"]
[debug] [35m[WD Proxy][39m Matched '/element/c5a1cc98-0957-4337-ba78-6b62ad2bae36/value' to command name 'setValue'
[debug] [35m[Protocol Converter][39m Added 'value' property ["1","2","3","4","5","6"] to 'setValue' request body
[debug] [35m[WD Proxy][39m Proxying [POST /element/c5a1cc98-0957-4337-ba78-6b62ad2bae36/value] to [POST http://localhost:8200/wd/hub/session/26ec65d3-333d-408d-af75-73031d7165b1/element/c5a1cc98-0957-4337-ba78-6b62ad2bae36/value] with body: {"elementId":"c5a1cc98-0957-4337-ba78-6b62ad2bae36","text":"123456","replace":false,"value":["1","2","3","4","5","6"]}
[35m[HTTP][39m [37m-->[39m [37mGET[39m [37m/wd/hub/status[39m
[35m[HTTP][39m [90m{}[39m
[debug] [35m[GENERIC][39m Calling AppiumDriver.getStatus() with args: []
[debug] [35m[GENERIC][39m Responding to client with driver.getStatus() result: {"build":{"version":"1.15.1"}}
[35m[HTTP][39m [37m<-- GET /wd/hub/status [39m[32m200[39m [90m1 ms - 68[39m
[35m[HTTP][39m [90m[39m
[debug] [35m[WD Proxy][39m Got response with status 200: {"sessionId":"26ec65d3-333d-408d-af75-73031d7165b1","value":null}
[debug] [35m[W3C (cad832de)][39m Responding to client with driver.setValue() result: null
[35m[HTTP][39m [37m<-- POST /wd/hub/session/cad832de-4a3d-4eb4-a77e-1fe4cf82d7d7/element/c5a1cc98-0957-4337-ba78-6b62ad2bae36/value [39m[32m200[39m [90m1082 ms - 14[39m
[35m[HTTP][39m [90m[39m
[35m[HTTP][39m [37m-->[39m [37mPOST[39m [37m/wd/hub/session/cad832de-4a3d-4eb4-a77e-1fe4cf82d7d7/element[39m
[35m[HTTP][39m [90m{"using":"id","value":"com.vanthink.student.debug:id/btn_login"}[39m
[debug] [35m[W3C (cad832de)][39m Calling AppiumDriver.findElement() with args: ["id","com.vanthink.student.debug:id/btn_login","cad832de-4a3d-4eb4-a77e-1fe4cf82d7d7"]
[debug] [35m[BaseDriver][39m Valid locator strategies for this request: xpath, id, class name, accessibility id, -android uiautomator
[debug] [35m[BaseDriver][39m Waiting up to 0 ms for condition
[debug] [35m[WD Proxy][39m Matched '/element' to command name 'findElement'
[debug] [35m[WD Proxy][39m Proxying [POST /element] to [POST http://localhost:8200/wd/hub/session/26ec65d3-333d-408d-af75-73031d7165b1/element] with body: {"strategy":"id","selector":"com.vanthink.student.debug:id/btn_login","context":"","multiple":false}
[debug] [35m[WD Proxy][39m Got response with status 200: {"sessionId":"26ec65d3-333d-408d-af75-73031d7165b1","value":{"ELEMENT":"ee925d7d-a025-40c9-b101-17b1a7b1dcc3","element-6066-11e4-a52e-4f735466cecf":"ee925d7d-a025-40c9-b101-17b1a7b1dcc3"}}
[debug] [35m[W3C (cad832de)][39m Responding to client with driver.findElement() result: {"element-6066-11e4-a52e-4f735466cecf":"ee925d7d-a025-40c9-b101-17b1a7b1dcc3","ELEMENT":"ee925d7d-a025-40c9-b101-17b1a7b1dcc3"}
[35m[HTTP][39m [37m<-- POST /wd/hub/session/cad832de-4a3d-4eb4-a77e-1fe4cf82d7d7/element [39m[32m200[39m [90m558 ms - 137[39m
[35m[HTTP][39m [90m[39m
[35m[HTTP][39m [37m-->[39m [37mPOST[39m [37m/wd/hub/session/cad832de-4a3d-4eb4-a77e-1fe4cf82d7d7/element/ee925d7d-a025-40c9-b101-17b1a7b1dcc3/click[39m
[35m[HTTP][39m [90m{"id":"ee925d7d-a025-40c9-b101-17b1a7b1dcc3"}[39m
[debug] [35m[W3C (cad832de)][39m Calling AppiumDriver.click() with args: ["ee925d7d-a025-40c9-b101-17b1a7b1dcc3","cad832de-4a3d-4eb4-a77e-1fe4cf82d7d7"]
[debug] [35m[WD Proxy][39m Matched '/element/ee925d7d-a025-40c9-b101-17b1a7b1dcc3/click' to command name 'click'
[debug] [35m[WD Proxy][39m Proxying [POST /element/ee925d7d-a025-40c9-b101-17b1a7b1dcc3/click] to [POST http://localhost:8200/wd/hub/session/26ec65d3-333d-408d-af75-73031d7165b1/element/ee925d7d-a025-40c9-b101-17b1a7b1dcc3/click] with body: {"element":"ee925d7d-a025-40c9-b101-17b1a7b1dcc3"}
[debug] [35m[WD Proxy][39m Got response with status 200: {"sessionId":"26ec65d3-333d-408d-af75-73031d7165b1","value":null}
[debug] [35m[W3C (cad832de)][39m Responding to client with driver.click() result: null
[35m[HTTP][39m [37m<-- POST /wd/hub/session/cad832de-4a3d-4eb4-a77e-1fe4cf82d7d7/element/ee925d7d-a025-40c9-b101-17b1a7b1dcc3/click [39m[32m200[39m [90m80 ms - 14[39m
[35m[HTTP][39m [90m[39m
[35m[HTTP][39m [37m-->[39m [37mPOST[39m [37m/wd/hub/session/cad832de-4a3d-4eb4-a77e-1fe4cf82d7d7/element[39m
[35m[HTTP][39m [90m{"using":"xpath","value":"//android.widget.TextView[contains(@text,'åšè¯•å·')]"}[39m
[debug] [35m[W3C (cad832de)][39m Calling AppiumDriver.findElement() with args: ["xpath","//android.widget.TextView[contains(@text,'åšè¯•å·')]","cad832de-4a3d-4eb4-a77e-1fe4cf82d7d7"]
[debug] [35m[BaseDriver][39m Valid locator strategies for this request: xpath, id, class name, accessibility id, -android uiautomator
[debug] [35m[BaseDriver][39m Waiting up to 0 ms for condition
[debug] [35m[WD Proxy][39m Matched '/element' to command name 'findElement'
[debug] [35m[WD Proxy][39m Proxying [POST /element] to [POST http://localhost:8200/wd/hub/session/26ec65d3-333d-408d-af75-73031d7165b1/element] with body: {"strategy":"xpath","selector":"//android.widget.TextView[contains(@text,'åšè¯•å·')]","context":"","multiple":false}
[35m[WD Proxy][39m Got an unexpected response with status 404: {"sessionId":"26ec65d3-333d-408d-af75-73031d7165b1","value":{"error":"no such element","message":"An element could not be located on the page using the given search parameters","stacktrace":"io.appium.uiautomator2.common.exceptions.ElementNotFoundException: An element could not be located on the page using the given search parameters\n\tat io.appium.uiautomator2.handler.FindElement.findElement(FindElement.java:102)\n\tat io.appium.uiautomator2.handler.FindElement.safeHandle(FindElement.java:72)\n\tat io.appium.uiautomator2.handler.request.SafeRequestHandler.handle(SafeRequestHandler.java:38)\n\tat io.appium.uiautomator2.server.AppiumServlet.handleRequest(AppiumServlet.java:252)\n\tat io.appium.uiautomator2.server.AppiumServlet.handleHttpRequest(AppiumServlet.java:242)\n\tat io.appium.uiautomator2.http.ServerHandler.channelRead(ServerHandler.java:44)\n\tat io.netty.channel.AbstractChannelHandlerContext.invokeChannelRead(AbstractChannelHandlerContext.java:366)\n\tat io.netty.channel.AbstractChannelHandlerCon...
[debug] [35m[W3C][39m Matched W3C error code 'no such element' to NoSuchElementError
[debug] [35m[W3C (cad832de)][39m Encountered internal error running command: NoSuchElementError: An element could not be located on the page using the given search parameters.
[debug] [35m[W3C (cad832de)][39m     at AndroidUiautomator2Driver.findElOrEls (/Users/vanthink_test_ios/.nvm/v8.14.1/lib/node_modules/appium/node_modules/appium-android-driver/lib/commands/find.js:75:11)
[debug] [35m[W3C (cad832de)][39m     at <anonymous>
[35m[HTTP][39m [37m<-- POST /wd/hub/session/cad832de-4a3d-4eb4-a77e-1fe4cf82d7d7/element [39m[33m404[39m [90m243 ms - 434[39m
[35m[HTTP][39m [90m[39m
[35m[HTTP][39m [37m-->[39m [37mPOST[39m [37m/wd/hub/session/cad832de-4a3d-4eb4-a77e-1fe4cf82d7d7/element[39m
[35m[HTTP][39m [90m{"using":"xpath","value":"//android.widget.TextView[contains(@text,'åšè¯•å·')]"}[39m
[debug] [35m[W3C (cad832de)][39m Calling AppiumDriver.findElement() with args: ["xpath","//android.widget.TextView[contains(@text,'åšè¯•å·')]","cad832de-4a3d-4eb4-a77e-1fe4cf82d7d7"]
[debug] [35m[BaseDriver][39m Valid locator strategies for this request: xpath, id, class name, accessibility id, -android uiautomator
[debug] [35m[BaseDriver][39m Waiting up to 0 ms for condition
[debug] [35m[WD Proxy][39m Matched '/element' to command name 'findElement'
[debug] [35m[WD Proxy][39m Proxying [POST /element] to [POST http://localhost:8200/wd/hub/session/26ec65d3-333d-408d-af75-73031d7165b1/element] with body: {"strategy":"xpath","selector":"//android.widget.TextView[contains(@text,'åšè¯•å·')]","context":"","multiple":false}
[35m[WD Proxy][39m Got an unexpected response with status 404: {"sessionId":"26ec65d3-333d-408d-af75-73031d7165b1","value":{"error":"no such element","message":"An element could not be located on the page using the given search parameters","stacktrace":"io.appium.uiautomator2.common.exceptions.ElementNotFoundException: An element could not be located on the page using the given search parameters\n\tat io.appium.uiautomator2.handler.FindElement.findElement(FindElement.java:102)\n\tat io.appium.uiautomator2.handler.FindElement.safeHandle(FindElement.java:72)\n\tat io.appium.uiautomator2.handler.request.SafeRequestHandler.handle(SafeRequestHandler.java:38)\n\tat io.appium.uiautomator2.server.AppiumServlet.handleRequest(AppiumServlet.java:252)\n\tat io.appium.uiautomator2.server.AppiumServlet.handleHttpRequest(AppiumServlet.java:242)\n\tat io.appium.uiautomator2.http.ServerHandler.channelRead(ServerHandler.java:44)\n\tat io.netty.channel.AbstractChannelHandlerContext.invokeChannelRead(AbstractChannelHandlerContext.java:366)\n\tat io.netty.channel.AbstractChannelHandlerCon...
[debug] [35m[W3C][39m Matched W3C error code 'no such element' to NoSuchElementError
[debug] [35m[W3C (cad832de)][39m Encountered internal error running command: NoSuchElementError: An element could not be located on the page using the given search parameters.
[debug] [35m[W3C (cad832de)][39m     at AndroidUiautomator2Driver.findElOrEls (/Users/vanthink_test_ios/.nvm/v8.14.1/lib/node_modules/appium/node_modules/appium-android-driver/lib/commands/find.js:75:11)
[debug] [35m[W3C (cad832de)][39m     at <anonymous>
[35m[HTTP][39m [37m<-- POST /wd/hub/session/cad832de-4a3d-4eb4-a77e-1fe4cf82d7d7/element [39m[33m404[39m [90m173 ms - 434[39m
[35m[HTTP][39m [90m[39m
[35m[HTTP][39m [37m-->[39m [37mGET[39m [37m/wd/hub/status[39m
[35m[HTTP][39m [90m{}[39m
[debug] [35m[GENERIC][39m Calling AppiumDriver.getStatus() with args: []
[debug] [35m[GENERIC][39m Responding to client with driver.getStatus() result: {"build":{"version":"1.15.1"}}
[35m[HTTP][39m [37m<-- GET /wd/hub/status [39m[32m200[39m [90m1 ms - 68[39m
[35m[HTTP][39m [90m[39m
[35m[HTTP][39m [37m-->[39m [37mPOST[39m [37m/wd/hub/session/cad832de-4a3d-4eb4-a77e-1fe4cf82d7d7/element[39m
[35m[HTTP][39m [90m{"using":"xpath","value":"//android.widget.TextView[contains(@text,'åšè¯•å·')]"}[39m
[debug] [35m[W3C (cad832de)][39m Calling AppiumDriver.findElement() with args: ["xpath","//android.widget.TextView[contains(@text,'åšè¯•å·')]","cad832de-4a3d-4eb4-a77e-1fe4cf82d7d7"]
[debug] [35m[BaseDriver][39m Valid locator strategies for this request: xpath, id, class name, accessibility id, -android uiautomator
[debug] [35m[BaseDriver][39m Waiting up to 0 ms for condition
[debug] [35m[WD Proxy][39m Matched '/element' to command name 'findElement'
[debug] [35m[WD Proxy][39m Proxying [POST /element] to [POST http://localhost:8200/wd/hub/session/26ec65d3-333d-408d-af75-73031d7165b1/element] with body: {"strategy":"xpath","selector":"//android.widget.TextView[contains(@text,'åšè¯•å·')]","context":"","multiple":false}
[35m[WD Proxy][39m Got an unexpected response with status 404: {"sessionId":"26ec65d3-333d-408d-af75-73031d7165b1","value":{"error":"no such element","message":"An element could not be located on the page using the given search parameters","stacktrace":"io.appium.uiautomator2.common.exceptions.ElementNotFoundException: An element could not be located on the page using the given search parameters\n\tat io.appium.uiautomator2.handler.FindElement.findElement(FindElement.java:102)\n\tat io.appium.uiautomator2.handler.FindElement.safeHandle(FindElement.java:72)\n\tat io.appium.uiautomator2.handler.request.SafeRequestHandler.handle(SafeRequestHandler.java:38)\n\tat io.appium.uiautomator2.server.AppiumServlet.handleRequest(AppiumServlet.java:252)\n\tat io.appium.uiautomator2.server.AppiumServlet.handleHttpRequest(AppiumServlet.java:242)\n\tat io.appium.uiautomator2.http.ServerHandler.channelRead(ServerHandler.java:44)\n\tat io.netty.channel.AbstractChannelHandlerContext.invokeChannelRead(AbstractChannelHandlerContext.java:366)\n\tat io.netty.channel.AbstractChannelHandlerCon...
[debug] [35m[W3C][39m Matched W3C error code 'no such element' to NoSuchElementError
[debug] [35m[W3C (cad832de)][39m Encountered internal error running command: NoSuchElementError: An element could not be located on the page using the given search parameters.
[debug] [35m[W3C (cad832de)][39m     at AndroidUiautomator2Driver.findElOrEls (/Users/vanthink_test_ios/.nvm/v8.14.1/lib/node_modules/appium/node_modules/appium-android-driver/lib/commands/find.js:75:11)
[debug] [35m[W3C (cad832de)][39m     at <anonymous>
[35m[HTTP][39m [37m<-- POST /wd/hub/session/cad832de-4a3d-4eb4-a77e-1fe4cf82d7d7/element [39m[33m404[39m [90m149 ms - 434[39m
[35m[HTTP][39m [90m[39m
[35m[HTTP][39m [37m-->[39m [37mPOST[39m [37m/wd/hub/session/cad832de-4a3d-4eb4-a77e-1fe4cf82d7d7/element[39m
[35m[HTTP][39m [90m{"using":"xpath","value":"//android.widget.TextView[contains(@text,'åšè¯•å·')]"}[39m
[debug] [35m[W3C (cad832de)][39m Calling AppiumDriver.findElement() with args: ["xpath","//android.widget.TextView[contains(@text,'åšè¯•å·')]","cad832de-4a3d-4eb4-a77e-1fe4cf82d7d7"]
[debug] [35m[BaseDriver][39m Valid locator strategies for this request: xpath, id, class name, accessibility id, -android uiautomator
[debug] [35m[BaseDriver][39m Waiting up to 0 ms for condition
[debug] [35m[WD Proxy][39m Matched '/element' to command name 'findElement'
[debug] [35m[WD Proxy][39m Proxying [POST /element] to [POST http://localhost:8200/wd/hub/session/26ec65d3-333d-408d-af75-73031d7165b1/element] with body: {"strategy":"xpath","selector":"//android.widget.TextView[contains(@text,'åšè¯•å·')]","context":"","multiple":false}
[35m[WD Proxy][39m Got an unexpected response with status 404: {"sessionId":"26ec65d3-333d-408d-af75-73031d7165b1","value":{"error":"no such element","message":"An element could not be located on the page using the given search parameters","stacktrace":"io.appium.uiautomator2.common.exceptions.ElementNotFoundException: An element could not be located on the page using the given search parameters\n\tat io.appium.uiautomator2.handler.FindElement.findElement(FindElement.java:102)\n\tat io.appium.uiautomator2.handler.FindElement.safeHandle(FindElement.java:72)\n\tat io.appium.uiautomator2.handler.request.SafeRequestHandler.handle(SafeRequestHandler.java:38)\n\tat io.appium.uiautomator2.server.AppiumServlet.handleRequest(AppiumServlet.java:252)\n\tat io.appium.uiautomator2.server.AppiumServlet.handleHttpRequest(AppiumServlet.java:242)\n\tat io.appium.uiautomator2.http.ServerHandler.channelRead(ServerHandler.java:44)\n\tat io.netty.channel.AbstractChannelHandlerContext.invokeChannelRead(AbstractChannelHandlerContext.java:366)\n\tat io.netty.channel.AbstractChannelHandlerCon...
[debug] [35m[W3C][39m Matched W3C error code 'no such element' to NoSuchElementError
[debug] [35m[W3C (cad832de)][39m Encountered internal error running command: NoSuchElementError: An element could not be located on the page using the given search parameters.
[debug] [35m[W3C (cad832de)][39m     at AndroidUiautomator2Driver.findElOrEls (/Users/vanthink_test_ios/.nvm/v8.14.1/lib/node_modules/appium/node_modules/appium-android-driver/lib/commands/find.js:75:11)
[debug] [35m[W3C (cad832de)][39m     at <anonymous>
[35m[HTTP][39m [37m<-- POST /wd/hub/session/cad832de-4a3d-4eb4-a77e-1fe4cf82d7d7/element [39m[33m404[39m [90m151 ms - 434[39m
[35m[HTTP][39m [90m[39m
[35m[HTTP][39m [37m-->[39m [37mPOST[39m [37m/wd/hub/session/cad832de-4a3d-4eb4-a77e-1fe4cf82d7d7/element[39m
[35m[HTTP][39m [90m{"using":"xpath","value":"//android.widget.TextView[contains(@text,'åšè¯•å·')]"}[39m
[debug] [35m[W3C (cad832de)][39m Calling AppiumDriver.findElement() with args: ["xpath","//android.widget.TextView[contains(@text,'åšè¯•å·')]","cad832de-4a3d-4eb4-a77e-1fe4cf82d7d7"]
[debug] [35m[BaseDriver][39m Valid locator strategies for this request: xpath, id, class name, accessibility id, -android uiautomator
[debug] [35m[BaseDriver][39m Waiting up to 0 ms for condition
[debug] [35m[WD Proxy][39m Matched '/element' to command name 'findElement'
[debug] [35m[WD Proxy][39m Proxying [POST /element] to [POST http://localhost:8200/wd/hub/session/26ec65d3-333d-408d-af75-73031d7165b1/element] with body: {"strategy":"xpath","selector":"//android.widget.TextView[contains(@text,'åšè¯•å·')]","context":"","multiple":false}
[35m[WD Proxy][39m Got an unexpected response with status 404: {"sessionId":"26ec65d3-333d-408d-af75-73031d7165b1","value":{"error":"no such element","message":"An element could not be located on the page using the given search parameters","stacktrace":"io.appium.uiautomator2.common.exceptions.ElementNotFoundException: An element could not be located on the page using the given search parameters\n\tat io.appium.uiautomator2.handler.FindElement.findElement(FindElement.java:102)\n\tat io.appium.uiautomator2.handler.FindElement.safeHandle(FindElement.java:72)\n\tat io.appium.uiautomator2.handler.request.SafeRequestHandler.handle(SafeRequestHandler.java:38)\n\tat io.appium.uiautomator2.server.AppiumServlet.handleRequest(AppiumServlet.java:252)\n\tat io.appium.uiautomator2.server.AppiumServlet.handleHttpRequest(AppiumServlet.java:242)\n\tat io.appium.uiautomator2.http.ServerHandler.channelRead(ServerHandler.java:44)\n\tat io.netty.channel.AbstractChannelHandlerContext.invokeChannelRead(AbstractChannelHandlerContext.java:366)\n\tat io.netty.channel.AbstractChannelHandlerCon...
[debug] [35m[W3C][39m Matched W3C error code 'no such element' to NoSuchElementError
[debug] [35m[W3C (cad832de)][39m Encountered internal error running command: NoSuchElementError: An element could not be located on the page using the given search parameters.
[debug] [35m[W3C (cad832de)][39m     at AndroidUiautomator2Driver.findElOrEls (/Users/vanthink_test_ios/.nvm/v8.14.1/lib/node_modules/appium/node_modules/appium-android-driver/lib/commands/find.js:75:11)
[debug] [35m[W3C (cad832de)][39m     at <anonymous>
[35m[HTTP][39m [37m<-- POST /wd/hub/session/cad832de-4a3d-4eb4-a77e-1fe4cf82d7d7/element [39m[33m404[39m [90m156 ms - 434[39m
[35m[HTTP][39m [90m[39m
[35m[HTTP][39m [37m-->[39m [37mPOST[39m [37m/wd/hub/session/cad832de-4a3d-4eb4-a77e-1fe4cf82d7d7/element[39m
[35m[HTTP][39m [90m{"using":"xpath","value":"//android.widget.TextView[contains(@text,'åšè¯•å·')]"}[39m
[debug] [35m[W3C (cad832de)][39m Calling AppiumDriver.findElement() with args: ["xpath","//android.widget.TextView[contains(@text,'åšè¯•å·')]","cad832de-4a3d-4eb4-a77e-1fe4cf82d7d7"]
[debug] [35m[BaseDriver][39m Valid locator strategies for this request: xpath, id, class name, accessibility id, -android uiautomator
[debug] [35m[BaseDriver][39m Waiting up to 0 ms for condition
[debug] [35m[WD Proxy][39m Matched '/element' to command name 'findElement'
[debug] [35m[WD Proxy][39m Proxying [POST /element] to [POST http://localhost:8200/wd/hub/session/26ec65d3-333d-408d-af75-73031d7165b1/element] with body: {"strategy":"xpath","selector":"//android.widget.TextView[contains(@text,'åšè¯•å·')]","context":"","multiple":false}
[35m[WD Proxy][39m Got an unexpected response with status 404: {"sessionId":"26ec65d3-333d-408d-af75-73031d7165b1","value":{"error":"no such element","message":"An element could not be located on the page using the given search parameters","stacktrace":"io.appium.uiautomator2.common.exceptions.ElementNotFoundException: An element could not be located on the page using the given search parameters\n\tat io.appium.uiautomator2.handler.FindElement.findElement(FindElement.java:102)\n\tat io.appium.uiautomator2.handler.FindElement.safeHandle(FindElement.java:72)\n\tat io.appium.uiautomator2.handler.request.SafeRequestHandler.handle(SafeRequestHandler.java:38)\n\tat io.appium.uiautomator2.server.AppiumServlet.handleRequest(AppiumServlet.java:252)\n\tat io.appium.uiautomator2.server.AppiumServlet.handleHttpRequest(AppiumServlet.java:242)\n\tat io.appium.uiautomator2.http.ServerHandler.channelRead(ServerHandler.java:44)\n\tat io.netty.channel.AbstractChannelHandlerContext.invokeChannelRead(AbstractChannelHandlerContext.java:366)\n\tat io.netty.channel.AbstractChannelHandlerCon...
[debug] [35m[W3C][39m Matched W3C error code 'no such element' to NoSuchElementError
[debug] [35m[W3C (cad832de)][39m Encountered internal error running command: NoSuchElementError: An element could not be located on the page using the given search parameters.
[debug] [35m[W3C (cad832de)][39m     at AndroidUiautomator2Driver.findElOrEls (/Users/vanthink_test_ios/.nvm/v8.14.1/lib/node_modules/appium/node_modules/appium-android-driver/lib/commands/find.js:75:11)
[debug] [35m[W3C (cad832de)][39m     at <anonymous>
[35m[HTTP][39m [37m<-- POST /wd/hub/session/cad832de-4a3d-4eb4-a77e-1fe4cf82d7d7/element [39m[33m404[39m [90m103 ms - 434[39m
[35m[HTTP][39m [90m[39m
[35m[HTTP][39m [37m-->[39m [37mPOST[39m [37m/wd/hub/session/cad832de-4a3d-4eb4-a77e-1fe4cf82d7d7/element[39m
[35m[HTTP][39m [90m{"using":"xpath","value":"//android.widget.TextView[contains(@text,'åšè¯•å·')]"}[39m
[debug] [35m[W3C (cad832de)][39m Calling AppiumDriver.findElement() with args: ["xpath","//android.widget.TextView[contains(@text,'åšè¯•å·')]","cad832de-4a3d-4eb4-a77e-1fe4cf82d7d7"]
[debug] [35m[BaseDriver][39m Valid locator strategies for this request: xpath, id, class name, accessibility id, -android uiautomator
[debug] [35m[BaseDriver][39m Waiting up to 0 ms for condition
[debug] [35m[WD Proxy][39m Matched '/element' to command name 'findElement'
[debug] [35m[WD Proxy][39m Proxying [POST /element] to [POST http://localhost:8200/wd/hub/session/26ec65d3-333d-408d-af75-73031d7165b1/element] with body: {"strategy":"xpath","selector":"//android.widget.TextView[contains(@text,'åšè¯•å·')]","context":"","multiple":false}
[debug] [35m[WD Proxy][39m Got response with status 200: {"sessionId":"26ec65d3-333d-408d-af75-73031d7165b1","value":{"ELEMENT":"ecd517c4-23cb-4e9b-8c19-a19428041628","element-6066-11e4-a52e-4f735466cecf":"ecd517c4-23cb-4e9b-8c19-a19428041628"}}
[debug] [35m[W3C (cad832de)][39m Responding to client with driver.findElement() result: {"element-6066-11e4-a52e-4f735466cecf":"ecd517c4-23cb-4e9b-8c19-a19428041628","ELEMENT":"ecd517c4-23cb-4e9b-8c19-a19428041628"}
[35m[HTTP][39m [37m<-- POST /wd/hub/session/cad832de-4a3d-4eb4-a77e-1fe4cf82d7d7/element [39m[32m200[39m [90m2097 ms - 137[39m
[35m[HTTP][39m [90m[39m
[35m[HTTP][39m [37m-->[39m [37mPOST[39m [37m/wd/hub/session/cad832de-4a3d-4eb4-a77e-1fe4cf82d7d7/element[39m
[35m[HTTP][39m [90m{"using":"id","value":"com.vanthink.student.debug:id/tab_profile"}[39m
[debug] [35m[W3C (cad832de)][39m Calling AppiumDriver.findElement() with args: ["id","com.vanthink.student.debug:id/tab_profile","cad832de-4a3d-4eb4-a77e-1fe4cf82d7d7"]
[debug] [35m[BaseDriver][39m Valid locator strategies for this request: xpath, id, class name, accessibility id, -android uiautomator
[debug] [35m[BaseDriver][39m Waiting up to 0 ms for condition
[debug] [35m[WD Proxy][39m Matched '/element' to command name 'findElement'
[debug] [35m[WD Proxy][39m Proxying [POST /element] to [POST http://localhost:8200/wd/hub/session/26ec65d3-333d-408d-af75-73031d7165b1/element] with body: {"strategy":"id","selector":"com.vanthink.student.debug:id/tab_profile","context":"","multiple":false}
[35m[HTTP][39m [37m-->[39m [37mGET[39m [37m/wd/hub/status[39m
[35m[HTTP][39m [90m{}[39m
[debug] [35m[GENERIC][39m Calling AppiumDriver.getStatus() with args: []
[debug] [35m[GENERIC][39m Responding to client with driver.getStatus() result: {"build":{"version":"1.15.1"}}
[35m[HTTP][39m [37m<-- GET /wd/hub/status [39m[32m200[39m [90m2 ms - 68[39m
[35m[HTTP][39m [90m[39m
[debug] [35m[WD Proxy][39m Got response with status 200: {"sessionId":"26ec65d3-333d-408d-af75-73031d7165b1","value":{"ELEMENT":"f7436ad1-aae5-4cc6-b93d-c9f08709225e","element-6066-11e4-a52e-4f735466cecf":"f7436ad1-aae5-4cc6-b93d-c9f08709225e"}}
[debug] [35m[W3C (cad832de)][39m Responding to client with driver.findElement() result: {"element-6066-11e4-a52e-4f735466cecf":"f7436ad1-aae5-4cc6-b93d-c9f08709225e","ELEMENT":"f7436ad1-aae5-4cc6-b93d-c9f08709225e"}
[35m[HTTP][39m [37m<-- POST /wd/hub/session/cad832de-4a3d-4eb4-a77e-1fe4cf82d7d7/element [39m[32m200[39m [90m188 ms - 137[39m
[35m[HTTP][39m [90m[39m
[35m[HTTP][39m [37m-->[39m [37mPOST[39m [37m/wd/hub/session/cad832de-4a3d-4eb4-a77e-1fe4cf82d7d7/element/f7436ad1-aae5-4cc6-b93d-c9f08709225e/click[39m
[35m[HTTP][39m [90m{"id":"f7436ad1-aae5-4cc6-b93d-c9f08709225e"}[39m
[debug] [35m[W3C (cad832de)][39m Calling AppiumDriver.click() with args: ["f7436ad1-aae5-4cc6-b93d-c9f08709225e","cad832de-4a3d-4eb4-a77e-1fe4cf82d7d7"]
[debug] [35m[WD Proxy][39m Matched '/element/f7436ad1-aae5-4cc6-b93d-c9f08709225e/click' to command name 'click'
[debug] [35m[WD Proxy][39m Proxying [POST /element/f7436ad1-aae5-4cc6-b93d-c9f08709225e/click] to [POST http://localhost:8200/wd/hub/session/26ec65d3-333d-408d-af75-73031d7165b1/element/f7436ad1-aae5-4cc6-b93d-c9f08709225e/click] with body: {"element":"f7436ad1-aae5-4cc6-b93d-c9f08709225e"}
[debug] [35m[WD Proxy][39m Got response with status 200: {"sessionId":"26ec65d3-333d-408d-af75-73031d7165b1","value":null}
[debug] [35m[W3C (cad832de)][39m Responding to client with driver.click() result: null
[35m[HTTP][39m [37m<-- POST /wd/hub/session/cad832de-4a3d-4eb4-a77e-1fe4cf82d7d7/element/f7436ad1-aae5-4cc6-b93d-c9f08709225e/click [39m[32m200[39m [90m107 ms - 14[39m
[35m[HTTP][39m [90m[39m
[35m[HTTP][39m [37m-->[39m [37mPOST[39m [37m/wd/hub/session/cad832de-4a3d-4eb4-a77e-1fe4cf82d7d7/element[39m
[35m[HTTP][39m [90m{"using":"xpath","value":"//android.widget.TextView[contains(@text,'å­¦æ ¡')]"}[39m
[debug] [35m[W3C (cad832de)][39m Calling AppiumDriver.findElement() with args: ["xpath","//android.widget.TextView[contains(@text,'å­¦æ ¡')]","cad832de-4a3d-4eb4-a77e-1fe4cf82d7d7"]
[debug] [35m[BaseDriver][39m Valid locator strategies for this request: xpath, id, class name, accessibility id, -android uiautomator
[debug] [35m[BaseDriver][39m Waiting up to 0 ms for condition
[debug] [35m[WD Proxy][39m Matched '/element' to command name 'findElement'
[debug] [35m[WD Proxy][39m Proxying [POST /element] to [POST http://localhost:8200/wd/hub/session/26ec65d3-333d-408d-af75-73031d7165b1/element] with body: {"strategy":"xpath","selector":"//android.widget.TextView[contains(@text,'å­¦æ ¡')]","context":"","multiple":false}
[debug] [35m[WD Proxy][39m Got response with status 200: {"sessionId":"26ec65d3-333d-408d-af75-73031d7165b1","value":{"ELEMENT":"9ca27e9b-6542-487a-947b-c7ad0f2a6a5a","element-6066-11e4-a52e-4f735466cecf":"9ca27e9b-6542-487a-947b-c7ad0f2a6a5a"}}
[debug] [35m[W3C (cad832de)][39m Responding to client with driver.findElement() result: {"element-6066-11e4-a52e-4f735466cecf":"9ca27e9b-6542-487a-947b-c7ad0f2a6a5a","ELEMENT":"9ca27e9b-6542-487a-947b-c7ad0f2a6a5a"}
[35m[HTTP][39m [37m<-- POST /wd/hub/session/cad832de-4a3d-4eb4-a77e-1fe4cf82d7d7/element [39m[32m200[39m [90m945 ms - 137[39m
[35m[HTTP][39m [90m[39m
[35m[HTTP][39m [37m-->[39m [37mGET[39m [37m/wd/hub/session/cad832de-4a3d-4eb4-a77e-1fe4cf82d7d7/window/rect[39m
[35m[HTTP][39m [90m{}[39m
[debug] [35m[W3C (cad832de)][39m Calling AppiumDriver.getWindowRect() with args: ["cad832de-4a3d-4eb4-a77e-1fe4cf82d7d7"]
[debug] [35m[WD Proxy][39m Matched '/window/current/size' to command name 'getWindowSize'
[debug] [35m[WD Proxy][39m Proxying [GET /window/current/size] to [GET http://localhost:8200/wd/hub/session/26ec65d3-333d-408d-af75-73031d7165b1/window/current/size] with body: {}
[debug] [35m[WD Proxy][39m Got response with status 200: {"sessionId":"26ec65d3-333d-408d-af75-73031d7165b1","value":{"height":2032,"width":1080}}
[debug] [35m[W3C (cad832de)][39m Responding to client with driver.getWindowRect() result: {"width":1080,"height":2032,"x":0,"y":0}
[35m[HTTP][39m [37m<-- GET /wd/hub/session/cad832de-4a3d-4eb4-a77e-1fe4cf82d7d7/window/rect [39m[32m200[39m [90m39 ms - 50[39m
[35m[HTTP][39m [90m[39m
[35m[HTTP][39m [37m-->[39m [37mGET[39m [37m/wd/hub/session/cad832de-4a3d-4eb4-a77e-1fe4cf82d7d7/window/rect[39m
[35m[HTTP][39m [90m{}[39m
[debug] [35m[W3C (cad832de)][39m Calling AppiumDriver.getWindowRect() with args: ["cad832de-4a3d-4eb4-a77e-1fe4cf82d7d7"]
[debug] [35m[WD Proxy][39m Matched '/window/current/size' to command name 'getWindowSize'
[debug] [35m[WD Proxy][39m Proxying [GET /window/current/size] to [GET http://localhost:8200/wd/hub/session/26ec65d3-333d-408d-af75-73031d7165b1/window/current/size] with body: {}
[debug] [35m[WD Proxy][39m Got response with status 200: {"sessionId":"26ec65d3-333d-408d-af75-73031d7165b1","value":{"height":2032,"width":1080}}
[debug] [35m[W3C (cad832de)][39m Responding to client with driver.getWindowRect() result: {"width":1080,"height":2032,"x":0,"y":0}
[35m[HTTP][39m [37m<-- GET /wd/hub/session/cad832de-4a3d-4eb4-a77e-1fe4cf82d7d7/window/rect [39m[32m200[39m [90m25 ms - 50[39m
[35m[HTTP][39m [90m[39m
[35m[HTTP][39m [37m-->[39m [37mGET[39m [37m/wd/hub/session/cad832de-4a3d-4eb4-a77e-1fe4cf82d7d7/window/rect[39m
[35m[HTTP][39m [90m{}[39m
[debug] [35m[W3C (cad832de)][39m Calling AppiumDriver.getWindowRect() with args: ["cad832de-4a3d-4eb4-a77e-1fe4cf82d7d7"]
[debug] [35m[WD Proxy][39m Matched '/window/current/size' to command name 'getWindowSize'
[debug] [35m[WD Proxy][39m Proxying [GET /window/current/size] to [GET http://localhost:8200/wd/hub/session/26ec65d3-333d-408d-af75-73031d7165b1/window/current/size] with body: {}
[debug] [35m[WD Proxy][39m Got response with status 200: {"sessionId":"26ec65d3-333d-408d-af75-73031d7165b1","value":{"height":2032,"width":1080}}
[debug] [35m[W3C (cad832de)][39m Responding to client with driver.getWindowRect() result: {"width":1080,"height":2032,"x":0,"y":0}
[35m[HTTP][39m [37m<-- GET /wd/hub/session/cad832de-4a3d-4eb4-a77e-1fe4cf82d7d7/window/rect [39m[32m200[39m [90m25 ms - 50[39m
[35m[HTTP][39m [90m[39m
[35m[HTTP][39m [37m-->[39m [37mPOST[39m [37m/wd/hub/session/cad832de-4a3d-4eb4-a77e-1fe4cf82d7d7/touch/perform[39m
[35m[HTTP][39m [90m{"actions":[{"action":"press","options":{"x":540,"y":406}},{"action":"wait","options":{"ms":1000}},{"action":"moveTo","options":{"x":540,"y":1625}},{"action":"release","options":{}}]}[39m
[debug] [35m[W3C (cad832de)][39m Calling AppiumDriver.performTouch() with args: [[{"action":"press","options":{"x":540,"y":406}},{"action":"wait","options":{"ms":1000}},{"action":"moveTo","options":{"x":540,"y":1625}},{"action":"release","options":{}}],"cad832de-4a3d-4eb4-a77e-1fe4cf82d7d7"]
[debug] [35m[WD Proxy][39m Matched '/touch/perform' to command name 'performTouch'
[debug] [35m[WD Proxy][39m Proxying [POST /touch/perform] to [POST http://localhost:8200/wd/hub/session/26ec65d3-333d-408d-af75-73031d7165b1/touch/perform] with body: {"startX":540,"startY":406,"endX":540,"endY":1625,"steps":28}
[debug] [35m[WD Proxy][39m Got response with status 200: {"sessionId":"26ec65d3-333d-408d-af75-73031d7165b1","value":null}
[debug] [35m[W3C (cad832de)][39m Responding to client with driver.performTouch() result: null
[35m[HTTP][39m [37m<-- POST /wd/hub/session/cad832de-4a3d-4eb4-a77e-1fe4cf82d7d7/touch/perform [39m[32m200[39m [90m1322 ms - 14[39m
[35m[HTTP][39m [90m[39m
[35m[HTTP][39m [37m-->[39m [37mPOST[39m [37m/wd/hub/session/cad832de-4a3d-4eb4-a77e-1fe4cf82d7d7/element[39m
[35m[HTTP][39m [90m{"using":"id","value":"com.vanthink.student.debug:id/name"}[39m
[debug] [35m[W3C (cad832de)][39m Calling AppiumDriver.findElement() with args: ["id","com.vanthink.student.debug:id/name","cad832de-4a3d-4eb4-a77e-1fe4cf82d7d7"]
[debug] [35m[BaseDriver][39m Valid locator strategies for this request: xpath, id, class name, accessibility id, -android uiautomator
[debug] [35m[BaseDriver][39m Waiting up to 0 ms for condition
[debug] [35m[WD Proxy][39m Matched '/element' to command name 'findElement'
[debug] [35m[WD Proxy][39m Proxying [POST /element] to [POST http://localhost:8200/wd/hub/session/26ec65d3-333d-408d-af75-73031d7165b1/element] with body: {"strategy":"id","selector":"com.vanthink.student.debug:id/name","context":"","multiple":false}
[debug] [35m[WD Proxy][39m Got response with status 200: {"sessionId":"26ec65d3-333d-408d-af75-73031d7165b1","value":{"ELEMENT":"ab709d54-dde2-47f4-b42e-12536d6f551b","element-6066-11e4-a52e-4f735466cecf":"ab709d54-dde2-47f4-b42e-12536d6f551b"}}
[debug] [35m[W3C (cad832de)][39m Responding to client with driver.findElement() result: {"element-6066-11e4-a52e-4f735466cecf":"ab709d54-dde2-47f4-b42e-12536d6f551b","ELEMENT":"ab709d54-dde2-47f4-b42e-12536d6f551b"}
[35m[HTTP][39m [37m<-- POST /wd/hub/session/cad832de-4a3d-4eb4-a77e-1fe4cf82d7d7/element [39m[32m200[39m [90m589 ms - 137[39m
[35m[HTTP][39m [90m[39m
[35m[HTTP][39m [37m-->[39m [37mGET[39m [37m/wd/hub/session/cad832de-4a3d-4eb4-a77e-1fe4cf82d7d7/element/ab709d54-dde2-47f4-b42e-12536d6f551b/text[39m
[35m[HTTP][39m [90m{}[39m
[35m[W3C (cad832de)][39m Driver proxy active, passing request on via HTTP proxy
[debug] [35m[WD Proxy][39m Matched '/wd/hub/session/cad832de-4a3d-4eb4-a77e-1fe4cf82d7d7/element/ab709d54-dde2-47f4-b42e-12536d6f551b/text' to command name 'getText'
[debug] [35m[WD Proxy][39m Proxying [GET /wd/hub/session/cad832de-4a3d-4eb4-a77e-1fe4cf82d7d7/element/ab709d54-dde2-47f4-b42e-12536d6f551b/text] to [GET http://localhost:8200/wd/hub/session/26ec65d3-333d-408d-af75-73031d7165b1/element/ab709d54-dde2-47f4-b42e-12536d6f551b/text] with body: {}
[debug] [35m[WD Proxy][39m Got response with status 200: {"sessionId":"26ec65d3-333d-408d-af75-73031d7165b1","value":"Ceshi1"}
[35m[WD Proxy][39m Replacing sessionId 26ec65d3-333d-408d-af75-73031d7165b1 with cad832de-4a3d-4eb4-a77e-1fe4cf82d7d7
[35m[HTTP][39m [37m<-- GET /wd/hub/session/cad832de-4a3d-4eb4-a77e-1fe4cf82d7d7/element/ab709d54-dde2-47f4-b42e-12536d6f551b/text [39m[32m200[39m [90m28 ms - 69[39m
[35m[HTTP][39m [90m[39m
[35m[HTTP][39m [37m-->[39m [37mGET[39m [37m/wd/hub/session/cad832de-4a3d-4eb4-a77e-1fe4cf82d7d7/window/rect[39m
[35m[HTTP][39m [90m{}[39m
[debug] [35m[W3C (cad832de)][39m Calling AppiumDriver.getWindowRect() with args: ["cad832de-4a3d-4eb4-a77e-1fe4cf82d7d7"]
[debug] [35m[WD Proxy][39m Matched '/window/current/size' to command name 'getWindowSize'
[debug] [35m[WD Proxy][39m Proxying [GET /window/current/size] to [GET http://localhost:8200/wd/hub/session/26ec65d3-333d-408d-af75-73031d7165b1/window/current/size] with body: {}
[debug] [35m[WD Proxy][39m Got response with status 200: {"sessionId":"26ec65d3-333d-408d-af75-73031d7165b1","value":{"height":2032,"width":1080}}
[debug] [35m[W3C (cad832de)][39m Responding to client with driver.getWindowRect() result: {"width":1080,"height":2032,"x":0,"y":0}
[35m[HTTP][39m [37m<-- GET /wd/hub/session/cad832de-4a3d-4eb4-a77e-1fe4cf82d7d7/window/rect [39m[32m200[39m [90m29 ms - 50[39m
[35m[HTTP][39m [90m[39m
[35m[HTTP][39m [37m-->[39m [37mGET[39m [37m/wd/hub/session/cad832de-4a3d-4eb4-a77e-1fe4cf82d7d7/window/rect[39m
[35m[HTTP][39m [90m{}[39m
[debug] [35m[W3C (cad832de)][39m Calling AppiumDriver.getWindowRect() with args: ["cad832de-4a3d-4eb4-a77e-1fe4cf82d7d7"]
[debug] [35m[WD Proxy][39m Matched '/window/current/size' to command name 'getWindowSize'
[debug] [35m[WD Proxy][39m Proxying [GET /window/current/size] to [GET http://localhost:8200/wd/hub/session/26ec65d3-333d-408d-af75-73031d7165b1/window/current/size] with body: {}
[debug] [35m[WD Proxy][39m Got response with status 200: {"sessionId":"26ec65d3-333d-408d-af75-73031d7165b1","value":{"height":2032,"width":1080}}
[debug] [35m[W3C (cad832de)][39m Responding to client with driver.getWindowRect() result: {"width":1080,"height":2032,"x":0,"y":0}
[35m[HTTP][39m [37m<-- GET /wd/hub/session/cad832de-4a3d-4eb4-a77e-1fe4cf82d7d7/window/rect [39m[32m200[39m [90m26 ms - 50[39m
[35m[HTTP][39m [90m[39m
[35m[HTTP][39m [37m-->[39m [37mGET[39m [37m/wd/hub/session/cad832de-4a3d-4eb4-a77e-1fe4cf82d7d7/window/rect[39m
[35m[HTTP][39m [90m{}[39m
[debug] [35m[W3C (cad832de)][39m Calling AppiumDriver.getWindowRect() with args: ["cad832de-4a3d-4eb4-a77e-1fe4cf82d7d7"]
[debug] [35m[WD Proxy][39m Matched '/window/current/size' to command name 'getWindowSize'
[debug] [35m[WD Proxy][39m Proxying [GET /window/current/size] to [GET http://localhost:8200/wd/hub/session/26ec65d3-333d-408d-af75-73031d7165b1/window/current/size] with body: {}
[debug] [35m[WD Proxy][39m Got response with status 200: {"sessionId":"26ec65d3-333d-408d-af75-73031d7165b1","value":{"height":2032,"width":1080}}
[debug] [35m[W3C (cad832de)][39m Responding to client with driver.getWindowRect() result: {"width":1080,"height":2032,"x":0,"y":0}
[35m[HTTP][39m [37m<-- GET /wd/hub/session/cad832de-4a3d-4eb4-a77e-1fe4cf82d7d7/window/rect [39m[32m200[39m [90m22 ms - 50[39m
[35m[HTTP][39m [90m[39m
[35m[HTTP][39m [37m-->[39m [37mPOST[39m [37m/wd/hub/session/cad832de-4a3d-4eb4-a77e-1fe4cf82d7d7/touch/perform[39m
[35m[HTTP][39m [90m{"actions":[{"action":"press","options":{"x":540,"y":1625}},{"action":"wait","options":{"ms":1000}},{"action":"moveTo","options":{"x":540,"y":406}},{"action":"release","options":{}}]}[39m
[debug] [35m[W3C (cad832de)][39m Calling AppiumDriver.performTouch() with args: [[{"action":"press","options":{"x":540,"y":1625}},{"action":"wait","options":{"ms":1000}},{"action":"moveTo","options":{"x":540,"y":406}},{"action":"release","options":{}}],"cad832de-4a3d-4eb4-a77e-1fe4cf82d7d7"]
[debug] [35m[WD Proxy][39m Matched '/touch/perform' to command name 'performTouch'
[debug] [35m[WD Proxy][39m Proxying [POST /touch/perform] to [POST http://localhost:8200/wd/hub/session/26ec65d3-333d-408d-af75-73031d7165b1/touch/perform] with body: {"startX":540,"startY":1625,"endX":540,"endY":406,"steps":28}
[35m[HTTP][39m [37m-->[39m [37mGET[39m [37m/wd/hub/status[39m
[35m[HTTP][39m [90m{}[39m
[debug] [35m[GENERIC][39m Calling AppiumDriver.getStatus() with args: []
[debug] [35m[GENERIC][39m Responding to client with driver.getStatus() result: {"build":{"version":"1.15.1"}}
[35m[HTTP][39m [37m<-- GET /wd/hub/status [39m[32m200[39m [90m2 ms - 68[39m
[35m[HTTP][39m [90m[39m
[debug] [35m[WD Proxy][39m Got response with status 200: {"sessionId":"26ec65d3-333d-408d-af75-73031d7165b1","value":null}
[debug] [35m[W3C (cad832de)][39m Responding to client with driver.performTouch() result: null
[35m[HTTP][39m [37m<-- POST /wd/hub/session/cad832de-4a3d-4eb4-a77e-1fe4cf82d7d7/touch/perform [39m[32m200[39m [90m1316 ms - 14[39m
[35m[HTTP][39m [90m[39m
[35m[HTTP][39m [37m-->[39m [37mPOST[39m [37m/wd/hub/session/cad832de-4a3d-4eb4-a77e-1fe4cf82d7d7/element[39m
[35m[HTTP][39m [90m{"using":"id","value":"com.vanthink.student.debug:id/study_card"}[39m
[debug] [35m[W3C (cad832de)][39m Calling AppiumDriver.findElement() with args: ["id","com.vanthink.student.debug:id/study_card","cad832de-4a3d-4eb4-a77e-1fe4cf82d7d7"]
[debug] [35m[BaseDriver][39m Valid locator strategies for this request: xpath, id, class name, accessibility id, -android uiautomator
[debug] [35m[BaseDriver][39m Waiting up to 0 ms for condition
[debug] [35m[WD Proxy][39m Matched '/element' to command name 'findElement'
[debug] [35m[WD Proxy][39m Proxying [POST /element] to [POST http://localhost:8200/wd/hub/session/26ec65d3-333d-408d-af75-73031d7165b1/element] with body: {"strategy":"id","selector":"com.vanthink.student.debug:id/study_card","context":"","multiple":false}
[debug] [35m[WD Proxy][39m Got response with status 200: {"sessionId":"26ec65d3-333d-408d-af75-73031d7165b1","value":{"ELEMENT":"34e453b5-603f-415f-840a-2378c5046bd9","element-6066-11e4-a52e-4f735466cecf":"34e453b5-603f-415f-840a-2378c5046bd9"}}
[debug] [35m[W3C (cad832de)][39m Responding to client with driver.findElement() result: {"element-6066-11e4-a52e-4f735466cecf":"34e453b5-603f-415f-840a-2378c5046bd9","ELEMENT":"34e453b5-603f-415f-840a-2378c5046bd9"}
[35m[HTTP][39m [37m<-- POST /wd/hub/session/cad832de-4a3d-4eb4-a77e-1fe4cf82d7d7/element [39m[32m200[39m [90m99 ms - 137[39m
[35m[HTTP][39m [90m[39m
[35m[HTTP][39m [37m-->[39m [37mPOST[39m [37m/wd/hub/session/cad832de-4a3d-4eb4-a77e-1fe4cf82d7d7/element/34e453b5-603f-415f-840a-2378c5046bd9/click[39m
[35m[HTTP][39m [90m{"id":"34e453b5-603f-415f-840a-2378c5046bd9"}[39m
[debug] [35m[W3C (cad832de)][39m Calling AppiumDriver.click() with args: ["34e453b5-603f-415f-840a-2378c5046bd9","cad832de-4a3d-4eb4-a77e-1fe4cf82d7d7"]
[debug] [35m[WD Proxy][39m Matched '/element/34e453b5-603f-415f-840a-2378c5046bd9/click' to command name 'click'
[debug] [35m[WD Proxy][39m Proxying [POST /element/34e453b5-603f-415f-840a-2378c5046bd9/click] to [POST http://localhost:8200/wd/hub/session/26ec65d3-333d-408d-af75-73031d7165b1/element/34e453b5-603f-415f-840a-2378c5046bd9/click] with body: {"element":"34e453b5-603f-415f-840a-2378c5046bd9"}
[debug] [35m[WD Proxy][39m Got response with status 200: {"sessionId":"26ec65d3-333d-408d-af75-73031d7165b1","value":null}
[debug] [35m[W3C (cad832de)][39m Responding to client with driver.click() result: null
[35m[HTTP][39m [37m<-- POST /wd/hub/session/cad832de-4a3d-4eb4-a77e-1fe4cf82d7d7/element/34e453b5-603f-415f-840a-2378c5046bd9/click [39m[32m200[39m [90m61 ms - 14[39m
[35m[HTTP][39m [90m[39m
[35m[HTTP][39m [37m-->[39m [37mPOST[39m [37m/wd/hub/session/cad832de-4a3d-4eb4-a77e-1fe4cf82d7d7/element[39m
[35m[HTTP][39m [90m{"using":"id","value":"com.vanthink.student.debug:id/goToCustomerService"}[39m
[debug] [35m[W3C (cad832de)][39m Calling AppiumDriver.findElement() with args: ["id","com.vanthink.student.debug:id/goToCustomerService","cad832de-4a3d-4eb4-a77e-1fe4cf82d7d7"]
[debug] [35m[BaseDriver][39m Valid locator strategies for this request: xpath, id, class name, accessibility id, -android uiautomator
[debug] [35m[BaseDriver][39m Waiting up to 0 ms for condition
[debug] [35m[WD Proxy][39m Matched '/element' to command name 'findElement'
[debug] [35m[WD Proxy][39m Proxying [POST /element] to [POST http://localhost:8200/wd/hub/session/26ec65d3-333d-408d-af75-73031d7165b1/element] with body: {"strategy":"id","selector":"com.vanthink.student.debug:id/goToCustomerService","context":"","multiple":false}
[35m[WD Proxy][39m Got an unexpected response with status 404: {"sessionId":"26ec65d3-333d-408d-af75-73031d7165b1","value":{"error":"no such element","message":"An element could not be located on the page using the given search parameters","stacktrace":"io.appium.uiautomator2.common.exceptions.ElementNotFoundException: An element could not be located on the page using the given search parameters\n\tat io.appium.uiautomator2.handler.FindElement.safeHandle(FindElement.java:78)\n\tat io.appium.uiautomator2.handler.request.SafeRequestHandler.handle(SafeRequestHandler.java:38)\n\tat io.appium.uiautomator2.server.AppiumServlet.handleRequest(AppiumServlet.java:252)\n\tat io.appium.uiautomator2.server.AppiumServlet.handleHttpRequest(AppiumServlet.java:242)\n\tat io.appium.uiautomator2.http.ServerHandler.channelRead(ServerHandler.java:44)\n\tat io.netty.channel.AbstractChannelHandlerContext.invokeChannelRead(AbstractChannelHandlerContext.java:366)\n\tat io.netty.channel.AbstractChannelHandlerContext.invokeChannelRead(AbstractChannelHandlerContext.java:352)\n\tat io.netty.chann...
[debug] [35m[W3C][39m Matched W3C error code 'no such element' to NoSuchElementError
[debug] [35m[W3C (cad832de)][39m Encountered internal error running command: NoSuchElementError: An element could not be located on the page using the given search parameters.
[debug] [35m[W3C (cad832de)][39m     at AndroidUiautomator2Driver.findElOrEls (/Users/vanthink_test_ios/.nvm/v8.14.1/lib/node_modules/appium/node_modules/appium-android-driver/lib/commands/find.js:75:11)
[debug] [35m[W3C (cad832de)][39m     at <anonymous>
[35m[HTTP][39m [37m<-- POST /wd/hub/session/cad832de-4a3d-4eb4-a77e-1fe4cf82d7d7/element [39m[33m404[39m [90m1588 ms - 434[39m
[35m[HTTP][39m [90m[39m
[35m[HTTP][39m [37m-->[39m [37mPOST[39m [37m/wd/hub/session/cad832de-4a3d-4eb4-a77e-1fe4cf82d7d7/element[39m
[35m[HTTP][39m [90m{"using":"id","value":"com.vanthink.student.debug:id/goToCustomerService"}[39m
[debug] [35m[W3C (cad832de)][39m Calling AppiumDriver.findElement() with args: ["id","com.vanthink.student.debug:id/goToCustomerService","cad832de-4a3d-4eb4-a77e-1fe4cf82d7d7"]
[debug] [35m[BaseDriver][39m Valid locator strategies for this request: xpath, id, class name, accessibility id, -android uiautomator
[debug] [35m[BaseDriver][39m Waiting up to 0 ms for condition
[debug] [35m[WD Proxy][39m Matched '/element' to command name 'findElement'
[debug] [35m[WD Proxy][39m Proxying [POST /element] to [POST http://localhost:8200/wd/hub/session/26ec65d3-333d-408d-af75-73031d7165b1/element] with body: {"strategy":"id","selector":"com.vanthink.student.debug:id/goToCustomerService","context":"","multiple":false}
[debug] [35m[WD Proxy][39m Got response with status 200: {"sessionId":"26ec65d3-333d-408d-af75-73031d7165b1","value":{"ELEMENT":"a62807ee-c7c3-428f-8b37-283ab71a4882","element-6066-11e4-a52e-4f735466cecf":"a62807ee-c7c3-428f-8b37-283ab71a4882"}}
[debug] [35m[W3C (cad832de)][39m Responding to client with driver.findElement() result: {"element-6066-11e4-a52e-4f735466cecf":"a62807ee-c7c3-428f-8b37-283ab71a4882","ELEMENT":"a62807ee-c7c3-428f-8b37-283ab71a4882"}
[35m[HTTP][39m [37m<-- POST /wd/hub/session/cad832de-4a3d-4eb4-a77e-1fe4cf82d7d7/element [39m[32m200[39m [90m108 ms - 137[39m
[35m[HTTP][39m [90m[39m
[35m[HTTP][39m [37m-->[39m [37mPOST[39m [37m/wd/hub/session/cad832de-4a3d-4eb4-a77e-1fe4cf82d7d7/element[39m
[35m[HTTP][39m [90m{"using":"id","value":"com.vanthink.student.debug:id/phone"}[39m
[debug] [35m[W3C (cad832de)][39m Calling AppiumDriver.findElement() with args: ["id","com.vanthink.student.debug:id/phone","cad832de-4a3d-4eb4-a77e-1fe4cf82d7d7"]
[debug] [35m[BaseDriver][39m Valid locator strategies for this request: xpath, id, class name, accessibility id, -android uiautomator
[debug] [35m[BaseDriver][39m Waiting up to 0 ms for condition
[debug] [35m[WD Proxy][39m Matched '/element' to command name 'findElement'
[debug] [35m[WD Proxy][39m Proxying [POST /element] to [POST http://localhost:8200/wd/hub/session/26ec65d3-333d-408d-af75-73031d7165b1/element] with body: {"strategy":"id","selector":"com.vanthink.student.debug:id/phone","context":"","multiple":false}
[debug] [35m[WD Proxy][39m Got response with status 200: {"sessionId":"26ec65d3-333d-408d-af75-73031d7165b1","value":{"ELEMENT":"32911ccf-89fd-4146-a002-749b49de364b","element-6066-11e4-a52e-4f735466cecf":"32911ccf-89fd-4146-a002-749b49de364b"}}
[debug] [35m[W3C (cad832de)][39m Responding to client with driver.findElement() result: {"element-6066-11e4-a52e-4f735466cecf":"32911ccf-89fd-4146-a002-749b49de364b","ELEMENT":"32911ccf-89fd-4146-a002-749b49de364b"}
[35m[HTTP][39m [37m<-- POST /wd/hub/session/cad832de-4a3d-4eb4-a77e-1fe4cf82d7d7/element [39m[32m200[39m [90m82 ms - 137[39m
[35m[HTTP][39m [90m[39m
[35m[HTTP][39m [37m-->[39m [37mGET[39m [37m/wd/hub/session/cad832de-4a3d-4eb4-a77e-1fe4cf82d7d7/element/32911ccf-89fd-4146-a002-749b49de364b/text[39m
[35m[HTTP][39m [90m{}[39m
[35m[W3C (cad832de)][39m Driver proxy active, passing request on via HTTP proxy
[debug] [35m[WD Proxy][39m Matched '/wd/hub/session/cad832de-4a3d-4eb4-a77e-1fe4cf82d7d7/element/32911ccf-89fd-4146-a002-749b49de364b/text' to command name 'getText'
[debug] [35m[WD Proxy][39m Proxying [GET /wd/hub/session/cad832de-4a3d-4eb4-a77e-1fe4cf82d7d7/element/32911ccf-89fd-4146-a002-749b49de364b/text] to [GET http://localhost:8200/wd/hub/session/26ec65d3-333d-408d-af75-73031d7165b1/element/32911ccf-89fd-4146-a002-749b49de364b/text] with body: {}
[debug] [35m[WD Proxy][39m Got response with status 200: {"sessionId":"26ec65d3-333d-408d-af75-73031d7165b1","value":"18823452345"}
[35m[WD Proxy][39m Replacing sessionId 26ec65d3-333d-408d-af75-73031d7165b1 with cad832de-4a3d-4eb4-a77e-1fe4cf82d7d7
[35m[HTTP][39m [37m<-- GET /wd/hub/session/cad832de-4a3d-4eb4-a77e-1fe4cf82d7d7/element/32911ccf-89fd-4146-a002-749b49de364b/text [39m[32m200[39m [90m38 ms - 74[39m
[35m[HTTP][39m [90m[39m
[35m[HTTP][39m [37m-->[39m [37mGET[39m [37m/wd/hub/status[39m
[35m[HTTP][39m [90m{}[39m
[debug] [35m[GENERIC][39m Calling AppiumDriver.getStatus() with args: []
[debug] [35m[GENERIC][39m Responding to client with driver.getStatus() result: {"build":{"version":"1.15.1"}}
[35m[HTTP][39m [37m<-- GET /wd/hub/status [39m[32m200[39m [90m1 ms - 68[39m
[35m[HTTP][39m [90m[39m
[35m[HTTP][39m [37m-->[39m [37mPOST[39m [37m/wd/hub/session/cad832de-4a3d-4eb4-a77e-1fe4cf82d7d7/elements[39m
[35m[HTTP][39m [90m{"using":"class name","value":"android.widget.ImageButton"}[39m
[debug] [35m[W3C (cad832de)][39m Calling AppiumDriver.findElements() with args: ["class name","android.widget.ImageButton","cad832de-4a3d-4eb4-a77e-1fe4cf82d7d7"]
[debug] [35m[BaseDriver][39m Valid locator strategies for this request: xpath, id, class name, accessibility id, -android uiautomator
[debug] [35m[BaseDriver][39m Waiting up to 0 ms for condition
[debug] [35m[WD Proxy][39m Matched '/elements' to command name 'findElements'
[debug] [35m[WD Proxy][39m Proxying [POST /elements] to [POST http://localhost:8200/wd/hub/session/26ec65d3-333d-408d-af75-73031d7165b1/elements] with body: {"strategy":"class name","selector":"android.widget.ImageButton","context":"","multiple":true}
[debug] [35m[WD Proxy][39m Got response with status 200: {"sessionId":"26ec65d3-333d-408d-af75-73031d7165b1","value":[{"ELEMENT":"3c4b3464-36c3-49b5-9864-a08fdbdfe30a","element-6066-11e4-a52e-4f735466cecf":"3c4b3464-36c3-49b5-9864-a08fdbdfe30a"}]}
[debug] [35m[W3C (cad832de)][39m Responding to client with driver.findElements() result: [{"element-6066-11e4-a52e-4f735466cecf":"3c4b3464-36c3-49b5-9864-a08fdbdfe30a","ELEMENT":"3c4b3464-36c3-49b5-9864-a08fdbdfe30a"}]
[35m[HTTP][39m [37m<-- POST /wd/hub/session/cad832de-4a3d-4eb4-a77e-1fe4cf82d7d7/elements [39m[32m200[39m [90m154 ms - 139[39m
[35m[HTTP][39m [90m[39m
[35m[HTTP][39m [37m-->[39m [37mPOST[39m [37m/wd/hub/session/cad832de-4a3d-4eb4-a77e-1fe4cf82d7d7/element/3c4b3464-36c3-49b5-9864-a08fdbdfe30a/click[39m
[35m[HTTP][39m [90m{"id":"3c4b3464-36c3-49b5-9864-a08fdbdfe30a"}[39m
[debug] [35m[W3C (cad832de)][39m Calling AppiumDriver.click() with args: ["3c4b3464-36c3-49b5-9864-a08fdbdfe30a","cad832de-4a3d-4eb4-a77e-1fe4cf82d7d7"]
[debug] [35m[WD Proxy][39m Matched '/element/3c4b3464-36c3-49b5-9864-a08fdbdfe30a/click' to command name 'click'
[debug] [35m[WD Proxy][39m Proxying [POST /element/3c4b3464-36c3-49b5-9864-a08fdbdfe30a/click] to [POST http://localhost:8200/wd/hub/session/26ec65d3-333d-408d-af75-73031d7165b1/element/3c4b3464-36c3-49b5-9864-a08fdbdfe30a/click] with body: {"element":"3c4b3464-36c3-49b5-9864-a08fdbdfe30a"}
[debug] [35m[WD Proxy][39m Got response with status 200: {"sessionId":"26ec65d3-333d-408d-af75-73031d7165b1","value":null}
[debug] [35m[W3C (cad832de)][39m Responding to client with driver.click() result: null
[35m[HTTP][39m [37m<-- POST /wd/hub/session/cad832de-4a3d-4eb4-a77e-1fe4cf82d7d7/element/3c4b3464-36c3-49b5-9864-a08fdbdfe30a/click [39m[32m200[39m [90m60 ms - 14[39m
[35m[HTTP][39m [90m[39m
[35m[HTTP][39m [37m-->[39m [37mPOST[39m [37m/wd/hub/session/cad832de-4a3d-4eb4-a77e-1fe4cf82d7d7/element[39m
[35m[HTTP][39m [90m{"using":"xpath","value":"//android.widget.TextView[contains(@text,'å­¦æ ¡')]"}[39m
[debug] [35m[W3C (cad832de)][39m Calling AppiumDriver.findElement() with args: ["xpath","//android.widget.TextView[contains(@text,'å­¦æ ¡')]","cad832de-4a3d-4eb4-a77e-1fe4cf82d7d7"]
[debug] [35m[BaseDriver][39m Valid locator strategies for this request: xpath, id, class name, accessibility id, -android uiautomator
[debug] [35m[BaseDriver][39m Waiting up to 0 ms for condition
[debug] [35m[WD Proxy][39m Matched '/element' to command name 'findElement'
[debug] [35m[WD Proxy][39m Proxying [POST /element] to [POST http://localhost:8200/wd/hub/session/26ec65d3-333d-408d-af75-73031d7165b1/element] with body: {"strategy":"xpath","selector":"//android.widget.TextView[contains(@text,'å­¦æ ¡')]","context":"","multiple":false}
[35m[WD Proxy][39m Got an unexpected response with status 404: {"sessionId":"26ec65d3-333d-408d-af75-73031d7165b1","value":{"error":"no such element","message":"An element could not be located on the page using the given search parameters","stacktrace":"io.appium.uiautomator2.common.exceptions.ElementNotFoundException: An element could not be located on the page using the given search parameters\n\tat io.appium.uiautomator2.handler.FindElement.findElement(FindElement.java:102)\n\tat io.appium.uiautomator2.handler.FindElement.safeHandle(FindElement.java:72)\n\tat io.appium.uiautomator2.handler.request.SafeRequestHandler.handle(SafeRequestHandler.java:38)\n\tat io.appium.uiautomator2.server.AppiumServlet.handleRequest(AppiumServlet.java:252)\n\tat io.appium.uiautomator2.server.AppiumServlet.handleHttpRequest(AppiumServlet.java:242)\n\tat io.appium.uiautomator2.http.ServerHandler.channelRead(ServerHandler.java:44)\n\tat io.netty.channel.AbstractChannelHandlerContext.invokeChannelRead(AbstractChannelHandlerContext.java:366)\n\tat io.netty.channel.AbstractChannelHandlerCon...
[debug] [35m[W3C][39m Matched W3C error code 'no such element' to NoSuchElementError
[debug] [35m[W3C (cad832de)][39m Encountered internal error running command: NoSuchElementError: An element could not be located on the page using the given search parameters.
[debug] [35m[W3C (cad832de)][39m     at AndroidUiautomator2Driver.findElOrEls (/Users/vanthink_test_ios/.nvm/v8.14.1/lib/node_modules/appium/node_modules/appium-android-driver/lib/commands/find.js:75:11)
[debug] [35m[W3C (cad832de)][39m     at <anonymous>
[35m[HTTP][39m [37m<-- POST /wd/hub/session/cad832de-4a3d-4eb4-a77e-1fe4cf82d7d7/element [39m[33m404[39m [90m333 ms - 434[39m
[35m[HTTP][39m [90m[39m
