<?xml version="1.0" encoding="UTF-8"?>
<!DOCTYPE html PUBLIC "-//W3C//DTD XHTML 1.0 Strict//EN" "http://www.w3.org/TR/xhtml1/DTD/xhtml1-strict.dtd">
<html xmlns="http://www.w3.org/1999/xhtml">
<head>
    <title>vivo_X20:  æµ‹è¯•ç”¨ä¾‹æ‰§è¡ŒæŠ¥å‘Š</title>
    <meta name="generator" content="HTMLTestRunner 0.9.1"/>
    <meta http-equiv="Content-Type" content="text/html; charset=UTF-8"/>
    
<style type="text/css" media="screen">
    body        { font-family: verdana, arial, helvetica, sans-serif; font-size: 80%; }
    table       { font-size: 100%; }
    pre         { white-space: pre-wrap;word-wrap: break-word; }

    /* -- heading ---------------------------------------------------------------------- */
    h1 {
        font-size: 16pt;
        color: gray;
    }
    .heading {
        margin-top: 0ex;
        margin-bottom: 1ex;
    }

    .heading .attribute {
        margin-top: 1ex;
        margin-bottom: 0;
    }

    .heading .description {
        margin-top: 2ex;
        margin-bottom: 3ex;
    }

    /* -- css div popup ------------------------------------------------------------------------ */
    a.popup_link {
    }

    a.popup_link:hover {
        color: red;
    }

    .popup_window {
        display: none;
        position: relative;
        left: 0px;
        top: 0px;
        /*border: solid #627173 1px; */
        padding: 10px;
        /*background-color: #E6E6D6; */
        font-family: "Lucida Console", "Courier New", Courier, monospace;
        text-align: left;
        font-size: 8pt;
        /* width: 500px;*/
    }

    }
    /* -- report ------------------------------------------------------------------------ */
    #show_detail_line {
        margin-top: 3ex;
        margin-bottom: 1ex;
    }
    #result_table {
        width: 99%;
    }
    #header_row {
        font-weight: bold;
        color: #303641;
        background-color: #ebebeb;
    }
    #total_row  { font-weight: bold; }
    .passClass  { background-color: #bdedbc; }
    .failClass  { background-color: #ffefa4; }
    .errorClass { background-color: #ffc9c9; }
    .passCase   { color: #6c6; }
    .failCase   { color: #FF6600; font-weight: bold; }
    .errorCase  { color: #c00; font-weight: bold; }
    .hiddenRow  { display: none; }
    .testcase   { margin-left: 2em; }


    /* -- ending ---------------------------------------------------------------------- */
    #ending {
    }

    #div_base {
                position:absolute;
                top:0%;
                left:5%;
                right:5%;
                width: auto;
                height: auto;
                margin: -15px 0 0 0;
    }
</style>

    <link href="http://cdn.bootcss.com/bootstrap/3.3.0/css/bootstrap.min.css" rel="stylesheet">
    <script src="https://cdn.bootcss.com/echarts/3.8.5/echarts.common.min.js"></script>
    <!-- <script type="text/javascript" src="js/echarts.common.min.js"></script> -->
</head>
<body>
    <script language="javascript" type="text/javascript"><!--
    output_list = Array();

    /* level - 0:Summary; 1:Failed; 2:All */
    function showCase(level) {
        trs = document.getElementsByTagName("tr");
        for (var i = 0; i < trs.length; i++) {
            tr = trs[i];
            id = tr.id;
            if (id.substr(0,2) == 'ft') {
                if (level < 1) {
                    tr.className = 'hiddenRow';
                }
                else {
                    tr.className = '';
                }
            }
            if (id.substr(0,2) == 'pt') {
                if (level > 1) {
                    tr.className = '';
                }
                else {
                    tr.className = 'hiddenRow';
                }
            }
        }
    }


    function showClassDetail(cid, count) {
        var id_list = Array(count);
        var toHide = 1;
        for (var i = 0; i < count; i++) {
            tid0 = 't' + cid.substr(1) + '.' + (i+1);
            tid = 'f' + tid0;
            tr = document.getElementById(tid);
            if (!tr) {
                tid = 'p' + tid0;
                tr = document.getElementById(tid);
            }
            id_list[i] = tid;
            if (tr.className) {
                toHide = 0;
            }
        }
        for (var i = 0; i < count; i++) {
            tid = id_list[i];
            if (toHide) {
                document.getElementById('div_'+tid).style.display = 'none'
                document.getElementById(tid).className = 'hiddenRow';
            }
            else {
                document.getElementById(tid).className = '';
            }
        }
    }


    function showTestDetail(div_id){
        var details_div = document.getElementById(div_id)
        var displayState = details_div.style.display
        // alert(displayState)
        if (displayState != 'block' ) {
            displayState = 'block'
            details_div.style.display = 'block'
        }
        else {
            details_div.style.display = 'none'
        }
    }


    function html_escape(s) {
        s = s.replace(/&/g,'&amp;');
        s = s.replace(/</g,'&lt;');
        s = s.replace(/>/g,'&gt;');
        return s;
    }

    /* obsoleted by detail in <div>
    function showOutput(id, name) {
        var w = window.open("", //url
                        name,
                        "resizable,scrollbars,status,width=800,height=450");
        d = w.document;
        d.write("<pre>");
        d.write(html_escape(output_list[id]));
        d.write("\n");
        d.write("<a href='javascript:window.close()'>close</a>\n");
        d.write("</pre>\n");
        d.close();
    }
    */
    --></script>

    <div id="div_base">
        
    <div class='page-header'>
        <h1>vivo_X20:  æµ‹è¯•ç”¨ä¾‹æ‰§è¡ŒæŠ¥å‘Š</h1>
    <p class='attribute'><strong>å¼€å§‹æ—¶é—´:</strong> 2019-08-02 15:10:30</p>
<p class='attribute'><strong>è¿è¡Œæ—¶é•¿:</strong> 0:04:20.196169</p>
<p class='attribute'><strong>çŠ¶æ€:</strong> é”™è¯¯ 2</p>

    </div>
    <div style="float: left;width:50%;"><p class='description'>ç”¨ä¾‹æ‰§è¡Œæƒ…å†µç»Ÿè®¡ï¼š</p></div>
    <div id="chart" style="width:50%;height:400px;float:left;"></div>

        
    <div class="btn-group btn-group-sm">
        <button class="btn btn-default" onclick='javascript:showCase(0)'>æ€»ç»“</button>
        <button class="btn btn-default" onclick='javascript:showCase(1)'>å¤±è´¥</button>
        <button class="btn btn-default" onclick='javascript:showCase(2)'>å…¨éƒ¨</button>
    </div>
    <p></p>
    <table id='result_table' class="table table-bordered">
        <colgroup>
            <col align='left' />
            <col align='right' />
            <col align='right' />
            <col align='right' />
            <col align='right' />
            <col align='right' />
        </colgroup>
        <tr id='header_row'>
            <td>æµ‹è¯•å¥—ä»¶/æµ‹è¯•ç”¨ä¾‹</td>
            <td>æ€»æ•°</td>
            <td>é€šè¿‡</td>
            <td>å¤±è´¥</td>
            <td>é”™è¯¯</td>
            <td>æŸ¥çœ‹</td>
        </tr>
        
    <tr class='errorClass'>
        <td>test_cases.test001_study_word.Word: å•è¯æœ¬</td>
        <td>2</td>
        <td>0</td>
        <td>0</td>
        <td>2</td>
        <td><a href="javascript:showClassDetail('c1',2)">è¯¦æƒ…</a></td>
    </tr>

<tr id='ft1.1' class='none'>
    <td class='errorCase'><div class='testcase'>test_study_word_1_1: æ–°è¯ç»ƒä¹ </div></td>
    <td colspan='5' align='center'>

    <!--css div popup start-->
    <a class="popup_link" onfocus='this.blur();' href="javascript:showTestDetail('div_ft1.1')" >
        é”™è¯¯</a>

    <div id='div_ft1.1' class="popup_window">
        <pre>
        ft1.1: åœ¨ç™»å½•ç•Œé¢ï¼š
/Users/vanthink_test_ios/aa/testone
ç”¨æˆ·ä¿¡æ¯ï¼Œå³å°†ç™»é™†ï¼š {'student': {'student': 18202658335, 'teacher': 18823452345}, 'pwd': '1N14VXUCJTHoA'}
1080 2034 pingmu
(1080, 2034)
/Users/vanthink_test_ios/aa/testone
===== ç¬¬1ç»„ç»ƒä¹  =====
1080 2034 pingmu
1080 2034 pingmu
å­¦ç”Ÿæ˜µç§°ï¼š ç‹åŠªåŠ› 
 å­¦æ ¡åç§°ï¼š ä¸‡æ˜Ÿåœ¨çº¿æ•™è‚² 
 å­¦æ ¡idï¼š 6 
 å­¦ç”Ÿidï¼š 4550 

title: è¯æ±‡è¿ç”¨(å¤ä¹ )
===== ğŸŒŸğŸŒŸ è¯æ±‡è¿ç”¨ --å¥å­é€‰å•è¯æ¨¡å¼(å¤ä¹ ) ğŸŒŸğŸŒŸ =====

é¢˜ç›®ï¼šHe went to the ____ and got a bottle of wine.
&lt;class 'pymysql.err.InternalError'&gt; (1054, "Unknown column 'wsf.translation_id' in 'where clause'")
å¥å­è§£é‡Šï¼š ä»–èµ°åˆ°å†°ç®±å¤„æ‹¿åˆ°ä¸€ç“¶é…’ã€‚
â˜…â˜…â˜… ä¸‹ä¸€æ­¥æŒ‰é’® çŠ¶æ€Error false
------------------------------ 

é¢˜ç›®ï¼šHe went to the ____ and got a bottle of wine.
&lt;class 'pymysql.err.InternalError'&gt; (1054, "Unknown column 'wsf.translation_id' in 'where clause'")
å¥å­è§£é‡Šï¼š ä»–èµ°åˆ°å†°ç®±å¤„æ‹¿åˆ°ä¸€ç“¶é…’ã€‚
â˜…â˜…â˜… ä¸‹ä¸€æ­¥æŒ‰é’® çŠ¶æ€Error false
------------------------------ 

é¢˜ç›®ï¼šHe went to the ____ and got a bottle of wine.
&lt;class 'pymysql.err.InternalError'&gt; (1054, "Unknown column 'wsf.translation_id' in 'where clause'")
å¥å­è§£é‡Šï¼š ä»–èµ°åˆ°å†°ç®±å¤„æ‹¿åˆ°ä¸€ç“¶é…’ã€‚
â˜…â˜…â˜… ä¸‹ä¸€æ­¥æŒ‰é’® çŠ¶æ€Error false
------------------------------ 

é¢˜ç›®ï¼šHe went to the ____ and got a bottle of wine.
&lt;class 'pymysql.err.InternalError'&gt; (1054, "Unknown column 'wsf.translation_id' in 'where clause'")
å¥å­è§£é‡Šï¼š ä»–èµ°åˆ°å†°ç®±å¤„æ‹¿åˆ°ä¸€ç“¶é…’ã€‚
â˜…â˜…â˜… ä¸‹ä¸€æ­¥æŒ‰é’® çŠ¶æ€Error false
------------------------------ 

é¢˜ç›®ï¼šHe went to the ____ and got a bottle of wine.
&lt;class 'pymysql.err.InternalError'&gt; (1054, "Unknown column 'wsf.translation_id' in 'where clause'")
å¥å­è§£é‡Šï¼š ä»–èµ°åˆ°å†°ç®±å¤„æ‹¿åˆ°ä¸€ç“¶é…’ã€‚
â˜…â˜…â˜… ä¸‹ä¸€æ­¥æŒ‰é’® çŠ¶æ€Error false
------------------------------ 

é¢˜ç›®ï¼šHe went to the ____ and got a bottle of wine.
&lt;class 'pymysql.err.InternalError'&gt; (1054, "Unknown column 'wsf.translation_id' in 'where clause'")
å¥å­è§£é‡Šï¼š ä»–èµ°åˆ°å†°ç®±å¤„æ‹¿åˆ°ä¸€ç“¶é…’ã€‚
â˜…â˜…â˜… ä¸‹ä¸€æ­¥æŒ‰é’® çŠ¶æ€Error false
------------------------------ 

é¢˜ç›®ï¼šHe went to the ____ and got a bottle of wine.
&lt;class 'pymysql.err.InternalError'&gt; (1054, "Unknown column 'wsf.translation_id' in 'where clause'")
å¥å­è§£é‡Šï¼š ä»–èµ°åˆ°å†°ç®±å¤„æ‹¿åˆ°ä¸€ç“¶é…’ã€‚
â˜…â˜…â˜… ä¸‹ä¸€æ­¥æŒ‰é’® çŠ¶æ€Error false
------------------------------ 

é¢˜ç›®ï¼šHe went to the ____ and got a bottle of wine.
&lt;class 'pymysql.err.InternalError'&gt; (1054, "Unknown column 'wsf.translation_id' in 'where clause'")
å¥å­è§£é‡Šï¼š ä»–èµ°åˆ°å†°ç®±å¤„æ‹¿åˆ°ä¸€ç“¶é…’ã€‚
â˜…â˜…â˜… ä¸‹ä¸€æ­¥æŒ‰é’® çŠ¶æ€Error false
------------------------------ 

é¢˜ç›®ï¼šHe went to the ____ and got a bottle of wine.
&lt;class 'pymysql.err.InternalError'&gt; (1054, "Unknown column 'wsf.translation_id' in 'where clause'")
å¥å­è§£é‡Šï¼š ä»–èµ°åˆ°å†°ç®±å¤„æ‹¿åˆ°ä¸€ç“¶é…’ã€‚
â˜…â˜…â˜… ä¸‹ä¸€æ­¥æŒ‰é’® çŠ¶æ€Error false
------------------------------ 

é¢˜ç›®ï¼šHe went to the ____ and got a bottle of wine.
&lt;class 'pymysql.err.InternalError'&gt; (1054, "Unknown column 'wsf.translation_id' in 'where clause'")
å¥å­è§£é‡Šï¼š ä»–èµ°åˆ°å†°ç®±å¤„æ‹¿åˆ°ä¸€ç“¶é…’ã€‚
â˜…â˜…â˜… ä¸‹ä¸€æ­¥æŒ‰é’® çŠ¶æ€Error false
------------------------------ 

é¢˜ç›®ï¼šHe went to the ____ and got a bottle of wine.
&lt;class 'pymysql.err.InternalError'&gt; (1054, "Unknown column 'wsf.translation_id' in 'where clause'")
å¥å­è§£é‡Šï¼š ä»–èµ°åˆ°å†°ç®±å¤„æ‹¿åˆ°ä¸€ç“¶é…’ã€‚
â˜…â˜…â˜… ä¸‹ä¸€æ­¥æŒ‰é’® çŠ¶æ€Error false
------------------------------ 

é¢˜ç›®ï¼šHe went to the ____ and got a bottle of wine.
&lt;class 'pymysql.err.InternalError'&gt; (1054, "Unknown column 'wsf.translation_id' in 'where clause'")
å¥å­è§£é‡Šï¼š ä»–èµ°åˆ°å†°ç®±å¤„æ‹¿åˆ°ä¸€ç“¶é…’ã€‚
â˜…â˜…â˜… ä¸‹ä¸€æ­¥æŒ‰é’® çŠ¶æ€Error false
------------------------------ 

é¢˜ç›®ï¼šHe went to the ____ and got a bottle of wine.
&lt;class 'pymysql.err.InternalError'&gt; (1054, "Unknown column 'wsf.translation_id' in 'where clause'")
å¥å­è§£é‡Šï¼š ä»–èµ°åˆ°å†°ç®±å¤„æ‹¿åˆ°ä¸€ç“¶é…’ã€‚
â˜…â˜…â˜… ä¸‹ä¸€æ­¥æŒ‰é’® çŠ¶æ€Error false
------------------------------ 

é¢˜ç›®ï¼šHe went to the ____ and got a bottle of wine.
&lt;class 'pymysql.err.InternalError'&gt; (1054, "Unknown column 'wsf.translation_id' in 'where clause'")
å¥å­è§£é‡Šï¼š ä»–èµ°åˆ°å†°ç®±å¤„æ‹¿åˆ°ä¸€ç“¶é…’ã€‚
â˜…â˜…â˜… ä¸‹ä¸€æ­¥æŒ‰é’® çŠ¶æ€Error false
------------------------------ 

é¢˜ç›®ï¼šHe went to the ____ and got a bottle of wine.
&lt;class 'pymysql.err.InternalError'&gt; (1054, "Unknown column 'wsf.translation_id' in 'where clause'")
å¥å­è§£é‡Šï¼š ä»–èµ°åˆ°å†°ç®±å¤„æ‹¿åˆ°ä¸€ç“¶é…’ã€‚
â˜…â˜…â˜… ä¸‹ä¸€æ­¥æŒ‰é’® çŠ¶æ€Error false
------------------------------ 

é¢˜ç›®ï¼šHe went to the ____ and got a bottle of wine.
&lt;class 'pymysql.err.InternalError'&gt; (1054, "Unknown column 'wsf.translation_id' in 'where clause'")
å¥å­è§£é‡Šï¼š ä»–èµ°åˆ°å†°ç®±å¤„æ‹¿åˆ°ä¸€ç“¶é…’ã€‚
â˜…â˜…â˜… ä¸‹ä¸€æ­¥æŒ‰é’® çŠ¶æ€Error false
------------------------------ 

é¢˜ç›®ï¼šHe went to the ____ and got a bottle of wine.
&lt;class 'pymysql.err.InternalError'&gt; (1054, "Unknown column 'wsf.translation_id' in 'where clause'")
å¥å­è§£é‡Šï¼š ä»–èµ°åˆ°å†°ç®±å¤„æ‹¿åˆ°ä¸€ç“¶é…’ã€‚
â˜…â˜…â˜… ä¸‹ä¸€æ­¥æŒ‰é’® çŠ¶æ€Error false
------------------------------ 

é¢˜ç›®ï¼šHe went to the ____ and got a bottle of wine.
&lt;class 'pymysql.err.InternalError'&gt; (1054, "Unknown column 'wsf.translation_id' in 'where clause'")
å¥å­è§£é‡Šï¼š ä»–èµ°åˆ°å†°ç®±å¤„æ‹¿åˆ°ä¸€ç“¶é…’ã€‚
â˜…â˜…â˜… ä¸‹ä¸€æ­¥æŒ‰é’® çŠ¶æ€Error false
------------------------------ 

é¢˜ç›®ï¼šHe went to the ____ and got a bottle of wine.
&lt;class 'pymysql.err.InternalError'&gt; (1054, "Unknown column 'wsf.translation_id' in 'where clause'")
å¥å­è§£é‡Šï¼š ä»–èµ°åˆ°å†°ç®±å¤„æ‹¿åˆ°ä¸€ç“¶é…’ã€‚
â˜…â˜…â˜… ä¸‹ä¸€æ­¥æŒ‰é’® çŠ¶æ€Error false
------------------------------ 

é¢˜ç›®ï¼šHe went to the ____ and got a bottle of wine.
&lt;class 'pymysql.err.InternalError'&gt; (1054, "Unknown column 'wsf.translation_id' in 'where clause'")
å¥å­è§£é‡Šï¼š ä»–èµ°åˆ°å†°ç®±å¤„æ‹¿åˆ°ä¸€ç“¶é…’ã€‚
â˜…â˜…â˜… ä¸‹ä¸€æ­¥æŒ‰é’® çŠ¶æ€Error false
------------------------------ 

é¢˜ç›®ï¼šHe went to the ____ and got a bottle of wine.
&lt;class 'pymysql.err.InternalError'&gt; (1054, "Unknown column 'wsf.translation_id' in 'where clause'")
å¥å­è§£é‡Šï¼š ä»–èµ°åˆ°å†°ç®±å¤„æ‹¿åˆ°ä¸€ç“¶é…’ã€‚
â˜…â˜…â˜… ä¸‹ä¸€æ­¥æŒ‰é’® çŠ¶æ€Error false
------------------------------ 

é¢˜ç›®ï¼šHe went to the ____ and got a bottle of wine.
&lt;class 'pymysql.err.InternalError'&gt; (1054, "Unknown column 'wsf.translation_id' in 'where clause'")
å¥å­è§£é‡Šï¼š ä»–èµ°åˆ°å†°ç®±å¤„æ‹¿åˆ°ä¸€ç“¶é…’ã€‚
â˜…â˜…â˜… ä¸‹ä¸€æ­¥æŒ‰é’® çŠ¶æ€Error false
------------------------------ 

Traceback (most recent call last):
  File "/Users/vanthink_test_ios/aa/testone/testfarm/test_program/conf/decorator.py", line 29, in wrapper
    ret = func(*args, **kwargs)
  File "/Users/vanthink_test_ios/aa/testone/testfarm/test_program/utils/get_attribute.py", line 40, in enabled
    value = var.get_attribute('enabled')
  File "/Users/vanthink_test_ios/Woker/test_IOS/virtual_env/lib/python3.6/site-packages/appium/webdriver/webelement.py", line 57, in get_attribute
    resp = self._execute(RemoteCommand.GET_ELEMENT_ATTRIBUTE, {'name': name})
  File "/Users/vanthink_test_ios/Woker/test_IOS/virtual_env/lib/python3.6/site-packages/selenium/webdriver/remote/webelement.py", line 672, in _execute
    return self._parent.execute(command, params)
  File "/Users/vanthink_test_ios/Woker/test_IOS/virtual_env/lib/python3.6/site-packages/selenium/webdriver/remote/webdriver.py", line 318, in execute
    self.error_handler.check_response(response)
  File "/Users/vanthink_test_ios/Woker/test_IOS/virtual_env/lib/python3.6/site-packages/appium/webdriver/errorhandler.py", line 29, in check_response
    raise wde
  File "/Users/vanthink_test_ios/Woker/test_IOS/virtual_env/lib/python3.6/site-packages/appium/webdriver/errorhandler.py", line 24, in check_response
    super(MobileErrorHandler, self).check_response(response)
  File "/Users/vanthink_test_ios/Woker/test_IOS/virtual_env/lib/python3.6/site-packages/selenium/webdriver/remote/errorhandler.py", line 242, in check_response
    raise exception_class(message, screen, stacktrace)
selenium.common.exceptions.WebDriverException: Message: An unknown server-side error occurred while processing the command. Original error: Could not proxy command to remote server. Original error: Error: socket hang up


During handling of the above exception, another exception occurred:

Traceback (most recent call last):
  File "/Users/vanthink_test_ios/aa/testone/testfarm/test_program/conf/decorator.py", line 29, in wrapper
    ret = func(*args, **kwargs)
  File "/Users/vanthink_test_ios/aa/testone/testfarm/test_program/app/honor/student/word_book_rebuild/object_page/public_ele.py", line 122, in next_btn_judge
    value = GetAttribute().enabled(fun())
  File "/Users/vanthink_test_ios/aa/testone/testfarm/test_program/conf/decorator.py", line 38, in wrapper
    raise WebDriverException(flag + _screenshot(func.__qualname__))
  File "/Users/vanthink_test_ios/aa/testone/testfarm/test_program/conf/decorator.py", line 19, in _screenshot
    driver.save_screenshot(path)
  File "/Users/vanthink_test_ios/Woker/test_IOS/virtual_env/lib/python3.6/site-packages/selenium/webdriver/remote/webdriver.py", line 1097, in save_screenshot
    return self.get_screenshot_as_file(filename)
  File "/Users/vanthink_test_ios/Woker/test_IOS/virtual_env/lib/python3.6/site-packages/selenium/webdriver/remote/webdriver.py", line 1072, in get_screenshot_as_file
    png = self.get_screenshot_as_png()
  File "/Users/vanthink_test_ios/Woker/test_IOS/virtual_env/lib/python3.6/site-packages/selenium/webdriver/remote/webdriver.py", line 1108, in get_screenshot_as_png
    return base64.b64decode(self.get_screenshot_as_base64().encode('ascii'))
  File "/Users/vanthink_test_ios/Woker/test_IOS/virtual_env/lib/python3.6/site-packages/selenium/webdriver/remote/webdriver.py", line 1120, in get_screenshot_as_base64
    return self.execute(Command.SCREENSHOT)['value']
  File "/Users/vanthink_test_ios/Woker/test_IOS/virtual_env/lib/python3.6/site-packages/selenium/webdriver/remote/webdriver.py", line 318, in execute
    self.error_handler.check_response(response)
  File "/Users/vanthink_test_ios/Woker/test_IOS/virtual_env/lib/python3.6/site-packages/appium/webdriver/errorhandler.py", line 29, in check_response
    raise wde
  File "/Users/vanthink_test_ios/Woker/test_IOS/virtual_env/lib/python3.6/site-packages/appium/webdriver/errorhandler.py", line 24, in check_response
    super(MobileErrorHandler, self).check_response(response)
  File "/Users/vanthink_test_ios/Woker/test_IOS/virtual_env/lib/python3.6/site-packages/selenium/webdriver/remote/errorhandler.py", line 242, in check_response
    raise exception_class(message, screen, stacktrace)
selenium.common.exceptions.WebDriverException: Message: An unknown server-side error occurred while processing the command. Original error: Could not proxy command to remote server. Original error: Error: socket hang up


During handling of the above exception, another exception occurred:

Traceback (most recent call last):
  File "/Users/vanthink_test_ios/aa/testone/testfarm/test_program/conf/decorator.py", line 29, in wrapper
    ret = func(*args, **kwargs)
  File "/Users/vanthink_test_ios/aa/testone/testfarm/test_program/app/honor/student/word_book/object_page/vocab_game.py", line 80, in vocab_apply_game_operate
    self.next_btn_judge('false', self.fab_next_btn)
  File "/Users/vanthink_test_ios/aa/testone/testfarm/test_program/conf/decorator.py", line 38, in wrapper
    raise WebDriverException(flag + _screenshot(func.__qualname__))
  File "/Users/vanthink_test_ios/aa/testone/testfarm/test_program/conf/decorator.py", line 19, in _screenshot
    driver.save_screenshot(path)
  File "/Users/vanthink_test_ios/Woker/test_IOS/virtual_env/lib/python3.6/site-packages/selenium/webdriver/remote/webdriver.py", line 1097, in save_screenshot
    return self.get_screenshot_as_file(filename)
  File "/Users/vanthink_test_ios/Woker/test_IOS/virtual_env/lib/python3.6/site-packages/selenium/webdriver/remote/webdriver.py", line 1072, in get_screenshot_as_file
    png = self.get_screenshot_as_png()
  File "/Users/vanthink_test_ios/Woker/test_IOS/virtual_env/lib/python3.6/site-packages/selenium/webdriver/remote/webdriver.py", line 1108, in get_screenshot_as_png
    return base64.b64decode(self.get_screenshot_as_base64().encode('ascii'))
  File "/Users/vanthink_test_ios/Woker/test_IOS/virtual_env/lib/python3.6/site-packages/selenium/webdriver/remote/webdriver.py", line 1120, in get_screenshot_as_base64
    return self.execute(Command.SCREENSHOT)['value']
  File "/Users/vanthink_test_ios/Woker/test_IOS/virtual_env/lib/python3.6/site-packages/selenium/webdriver/remote/webdriver.py", line 318, in execute
    self.error_handler.check_response(response)
  File "/Users/vanthink_test_ios/Woker/test_IOS/virtual_env/lib/python3.6/site-packages/appium/webdriver/errorhandler.py", line 29, in check_response
    raise wde
  File "/Users/vanthink_test_ios/Woker/test_IOS/virtual_env/lib/python3.6/site-packages/appium/webdriver/errorhandler.py", line 24, in check_response
    super(MobileErrorHandler, self).check_response(response)
  File "/Users/vanthink_test_ios/Woker/test_IOS/virtual_env/lib/python3.6/site-packages/selenium/webdriver/remote/errorhandler.py", line 242, in check_response
    raise exception_class(message, screen, stacktrace)
selenium.common.exceptions.WebDriverException: Message: An unknown server-side error occurred while processing the command. Original error: Could not proxy command to remote server. Original error: Error: socket hang up


During handling of the above exception, another exception occurred:

Traceback (most recent call last):
  File "/Users/vanthink_test_ios/aa/testone/testfarm/test_program/conf/decorator.py", line 29, in wrapper
    ret = func(*args, **kwargs)
  File "/Users/vanthink_test_ios/aa/testone/testfarm/test_program/app/honor/student/word_book/object_page/recite_word_operate.py", line 30, in word_book_recite_operate
    vocab_apply_index = VocabGamePage().vocab_apply_game_operate(stu_id, vocab_apply_index, game_type)  # è¯æ±‡è¿ç”¨æ¸¸æˆè¿‡ç¨‹
  File "/Users/vanthink_test_ios/aa/testone/testfarm/test_program/conf/decorator.py", line 38, in wrapper
    raise WebDriverException(flag + _screenshot(func.__qualname__))
  File "/Users/vanthink_test_ios/aa/testone/testfarm/test_program/conf/decorator.py", line 19, in _screenshot
    driver.save_screenshot(path)
  File "/Users/vanthink_test_ios/Woker/test_IOS/virtual_env/lib/python3.6/site-packages/selenium/webdriver/remote/webdriver.py", line 1097, in save_screenshot
    return self.get_screenshot_as_file(filename)
  File "/Users/vanthink_test_ios/Woker/test_IOS/virtual_env/lib/python3.6/site-packages/selenium/webdriver/remote/webdriver.py", line 1072, in get_screenshot_as_file
    png = self.get_screenshot_as_png()
  File "/Users/vanthink_test_ios/Woker/test_IOS/virtual_env/lib/python3.6/site-packages/selenium/webdriver/remote/webdriver.py", line 1108, in get_screenshot_as_png
    return base64.b64decode(self.get_screenshot_as_base64().encode('ascii'))
  File "/Users/vanthink_test_ios/Woker/test_IOS/virtual_env/lib/python3.6/site-packages/selenium/webdriver/remote/webdriver.py", line 1120, in get_screenshot_as_base64
    return self.execute(Command.SCREENSHOT)['value']
  File "/Users/vanthink_test_ios/Woker/test_IOS/virtual_env/lib/python3.6/site-packages/selenium/webdriver/remote/webdriver.py", line 318, in execute
    self.error_handler.check_response(response)
  File "/Users/vanthink_test_ios/Woker/test_IOS/virtual_env/lib/python3.6/site-packages/appium/webdriver/errorhandler.py", line 29, in check_response
    raise wde
  File "/Users/vanthink_test_ios/Woker/test_IOS/virtual_env/lib/python3.6/site-packages/appium/webdriver/errorhandler.py", line 24, in check_response
    super(MobileErrorHandler, self).check_response(response)
  File "/Users/vanthink_test_ios/Woker/test_IOS/virtual_env/lib/python3.6/site-packages/selenium/webdriver/remote/errorhandler.py", line 242, in check_response
    raise exception_class(message, screen, stacktrace)
selenium.common.exceptions.WebDriverException: Message: An unknown server-side error occurred while processing the command. Original error: Could not proxy command to remote server. Original error: Error: socket hang up


During handling of the above exception, another exception occurred:

Traceback (most recent call last):
  File "/Users/vanthink_test_ios/aa/testone/testfarm/test_program/conf/decorator.py", line 100, in wrapper
    ret = func(*args, **kwargs)
  File "/Users/vanthink_test_ios/aa/testone/testfarm/test_program/app/honor/student/word_book/test_cases/test001_study_word.py", line 74, in test_study_word
    recite_words_count = ReciteWordPage().word_book_recite_operate(self.stu_id, wrong_again_words)
  File "/Users/vanthink_test_ios/aa/testone/testfarm/test_program/conf/decorator.py", line 38, in wrapper
    raise WebDriverException(flag + _screenshot(func.__qualname__))
  File "/Users/vanthink_test_ios/aa/testone/testfarm/test_program/conf/decorator.py", line 19, in _screenshot
    driver.save_screenshot(path)
  File "/Users/vanthink_test_ios/Woker/test_IOS/virtual_env/lib/python3.6/site-packages/selenium/webdriver/remote/webdriver.py", line 1097, in save_screenshot
    return self.get_screenshot_as_file(filename)
  File "/Users/vanthink_test_ios/Woker/test_IOS/virtual_env/lib/python3.6/site-packages/selenium/webdriver/remote/webdriver.py", line 1072, in get_screenshot_as_file
    png = self.get_screenshot_as_png()
  File "/Users/vanthink_test_ios/Woker/test_IOS/virtual_env/lib/python3.6/site-packages/selenium/webdriver/remote/webdriver.py", line 1108, in get_screenshot_as_png
    return base64.b64decode(self.get_screenshot_as_base64().encode('ascii'))
  File "/Users/vanthink_test_ios/Woker/test_IOS/virtual_env/lib/python3.6/site-packages/selenium/webdriver/remote/webdriver.py", line 1120, in get_screenshot_as_base64
    return self.execute(Command.SCREENSHOT)['value']
  File "/Users/vanthink_test_ios/Woker/test_IOS/virtual_env/lib/python3.6/site-packages/selenium/webdriver/remote/webdriver.py", line 318, in execute
    self.error_handler.check_response(response)
  File "/Users/vanthink_test_ios/Woker/test_IOS/virtual_env/lib/python3.6/site-packages/appium/webdriver/errorhandler.py", line 29, in check_response
    raise wde
  File "/Users/vanthink_test_ios/Woker/test_IOS/virtual_env/lib/python3.6/site-packages/appium/webdriver/errorhandler.py", line 24, in check_response
    super(MobileErrorHandler, self).check_response(response)
  File "/Users/vanthink_test_ios/Woker/test_IOS/virtual_env/lib/python3.6/site-packages/selenium/webdriver/remote/errorhandler.py", line 242, in check_response
    raise exception_class(message, screen, stacktrace)
selenium.common.exceptions.WebDriverException: Message: An unknown server-side error occurred while processing the command. Original error: Could not proxy command to remote server. Original error: Error: socket hang up


During handling of the above exception, another exception occurred:

Traceback (most recent call last):
  File "/Users/vanthink_test_ios/Woker/test_IOS/virtual_env/lib/python3.6/site-packages/ddt.py", line 145, in wrapper
    return func(self, *args, **kwargs)
  File "/Users/vanthink_test_ios/aa/testone/testfarm/test_program/conf/decorator.py", line 110, in wrapper
    raise WebDriverException(flag + _screenshot(func.__qualname__))
  File "/Users/vanthink_test_ios/aa/testone/testfarm/test_program/conf/decorator.py", line 19, in _screenshot
    driver.save_screenshot(path)
  File "/Users/vanthink_test_ios/Woker/test_IOS/virtual_env/lib/python3.6/site-packages/selenium/webdriver/remote/webdriver.py", line 1097, in save_screenshot
    return self.get_screenshot_as_file(filename)
  File "/Users/vanthink_test_ios/Woker/test_IOS/virtual_env/lib/python3.6/site-packages/selenium/webdriver/remote/webdriver.py", line 1072, in get_screenshot_as_file
    png = self.get_screenshot_as_png()
  File "/Users/vanthink_test_ios/Woker/test_IOS/virtual_env/lib/python3.6/site-packages/selenium/webdriver/remote/webdriver.py", line 1108, in get_screenshot_as_png
    return base64.b64decode(self.get_screenshot_as_base64().encode('ascii'))
  File "/Users/vanthink_test_ios/Woker/test_IOS/virtual_env/lib/python3.6/site-packages/selenium/webdriver/remote/webdriver.py", line 1120, in get_screenshot_as_base64
    return self.execute(Command.SCREENSHOT)['value']
  File "/Users/vanthink_test_ios/Woker/test_IOS/virtual_env/lib/python3.6/site-packages/selenium/webdriver/remote/webdriver.py", line 318, in execute
    self.error_handler.check_response(response)
  File "/Users/vanthink_test_ios/Woker/test_IOS/virtual_env/lib/python3.6/site-packages/appium/webdriver/errorhandler.py", line 29, in check_response
    raise wde
  File "/Users/vanthink_test_ios/Woker/test_IOS/virtual_env/lib/python3.6/site-packages/appium/webdriver/errorhandler.py", line 24, in check_response
    super(MobileErrorHandler, self).check_response(response)
  File "/Users/vanthink_test_ios/Woker/test_IOS/virtual_env/lib/python3.6/site-packages/selenium/webdriver/remote/errorhandler.py", line 242, in check_response
    raise exception_class(message, screen, stacktrace)
selenium.common.exceptions.WebDriverException: Message: An unknown server-side error occurred while processing the command. Original error: Could not proxy command to remote server. Original error: Error: socket hang up


        </pre>
    </div>
    <!--css div popup end-->
    
    </td>
    
    
</tr>

<tr id='ft1.2' class='none'>
    <td class='errorCase'><div class='testcase'>test_study_word_2_2: æ–°è¯ç»ƒä¹ </div></td>
    <td colspan='5' align='center'>

    <!--css div popup start-->
    <a class="popup_link" onfocus='this.blur();' href="javascript:showTestDetail('div_ft1.2')" >
        é”™è¯¯</a>

    <div id='div_ft1.2' class="popup_window">
        <pre>
        ft1.2: åœ¨å…¶ä»–é¡µé¢
Traceback (most recent call last):
  File "/Users/vanthink_test_ios/aa/testone/testfarm/test_program/conf/decorator.py", line 100, in wrapper
    ret = func(*args, **kwargs)
  File "/Users/vanthink_test_ios/aa/testone/testfarm/test_program/app/honor/student/word_book/test_cases/test001_study_word.py", line 33, in setUp
    res = cls.login.get_window_size()
  File "/Users/vanthink_test_ios/aa/testone/testfarm/test_program/conf/base_page.py", line 47, in get_window_size
    window = self.driver.get_window_size()
  File "/Users/vanthink_test_ios/Woker/test_IOS/virtual_env/lib/python3.6/site-packages/selenium/webdriver/remote/webdriver.py", line 1158, in get_window_size
    size = self.get_window_rect()
  File "/Users/vanthink_test_ios/Woker/test_IOS/virtual_env/lib/python3.6/site-packages/selenium/webdriver/remote/webdriver.py", line 1221, in get_window_rect
    return self.execute(Command.GET_WINDOW_RECT)['value']
  File "/Users/vanthink_test_ios/Woker/test_IOS/virtual_env/lib/python3.6/site-packages/selenium/webdriver/remote/webdriver.py", line 318, in execute
    self.error_handler.check_response(response)
  File "/Users/vanthink_test_ios/Woker/test_IOS/virtual_env/lib/python3.6/site-packages/appium/webdriver/errorhandler.py", line 29, in check_response
    raise wde
  File "/Users/vanthink_test_ios/Woker/test_IOS/virtual_env/lib/python3.6/site-packages/appium/webdriver/errorhandler.py", line 24, in check_response
    super(MobileErrorHandler, self).check_response(response)
  File "/Users/vanthink_test_ios/Woker/test_IOS/virtual_env/lib/python3.6/site-packages/selenium/webdriver/remote/errorhandler.py", line 242, in check_response
    raise exception_class(message, screen, stacktrace)
selenium.common.exceptions.WebDriverException: Message: An unknown server-side error occurred while processing the command. Original error: Could not proxy command to remote server. Original error: Error: socket hang up


During handling of the above exception, another exception occurred:

Traceback (most recent call last):
  File "/Users/vanthink_test_ios/aa/testone/testfarm/test_program/conf/decorator.py", line 110, in wrapper
    raise WebDriverException(flag + _screenshot(func.__qualname__))
  File "/Users/vanthink_test_ios/aa/testone/testfarm/test_program/conf/decorator.py", line 19, in _screenshot
    driver.save_screenshot(path)
  File "/Users/vanthink_test_ios/Woker/test_IOS/virtual_env/lib/python3.6/site-packages/selenium/webdriver/remote/webdriver.py", line 1097, in save_screenshot
    return self.get_screenshot_as_file(filename)
  File "/Users/vanthink_test_ios/Woker/test_IOS/virtual_env/lib/python3.6/site-packages/selenium/webdriver/remote/webdriver.py", line 1072, in get_screenshot_as_file
    png = self.get_screenshot_as_png()
  File "/Users/vanthink_test_ios/Woker/test_IOS/virtual_env/lib/python3.6/site-packages/selenium/webdriver/remote/webdriver.py", line 1108, in get_screenshot_as_png
    return base64.b64decode(self.get_screenshot_as_base64().encode('ascii'))
  File "/Users/vanthink_test_ios/Woker/test_IOS/virtual_env/lib/python3.6/site-packages/selenium/webdriver/remote/webdriver.py", line 1120, in get_screenshot_as_base64
    return self.execute(Command.SCREENSHOT)['value']
  File "/Users/vanthink_test_ios/Woker/test_IOS/virtual_env/lib/python3.6/site-packages/selenium/webdriver/remote/webdriver.py", line 318, in execute
    self.error_handler.check_response(response)
  File "/Users/vanthink_test_ios/Woker/test_IOS/virtual_env/lib/python3.6/site-packages/appium/webdriver/errorhandler.py", line 29, in check_response
    raise wde
  File "/Users/vanthink_test_ios/Woker/test_IOS/virtual_env/lib/python3.6/site-packages/appium/webdriver/errorhandler.py", line 24, in check_response
    super(MobileErrorHandler, self).check_response(response)
  File "/Users/vanthink_test_ios/Woker/test_IOS/virtual_env/lib/python3.6/site-packages/selenium/webdriver/remote/errorhandler.py", line 242, in check_response
    raise exception_class(message, screen, stacktrace)
selenium.common.exceptions.WebDriverException: Message: An unknown server-side error occurred while processing the command. Original error: Could not proxy command to remote server. Original error: Error: socket hang up


        </pre>
    </div>
    <!--css div popup end-->
    
    </td>
    
    
</tr>

        <tr id='total_row'>
            <td>æ€»è®¡</td>
            <td>2</td>
            <td>0</td>
            <td>0</td>
            <td>2</td>
            <td>&nbsp;</td>
        </tr>
    </table>

        <div id='ending'>&nbsp;</div>
        
    <script type="text/javascript">
        // åŸºäºå‡†å¤‡å¥½çš„domï¼Œåˆå§‹åŒ–echartså®ä¾‹
        var myChart = echarts.init(document.getElementById('chart'));

        // æŒ‡å®šå›¾è¡¨çš„é…ç½®é¡¹å’Œæ•°æ®
        var option = {
            title : {
                text: 'æµ‹è¯•æ‰§è¡Œæƒ…å†µ',
                x:'center'
            },
            tooltip : {
                trigger: 'item',
                formatter: "{a} <br/>{b} : {c} ({d}%)"
            },
            color: ['#95b75d', 'grey', '#b64645'],
            legend: {
                orient: 'vertical',
                left: 'left',
                data: ['é€šè¿‡','å¤±è´¥','é”™è¯¯']
            },
            series : [
                {
                    name: 'æµ‹è¯•æ‰§è¡Œæƒ…å†µ',
                    type: 'pie',
                    radius : '60%',
                    center: ['50%', '60%'],
                    data:[
                        {value:0, name:'é€šè¿‡'},
                        {value:0, name:'å¤±è´¥'},
                        {value:2, name:'é”™è¯¯'}
                    ],
                    itemStyle: {
                        emphasis: {
                            shadowBlur: 10,
                            shadowOffsetX: 0,
                            shadowColor: 'rgba(0, 0, 0, 0.5)'
                        }
                    }
                }
            ]
        };

        // ä½¿ç”¨åˆšæŒ‡å®šçš„é…ç½®é¡¹å’Œæ•°æ®æ˜¾ç¤ºå›¾è¡¨ã€‚
        myChart.setOption(option);
    </script>
    
    </div>
</body>
</html>
