[35m[Appium][39m Welcome to Appium v1.13.0
[35m[Appium][39m Non-default server args:
[35m[Appium][39m   bootstrapPort: 5723
[35m[Appium][39m   nodeconfig: ./test_program/nodeconfig/vivo_X20/8.1.0/mobile.json
[35m[Appium][39m   udid: 4561684d
[35m[Appium][39m Deprecated server args:
[35m[Appium][39m   [31m-U,--udid[39m => --default-capabilities '{"udid":"4561684d"}'
[35m[Appium][39m Default capabilities, which will be added to each request unless overridden by desired capabilities:
[35m[Appium][39m   udid: 4561684d
[debug] [35m[Appium][39m Starting auto register thread for grid. Will try to register every 5000 ms.
[35m[Appium][39m Appium REST http interface listener started on 0.0.0.0:4723
[debug] [35m[Appium][39m Appium successfully registered with the grid on http://192.168.8.147:4444
[35m[HTTP][39m [37m-->[39m [37mPOST[39m [37m/wd/hub/session[39m
[35m[HTTP][39m [90m{"desiredCapabilities":{"app":"./test_program/app_folder/student_env_devMasterDebug_1.4.2-1.apk","automationName":"uiautomator2","deviceName":"vivo_X20","noReset":true,"platformName":"android","platformVersion":"8.1.0","resetKeyboard":true,"server:CONFIG_UUID":"53a98d14-0d71-4d39-8856-984e3f247e43","systemPort":8200,"udid":"4561684d"},"capabilities":{"desiredCapabilities":{"app":"./test_program/app_folder/student_env_devMasterDebug_1.4.2-1.apk","automationName":"uiautomator2","deviceName":"vivo_X20","noReset":true,"platformName":"android","platformVersion":"8.1.0","resetKeyboard":true,"server:CONFIG_UUID":"53a98d14-0d71-4d39-8856-984e3f247e43","systemPort":8200,"udid":"4561684d"},"firstMatch":[{"platformName":"android","server:CONFIG_UUID":"53a98d14-0d71-4d39-8856-984e3f247e43"}]}}[39m
[debug] [35m[W3C][39m Calling AppiumDriver.createSession() with args: [{"app":"./test_program/app_folder/student_env_devMasterDebug_1.4.2-1.apk","automationName":"uiautomator2","deviceName":"vivo_X20","noReset":true,"platformName":"android","platformVersion":"8.1.0","resetKeyboard":true,"server:CONFIG_UUID":"53a98d14-0d71-4d39-8856-984e3f247e43","systemPort":8200,"udid":"4561684d"},null,{"desiredCapabilities":{"app":"./test_program/app_folder/student_env_devMasterDebug_1.4.2-1.apk","automationName":"uiautomator2","deviceName":"vivo_X20","noReset":true,"platformName":"android","platformVersion":"8.1.0","resetKeyboard":true,"server:CONFIG_UUID":"53a98d14-0d71-4d39-8856-984e3f247e43","systemPort":8200,"udid":"4561684d"},"firstMatch":[{"platformName":"android","server:CONFIG_UUID":"53a98d14-0d71-4d39-8856-984e3f247e43"}]}]
[debug] [35m[BaseDriver][39m Event 'newSessionRequested' logged at 1568777923032 (11:38:43 GMT+0800 (CST))
[35m[BaseDriver][39m The capabilities ["udid"] are not standard capabilities and should have an extension prefix
[35m[Appium][39m Could not parse W3C capabilities: 'deviceName' can't be blank
[35m[Appium][39m Trying to fix W3C capabilities by merging them with JSONWP caps
[35m[BaseDriver][39m The capabilities ["app","automationName","deviceName","noReset","platformVersion","resetKeyboard","systemPort","udid"] are not standard capabilities and should have an extension prefix
[35m[Appium][39m Appium v1.13.0 creating new AndroidUiautomator2Driver (v1.33.1) session
[35m[Appium][39m Capabilities:
[35m[Appium][39m   app: ./test_program/app_folder/student_env_devMasterDebug_1.4.2-1.apk
[35m[Appium][39m   automationName: uiautomator2
[35m[Appium][39m   deviceName: vivo_X20
[35m[Appium][39m   noReset: true
[35m[Appium][39m   platformVersion: 8.1.0
[35m[Appium][39m   resetKeyboard: true
[35m[Appium][39m   systemPort: 8200
[35m[Appium][39m   platformName: android
[35m[Appium][39m   server:CONFIG_UUID: 53a98d14-0d71-4d39-8856-984e3f247e43
[35m[Appium][39m   udid: 4561684d
[debug] [35m[BaseDriver][39m W3C capabilities {"alwaysMatch":{"appium:app... and MJSONWP desired capabilities {"udid":"4561684d","app":".... were provided
[debug] [35m[BaseDriver][39m Creating session with W3C capabilities: {"alwaysMatch":{"appium:app...
[35m[BaseDriver][39m The following capabilities were provided, but are not recognized by appium: server:CONFIG_UUID.
[35m[BaseDriver][39m Session created with session id: 0213ee90-4681-4fdd-9b77-4750769a5c0a
[35m[BaseDriver][39m Using local app './test_program/app_folder/student_env_devMasterDebug_1.4.2-1.apk'
[35m[BaseDriver][39m The current application path './test_program/app_folder/student_env_devMasterDebug_1.4.2-1.apk' is not absolute and has been rewritten to '/Users/vanthink_test_ios/aa/testone/test_program/app_folder/student_env_devMasterDebug_1.4.2-1.apk'. Consider using absolute paths rather than relative
[debug] [35m[UiAutomator2][39m Checking whether app is actually present
[35m[ADB][39m Found 4 'build-tools' folders under '/Users/vanthink_test_ios/Desktop/intsall/adt-bundle-mac-x86_64-20140624/sdk' (newest first):
[35m[ADB][39m     /Users/vanthink_test_ios/Desktop/intsall/adt-bundle-mac-x86_64-20140624/sdk/build-tools/28.0.3
[35m[ADB][39m     /Users/vanthink_test_ios/Desktop/intsall/adt-bundle-mac-x86_64-20140624/sdk/build-tools/28.0.0
[35m[ADB][39m     /Users/vanthink_test_ios/Desktop/intsall/adt-bundle-mac-x86_64-20140624/sdk/build-tools/27.0.1
[35m[ADB][39m     /Users/vanthink_test_ios/Desktop/intsall/adt-bundle-mac-x86_64-20140624/sdk/build-tools/23.0.1
[35m[ADB][39m Using 'adb' from '/Users/vanthink_test_ios/Desktop/intsall/adt-bundle-mac-x86_64-20140624/sdk/platform-tools/adb'
[35m[AndroidDriver][39m Retrieving device list
[debug] [35m[ADB][39m Trying to find a connected android device
[debug] [35m[ADB][39m Getting connected devices...
[debug] [35m[ADB][39m 2 device(s) connected
[35m[AndroidDriver][39m Using device: 4561684d
[35m[ADB][39m Using 'adb' from '/Users/vanthink_test_ios/Desktop/intsall/adt-bundle-mac-x86_64-20140624/sdk/platform-tools/adb'
[debug] [35m[ADB][39m Setting device id to 4561684d
[debug] [35m[ADB][39m Running '/Users/vanthink_test_ios/Desktop/intsall/adt-bundle-mac-x86_64-20140624/sdk/platform-tools/adb -P 5037 -s 4561684d shell getprop ro.build.version.sdk'
[debug] [35m[ADB][39m Current device property 'ro.build.version.sdk': 27
[debug] [35m[ADB][39m Device API level: 27
[debug] [35m[AndroidDriver][39m Parsing package and activity from app manifest
[35m[ADB][39m Using the alternative activity name detection method because of: Could not find 'apkanalyzer' in ["/Users/vanthink_test_ios/Desktop/intsall/adt-bundle-mac-x86_64-20140624/sdk/platform-tools/apkanalyzer","/Users/vanthink_test_ios/Desktop/intsall/adt-bundle-mac-x86_64-20140624/sdk/emulator/apkanalyzer","/Users/vanthink_test_ios/Desktop/intsall/adt-bundle-mac-x86_64-20140624/sdk/tools/apkanalyzer","/Users/vanthink_test_ios/Desktop/intsall/adt-bundle-mac-x86_64-20140624/sdk/tools/bin/apkanalyzer","/Users/vanthink_test_ios/Desktop/intsall/adt-bundle-mac-x86_64-20140624/sdk/build-tools/28.0.3/apkanalyzer","/Users/vanthink_test_ios/Desktop/intsall/adt-bundle-mac-x86_64-20140624/sdk/build-tools/28.0.0/apkanalyzer","/Users/vanthink_test_ios/Desktop/intsall/adt-bundle-mac-x86_64-20140624/sdk/build-tools/27.0.1/apkanalyzer","/Users/vanthink_test_ios/Desktop/intsall/adt-bundle-mac-x86_64-20140624/sdk/build-tools/23.0.1/apkanalyzer"]. Do you have Android Build Tools installed at '/Users/vanthink_test_ios/Desktop/intsall/adt-bundle-mac-x86_64-20140624/sdk'?
[35m[ADB][39m Using 'aapt' from '/Users/vanthink_test_ios/Desktop/intsall/adt-bundle-mac-x86_64-20140624/sdk/build-tools/28.0.3/aapt'
[35m[ADB][39m Extracting package and launch activity from manifest
[35m[ADB][39m Package name: 'com.vanthink.student.debug'
[35m[ADB][39m Main activity name: 'com.vanthink.vanthinkstudent.ui.splash.SplashActivity'
[debug] [35m[AndroidDriver][39m Parsed package and activity are: com.vanthink.student.debug/com.vanthink.vanthinkstudent.ui.splash.SplashActivity
[debug] [35m[ADB][39m Running '/Users/vanthink_test_ios/Desktop/intsall/adt-bundle-mac-x86_64-20140624/sdk/platform-tools/adb -P 5037 -s 4561684d wait-for-device'
[debug] [35m[ADB][39m Running '/Users/vanthink_test_ios/Desktop/intsall/adt-bundle-mac-x86_64-20140624/sdk/platform-tools/adb -P 5037 -s 4561684d shell echo ping'
[debug] [35m[AndroidDriver][39m Pushing settings apk to device...
[debug] [35m[ADB][39m Getting install status for io.appium.settings
[debug] [35m[ADB][39m Running '/Users/vanthink_test_ios/Desktop/intsall/adt-bundle-mac-x86_64-20140624/sdk/platform-tools/adb -P 5037 -s 4561684d shell dumpsys package io.appium.settings'
[debug] [35m[ADB][39m 'io.appium.settings' is installed
[debug] [35m[ADB][39m Getting package info for 'io.appium.settings'
[debug] [35m[ADB][39m Running '/Users/vanthink_test_ios/Desktop/intsall/adt-bundle-mac-x86_64-20140624/sdk/platform-tools/adb -P 5037 -s 4561684d shell dumpsys package io.appium.settings'
[debug] [35m[ADB][39m The version name of the installed 'io.appium.settings' is greater or equal to the application version name ('2.14.0' >= '2.14.0')
[debug] [35m[ADB][39m There is no need to install/upgrade '/Users/vanthink_test_ios/.nvm/v8.14.1/lib/node_modules/appium/node_modules/io.appium.settings/apks/settings_apk-debug.apk'
[debug] [35m[ADB][39m Getting IDs of all 'io.appium.settings' processes
[debug] [35m[ADB][39m Running '/Users/vanthink_test_ios/Desktop/intsall/adt-bundle-mac-x86_64-20140624/sdk/platform-tools/adb -P 5037 -s 4561684d shell 'pgrep --help; echo $?''
[debug] [35m[ADB][39m Running '/Users/vanthink_test_ios/Desktop/intsall/adt-bundle-mac-x86_64-20140624/sdk/platform-tools/adb -P 5037 -s 4561684d shell pgrep -f io\\.appium\\.settings'
[debug] [35m[ADB][39m Running '/Users/vanthink_test_ios/Desktop/intsall/adt-bundle-mac-x86_64-20140624/sdk/platform-tools/adb -P 5037 -s 4561684d shell am start -W -n io.appium.settings/.Settings -a android.intent.action.MAIN -c android.intent.category.LAUNCHER -f 0x10200000'
[debug] [35m[ADB][39m Running '/Users/vanthink_test_ios/Desktop/intsall/adt-bundle-mac-x86_64-20140624/sdk/platform-tools/adb -P 5037 -s 4561684d shell appops set io.appium.settings android\:mock_location allow'
[debug] [35m[Logcat][39m Starting logcat capture
[debug] [35m[ADB][39m Getting install status for io.appium.uiautomator2.server
[debug] [35m[ADB][39m Running '/Users/vanthink_test_ios/Desktop/intsall/adt-bundle-mac-x86_64-20140624/sdk/platform-tools/adb -P 5037 -s 4561684d shell dumpsys package io.appium.uiautomator2.server'
[debug] [35m[ADB][39m 'io.appium.uiautomator2.server' is installed
[debug] [35m[ADB][39m Getting package info for 'io.appium.uiautomator2.server'
[debug] [35m[ADB][39m Running '/Users/vanthink_test_ios/Desktop/intsall/adt-bundle-mac-x86_64-20140624/sdk/platform-tools/adb -P 5037 -s 4561684d shell dumpsys package io.appium.uiautomator2.server'
[debug] [35m[ADB][39m The version name of the installed 'io.appium.uiautomator2.server' is greater or equal to the application version name ('3.5.1' >= '3.5.1')
[debug] [35m[UiAutomator2][39m io.appium.uiautomator2.server installation state: sameVersionInstalled
[debug] [35m[ADB][39m Checking app cert for /Users/vanthink_test_ios/.nvm/v8.14.1/lib/node_modules/appium/node_modules/appium-uiautomator2-server/apks/appium-uiautomator2-server-v3.5.1.apk
[35m[ADB][39m Using 'apksigner' from '/Users/vanthink_test_ios/Desktop/intsall/adt-bundle-mac-x86_64-20140624/sdk/build-tools/28.0.3/apksigner'
[debug] [35m[ADB][39m Starting '/Users/vanthink_test_ios/Desktop/intsall/adt-bundle-mac-x86_64-20140624/sdk/build-tools/28.0.3/apksigner' with args '["verify","--print-certs","/Users/vanthink_test_ios/.nvm/v8.14.1/lib/node_modules/appium/node_modules/appium-uiautomator2-server/apks/appium-uiautomator2-server-v3.5.1.apk"]'
[debug] [35m[ADB][39m apksigner stdout: Signer #1 certificate DN: EMAILADDRESS=android@android.com, CN=Android, OU=Android, O=Android, L=Mountain View, ST=California, C=US
[debug] [35m[ADB][39m Signer #1 certificate SHA-256 digest: a40da80a59d170caa950cf15c18c454d47a39b26989d8b640ecd745ba71bf5dc
[debug] [35m[ADB][39m Signer #1 certificate SHA-1 digest: 61ed377e85d386a8dfee6b864bd85b0bfaa5af81
[debug] [35m[ADB][39m Signer #1 certificate MD5 digest: e89b158e4bcf988ebd09eb83f5378e87
[debug] [35m[ADB][39m 
[debug] [35m[ADB][39m '/Users/vanthink_test_ios/.nvm/v8.14.1/lib/node_modules/appium/node_modules/appium-uiautomator2-server/apks/appium-uiautomator2-server-v3.5.1.apk' is already signed.
[debug] [35m[ADB][39m Getting install status for io.appium.uiautomator2.server.test
[debug] [35m[ADB][39m Running '/Users/vanthink_test_ios/Desktop/intsall/adt-bundle-mac-x86_64-20140624/sdk/platform-tools/adb -P 5037 -s 4561684d shell dumpsys package io.appium.uiautomator2.server.test'
[debug] [35m[ADB][39m 'io.appium.uiautomator2.server.test' is installed
[debug] [35m[ADB][39m Checking app cert for /Users/vanthink_test_ios/.nvm/v8.14.1/lib/node_modules/appium/node_modules/appium-uiautomator2-server/apks/appium-uiautomator2-server-debug-androidTest.apk
[debug] [35m[ADB][39m Starting '/Users/vanthink_test_ios/Desktop/intsall/adt-bundle-mac-x86_64-20140624/sdk/build-tools/28.0.3/apksigner' with args '["verify","--print-certs","/Users/vanthink_test_ios/.nvm/v8.14.1/lib/node_modules/appium/node_modules/appium-uiautomator2-server/apks/appium-uiautomator2-server-debug-androidTest.apk"]'
[debug] [35m[ADB][39m apksigner stdout: Signer #1 certificate DN: EMAILADDRESS=android@android.com, CN=Android, OU=Android, O=Android, L=Mountain View, ST=California, C=US
[debug] [35m[ADB][39m Signer #1 certificate SHA-256 digest: a40da80a59d170caa950cf15c18c454d47a39b26989d8b640ecd745ba71bf5dc
[debug] [35m[ADB][39m Signer #1 certificate SHA-1 digest: 61ed377e85d386a8dfee6b864bd85b0bfaa5af81
[debug] [35m[ADB][39m Signer #1 certificate MD5 digest: e89b158e4bcf988ebd09eb83f5378e87
[debug] [35m[ADB][39m 
[debug] [35m[ADB][39m '/Users/vanthink_test_ios/.nvm/v8.14.1/lib/node_modules/appium/node_modules/appium-uiautomator2-server/apks/appium-uiautomator2-server-debug-androidTest.apk' is already signed.
[35m[UiAutomator2][39m Server packages are not going to be (re)installed
[debug] [35m[UiAutomator2][39m Waiting up to 30000ms for services to be available
[debug] [35m[ADB][39m Running '/Users/vanthink_test_ios/Desktop/intsall/adt-bundle-mac-x86_64-20140624/sdk/platform-tools/adb -P 5037 -s 4561684d shell pm list instrumentation'
[debug] [35m[UiAutomator2][39m Instrumentation target 'io.appium.uiautomator2.server.test/androidx.test.runner.AndroidJUnitRunner' is available
[debug] [35m[UiAutomator2][39m Forwarding UiAutomator2 Server port 6790 to 8200
[debug] [35m[ADB][39m Forwarding system: 8200 to device: 6790
[debug] [35m[ADB][39m Running '/Users/vanthink_test_ios/Desktop/intsall/adt-bundle-mac-x86_64-20140624/sdk/platform-tools/adb -P 5037 -s 4561684d forward tcp\:8200 tcp\:6790'
[debug] [35m[ADB][39m Checking app cert for /Users/vanthink_test_ios/aa/testone/test_program/app_folder/student_env_devMasterDebug_1.4.2-1.apk
[debug] [35m[ADB][39m Starting '/Users/vanthink_test_ios/Desktop/intsall/adt-bundle-mac-x86_64-20140624/sdk/build-tools/28.0.3/apksigner' with args '["verify","--print-certs","/Users/vanthink_test_ios/aa/testone/test_program/app_folder/student_env_devMasterDebug_1.4.2-1.apk"]'
[35m[HTTP][39m [37m-->[39m [37mGET[39m [37m/wd/hub/status[39m
[35m[HTTP][39m [90m{}[39m
[debug] [35m[GENERIC][39m Calling AppiumDriver.getStatus() with args: []
[debug] [35m[GENERIC][39m Responding to client with driver.getStatus() result: {"build":{"version":"1.13.0"}}
[35m[HTTP][39m [37m<-- GET /wd/hub/status [39m[32m200[39m [90m3 ms - 68[39m
[35m[HTTP][39m [90m[39m
[debug] [35m[ADB][39m apksigner stdout: Signer #1 certificate DN: EMAILADDRESS=android@android.com, CN=Android, OU=Android, O=Android, L=Mountain View, ST=California, C=US
[debug] [35m[ADB][39m Signer #1 certificate SHA-256 digest: a40da80a59d170caa950cf15c18c454d47a39b26989d8b640ecd745ba71bf5dc
[debug] [35m[ADB][39m Signer #1 certificate SHA-1 digest: 61ed377e85d386a8dfee6b864bd85b0bfaa5af81
[debug] [35m[ADB][39m Signer #1 certificate MD5 digest: e89b158e4bcf988ebd09eb83f5378e87
[debug] [35m[ADB][39m 
[debug] [35m[ADB][39m '/Users/vanthink_test_ios/aa/testone/test_program/app_folder/student_env_devMasterDebug_1.4.2-1.apk' is already signed.
[debug] [35m[ADB][39m Getting install status for com.vanthink.student.debug
[debug] [35m[ADB][39m Running '/Users/vanthink_test_ios/Desktop/intsall/adt-bundle-mac-x86_64-20140624/sdk/platform-tools/adb -P 5037 -s 4561684d shell dumpsys package com.vanthink.student.debug'
[debug] [35m[ADB][39m 'com.vanthink.student.debug' is installed
[debug] [35m[ADB][39m Getting package info for 'com.vanthink.student.debug'
[debug] [35m[ADB][39m Running '/Users/vanthink_test_ios/Desktop/intsall/adt-bundle-mac-x86_64-20140624/sdk/platform-tools/adb -P 5037 -s 4561684d shell dumpsys package com.vanthink.student.debug'
[debug] [35m[ADB][39m The version name of the installed 'com.vanthink.student.debug' is greater or equal to the application version name ('1.4.2' >= '1.4.2')
[debug] [35m[ADB][39m There is no need to install/upgrade '/Users/vanthink_test_ios/aa/testone/test_program/app_folder/student_env_devMasterDebug_1.4.2-1.apk'
[debug] [35m[UiAutomator2][39m Performing shallow cleanup of automation leftovers
[debug] [35m[UiAutomator2][39m No obsolete sessions have been detected
[debug] [35m[ADB][39m Running '/Users/vanthink_test_ios/Desktop/intsall/adt-bundle-mac-x86_64-20140624/sdk/platform-tools/adb -P 5037 -s 4561684d shell am force-stop io.appium.uiautomator2.server.test'
[35m[UiAutomator2][39m Starting UIAutomator2 server 3.5.1
[35m[UiAutomator2][39m Using UIAutomator2 server from '/Users/vanthink_test_ios/.nvm/v8.14.1/lib/node_modules/appium/node_modules/appium-uiautomator2-server/apks/appium-uiautomator2-server-v3.5.1.apk' and test from '/Users/vanthink_test_ios/.nvm/v8.14.1/lib/node_modules/appium/node_modules/appium-uiautomator2-server/apks/appium-uiautomator2-server-debug-androidTest.apk'
[35m[UiAutomator2][39m Waiting up to 30000ms for UiAutomator2 to be online...
[debug] [35m[ADB][39m Creating ADB subprocess with args: ["-P",5037,"-s","4561684d","shell","am","instrument","-w","io.appium.uiautomator2.server.test/androidx.test.runner.AndroidJUnitRunner"]
[debug] [35m[WD Proxy][39m Matched '/status' to command name 'getStatus'
[debug] [35m[WD Proxy][39m Proxying [GET /status] to [GET http://localhost:8200/wd/hub/status] with no body
[35m[WD Proxy][39m Got an unexpected response: {"code":"ECONNRESET"}
[debug] [35m[Instrumentation][39m io.appium.uiautomator2.server.test.AppiumUiAutomator2Server:
[debug] [35m[WD Proxy][39m Matched '/status' to command name 'getStatus'
[debug] [35m[WD Proxy][39m Proxying [GET /status] to [GET http://localhost:8200/wd/hub/status] with no body
[35m[WD Proxy][39m Got an unexpected response: {"code":"ECONNRESET"}
[debug] [35m[WD Proxy][39m Matched '/status' to command name 'getStatus'
[debug] [35m[WD Proxy][39m Proxying [GET /status] to [GET http://localhost:8200/wd/hub/status] with no body
[35m[WD Proxy][39m Got an unexpected response: {"code":"ECONNRESET"}
[debug] [35m[WD Proxy][39m Matched '/status' to command name 'getStatus'
[debug] [35m[WD Proxy][39m Proxying [GET /status] to [GET http://localhost:8200/wd/hub/status] with no body
[35m[WD Proxy][39m Got an unexpected response: {"code":"ECONNRESET"}
[35m[HTTP][39m [37m-->[39m [37mGET[39m [37m/wd/hub/status[39m
[35m[HTTP][39m [90m{}[39m
[debug] [35m[GENERIC][39m Calling AppiumDriver.getStatus() with args: []
[debug] [35m[GENERIC][39m Responding to client with driver.getStatus() result: {"build":{"version":"1.13.0"}}
[35m[HTTP][39m [37m<-- GET /wd/hub/status [39m[32m200[39m [90m1 ms - 68[39m
[35m[HTTP][39m [90m[39m
[debug] [35m[WD Proxy][39m Matched '/status' to command name 'getStatus'
[debug] [35m[WD Proxy][39m Proxying [GET /status] to [GET http://localhost:8200/wd/hub/status] with no body
[35m[WD Proxy][39m Got an unexpected response: {"code":"ECONNRESET"}
[debug] [35m[WD Proxy][39m Matched '/status' to command name 'getStatus'
[debug] [35m[WD Proxy][39m Proxying [GET /status] to [GET http://localhost:8200/wd/hub/status] with no body
[35m[WD Proxy][39m Got an unexpected response: {"code":"ECONNRESET"}
[debug] [35m[WD Proxy][39m Matched '/status' to command name 'getStatus'
[debug] [35m[WD Proxy][39m Proxying [GET /status] to [GET http://localhost:8200/wd/hub/status] with no body
[35m[WD Proxy][39m Got an unexpected response: {"code":"ECONNRESET"}
[debug] [35m[WD Proxy][39m Matched '/status' to command name 'getStatus'
[debug] [35m[WD Proxy][39m Proxying [GET /status] to [GET http://localhost:8200/wd/hub/status] with no body
[debug] [35m[WD Proxy][39m Got response with status 200: "{\"sessionId\":\"None\",\"status\":0,\"value\":\"Status Invoked\"}"
[debug] [35m[WD Proxy][39m Determined that the downstream protocol for proxy is MJSONWP
[debug] [35m[UiAutomator2][39m The initialization of the instrumentation process took 8214ms
[debug] [35m[WD Proxy][39m Matched '/session' to command name 'createSession'
[debug] [35m[WD Proxy][39m Proxying [POST /session] to [POST http://localhost:8200/wd/hub/session] with body: {"desiredCapabilities":{"platform":"LINUX","webStorageEnabled":false,"takesScreenshot":true,"javascriptEnabled":true,"databaseEnabled":false,"networkConnectionEnabled":true,"locationContextEnabled":false,"warnings":{},"desired":{"platformName":"android","server:CONFIG_UUID":"53a98d14-0d71-4d39-8856-984e3f247e43","app":"./test_program/app_folder/student_env_devMasterDebug_1.4.2-1.apk","automationName":"uiautomator2","deviceName":"vivo_X20","noReset":true,"platformVersion":"8.1.0","resetKeyboard":true,"systemPort":8200,"udid":"4561684d"},"platformName":"android","server:CONFIG_UUID":"53a98d14-0d71-4d39-8856-984e3f247e43","app":"./test_program/app_folder/student_env_devMasterDebug_1.4.2-1.apk","automationName":"uiautomator2","deviceName":"4561684d","noReset":true,"platformVersion":"8.1.0","resetKeyboard":true,"systemPort":8200,"udid":"4561684d","deviceUDID":"4561684d","appPackage":"com.vanthink.student.debug"}}
[debug] [35m[WD Proxy][39m Got response with status 200: {"sessionId":"714ccc48-f755-4f02-b633-7358210766e4","status":0,"value":"Created Session"}
[debug] [35m[WD Proxy][39m Proxying [GET /appium/device/info] to [GET http://localhost:8200/wd/hub/session/714ccc48-f755-4f02-b633-7358210766e4/appium/device/info] with no body
[debug] [35m[WD Proxy][39m Got response with status 200: "{\"sessionId\":\"714ccc48-f755-4f02-b633-7358210766e4\",\"status\":0,\"value\":{\"androidId\":\"8590ad42452d5c03\",\"manufacturer\":\"HUAWEI\",\"model\":\"LLD-AL00\",\"brand\":\"HONOR\",\"apiVersion\":\"26\",\"platformVersion\":\"8.0.0\",\"carrierName\":\"ä¸­å›½ç”µä¿¡\",\"realDisplaySize\":\"1080x2160\",\"displayDensity\":480,\"networks\":[{\"type\":1,\"typeName\":\"WIFI\",\"subtype\":0,\"subtypeName\":\"\",\"isConnected\":true,\"detailedState\":\"CONNECTED\",\"state\":\"CONNECTED\",\"extraInfo\":\"\\\"VANTHINK_2.4G\\\"\",\"isAvailable\":true,\"isFailover\":false,\"isRoaming\":false,\"capabilities\":{\"transportTypes\":\"NET_CAPABILITY_SUPL\",\"networkCapabilities\":\"\",\"linkUpstreamBandwidthKbps\":1048576,\"linkDownBandwidthKbps\":1048576,\"signalStrength\":-36,\"networkSpecifier\":null,\"SSID\":null}}]}}"
[debug] [35m[ADB][39m Running '/Users/vanthink_test_ios/Desktop/intsall/adt-bundle-mac-x86_64-20140624/sdk/platform-tools/adb -P 5037 -s 4561684d shell dumpsys window'
[35m[AndroidDriver][39m Screen already unlocked, doing nothing
[35m[UiAutomator2][39m UiAutomator2 did not start the activity we were waiting for, 'com.vanthink.student.debug/com.vanthink.vanthinkstudent.ui.splash.SplashActivity'. Starting it ourselves
[debug] [35m[ADB][39m Running '/Users/vanthink_test_ios/Desktop/intsall/adt-bundle-mac-x86_64-20140624/sdk/platform-tools/adb -P 5037 -s 4561684d shell am start -W -n com.vanthink.student.debug/com.vanthink.vanthinkstudent.ui.splash.SplashActivity -S -a android.intent.action.MAIN -c android.intent.category.LAUNCHER -f 0x10200000'
[35m[HTTP][39m [37m-->[39m [37mGET[39m [37m/wd/hub/status[39m
[35m[HTTP][39m [90m{}[39m
[debug] [35m[GENERIC][39m Calling AppiumDriver.getStatus() with args: []
[debug] [35m[GENERIC][39m Responding to client with driver.getStatus() result: {"build":{"version":"1.13.0"}}
[35m[HTTP][39m [37m<-- GET /wd/hub/status [39m[32m200[39m [90m2 ms - 68[39m
[35m[HTTP][39m [90m[39m
[debug] [35m[ADB][39m Waiting up to 20000ms for activity matching pkg: 'com.vanthink.student.debug' and activity: 'com.vanthink.vanthinkstudent.ui.splash.SplashActivity' to be focused
[debug] [35m[ADB][39m Possible activities, to be checked: 'com.vanthink.vanthinkstudent.ui.splash.SplashActivity', 'com.vanthink.student.debug.com.vanthink.vanthinkstudent.ui.splash.SplashActivity'
[debug] [35m[ADB][39m Getting focused package and activity
[debug] [35m[ADB][39m Running '/Users/vanthink_test_ios/Desktop/intsall/adt-bundle-mac-x86_64-20140624/sdk/platform-tools/adb -P 5037 -s 4561684d shell dumpsys window windows'
[debug] [35m[ADB][39m Found package: 'com.vanthink.student.debug' and fully qualified activity name : 'com.vanthink.vanthinkstudent.ui.splash.SplashActivity'
[debug] [35m[WD Proxy][39m Proxying [GET /appium/device/pixel_ratio] to [GET http://localhost:8200/wd/hub/session/714ccc48-f755-4f02-b633-7358210766e4/appium/device/pixel_ratio] with body: {}
[debug] [35m[WD Proxy][39m Got response with status 200: "{\"sessionId\":\"714ccc48-f755-4f02-b633-7358210766e4\",\"status\":0,\"value\":3}"
[debug] [35m[WD Proxy][39m Matched '/appium/device/system_bars' to command name 'getSystemBars'
[debug] [35m[WD Proxy][39m Proxying [GET /appium/device/system_bars] to [GET http://localhost:8200/wd/hub/session/714ccc48-f755-4f02-b633-7358210766e4/appium/device/system_bars] with body: {}
[debug] [35m[WD Proxy][39m Got response with status 200: "{\"sessionId\":\"714ccc48-f755-4f02-b633-7358210766e4\",\"status\":0,\"value\":{\"statusBar\":72}}"
[debug] [35m[WD Proxy][39m Matched '/window/current/size' to command name 'getWindowSize'
[debug] [35m[WD Proxy][39m Proxying [GET /window/current/size] to [GET http://localhost:8200/wd/hub/session/714ccc48-f755-4f02-b633-7358210766e4/window/current/size] with body: {}
[debug] [35m[WD Proxy][39m Got response with status 200: "{\"sessionId\":\"714ccc48-f755-4f02-b633-7358210766e4\",\"status\":0,\"value\":{\"height\":2032,\"width\":1080}}"
[35m[Appium][39m New AndroidUiautomator2Driver session created successfully, session 0213ee90-4681-4fdd-9b77-4750769a5c0a added to master session list
[debug] [35m[BaseDriver][39m Event 'newSessionStarted' logged at 1568777937917 (11:38:57 GMT+0800 (CST))
[debug] [35m[W3C (0213ee90)][39m Cached the protocol value 'W3C' for the new session 0213ee90-4681-4fdd-9b77-4750769a5c0a
[debug] [35m[W3C (0213ee90)][39m Responding to client with driver.createSession() result: {"capabilities":{"platform":"LINUX","webStorageEnabled":false,"takesScreenshot":true,"javascriptEnabled":true,"databaseEnabled":false,"networkConnectionEnabled":true,"locationContextEnabled":false,"warnings":{},"desired":{"platformName":"android","server:CONFIG_UUID":"53a98d14-0d71-4d39-8856-984e3f247e43","app":"./test_program/app_folder/student_env_devMasterDebug_1.4.2-1.apk","automationName":"uiautomator2","deviceName":"vivo_X20","noReset":true,"platformVersion":"8.1.0","resetKeyboard":true,"systemPort":8200,"udid":"4561684d"},"platformName":"android","server:CONFIG_UUID":"53a98d14-0d71-4d39-8856-984e3f247e43","app":"./test_program/app_folder/student_env_devMasterDebug_1.4.2-1.apk","automationName":"uiautomator2","deviceName":"4561684d","noReset":true,"platformVersion":"8.0.0","resetKeyboard":true,"systemPort":8200,"udid":"4561684d","deviceUDID":"4561684d","appPackage":"com.vanthink.student.debug","deviceApiLevel":26,"deviceScreenSize":"1080x2160","deviceScreenDensity":480,"deviceModel":"LLD-AL00","devic...
[35m[HTTP][39m [37m<-- POST /wd/hub/session [39m[32m200[39m [90m14896 ms - 1203[39m
[35m[HTTP][39m [90m[39m
[35m[HTTP][39m [37m-->[39m [37mGET[39m [37m/wd/hub/session/0213ee90-4681-4fdd-9b77-4750769a5c0a/appium/device/current_activity[39m
[35m[HTTP][39m [90m{}[39m
[debug] [35m[W3C (0213ee90)][39m Calling AppiumDriver.getCurrentActivity() with args: ["0213ee90-4681-4fdd-9b77-4750769a5c0a"]
[debug] [35m[ADB][39m Getting focused package and activity
[debug] [35m[ADB][39m Running '/Users/vanthink_test_ios/Desktop/intsall/adt-bundle-mac-x86_64-20140624/sdk/platform-tools/adb -P 5037 -s 4561684d shell dumpsys window windows'
[debug] [35m[W3C (0213ee90)][39m Responding to client with driver.getCurrentActivity() result: "com.vanthink.vanthinkstudent.ui.splash.SplashActivity"
[35m[HTTP][39m [37m<-- GET /wd/hub/session/0213ee90-4681-4fdd-9b77-4750769a5c0a/appium/device/current_activity [39m[32m200[39m [90m77 ms - 65[39m
[35m[HTTP][39m [90m[39m
[35m[HTTP][39m [37m-->[39m [37mPOST[39m [37m/wd/hub/session/0213ee90-4681-4fdd-9b77-4750769a5c0a/element[39m
[35m[HTTP][39m [90m{"using":"id","value":"com.vanthink.student.debug:id/btn_login"}[39m
[debug] [35m[W3C (0213ee90)][39m Calling AppiumDriver.findElement() with args: ["id","com.vanthink.student.debug:id/btn_login","0213ee90-4681-4fdd-9b77-4750769a5c0a"]
[debug] [35m[BaseDriver][39m Valid locator strategies for this request: xpath, id, class name, accessibility id, -android uiautomator
[debug] [35m[BaseDriver][39m Waiting up to 0 ms for condition
[debug] [35m[WD Proxy][39m Matched '/element' to command name 'findElement'
[debug] [35m[WD Proxy][39m Proxying [POST /element] to [POST http://localhost:8200/wd/hub/session/714ccc48-f755-4f02-b633-7358210766e4/element] with body: {"strategy":"id","selector":"com.vanthink.student.debug:id/btn_login","context":"","multiple":false}
[35m[WD Proxy][39m Got an unexpected response: {"sessionId":"714ccc48-f755-4f02-b633-7358210766e4","status":7,"value":"An element could not be located on the page using the given search parameters."}
[debug] [35m[MJSONWP][39m Matched JSONWP error code 7 to NoSuchElementError
[debug] [35m[W3C (0213ee90)][39m Encountered internal error running command: NoSuchElementError: An element could not be located on the page using the given search parameters.
[debug] [35m[W3C (0213ee90)][39m     at AndroidUiautomator2Driver.findElOrEls (/Users/vanthink_test_ios/.nvm/v8.14.1/lib/node_modules/appium/node_modules/appium-android-driver/lib/commands/find.js:75:11)
[debug] [35m[W3C (0213ee90)][39m     at <anonymous>
[35m[HTTP][39m [37m<-- POST /wd/hub/session/0213ee90-4681-4fdd-9b77-4750769a5c0a/element [39m[33m404[39m [90m80 ms - 434[39m
[35m[HTTP][39m [90m[39m
[35m[HTTP][39m [37m-->[39m [37mPOST[39m [37m/wd/hub/session/0213ee90-4681-4fdd-9b77-4750769a5c0a/element[39m
[35m[HTTP][39m [90m{"using":"id","value":"com.vanthink.student.debug:id/btn_login"}[39m
[debug] [35m[W3C (0213ee90)][39m Calling AppiumDriver.findElement() with args: ["id","com.vanthink.student.debug:id/btn_login","0213ee90-4681-4fdd-9b77-4750769a5c0a"]
[debug] [35m[BaseDriver][39m Valid locator strategies for this request: xpath, id, class name, accessibility id, -android uiautomator
[debug] [35m[BaseDriver][39m Waiting up to 0 ms for condition
[debug] [35m[WD Proxy][39m Matched '/element' to command name 'findElement'
[debug] [35m[WD Proxy][39m Proxying [POST /element] to [POST http://localhost:8200/wd/hub/session/714ccc48-f755-4f02-b633-7358210766e4/element] with body: {"strategy":"id","selector":"com.vanthink.student.debug:id/btn_login","context":"","multiple":false}
[35m[WD Proxy][39m Got an unexpected response: {"sessionId":"714ccc48-f755-4f02-b633-7358210766e4","status":7,"value":"An element could not be located on the page using the given search parameters."}
[debug] [35m[MJSONWP][39m Matched JSONWP error code 7 to NoSuchElementError
[debug] [35m[W3C (0213ee90)][39m Encountered internal error running command: NoSuchElementError: An element could not be located on the page using the given search parameters.
[debug] [35m[W3C (0213ee90)][39m     at AndroidUiautomator2Driver.findElOrEls (/Users/vanthink_test_ios/.nvm/v8.14.1/lib/node_modules/appium/node_modules/appium-android-driver/lib/commands/find.js:75:11)
[debug] [35m[W3C (0213ee90)][39m     at <anonymous>
[35m[HTTP][39m [37m<-- POST /wd/hub/session/0213ee90-4681-4fdd-9b77-4750769a5c0a/element [39m[33m404[39m [90m56 ms - 434[39m
[35m[HTTP][39m [90m[39m
[35m[HTTP][39m [37m-->[39m [37mPOST[39m [37m/wd/hub/session/0213ee90-4681-4fdd-9b77-4750769a5c0a/element[39m
[35m[HTTP][39m [90m{"using":"id","value":"com.vanthink.student.debug:id/btn_login"}[39m
[debug] [35m[W3C (0213ee90)][39m Calling AppiumDriver.findElement() with args: ["id","com.vanthink.student.debug:id/btn_login","0213ee90-4681-4fdd-9b77-4750769a5c0a"]
[debug] [35m[BaseDriver][39m Valid locator strategies for this request: xpath, id, class name, accessibility id, -android uiautomator
[debug] [35m[BaseDriver][39m Waiting up to 0 ms for condition
[debug] [35m[WD Proxy][39m Matched '/element' to command name 'findElement'
[debug] [35m[WD Proxy][39m Proxying [POST /element] to [POST http://localhost:8200/wd/hub/session/714ccc48-f755-4f02-b633-7358210766e4/element] with body: {"strategy":"id","selector":"com.vanthink.student.debug:id/btn_login","context":"","multiple":false}
[debug] [35m[WD Proxy][39m Got response with status 200: {"sessionId":"714ccc48-f755-4f02-b633-7358210766e4","status":0,"value":{"ELEMENT":"6aab61d1-0600-4e08-ae4d-0859cf39eb53"}}
[debug] [35m[W3C (0213ee90)][39m Responding to client with driver.findElement() result: {"element-6066-11e4-a52e-4f735466cecf":"6aab61d1-0600-4e08-ae4d-0859cf39eb53","ELEMENT":"6aab61d1-0600-4e08-ae4d-0859cf39eb53"}
[35m[HTTP][39m [37m<-- POST /wd/hub/session/0213ee90-4681-4fdd-9b77-4750769a5c0a/element [39m[32m200[39m [90m1743 ms - 137[39m
[35m[HTTP][39m [90m[39m
[35m[HTTP][39m [37m-->[39m [37mGET[39m [37m/wd/hub/status[39m
[35m[HTTP][39m [90m{}[39m
[debug] [35m[GENERIC][39m Calling AppiumDriver.getStatus() with args: []
[debug] [35m[GENERIC][39m Responding to client with driver.getStatus() result: {"build":{"version":"1.13.0"}}
[35m[HTTP][39m [37m<-- GET /wd/hub/status [39m[32m200[39m [90m1 ms - 68[39m
[35m[HTTP][39m [90m[39m
[35m[HTTP][39m [37m-->[39m [37mPOST[39m [37m/wd/hub/session/0213ee90-4681-4fdd-9b77-4750769a5c0a/element[39m
[35m[HTTP][39m [90m{"using":"id","value":"com.vanthink.student.debug:id/ed_user_nickname"}[39m
[debug] [35m[W3C (0213ee90)][39m Calling AppiumDriver.findElement() with args: ["id","com.vanthink.student.debug:id/ed_user_nickname","0213ee90-4681-4fdd-9b77-4750769a5c0a"]
[debug] [35m[BaseDriver][39m Valid locator strategies for this request: xpath, id, class name, accessibility id, -android uiautomator
[debug] [35m[BaseDriver][39m Waiting up to 0 ms for condition
[debug] [35m[WD Proxy][39m Matched '/element' to command name 'findElement'
[debug] [35m[WD Proxy][39m Proxying [POST /element] to [POST http://localhost:8200/wd/hub/session/714ccc48-f755-4f02-b633-7358210766e4/element] with body: {"strategy":"id","selector":"com.vanthink.student.debug:id/ed_user_nickname","context":"","multiple":false}
[debug] [35m[WD Proxy][39m Got response with status 200: {"sessionId":"714ccc48-f755-4f02-b633-7358210766e4","status":0,"value":{"ELEMENT":"ea5f4505-c55e-4293-9ff8-6146fdbcb64a"}}
[debug] [35m[W3C (0213ee90)][39m Responding to client with driver.findElement() result: {"element-6066-11e4-a52e-4f735466cecf":"ea5f4505-c55e-4293-9ff8-6146fdbcb64a","ELEMENT":"ea5f4505-c55e-4293-9ff8-6146fdbcb64a"}
[35m[HTTP][39m [37m<-- POST /wd/hub/session/0213ee90-4681-4fdd-9b77-4750769a5c0a/element [39m[32m200[39m [90m87 ms - 137[39m
[35m[HTTP][39m [90m[39m
[35m[HTTP][39m [37m-->[39m [37mPOST[39m [37m/wd/hub/session/0213ee90-4681-4fdd-9b77-4750769a5c0a/element[39m
[35m[HTTP][39m [90m{"using":"id","value":"com.vanthink.student.debug:id/ed_user_pwd"}[39m
[debug] [35m[W3C (0213ee90)][39m Calling AppiumDriver.findElement() with args: ["id","com.vanthink.student.debug:id/ed_user_pwd","0213ee90-4681-4fdd-9b77-4750769a5c0a"]
[debug] [35m[BaseDriver][39m Valid locator strategies for this request: xpath, id, class name, accessibility id, -android uiautomator
[debug] [35m[BaseDriver][39m Waiting up to 0 ms for condition
[debug] [35m[WD Proxy][39m Matched '/element' to command name 'findElement'
[debug] [35m[WD Proxy][39m Proxying [POST /element] to [POST http://localhost:8200/wd/hub/session/714ccc48-f755-4f02-b633-7358210766e4/element] with body: {"strategy":"id","selector":"com.vanthink.student.debug:id/ed_user_pwd","context":"","multiple":false}
[debug] [35m[WD Proxy][39m Got response with status 200: {"sessionId":"714ccc48-f755-4f02-b633-7358210766e4","status":0,"value":{"ELEMENT":"e3a53d30-9e89-4c20-8529-dbe84dead38f"}}
[debug] [35m[W3C (0213ee90)][39m Responding to client with driver.findElement() result: {"element-6066-11e4-a52e-4f735466cecf":"e3a53d30-9e89-4c20-8529-dbe84dead38f","ELEMENT":"e3a53d30-9e89-4c20-8529-dbe84dead38f"}
[35m[HTTP][39m [37m<-- POST /wd/hub/session/0213ee90-4681-4fdd-9b77-4750769a5c0a/element [39m[32m200[39m [90m73 ms - 137[39m
[35m[HTTP][39m [90m[39m
[35m[HTTP][39m [37m-->[39m [37mPOST[39m [37m/wd/hub/session/0213ee90-4681-4fdd-9b77-4750769a5c0a/element/ea5f4505-c55e-4293-9ff8-6146fdbcb64a/value[39m
[35m[HTTP][39m [90m{"text":"18823452347","value":["1","8","8","2","3","4","5","2","3","4","7"],"id":"ea5f4505-c55e-4293-9ff8-6146fdbcb64a"}[39m
[debug] [35m[W3C (0213ee90)][39m Calling AppiumDriver.setValue() with args: [["1","8","8","2","3","4","5","2","3","4","7"],"ea5f4505-c55e-4293-9ff8-6146fdbcb64a","0213ee90-4681-4fdd-9b77-4750769a5c0a"]
[debug] [35m[WD Proxy][39m Matched '/element/ea5f4505-c55e-4293-9ff8-6146fdbcb64a/value' to command name 'setValue'
[debug] [35m[Protocol Converter][39m Added 'value' property ["1","8","8","2","3","4","5","2","3","4","7"] to 'setValue' request body
[debug] [35m[WD Proxy][39m Proxying [POST /element/ea5f4505-c55e-4293-9ff8-6146fdbcb64a/value] to [POST http://localhost:8200/wd/hub/session/714ccc48-f755-4f02-b633-7358210766e4/element/ea5f4505-c55e-4293-9ff8-6146fdbcb64a/value] with body: {"elementId":"ea5f4505-c55e-4293-9ff8-6146fdbcb64a","text":"18823452347","replace":false,"value":["1","8","8","2","3","4","5","2","3","4","7"]}
[debug] [35m[WD Proxy][39m Got response with status 200: {"sessionId":"714ccc48-f755-4f02-b633-7358210766e4","status":0,"value":""}
[debug] [35m[W3C (0213ee90)][39m Responding to client with driver.setValue() result: ""
[35m[HTTP][39m [37m<-- POST /wd/hub/session/0213ee90-4681-4fdd-9b77-4750769a5c0a/element/ea5f4505-c55e-4293-9ff8-6146fdbcb64a/value [39m[32m200[39m [90m1419 ms - 12[39m
[35m[HTTP][39m [90m[39m
[35m[HTTP][39m [37m-->[39m [37mPOST[39m [37m/wd/hub/session/0213ee90-4681-4fdd-9b77-4750769a5c0a/element/e3a53d30-9e89-4c20-8529-dbe84dead38f/value[39m
[35m[HTTP][39m [90m{"text":"1N14VXUCJTHoA","value":["1","N","1","4","V","X","U","C","J","T","H","o","A"],"id":"e3a53d30-9e89-4c20-8529-dbe84dead38f"}[39m
[debug] [35m[W3C (0213ee90)][39m Calling AppiumDriver.setValue() with args: [["1","N","1","4","V","X","U","C","J","T","H","o","A"],"e3a53d30-9e89-4c20-8529-dbe84dead38f","0213ee90-4681-4fdd-9b77-4750769a5c0a"]
[debug] [35m[WD Proxy][39m Matched '/element/e3a53d30-9e89-4c20-8529-dbe84dead38f/value' to command name 'setValue'
[debug] [35m[Protocol Converter][39m Added 'value' property ["1","N","1","4","V","X","U","C","J","T","H","o","A"] to 'setValue' request body
[debug] [35m[WD Proxy][39m Proxying [POST /element/e3a53d30-9e89-4c20-8529-dbe84dead38f/value] to [POST http://localhost:8200/wd/hub/session/714ccc48-f755-4f02-b633-7358210766e4/element/e3a53d30-9e89-4c20-8529-dbe84dead38f/value] with body: {"elementId":"e3a53d30-9e89-4c20-8529-dbe84dead38f","text":"1N14VXUCJTHoA","replace":false,"value":["1","N","1","4","V","X","U","C","J","T","H","o","A"]}
[35m[WD Proxy][39m Got an unexpected response: {"sessionId":"714ccc48-f755-4f02-b633-7358210766e4","status":13,"value":"io.appium.uiautomator2.common.exceptions.UiAutomator2Exception: error while invoking method private android.view.accessibility.AccessibilityNodeInfo androidx.test.uiautomator.UiObject2.getAccessibilityNodeInfo() on object an...
[debug] [35m[MJSONWP][39m Matched JSONWP error code 13 to UnknownError
[debug] [35m[W3C (0213ee90)][39m Encountered internal error running command: UnknownError: An unknown server-side error occurred while processing the command. Original error: io.appium.uiautomator2.common.exceptions.UiAutomator2Exception: error while invoking method private android.view.accessibility.AccessibilityNodeInfo androidx.test.uiautomator.UiObject2.getAccessibilityNodeInfo() on object androidx.test.uiautomator.UiObject2@a428 with parameters []
[debug] [35m[W3C (0213ee90)][39m 	at io.appium.uiautomator2.utils.ReflectionUtils.invoke(ReflectionUtils.java:73)
[debug] [35m[W3C (0213ee90)][39m 	at io.appium.uiautomator2.core.AccessibilityNodeInfoGetter.fromUiObject(AccessibilityNodeInfoGetter.java:47)
[debug] [35m[W3C (0213ee90)][39m 	at io.appium.uiautomator2.core.AccessibilityNodeInfoGetter.fromUiObject(AccessibilityNodeInfoGetter.java:41)
[debug] [35m[W3C (0213ee90)][39m 	at io.appium.uiautomator2.utils.ElementHelpers.getText(ElementHelpers.java:234)
[debug] [35m[W3C (0213ee90)][39m 	at io.appium.uiautomator2.utils.ElementHelpers.getText(ElementHelpers.java:217)
[debug] [35m[W3C (0213ee90)][39m 	at io.appium.uiautomator2.model.UiObject2Element.getText(UiObject2Element.java:73)
[debug] [35m[W3C (0213ee90)][39m 	at io.appium.uiautomator2.handler.SendKeysToElement.isTextFieldNotClear(SendKeysToElement.java:48)
[debug] [35m[W3C (0213ee90)][39m 	at io.appium.uiautomator2.handler.SendKeysToElement.safeHandle(SendKeysToElement.java:87)
[debug] [35m[W3C (0213ee90)][39m 	at io.appium.uiautomator2.handler.request.SafeRequestHandler.handle(SafeRequestHandler.java:37)
[debug] [35m[W3C (0213ee90)][39m 	at io.appium.uiautomator2.server.AppiumServlet.handleRequest(AppiumServlet.java:252)
[debug] [35m[W3C (0213ee90)][39m 	at io.appium.uiautomator2.server.AppiumServlet.handleHttpRequest(AppiumServlet.java:243)
[debug] [35m[W3C (0213ee90)][39m 	at io.appium.uiautomator2.http.ServerHandler.channelRead(ServerHandler.java:44)
[debug] [35m[W3C (0213ee90)][39m 	at io.netty.channel.AbstractChannelHandlerContext.invokeChannelRead(AbstractChannelHandlerContext.java:366)
[debug] [35m[W3C (0213ee90)][39m 	at io.netty.channel.AbstractChannelHandlerContext.invokeChannelRead(AbstractChannelHandlerContext.java:352)
[debug] [35m[W3C (0213ee90)][39m 	at io.netty.channel.AbstractChannelHandlerContext.fireChannelRead(AbstractChannelHandlerContext.java:345)
[debug] [35m[W3C (0213ee90)][39m 	at io.netty.handler.codec.MessageToMessageDecoder.channelRead(MessageToMessageDecoder.java:102)
[debug] [35m[W3C (0213ee90)][39m 	at io.netty.channel.AbstractChannelHandlerContext.invokeChannelRead(AbstractChannelHandlerContext.java:366)
[debug] [35m[W3C (0213ee90)][39m 	at io.netty.channel.AbstractChannelHandlerContext.invokeChannelRead(AbstractChannelHandlerContext.java:352)
[debug] [35m[W3C (0213ee90)][39m 	at io.netty.channel.AbstractChannelHandlerContext.fireChannelRead(AbstractChannelHandlerContext.java:345)
[debug] [35m[W3C (0213ee90)][39m 	at io.netty.channel.CombinedChannelDuplexHandler$DelegatingChannelHandlerContext.fireChannelRead(CombinedChannelDuplexHandler.java:435)
[debug] [35m[W3C (0213ee90)][39m 	at io.netty.handler.codec.ByteToMessageDecoder.fireChannelRead(ByteToMessageDecoder.java:293)
[debug] [35m[W3C (0213ee90)][39m 	at io.netty.handler.codec.ByteToMessageDecoder.channelRead(ByteToMessageDecoder.java:267)
[debug] [35m[W3C (0213ee90)][39m 	at io.netty.channel.CombinedChannelDuplexHandler.channelRead(CombinedChannelDuplexHandler.java:250)
[debug] [35m[W3C (0213ee90)][39m 	at io.netty.channel.AbstractChannelHandlerContext.invokeChannelRead(AbstractChannelHandlerContext.java:366)
[debug] [35m[W3C (0213ee90)][39m 	at io.netty.channel.AbstractChannelHandlerContext.invokeChannelRead(AbstractChannelHandlerContext.java:352)
[debug] [35m[W3C (0213ee90)][39m 	at io.netty.channel.AbstractChannelHandlerContext.fireChannelRead(AbstractChannelHandlerContext.java:345)
[debug] [35m[W3C (0213ee90)][39m 	at io.netty.channel.DefaultChannelPipeline$HeadContext.channelRead(DefaultChannelPipeline.java:1294)
[debug] [35m[W3C (0213ee90)][39m 	at io.netty.channel.AbstractChannelHandlerContext.invokeChannelRead(AbstractChannelHandlerContext.java:366)
[debug] [35m[W3C (0213ee90)][39m 	at io.netty.channel.AbstractChannelHandlerContext.invokeChannelRead(AbstractChannelHandlerContext.java:352)
[debug] [35m[W3C (0213ee90)][39m 	at io.netty.channel.DefaultChannelPipeline.fireChannelRead(DefaultChannelPipeline.java:911)
[debug] [35m[W3C (0213ee90)][39m 	at io.netty.channel.nio.AbstractNioByteChannel$NioByteUnsafe.read(AbstractNioByteChannel.java:131)
[debug] [35m[W3C (0213ee90)][39m 	at io.netty.channel.nio.NioEventLoop.processSelectedKey(NioEventLoop.java:611)
[debug] [35m[W3C (0213ee90)][39m 	at io.netty.channel.nio.NioEventLoop.processSelectedKeysOptimized(NioEventLoop.java:552)
[debug] [35m[W3C (0213ee90)][39m 	at io.netty.channel.nio.NioEventLoop.processSelectedKeys(NioEventLoop.java:466)
[debug] [35m[W3C (0213ee90)][39m 	at io.netty.channel.nio.NioEventLoop.run(NioEventLoop.java:438)
[debug] [35m[W3C (0213ee90)][39m 	at io.netty.util.concurrent.SingleThreadEventExecutor$2.run(SingleThreadEventExecutor.java:140)
[debug] [35m[W3C (0213ee90)][39m 	at io.netty.util.concurrent.DefaultThreadFactory$DefaultRunnableDecorator.run(DefaultThreadFactory.java:144)
[debug] [35m[W3C (0213ee90)][39m 	at java.lang.Thread.run(Thread.java:784)
[debug] [35m[W3C (0213ee90)][39m Caused by: java.lang.reflect.InvocationTargetException
[debug] [35m[W3C (0213ee90)][39m 	at java.lang.reflect.Method.invoke(Native Method)
[debug] [35m[W3C (0213ee90)][39m 	at io.appium.uiautomator2.utils.ReflectionUtils.invoke(ReflectionUtils.java:69)
[debug] [35m[W3C (0213ee90)][39m 	... 37 more
[debug] [35m[W3C (0213ee90)][39m Caused by: java.lang.IllegalStateException: Cannot perform this action on a sealed instance.
[debug] [35m[W3C (0213ee90)][39m 	at android.view.accessibility.AccessibilityNodeInfo.enforceNotSealed(AccessibilityNodeInfo.java:2956)
[debug] [35m[W3C (0213ee90)][39m 	at android.view.accessibility.AccessibilityNodeInfo.setConnectionId(AccessibilityNodeInfo.java:2839)
[debug] [35m[W3C (0213ee90)][39m 	at android.view.accessibility.AccessibilityInteractionClient.finalizeAndCacheAccessibilityNodeInfo(AccessibilityInteractionClient.java:703)
[debug] [35m[W3C (0213ee90)][39m 	at android.view.accessibility.AccessibilityInteractionClient.finalizeAndCacheAccessibilityNodeInfos(AccessibilityInteractionClient.java:721)
[debug] [35m[W3C (0213ee90)][39m 	at android.view.accessibility.AccessibilityInteractionClient.findAccessibilityNodeInfoByAccessibilityId(AccessibilityInteractionClient.java:293)
[debug] [35m[W3C (0213ee90)][39m 	at android.view.accessibility.AccessibilityNodeInfo.refresh(AccessibilityNodeInfo.java:862)
[debug] [35m[W3C (0213ee90)][39m 	at android.view.accessibility.AccessibilityNodeInfo.refresh(AccessibilityNodeInfo.java:880)
[debug] [35m[W3C (0213ee90)][39m 	at androidx.test.uiautomator.UiObject2.getAccessibilityNodeInfo(UiObject2.java:643)
[debug] [35m[W3C (0213ee90)][39m 	... 39 more
[debug] [35m[W3C (0213ee90)][39m 
[debug] [35m[W3C (0213ee90)][39m     at errorFromMJSONWPStatusCode (/Users/vanthink_test_ios/.nvm/v8.14.1/lib/node_modules/appium/node_modules/appium-base-driver/lib/protocol/errors.js:789:10)
[debug] [35m[W3C (0213ee90)][39m     at ProxyRequestError.errorFromMJSONWPStatusCode [as getActualError] (/Users/vanthink_test_ios/.nvm/v8.14.1/lib/node_modules/appium/node_modules/appium-base-driver/lib/protocol/errors.js:683:14)
[debug] [35m[W3C (0213ee90)][39m     at JWProxy.getActualError [as command] (/Users/vanthink_test_ios/.nvm/v8.14.1/lib/node_modules/appium/node_modules/appium-base-driver/lib/jsonwp-proxy/proxy.js:235:19)
[debug] [35m[W3C (0213ee90)][39m     at <anonymous>
[35m[HTTP][39m [37m<-- POST /wd/hub/session/0213ee90-4681-4fdd-9b77-4750769a5c0a/element/e3a53d30-9e89-4c20-8529-dbe84dead38f/value [39m[31m500[39m [90m1176 ms - 11323[39m
[35m[HTTP][39m [90m[39m
[35m[HTTP][39m [37m-->[39m [37mGET[39m [37m/wd/hub/session/0213ee90-4681-4fdd-9b77-4750769a5c0a/screenshot[39m
[35m[HTTP][39m [90m{}[39m
[debug] [35m[W3C (0213ee90)][39m Calling AppiumDriver.getScreenshot() with args: ["0213ee90-4681-4fdd-9b77-4750769a5c0a"]
[debug] [35m[WD Proxy][39m Matched '/screenshot' to command name 'getScreenshot'
[debug] [35m[WD Proxy][39m Proxying [GET /screenshot] to [GET http://localhost:8200/wd/hub/session/714ccc48-f755-4f02-b633-7358210766e4/screenshot] with no body
[debug] [35m[WD Proxy][39m Got response with status 200: "{\"sessionId\":\"714ccc48-f755-4f02-b633-7358210766e4\",\"status\":0,\"value\":\"iVBORw0KGgoAAAANSUhEUgAABDgAAAhwCAYAAADIu476AAAABHNCSVQICAgIfAhkiAAAIABJREFU\\neJzsvWlwXOeZ7\\/d7z+l9RWMHCBAgCYIUQYr7po2SNVrG8nLHGXvGE9+bm+1Lbk0qyU0lH1KpSlVu\\nJalKbiqppCqVZO6de8eeiceesceyZFuSLYvaSEkUtXAHSQAkQOxbd6P37vPmw+k+6AYaQDfQABe9\\nPxWFXs55z376vP\\/3ef6P+NqfvCpRKBQKhUKhUCgUCoVCoXiI0e73CigUCoVCoVAoFAqFQqFQbBQl\\ncCgUCoVCoVAoFAqFQqF46FECh0KhUCgUCoVCoVAoFIqHHiVwKBQKhUKhUCgUCoVCoXjoUQKHQqFQ\\nKBQKhUKhUCgUioceJXAoFAqFQqFQKBQKhUKheOhRAodCoVAoFAqFQqFQKBSKhx4lcCgUCoVCoVAo\\nFAqFQqF46FECh0KhUCgUCoVCoVAoFIqHHiVwKBQKhUKhUCgUCoVCoXjoUQKHQqFQKBQKhUKhUCgU\\nioceJXAoFAqFQqFQKBQKhUKheOhRAodCoVAoFAqFQqFQKBSKhx4lcCgUCoVCoVAoFAqFQqF46FEC\\nh0KhUCgUCoVCoVAoFIqHHiVwKBQKhUKhUCgUCoVCoXjoUQKHQqFQKBQKhUKhUCgUioce2\\/1eAcWj\\nhUAC4HcusKf+Nn5nHCRgyPwUkoWUh\\/5wD+G0D6RAIu7b+ipqg99rZ19vPV7P1t1SYvEsV\\/pnWIhl\\nN9ROxqkxv82DoW+e3isMSeheHHsqB3Lt6RUKhUKhUCgUCkX1KIFDURMEEq8jxlNdF2n3jOHQ0jS6\\nZ3BqaTAwBQ4pQUI6a+do45cks3bGEq18OHGCaNr3QAkdui7Ys6uOG7fnyeVU...
[debug] [35m[W3C (0213ee90)][39m Responding to client with driver.getScreenshot() result: "iVBORw0KGgoAAAANSUhEUgAABDgAAAhwCAYAAADIu476AAAABHNCSVQICAgIfAhkiAAAIABJREFU\neJzsvWlwXOeZ7/d7z+l9RWMHCBAgCYIUQYr7po2SNVrG8nLHGXvGE9+bm+1Lbk0qyU0lH1KpSlVu\nJalKbiqppCqVZO6de8eeiceesceyZFuSLYvaSEkUtXAHSQAkQOxbd6P37vPmw+k+6AYaQDfQABe9\nPxWFXs55z376vP/3ef6P+NqfvCpRKBQKhUKhUCgUCoVCoXiI0e73CigUCoVCoVAoFAqFQqFQbBQl\ncCgUCoVCoVAoFAqFQqF46FECh0KhUCgUCoVCoVAoFIqHHiVwKBQKhUKhUCgUCoVCoXjoUQKHQqFQ\nKBQKhUKhUCgUioceJXAoFAqFQqFQKBQKhUKheOhRAodCoVAoFAqFQqFQKBSKhx4lcCgUCoVCoVAo\nFAqFQqF46FECh0KhUCgUCoVCoVAoFIqHHiVwKBQKhUKhUCgUCoVCoXjoUQKHQqFQKBQKhUKhUCgU\nioceJXAoFAqFQqFQKBQKhUKheOhRAodCoVAoFAqFQqFQKBSKhx4lcCgUCoVCoVAoFAqFQqF46FEC\nh0KhUCgUCoVCoVAoFIqHHiVwKBQKhUKhUCgUCoVCoXjoUQKHQqFQKBQKhUKhUCgUioce2/1eAcWj\nhUAC4HcusKf+Nn5nHCRgyPwUkoWUh/5wD+G0D6RAIu7b+ipqg99rZ19vPV7P1t1SYvEsV/pnWIhl\nN9ROxqkxv82DoW+e3isMSeheHHsqB3Lt6RUKhUKhUCgUCkX1KIFDURMEEq8jxlNdF2n3jOHQ0jS6\nZ3BqaTAwBQ4pQUI6a+do45cks3bGEq18OHGCaNr3QAkdui7Ys6uOG7fnyeVUj3Q1eroDvPB0B02N\nHhz2rQsKS2cMjuxv4K337nFrKFz9/B4bE7v9pLw2kgE7cpNPv0ibC+dClpb+KI74xkQZhUKheJAJ\n+B0EfP...
[35m[HTTP][39m [37m<-- GET /wd/hub/session/0213ee90-4681-4fdd-9b77-4750769a5c0a/screenshot [39m[32m200[39m [90m765 ms - 111586[39m
[35m[HTTP][39m [90m[39m
[35m[HTTP][39m [37m-->[39m [37mGET[39m [37m/wd/hub/session/0213ee90-4681-4fdd-9b77-4750769a5c0a/appium/device/current_activity[39m
[35m[HTTP][39m [90m{}[39m
[debug] [35m[W3C (0213ee90)][39m Calling AppiumDriver.getCurrentActivity() with args: ["0213ee90-4681-4fdd-9b77-4750769a5c0a"]
[debug] [35m[ADB][39m Getting focused package and activity
[debug] [35m[ADB][39m Running '/Users/vanthink_test_ios/Desktop/intsall/adt-bundle-mac-x86_64-20140624/sdk/platform-tools/adb -P 5037 -s 4561684d shell dumpsys window windows'
[debug] [35m[W3C (0213ee90)][39m Responding to client with driver.getCurrentActivity() result: "com.vanthink.vanthinkstudent.ui.user.login.LoginActivity"
[35m[HTTP][39m [37m<-- GET /wd/hub/session/0213ee90-4681-4fdd-9b77-4750769a5c0a/appium/device/current_activity [39m[32m200[39m [90m86 ms - 68[39m
[35m[HTTP][39m [90m[39m
[35m[HTTP][39m [37m-->[39m [37mPOST[39m [37m/wd/hub/session/0213ee90-4681-4fdd-9b77-4750769a5c0a/element[39m
[35m[HTTP][39m [90m{"using":"id","value":"com.vanthink.student.debug:id/btn_login"}[39m
[debug] [35m[W3C (0213ee90)][39m Calling AppiumDriver.findElement() with args: ["id","com.vanthink.student.debug:id/btn_login","0213ee90-4681-4fdd-9b77-4750769a5c0a"]
[debug] [35m[BaseDriver][39m Valid locator strategies for this request: xpath, id, class name, accessibility id, -android uiautomator
[debug] [35m[BaseDriver][39m Waiting up to 0 ms for condition
[debug] [35m[WD Proxy][39m Matched '/element' to command name 'findElement'
[debug] [35m[WD Proxy][39m Proxying [POST /element] to [POST http://localhost:8200/wd/hub/session/714ccc48-f755-4f02-b633-7358210766e4/element] with body: {"strategy":"id","selector":"com.vanthink.student.debug:id/btn_login","context":"","multiple":false}
[35m[HTTP][39m [37m-->[39m [37mGET[39m [37m/wd/hub/status[39m
[35m[HTTP][39m [90m{}[39m
[debug] [35m[GENERIC][39m Calling AppiumDriver.getStatus() with args: []
[debug] [35m[GENERIC][39m Responding to client with driver.getStatus() result: {"build":{"version":"1.13.0"}}
[35m[HTTP][39m [37m<-- GET /wd/hub/status [39m[32m200[39m [90m1 ms - 68[39m
[35m[HTTP][39m [90m[39m
[debug] [35m[WD Proxy][39m Got response with status 200: {"sessionId":"714ccc48-f755-4f02-b633-7358210766e4","status":0,"value":{"ELEMENT":"991cad64-c8e0-4c25-ab60-6e90d085c1bb"}}
[debug] [35m[W3C (0213ee90)][39m Responding to client with driver.findElement() result: {"element-6066-11e4-a52e-4f735466cecf":"991cad64-c8e0-4c25-ab60-6e90d085c1bb","ELEMENT":"991cad64-c8e0-4c25-ab60-6e90d085c1bb"}
[35m[HTTP][39m [37m<-- POST /wd/hub/session/0213ee90-4681-4fdd-9b77-4750769a5c0a/element [39m[32m200[39m [90m661 ms - 137[39m
[35m[HTTP][39m [90m[39m
[35m[HTTP][39m [37m-->[39m [37mPOST[39m [37m/wd/hub/session/0213ee90-4681-4fdd-9b77-4750769a5c0a/element[39m
[35m[HTTP][39m [90m{"using":"id","value":"com.vanthink.student.debug:id/ed_user_nickname"}[39m
[debug] [35m[W3C (0213ee90)][39m Calling AppiumDriver.findElement() with args: ["id","com.vanthink.student.debug:id/ed_user_nickname","0213ee90-4681-4fdd-9b77-4750769a5c0a"]
[debug] [35m[BaseDriver][39m Valid locator strategies for this request: xpath, id, class name, accessibility id, -android uiautomator
[debug] [35m[BaseDriver][39m Waiting up to 0 ms for condition
[debug] [35m[WD Proxy][39m Matched '/element' to command name 'findElement'
[debug] [35m[WD Proxy][39m Proxying [POST /element] to [POST http://localhost:8200/wd/hub/session/714ccc48-f755-4f02-b633-7358210766e4/element] with body: {"strategy":"id","selector":"com.vanthink.student.debug:id/ed_user_nickname","context":"","multiple":false}
[debug] [35m[WD Proxy][39m Got response with status 200: {"sessionId":"714ccc48-f755-4f02-b633-7358210766e4","status":0,"value":{"ELEMENT":"c6eb6615-e950-43ab-97b3-d9d1da4c41a7"}}
[debug] [35m[W3C (0213ee90)][39m Responding to client with driver.findElement() result: {"element-6066-11e4-a52e-4f735466cecf":"c6eb6615-e950-43ab-97b3-d9d1da4c41a7","ELEMENT":"c6eb6615-e950-43ab-97b3-d9d1da4c41a7"}
[35m[HTTP][39m [37m<-- POST /wd/hub/session/0213ee90-4681-4fdd-9b77-4750769a5c0a/element [39m[32m200[39m [90m46 ms - 137[39m
[35m[HTTP][39m [90m[39m
[35m[HTTP][39m [37m-->[39m [37mPOST[39m [37m/wd/hub/session/0213ee90-4681-4fdd-9b77-4750769a5c0a/element[39m
[35m[HTTP][39m [90m{"using":"id","value":"com.vanthink.student.debug:id/ed_user_pwd"}[39m
[debug] [35m[W3C (0213ee90)][39m Calling AppiumDriver.findElement() with args: ["id","com.vanthink.student.debug:id/ed_user_pwd","0213ee90-4681-4fdd-9b77-4750769a5c0a"]
[debug] [35m[BaseDriver][39m Valid locator strategies for this request: xpath, id, class name, accessibility id, -android uiautomator
[debug] [35m[BaseDriver][39m Waiting up to 0 ms for condition
[debug] [35m[WD Proxy][39m Matched '/element' to command name 'findElement'
[debug] [35m[WD Proxy][39m Proxying [POST /element] to [POST http://localhost:8200/wd/hub/session/714ccc48-f755-4f02-b633-7358210766e4/element] with body: {"strategy":"id","selector":"com.vanthink.student.debug:id/ed_user_pwd","context":"","multiple":false}
[debug] [35m[WD Proxy][39m Got response with status 200: {"sessionId":"714ccc48-f755-4f02-b633-7358210766e4","status":0,"value":{"ELEMENT":"b8425311-d16f-4d67-96be-a19b1ef729fd"}}
[debug] [35m[W3C (0213ee90)][39m Responding to client with driver.findElement() result: {"element-6066-11e4-a52e-4f735466cecf":"b8425311-d16f-4d67-96be-a19b1ef729fd","ELEMENT":"b8425311-d16f-4d67-96be-a19b1ef729fd"}
[35m[HTTP][39m [37m<-- POST /wd/hub/session/0213ee90-4681-4fdd-9b77-4750769a5c0a/element [39m[32m200[39m [90m45 ms - 137[39m
[35m[HTTP][39m [90m[39m
[35m[HTTP][39m [37m-->[39m [37mPOST[39m [37m/wd/hub/session/0213ee90-4681-4fdd-9b77-4750769a5c0a/element/c6eb6615-e950-43ab-97b3-d9d1da4c41a7/value[39m
[35m[HTTP][39m [90m{"text":"18823452347","value":["1","8","8","2","3","4","5","2","3","4","7"],"id":"c6eb6615-e950-43ab-97b3-d9d1da4c41a7"}[39m
[debug] [35m[W3C (0213ee90)][39m Calling AppiumDriver.setValue() with args: [["1","8","8","2","3","4","5","2","3","4","7"],"c6eb6615-e950-43ab-97b3-d9d1da4c41a7","0213ee90-4681-4fdd-9b77-4750769a5c0a"]
[debug] [35m[WD Proxy][39m Matched '/element/c6eb6615-e950-43ab-97b3-d9d1da4c41a7/value' to command name 'setValue'
[debug] [35m[Protocol Converter][39m Added 'value' property ["1","8","8","2","3","4","5","2","3","4","7"] to 'setValue' request body
[debug] [35m[WD Proxy][39m Proxying [POST /element/c6eb6615-e950-43ab-97b3-d9d1da4c41a7/value] to [POST http://localhost:8200/wd/hub/session/714ccc48-f755-4f02-b633-7358210766e4/element/c6eb6615-e950-43ab-97b3-d9d1da4c41a7/value] with body: {"elementId":"c6eb6615-e950-43ab-97b3-d9d1da4c41a7","text":"18823452347","replace":false,"value":["1","8","8","2","3","4","5","2","3","4","7"]}
[debug] [35m[WD Proxy][39m Got response with status 200: {"sessionId":"714ccc48-f755-4f02-b633-7358210766e4","status":0,"value":""}
[debug] [35m[W3C (0213ee90)][39m Responding to client with driver.setValue() result: ""
[35m[HTTP][39m [37m<-- POST /wd/hub/session/0213ee90-4681-4fdd-9b77-4750769a5c0a/element/c6eb6615-e950-43ab-97b3-d9d1da4c41a7/value [39m[32m200[39m [90m583 ms - 12[39m
[35m[HTTP][39m [90m[39m
[35m[HTTP][39m [37m-->[39m [37mPOST[39m [37m/wd/hub/session/0213ee90-4681-4fdd-9b77-4750769a5c0a/element/b8425311-d16f-4d67-96be-a19b1ef729fd/value[39m
[35m[HTTP][39m [90m{"text":"1N14VXUCJTHoA","value":["1","N","1","4","V","X","U","C","J","T","H","o","A"],"id":"b8425311-d16f-4d67-96be-a19b1ef729fd"}[39m
[debug] [35m[W3C (0213ee90)][39m Calling AppiumDriver.setValue() with args: [["1","N","1","4","V","X","U","C","J","T","H","o","A"],"b8425311-d16f-4d67-96be-a19b1ef729fd","0213ee90-4681-4fdd-9b77-4750769a5c0a"]
[debug] [35m[WD Proxy][39m Matched '/element/b8425311-d16f-4d67-96be-a19b1ef729fd/value' to command name 'setValue'
[debug] [35m[Protocol Converter][39m Added 'value' property ["1","N","1","4","V","X","U","C","J","T","H","o","A"] to 'setValue' request body
[debug] [35m[WD Proxy][39m Proxying [POST /element/b8425311-d16f-4d67-96be-a19b1ef729fd/value] to [POST http://localhost:8200/wd/hub/session/714ccc48-f755-4f02-b633-7358210766e4/element/b8425311-d16f-4d67-96be-a19b1ef729fd/value] with body: {"elementId":"b8425311-d16f-4d67-96be-a19b1ef729fd","text":"1N14VXUCJTHoA","replace":false,"value":["1","N","1","4","V","X","U","C","J","T","H","o","A"]}
[debug] [35m[WD Proxy][39m Got response with status 200: {"sessionId":"714ccc48-f755-4f02-b633-7358210766e4","status":0,"value":""}
[debug] [35m[W3C (0213ee90)][39m Responding to client with driver.setValue() result: ""
[35m[HTTP][39m [37m<-- POST /wd/hub/session/0213ee90-4681-4fdd-9b77-4750769a5c0a/element/b8425311-d16f-4d67-96be-a19b1ef729fd/value [39m[32m200[39m [90m1080 ms - 12[39m
[35m[HTTP][39m [90m[39m
[35m[HTTP][39m [37m-->[39m [37mPOST[39m [37m/wd/hub/session/0213ee90-4681-4fdd-9b77-4750769a5c0a/element[39m
[35m[HTTP][39m [90m{"using":"id","value":"com.vanthink.student.debug:id/btn_login"}[39m
[debug] [35m[W3C (0213ee90)][39m Calling AppiumDriver.findElement() with args: ["id","com.vanthink.student.debug:id/btn_login","0213ee90-4681-4fdd-9b77-4750769a5c0a"]
[debug] [35m[BaseDriver][39m Valid locator strategies for this request: xpath, id, class name, accessibility id, -android uiautomator
[debug] [35m[BaseDriver][39m Waiting up to 0 ms for condition
[debug] [35m[WD Proxy][39m Matched '/element' to command name 'findElement'
[debug] [35m[WD Proxy][39m Proxying [POST /element] to [POST http://localhost:8200/wd/hub/session/714ccc48-f755-4f02-b633-7358210766e4/element] with body: {"strategy":"id","selector":"com.vanthink.student.debug:id/btn_login","context":"","multiple":false}
[debug] [35m[WD Proxy][39m Got response with status 200: {"sessionId":"714ccc48-f755-4f02-b633-7358210766e4","status":0,"value":{"ELEMENT":"b56385cc-a51f-4b57-af3f-f852595926c3"}}
[debug] [35m[W3C (0213ee90)][39m Responding to client with driver.findElement() result: {"element-6066-11e4-a52e-4f735466cecf":"b56385cc-a51f-4b57-af3f-f852595926c3","ELEMENT":"b56385cc-a51f-4b57-af3f-f852595926c3"}
[35m[HTTP][39m [37m<-- POST /wd/hub/session/0213ee90-4681-4fdd-9b77-4750769a5c0a/element [39m[32m200[39m [90m528 ms - 137[39m
[35m[HTTP][39m [90m[39m
[35m[HTTP][39m [37m-->[39m [37mPOST[39m [37m/wd/hub/session/0213ee90-4681-4fdd-9b77-4750769a5c0a/element/b56385cc-a51f-4b57-af3f-f852595926c3/click[39m
[35m[HTTP][39m [90m{"id":"b56385cc-a51f-4b57-af3f-f852595926c3"}[39m
[debug] [35m[W3C (0213ee90)][39m Calling AppiumDriver.click() with args: ["b56385cc-a51f-4b57-af3f-f852595926c3","0213ee90-4681-4fdd-9b77-4750769a5c0a"]
[debug] [35m[WD Proxy][39m Matched '/element/b56385cc-a51f-4b57-af3f-f852595926c3/click' to command name 'click'
[debug] [35m[WD Proxy][39m Proxying [POST /element/b56385cc-a51f-4b57-af3f-f852595926c3/click] to [POST http://localhost:8200/wd/hub/session/714ccc48-f755-4f02-b633-7358210766e4/element/b56385cc-a51f-4b57-af3f-f852595926c3/click] with body: {"element":"b56385cc-a51f-4b57-af3f-f852595926c3"}
[35m[HTTP][39m [37m-->[39m [37mGET[39m [37m/wd/hub/status[39m
[35m[HTTP][39m [90m{}[39m
[debug] [35m[GENERIC][39m Calling AppiumDriver.getStatus() with args: []
[debug] [35m[GENERIC][39m Responding to client with driver.getStatus() result: {"build":{"version":"1.13.0"}}
[35m[HTTP][39m [37m<-- GET /wd/hub/status [39m[32m200[39m [90m1 ms - 68[39m
[35m[HTTP][39m [90m[39m
[debug] [35m[WD Proxy][39m Got response with status 200: {"sessionId":"714ccc48-f755-4f02-b633-7358210766e4","status":0,"value":true}
[debug] [35m[W3C (0213ee90)][39m Responding to client with driver.click() result: true
[35m[HTTP][39m [37m<-- POST /wd/hub/session/0213ee90-4681-4fdd-9b77-4750769a5c0a/element/b56385cc-a51f-4b57-af3f-f852595926c3/click [39m[32m200[39m [90m561 ms - 14[39m
[35m[HTTP][39m [90m[39m
[35m[HTTP][39m [37m-->[39m [37mGET[39m [37m/wd/hub/session/0213ee90-4681-4fdd-9b77-4750769a5c0a/appium/device/current_activity[39m
[35m[HTTP][39m [90m{}[39m
[debug] [35m[W3C (0213ee90)][39m Calling AppiumDriver.getCurrentActivity() with args: ["0213ee90-4681-4fdd-9b77-4750769a5c0a"]
[debug] [35m[ADB][39m Getting focused package and activity
[debug] [35m[ADB][39m Running '/Users/vanthink_test_ios/Desktop/intsall/adt-bundle-mac-x86_64-20140624/sdk/platform-tools/adb -P 5037 -s 4561684d shell dumpsys window windows'
[debug] [35m[W3C (0213ee90)][39m Responding to client with driver.getCurrentActivity() result: "com.vanthink.vanthinkstudent.ui.user.login.LoginActivity"
[35m[HTTP][39m [37m<-- GET /wd/hub/session/0213ee90-4681-4fdd-9b77-4750769a5c0a/appium/device/current_activity [39m[32m200[39m [90m76 ms - 68[39m
[35m[HTTP][39m [90m[39m
[35m[HTTP][39m [37m-->[39m [37mPOST[39m [37m/wd/hub/session/0213ee90-4681-4fdd-9b77-4750769a5c0a/element[39m
[35m[HTTP][39m [90m{"using":"id","value":"com.vanthink.student.debug:id/btn_login"}[39m
[debug] [35m[W3C (0213ee90)][39m Calling AppiumDriver.findElement() with args: ["id","com.vanthink.student.debug:id/btn_login","0213ee90-4681-4fdd-9b77-4750769a5c0a"]
[debug] [35m[BaseDriver][39m Valid locator strategies for this request: xpath, id, class name, accessibility id, -android uiautomator
[debug] [35m[BaseDriver][39m Waiting up to 0 ms for condition
[debug] [35m[WD Proxy][39m Matched '/element' to command name 'findElement'
[debug] [35m[WD Proxy][39m Proxying [POST /element] to [POST http://localhost:8200/wd/hub/session/714ccc48-f755-4f02-b633-7358210766e4/element] with body: {"strategy":"id","selector":"com.vanthink.student.debug:id/btn_login","context":"","multiple":false}
[35m[WD Proxy][39m Got an unexpected response: {"sessionId":"714ccc48-f755-4f02-b633-7358210766e4","status":7,"value":"An element could not be located on the page using the given search parameters."}
[debug] [35m[MJSONWP][39m Matched JSONWP error code 7 to NoSuchElementError
[debug] [35m[W3C (0213ee90)][39m Encountered internal error running command: NoSuchElementError: An element could not be located on the page using the given search parameters.
[debug] [35m[W3C (0213ee90)][39m     at AndroidUiautomator2Driver.findElOrEls (/Users/vanthink_test_ios/.nvm/v8.14.1/lib/node_modules/appium/node_modules/appium-android-driver/lib/commands/find.js:75:11)
[debug] [35m[W3C (0213ee90)][39m     at <anonymous>
[35m[HTTP][39m [37m<-- POST /wd/hub/session/0213ee90-4681-4fdd-9b77-4750769a5c0a/element [39m[33m404[39m [90m40 ms - 434[39m
[35m[HTTP][39m [90m[39m
[35m[HTTP][39m [37m-->[39m [37mPOST[39m [37m/wd/hub/session/0213ee90-4681-4fdd-9b77-4750769a5c0a/element[39m
[35m[HTTP][39m [90m{"using":"id","value":"com.vanthink.student.debug:id/btn_login"}[39m
[debug] [35m[W3C (0213ee90)][39m Calling AppiumDriver.findElement() with args: ["id","com.vanthink.student.debug:id/btn_login","0213ee90-4681-4fdd-9b77-4750769a5c0a"]
[debug] [35m[BaseDriver][39m Valid locator strategies for this request: xpath, id, class name, accessibility id, -android uiautomator
[debug] [35m[BaseDriver][39m Waiting up to 0 ms for condition
[debug] [35m[WD Proxy][39m Matched '/element' to command name 'findElement'
[debug] [35m[WD Proxy][39m Proxying [POST /element] to [POST http://localhost:8200/wd/hub/session/714ccc48-f755-4f02-b633-7358210766e4/element] with body: {"strategy":"id","selector":"com.vanthink.student.debug:id/btn_login","context":"","multiple":false}
[35m[WD Proxy][39m Got an unexpected response: {"sessionId":"714ccc48-f755-4f02-b633-7358210766e4","status":7,"value":"An element could not be located on the page using the given search parameters."}
[debug] [35m[MJSONWP][39m Matched JSONWP error code 7 to NoSuchElementError
[debug] [35m[W3C (0213ee90)][39m Encountered internal error running command: NoSuchElementError: An element could not be located on the page using the given search parameters.
[debug] [35m[W3C (0213ee90)][39m     at AndroidUiautomator2Driver.findElOrEls (/Users/vanthink_test_ios/.nvm/v8.14.1/lib/node_modules/appium/node_modules/appium-android-driver/lib/commands/find.js:75:11)
[debug] [35m[W3C (0213ee90)][39m     at <anonymous>
[35m[HTTP][39m [37m<-- POST /wd/hub/session/0213ee90-4681-4fdd-9b77-4750769a5c0a/element [39m[33m404[39m [90m45 ms - 434[39m
[35m[HTTP][39m [90m[39m
[35m[HTTP][39m [37m-->[39m [37mPOST[39m [37m/wd/hub/session/0213ee90-4681-4fdd-9b77-4750769a5c0a/element[39m
[35m[HTTP][39m [90m{"using":"id","value":"com.vanthink.student.debug:id/btn_login"}[39m
[debug] [35m[W3C (0213ee90)][39m Calling AppiumDriver.findElement() with args: ["id","com.vanthink.student.debug:id/btn_login","0213ee90-4681-4fdd-9b77-4750769a5c0a"]
[debug] [35m[BaseDriver][39m Valid locator strategies for this request: xpath, id, class name, accessibility id, -android uiautomator
[debug] [35m[BaseDriver][39m Waiting up to 0 ms for condition
[debug] [35m[WD Proxy][39m Matched '/element' to command name 'findElement'
[debug] [35m[WD Proxy][39m Proxying [POST /element] to [POST http://localhost:8200/wd/hub/session/714ccc48-f755-4f02-b633-7358210766e4/element] with body: {"strategy":"id","selector":"com.vanthink.student.debug:id/btn_login","context":"","multiple":false}
[35m[WD Proxy][39m Got an unexpected response: {"sessionId":"714ccc48-f755-4f02-b633-7358210766e4","status":7,"value":"An element could not be located on the page using the given search parameters."}
[debug] [35m[MJSONWP][39m Matched JSONWP error code 7 to NoSuchElementError
[debug] [35m[W3C (0213ee90)][39m Encountered internal error running command: NoSuchElementError: An element could not be located on the page using the given search parameters.
[debug] [35m[W3C (0213ee90)][39m     at AndroidUiautomator2Driver.findElOrEls (/Users/vanthink_test_ios/.nvm/v8.14.1/lib/node_modules/appium/node_modules/appium-android-driver/lib/commands/find.js:75:11)
[debug] [35m[W3C (0213ee90)][39m     at <anonymous>
[35m[HTTP][39m [37m<-- POST /wd/hub/session/0213ee90-4681-4fdd-9b77-4750769a5c0a/element [39m[33m404[39m [90m48 ms - 434[39m
[35m[HTTP][39m [90m[39m
[35m[HTTP][39m [37m-->[39m [37mPOST[39m [37m/wd/hub/session/0213ee90-4681-4fdd-9b77-4750769a5c0a/element[39m
[35m[HTTP][39m [90m{"using":"id","value":"com.vanthink.student.debug:id/btn_login"}[39m
[debug] [35m[W3C (0213ee90)][39m Calling AppiumDriver.findElement() with args: ["id","com.vanthink.student.debug:id/btn_login","0213ee90-4681-4fdd-9b77-4750769a5c0a"]
[debug] [35m[BaseDriver][39m Valid locator strategies for this request: xpath, id, class name, accessibility id, -android uiautomator
[debug] [35m[BaseDriver][39m Waiting up to 0 ms for condition
[debug] [35m[WD Proxy][39m Matched '/element' to command name 'findElement'
[debug] [35m[WD Proxy][39m Proxying [POST /element] to [POST http://localhost:8200/wd/hub/session/714ccc48-f755-4f02-b633-7358210766e4/element] with body: {"strategy":"id","selector":"com.vanthink.student.debug:id/btn_login","context":"","multiple":false}
[35m[WD Proxy][39m Got an unexpected response: {"sessionId":"714ccc48-f755-4f02-b633-7358210766e4","status":7,"value":"An element could not be located on the page using the given search parameters."}
[debug] [35m[MJSONWP][39m Matched JSONWP error code 7 to NoSuchElementError
[debug] [35m[W3C (0213ee90)][39m Encountered internal error running command: NoSuchElementError: An element could not be located on the page using the given search parameters.
[debug] [35m[W3C (0213ee90)][39m     at AndroidUiautomator2Driver.findElOrEls (/Users/vanthink_test_ios/.nvm/v8.14.1/lib/node_modules/appium/node_modules/appium-android-driver/lib/commands/find.js:75:11)
[debug] [35m[W3C (0213ee90)][39m     at <anonymous>
[35m[HTTP][39m [37m<-- POST /wd/hub/session/0213ee90-4681-4fdd-9b77-4750769a5c0a/element [39m[33m404[39m [90m49 ms - 434[39m
[35m[HTTP][39m [90m[39m
[35m[HTTP][39m [37m-->[39m [37mPOST[39m [37m/wd/hub/session/0213ee90-4681-4fdd-9b77-4750769a5c0a/element[39m
[35m[HTTP][39m [90m{"using":"id","value":"com.vanthink.student.debug:id/btn_login"}[39m
[debug] [35m[W3C (0213ee90)][39m Calling AppiumDriver.findElement() with args: ["id","com.vanthink.student.debug:id/btn_login","0213ee90-4681-4fdd-9b77-4750769a5c0a"]
[debug] [35m[BaseDriver][39m Valid locator strategies for this request: xpath, id, class name, accessibility id, -android uiautomator
[debug] [35m[BaseDriver][39m Waiting up to 0 ms for condition
[debug] [35m[WD Proxy][39m Matched '/element' to command name 'findElement'
[debug] [35m[WD Proxy][39m Proxying [POST /element] to [POST http://localhost:8200/wd/hub/session/714ccc48-f755-4f02-b633-7358210766e4/element] with body: {"strategy":"id","selector":"com.vanthink.student.debug:id/btn_login","context":"","multiple":false}
[35m[WD Proxy][39m Got an unexpected response: {"sessionId":"714ccc48-f755-4f02-b633-7358210766e4","status":7,"value":"An element could not be located on the page using the given search parameters."}
[debug] [35m[MJSONWP][39m Matched JSONWP error code 7 to NoSuchElementError
[debug] [35m[W3C (0213ee90)][39m Encountered internal error running command: NoSuchElementError: An element could not be located on the page using the given search parameters.
[debug] [35m[W3C (0213ee90)][39m     at AndroidUiautomator2Driver.findElOrEls (/Users/vanthink_test_ios/.nvm/v8.14.1/lib/node_modules/appium/node_modules/appium-android-driver/lib/commands/find.js:75:11)
[debug] [35m[W3C (0213ee90)][39m     at <anonymous>
[35m[HTTP][39m [37m<-- POST /wd/hub/session/0213ee90-4681-4fdd-9b77-4750769a5c0a/element [39m[33m404[39m [90m42 ms - 434[39m
[35m[HTTP][39m [90m[39m
[35m[HTTP][39m [37m-->[39m [37mGET[39m [37m/wd/hub/status[39m
[35m[HTTP][39m [90m{}[39m
[debug] [35m[GENERIC][39m Calling AppiumDriver.getStatus() with args: []
[debug] [35m[GENERIC][39m Responding to client with driver.getStatus() result: {"build":{"version":"1.13.0"}}
[35m[HTTP][39m [37m<-- GET /wd/hub/status [39m[32m200[39m [90m1 ms - 68[39m
[35m[HTTP][39m [90m[39m
[35m[HTTP][39m [37m-->[39m [37mPOST[39m [37m/wd/hub/session/0213ee90-4681-4fdd-9b77-4750769a5c0a/element[39m
[35m[HTTP][39m [90m{"using":"id","value":"com.vanthink.student.debug:id/btn_login"}[39m
[debug] [35m[W3C (0213ee90)][39m Calling AppiumDriver.findElement() with args: ["id","com.vanthink.student.debug:id/btn_login","0213ee90-4681-4fdd-9b77-4750769a5c0a"]
[debug] [35m[BaseDriver][39m Valid locator strategies for this request: xpath, id, class name, accessibility id, -android uiautomator
[debug] [35m[BaseDriver][39m Waiting up to 0 ms for condition
[debug] [35m[WD Proxy][39m Matched '/element' to command name 'findElement'
[debug] [35m[WD Proxy][39m Proxying [POST /element] to [POST http://localhost:8200/wd/hub/session/714ccc48-f755-4f02-b633-7358210766e4/element] with body: {"strategy":"id","selector":"com.vanthink.student.debug:id/btn_login","context":"","multiple":false}
[35m[WD Proxy][39m Got an unexpected response: {"sessionId":"714ccc48-f755-4f02-b633-7358210766e4","status":7,"value":"An element could not be located on the page using the given search parameters."}
[debug] [35m[MJSONWP][39m Matched JSONWP error code 7 to NoSuchElementError
[debug] [35m[W3C (0213ee90)][39m Encountered internal error running command: NoSuchElementError: An element could not be located on the page using the given search parameters.
[debug] [35m[W3C (0213ee90)][39m     at AndroidUiautomator2Driver.findElOrEls (/Users/vanthink_test_ios/.nvm/v8.14.1/lib/node_modules/appium/node_modules/appium-android-driver/lib/commands/find.js:75:11)
[debug] [35m[W3C (0213ee90)][39m     at <anonymous>
[35m[HTTP][39m [37m<-- POST /wd/hub/session/0213ee90-4681-4fdd-9b77-4750769a5c0a/element [39m[33m404[39m [90m45 ms - 434[39m
[35m[HTTP][39m [90m[39m
[35m[HTTP][39m [37m-->[39m [37mPOST[39m [37m/wd/hub/session/0213ee90-4681-4fdd-9b77-4750769a5c0a/element[39m
[35m[HTTP][39m [90m{"using":"id","value":"com.vanthink.student.debug:id/btn_login"}[39m
[debug] [35m[W3C (0213ee90)][39m Calling AppiumDriver.findElement() with args: ["id","com.vanthink.student.debug:id/btn_login","0213ee90-4681-4fdd-9b77-4750769a5c0a"]
[debug] [35m[BaseDriver][39m Valid locator strategies for this request: xpath, id, class name, accessibility id, -android uiautomator
[debug] [35m[BaseDriver][39m Waiting up to 0 ms for condition
[debug] [35m[WD Proxy][39m Matched '/element' to command name 'findElement'
[debug] [35m[WD Proxy][39m Proxying [POST /element] to [POST http://localhost:8200/wd/hub/session/714ccc48-f755-4f02-b633-7358210766e4/element] with body: {"strategy":"id","selector":"com.vanthink.student.debug:id/btn_login","context":"","multiple":false}
[35m[WD Proxy][39m Got an unexpected response: {"sessionId":"714ccc48-f755-4f02-b633-7358210766e4","status":7,"value":"An element could not be located on the page using the given search parameters."}
[debug] [35m[MJSONWP][39m Matched JSONWP error code 7 to NoSuchElementError
[debug] [35m[W3C (0213ee90)][39m Encountered internal error running command: NoSuchElementError: An element could not be located on the page using the given search parameters.
[debug] [35m[W3C (0213ee90)][39m     at AndroidUiautomator2Driver.findElOrEls (/Users/vanthink_test_ios/.nvm/v8.14.1/lib/node_modules/appium/node_modules/appium-android-driver/lib/commands/find.js:75:11)
[debug] [35m[W3C (0213ee90)][39m     at <anonymous>
[35m[HTTP][39m [37m<-- POST /wd/hub/session/0213ee90-4681-4fdd-9b77-4750769a5c0a/element [39m[33m404[39m [90m55 ms - 434[39m
[35m[HTTP][39m [90m[39m
[35m[HTTP][39m [37m-->[39m [37mPOST[39m [37m/wd/hub/session/0213ee90-4681-4fdd-9b77-4750769a5c0a/element[39m
[35m[HTTP][39m [90m{"using":"id","value":"com.vanthink.student.debug:id/btn_login"}[39m
[debug] [35m[W3C (0213ee90)][39m Calling AppiumDriver.findElement() with args: ["id","com.vanthink.student.debug:id/btn_login","0213ee90-4681-4fdd-9b77-4750769a5c0a"]
[debug] [35m[BaseDriver][39m Valid locator strategies for this request: xpath, id, class name, accessibility id, -android uiautomator
[debug] [35m[BaseDriver][39m Waiting up to 0 ms for condition
[debug] [35m[WD Proxy][39m Matched '/element' to command name 'findElement'
[debug] [35m[WD Proxy][39m Proxying [POST /element] to [POST http://localhost:8200/wd/hub/session/714ccc48-f755-4f02-b633-7358210766e4/element] with body: {"strategy":"id","selector":"com.vanthink.student.debug:id/btn_login","context":"","multiple":false}
[35m[WD Proxy][39m Got an unexpected response: {"sessionId":"714ccc48-f755-4f02-b633-7358210766e4","status":7,"value":"An element could not be located on the page using the given search parameters."}
[debug] [35m[MJSONWP][39m Matched JSONWP error code 7 to NoSuchElementError
[debug] [35m[W3C (0213ee90)][39m Encountered internal error running command: NoSuchElementError: An element could not be located on the page using the given search parameters.
[debug] [35m[W3C (0213ee90)][39m     at AndroidUiautomator2Driver.findElOrEls (/Users/vanthink_test_ios/.nvm/v8.14.1/lib/node_modules/appium/node_modules/appium-android-driver/lib/commands/find.js:75:11)
[debug] [35m[W3C (0213ee90)][39m     at <anonymous>
[35m[HTTP][39m [37m<-- POST /wd/hub/session/0213ee90-4681-4fdd-9b77-4750769a5c0a/element [39m[33m404[39m [90m44 ms - 434[39m
[35m[HTTP][39m [90m[39m
[35m[HTTP][39m [37m-->[39m [37mPOST[39m [37m/wd/hub/session/0213ee90-4681-4fdd-9b77-4750769a5c0a/element[39m
[35m[HTTP][39m [90m{"using":"id","value":"com.vanthink.student.debug:id/btn_login"}[39m
[debug] [35m[W3C (0213ee90)][39m Calling AppiumDriver.findElement() with args: ["id","com.vanthink.student.debug:id/btn_login","0213ee90-4681-4fdd-9b77-4750769a5c0a"]
[debug] [35m[BaseDriver][39m Valid locator strategies for this request: xpath, id, class name, accessibility id, -android uiautomator
[debug] [35m[BaseDriver][39m Waiting up to 0 ms for condition
[debug] [35m[WD Proxy][39m Matched '/element' to command name 'findElement'
[debug] [35m[WD Proxy][39m Proxying [POST /element] to [POST http://localhost:8200/wd/hub/session/714ccc48-f755-4f02-b633-7358210766e4/element] with body: {"strategy":"id","selector":"com.vanthink.student.debug:id/btn_login","context":"","multiple":false}
[35m[WD Proxy][39m Got an unexpected response: {"sessionId":"714ccc48-f755-4f02-b633-7358210766e4","status":7,"value":"An element could not be located on the page using the given search parameters."}
[debug] [35m[MJSONWP][39m Matched JSONWP error code 7 to NoSuchElementError
[debug] [35m[W3C (0213ee90)][39m Encountered internal error running command: NoSuchElementError: An element could not be located on the page using the given search parameters.
[debug] [35m[W3C (0213ee90)][39m     at AndroidUiautomator2Driver.findElOrEls (/Users/vanthink_test_ios/.nvm/v8.14.1/lib/node_modules/appium/node_modules/appium-android-driver/lib/commands/find.js:75:11)
[debug] [35m[W3C (0213ee90)][39m     at <anonymous>
[35m[HTTP][39m [37m<-- POST /wd/hub/session/0213ee90-4681-4fdd-9b77-4750769a5c0a/element [39m[33m404[39m [90m46 ms - 434[39m
[35m[HTTP][39m [90m[39m
[35m[HTTP][39m [37m-->[39m [37mPOST[39m [37m/wd/hub/session/0213ee90-4681-4fdd-9b77-4750769a5c0a/element[39m
[35m[HTTP][39m [90m{"using":"id","value":"com.vanthink.student.debug:id/btn_login"}[39m
[debug] [35m[W3C (0213ee90)][39m Calling AppiumDriver.findElement() with args: ["id","com.vanthink.student.debug:id/btn_login","0213ee90-4681-4fdd-9b77-4750769a5c0a"]
[debug] [35m[BaseDriver][39m Valid locator strategies for this request: xpath, id, class name, accessibility id, -android uiautomator
[debug] [35m[BaseDriver][39m Waiting up to 0 ms for condition
[debug] [35m[WD Proxy][39m Matched '/element' to command name 'findElement'
[debug] [35m[WD Proxy][39m Proxying [POST /element] to [POST http://localhost:8200/wd/hub/session/714ccc48-f755-4f02-b633-7358210766e4/element] with body: {"strategy":"id","selector":"com.vanthink.student.debug:id/btn_login","context":"","multiple":false}
[35m[WD Proxy][39m Got an unexpected response: {"sessionId":"714ccc48-f755-4f02-b633-7358210766e4","status":7,"value":"An element could not be located on the page using the given search parameters."}
[debug] [35m[MJSONWP][39m Matched JSONWP error code 7 to NoSuchElementError
[debug] [35m[W3C (0213ee90)][39m Encountered internal error running command: NoSuchElementError: An element could not be located on the page using the given search parameters.
[debug] [35m[W3C (0213ee90)][39m     at AndroidUiautomator2Driver.findElOrEls (/Users/vanthink_test_ios/.nvm/v8.14.1/lib/node_modules/appium/node_modules/appium-android-driver/lib/commands/find.js:75:11)
[debug] [35m[W3C (0213ee90)][39m     at <anonymous>
[35m[HTTP][39m [37m<-- POST /wd/hub/session/0213ee90-4681-4fdd-9b77-4750769a5c0a/element [39m[33m404[39m [90m54 ms - 434[39m
[35m[HTTP][39m [90m[39m
[35m[HTTP][39m [37m-->[39m [37mPOST[39m [37m/wd/hub/session/0213ee90-4681-4fdd-9b77-4750769a5c0a/appium/app/close[39m
[35m[HTTP][39m [90m{}[39m
[debug] [35m[W3C (0213ee90)][39m Calling AppiumDriver.closeApp() with args: ["0213ee90-4681-4fdd-9b77-4750769a5c0a"]
[debug] [35m[ADB][39m Running '/Users/vanthink_test_ios/Desktop/intsall/adt-bundle-mac-x86_64-20140624/sdk/platform-tools/adb -P 5037 -s 4561684d shell am force-stop com.vanthink.student.debug'
[debug] [35m[W3C (0213ee90)][39m Responding to client with driver.closeApp() result: null
[35m[HTTP][39m [37m<-- POST /wd/hub/session/0213ee90-4681-4fdd-9b77-4750769a5c0a/appium/app/close [39m[32m200[39m [90m178 ms - 14[39m
[35m[HTTP][39m [90m[39m
[35m[HTTP][39m [37m-->[39m [37mPOST[39m [37m/wd/hub/session/0213ee90-4681-4fdd-9b77-4750769a5c0a/appium/app/launch[39m
[35m[HTTP][39m [90m{}[39m
[debug] [35m[W3C (0213ee90)][39m Calling AppiumDriver.launchApp() with args: ["0213ee90-4681-4fdd-9b77-4750769a5c0a"]
[debug] [35m[ADB][39m Checking app cert for /Users/vanthink_test_ios/aa/testone/test_program/app_folder/student_env_devMasterDebug_1.4.2-1.apk
[debug] [35m[ADB][39m Starting '/Users/vanthink_test_ios/Desktop/intsall/adt-bundle-mac-x86_64-20140624/sdk/build-tools/28.0.3/apksigner' with args '["verify","--print-certs","/Users/vanthink_test_ios/aa/testone/test_program/app_folder/student_env_devMasterDebug_1.4.2-1.apk"]'
[debug] [35m[ADB][39m apksigner stdout: Signer #1 certificate DN: EMAILADDRESS=android@android.com, CN=Android, OU=Android, O=Android, L=Mountain View, ST=California, C=US
[debug] [35m[ADB][39m Signer #1 certificate SHA-256 digest: a40da80a59d170caa950cf15c18c454d47a39b26989d8b640ecd745ba71bf5dc
[debug] [35m[ADB][39m Signer #1 certificate SHA-1 digest: 61ed377e85d386a8dfee6b864bd85b0bfaa5af81
[debug] [35m[ADB][39m Signer #1 certificate MD5 digest: e89b158e4bcf988ebd09eb83f5378e87
[debug] [35m[ADB][39m 
[debug] [35m[ADB][39m '/Users/vanthink_test_ios/aa/testone/test_program/app_folder/student_env_devMasterDebug_1.4.2-1.apk' is already signed.
[debug] [35m[ADB][39m Getting install status for com.vanthink.student.debug
[debug] [35m[ADB][39m Running '/Users/vanthink_test_ios/Desktop/intsall/adt-bundle-mac-x86_64-20140624/sdk/platform-tools/adb -P 5037 -s 4561684d shell dumpsys package com.vanthink.student.debug'
[debug] [35m[ADB][39m 'com.vanthink.student.debug' is installed
[debug] [35m[ADB][39m Getting package info for 'com.vanthink.student.debug'
[debug] [35m[ADB][39m Running '/Users/vanthink_test_ios/Desktop/intsall/adt-bundle-mac-x86_64-20140624/sdk/platform-tools/adb -P 5037 -s 4561684d shell dumpsys package com.vanthink.student.debug'
[debug] [35m[ADB][39m The version name of the installed 'com.vanthink.student.debug' is greater or equal to the application version name ('1.4.2' >= '1.4.2')
[debug] [35m[ADB][39m There is no need to install/upgrade '/Users/vanthink_test_ios/aa/testone/test_program/app_folder/student_env_devMasterDebug_1.4.2-1.apk'
[debug] [35m[ADB][39m Running '/Users/vanthink_test_ios/Desktop/intsall/adt-bundle-mac-x86_64-20140624/sdk/platform-tools/adb -P 5037 -s 4561684d shell am start -W -n com.vanthink.student.debug/com.vanthink.vanthinkstudent.ui.splash.SplashActivity -S -a android.intent.action.MAIN -c android.intent.category.LAUNCHER -f 0x10200000'
[35m[HTTP][39m [37m-->[39m [37mGET[39m [37m/wd/hub/status[39m
[35m[HTTP][39m [90m{}[39m
[debug] [35m[GENERIC][39m Calling AppiumDriver.getStatus() with args: []
[debug] [35m[GENERIC][39m Responding to client with driver.getStatus() result: {"build":{"version":"1.13.0"}}
[35m[HTTP][39m [37m<-- GET /wd/hub/status [39m[32m200[39m [90m3 ms - 68[39m
[35m[HTTP][39m [90m[39m
[debug] [35m[ADB][39m Waiting up to 20000ms for activity matching pkg: 'com.vanthink.student.debug' and activity: 'com.vanthink.vanthinkstudent.ui.splash.SplashActivity' to be focused
[debug] [35m[ADB][39m Possible activities, to be checked: 'com.vanthink.vanthinkstudent.ui.splash.SplashActivity', 'com.vanthink.student.debug.com.vanthink.vanthinkstudent.ui.splash.SplashActivity'
[debug] [35m[ADB][39m Getting focused package and activity
[debug] [35m[ADB][39m Running '/Users/vanthink_test_ios/Desktop/intsall/adt-bundle-mac-x86_64-20140624/sdk/platform-tools/adb -P 5037 -s 4561684d shell dumpsys window windows'
[debug] [35m[ADB][39m Found package: 'com.vanthink.student.debug' and fully qualified activity name : 'com.vanthink.vanthinkstudent.ui.splash.SplashActivity'
[debug] [35m[W3C (0213ee90)][39m Responding to client with driver.launchApp() result: null
[35m[HTTP][39m [37m<-- POST /wd/hub/session/0213ee90-4681-4fdd-9b77-4750769a5c0a/appium/app/launch [39m[32m200[39m [90m2402 ms - 14[39m
[35m[HTTP][39m [90m[39m
[35m[HTTP][39m [37m-->[39m [37mGET[39m [37m/wd/hub/status[39m
[35m[HTTP][39m [90m{}[39m
[debug] [35m[GENERIC][39m Calling AppiumDriver.getStatus() with args: []
[debug] [35m[GENERIC][39m Responding to client with driver.getStatus() result: {"build":{"version":"1.13.0"}}
[35m[HTTP][39m [37m<-- GET /wd/hub/status [39m[32m200[39m [90m1 ms - 68[39m
[35m[HTTP][39m [90m[39m
[35m[HTTP][39m [37m-->[39m [37mPOST[39m [37m/wd/hub/session/0213ee90-4681-4fdd-9b77-4750769a5c0a/element[39m
[35m[HTTP][39m [90m{"using":"id","value":"com.vanthink.student.debug:id/btn_login"}[39m
[debug] [35m[W3C (0213ee90)][39m Calling AppiumDriver.findElement() with args: ["id","com.vanthink.student.debug:id/btn_login","0213ee90-4681-4fdd-9b77-4750769a5c0a"]
[debug] [35m[BaseDriver][39m Valid locator strategies for this request: xpath, id, class name, accessibility id, -android uiautomator
[debug] [35m[BaseDriver][39m Waiting up to 0 ms for condition
[debug] [35m[WD Proxy][39m Matched '/element' to command name 'findElement'
[debug] [35m[WD Proxy][39m Proxying [POST /element] to [POST http://localhost:8200/wd/hub/session/714ccc48-f755-4f02-b633-7358210766e4/element] with body: {"strategy":"id","selector":"com.vanthink.student.debug:id/btn_login","context":"","multiple":false}
[debug] [35m[WD Proxy][39m Got response with status 200: {"sessionId":"714ccc48-f755-4f02-b633-7358210766e4","status":0,"value":{"ELEMENT":"684b1280-c5de-4b5e-a6cc-7b7480443af4"}}
[debug] [35m[W3C (0213ee90)][39m Responding to client with driver.findElement() result: {"element-6066-11e4-a52e-4f735466cecf":"684b1280-c5de-4b5e-a6cc-7b7480443af4","ELEMENT":"684b1280-c5de-4b5e-a6cc-7b7480443af4"}
[35m[HTTP][39m [37m<-- POST /wd/hub/session/0213ee90-4681-4fdd-9b77-4750769a5c0a/element [39m[32m200[39m [90m64 ms - 137[39m
[35m[HTTP][39m [90m[39m
[35m[HTTP][39m [37m-->[39m [37mPOST[39m [37m/wd/hub/session/0213ee90-4681-4fdd-9b77-4750769a5c0a/element[39m
[35m[HTTP][39m [90m{"using":"id","value":"com.vanthink.student.debug:id/ed_user_nickname"}[39m
[debug] [35m[W3C (0213ee90)][39m Calling AppiumDriver.findElement() with args: ["id","com.vanthink.student.debug:id/ed_user_nickname","0213ee90-4681-4fdd-9b77-4750769a5c0a"]
[debug] [35m[BaseDriver][39m Valid locator strategies for this request: xpath, id, class name, accessibility id, -android uiautomator
[debug] [35m[BaseDriver][39m Waiting up to 0 ms for condition
[debug] [35m[WD Proxy][39m Matched '/element' to command name 'findElement'
[debug] [35m[WD Proxy][39m Proxying [POST /element] to [POST http://localhost:8200/wd/hub/session/714ccc48-f755-4f02-b633-7358210766e4/element] with body: {"strategy":"id","selector":"com.vanthink.student.debug:id/ed_user_nickname","context":"","multiple":false}
[debug] [35m[WD Proxy][39m Got response with status 200: {"sessionId":"714ccc48-f755-4f02-b633-7358210766e4","status":0,"value":{"ELEMENT":"93e7e27a-949a-44a4-ac1d-82c2be7dad4c"}}
[debug] [35m[W3C (0213ee90)][39m Responding to client with driver.findElement() result: {"element-6066-11e4-a52e-4f735466cecf":"93e7e27a-949a-44a4-ac1d-82c2be7dad4c","ELEMENT":"93e7e27a-949a-44a4-ac1d-82c2be7dad4c"}
[35m[HTTP][39m [37m<-- POST /wd/hub/session/0213ee90-4681-4fdd-9b77-4750769a5c0a/element [39m[32m200[39m [90m65 ms - 137[39m
[35m[HTTP][39m [90m[39m
[35m[HTTP][39m [37m-->[39m [37mPOST[39m [37m/wd/hub/session/0213ee90-4681-4fdd-9b77-4750769a5c0a/element[39m
[35m[HTTP][39m [90m{"using":"id","value":"com.vanthink.student.debug:id/ed_user_pwd"}[39m
[debug] [35m[W3C (0213ee90)][39m Calling AppiumDriver.findElement() with args: ["id","com.vanthink.student.debug:id/ed_user_pwd","0213ee90-4681-4fdd-9b77-4750769a5c0a"]
[debug] [35m[BaseDriver][39m Valid locator strategies for this request: xpath, id, class name, accessibility id, -android uiautomator
[debug] [35m[BaseDriver][39m Waiting up to 0 ms for condition
[debug] [35m[WD Proxy][39m Matched '/element' to command name 'findElement'
[debug] [35m[WD Proxy][39m Proxying [POST /element] to [POST http://localhost:8200/wd/hub/session/714ccc48-f755-4f02-b633-7358210766e4/element] with body: {"strategy":"id","selector":"com.vanthink.student.debug:id/ed_user_pwd","context":"","multiple":false}
[debug] [35m[WD Proxy][39m Got response with status 200: {"sessionId":"714ccc48-f755-4f02-b633-7358210766e4","status":0,"value":{"ELEMENT":"6dd22f8f-6170-4451-adb9-32c6598f650b"}}
[debug] [35m[W3C (0213ee90)][39m Responding to client with driver.findElement() result: {"element-6066-11e4-a52e-4f735466cecf":"6dd22f8f-6170-4451-adb9-32c6598f650b","ELEMENT":"6dd22f8f-6170-4451-adb9-32c6598f650b"}
[35m[HTTP][39m [37m<-- POST /wd/hub/session/0213ee90-4681-4fdd-9b77-4750769a5c0a/element [39m[32m200[39m [90m47 ms - 137[39m
[35m[HTTP][39m [90m[39m
[35m[HTTP][39m [37m-->[39m [37mPOST[39m [37m/wd/hub/session/0213ee90-4681-4fdd-9b77-4750769a5c0a/element/93e7e27a-949a-44a4-ac1d-82c2be7dad4c/value[39m
[35m[HTTP][39m [90m{"text":"18823452347","value":["1","8","8","2","3","4","5","2","3","4","7"],"id":"93e7e27a-949a-44a4-ac1d-82c2be7dad4c"}[39m
[debug] [35m[W3C (0213ee90)][39m Calling AppiumDriver.setValue() with args: [["1","8","8","2","3","4","5","2","3","4","7"],"93e7e27a-949a-44a4-ac1d-82c2be7dad4c","0213ee90-4681-4fdd-9b77-4750769a5c0a"]
[debug] [35m[WD Proxy][39m Matched '/element/93e7e27a-949a-44a4-ac1d-82c2be7dad4c/value' to command name 'setValue'
[debug] [35m[Protocol Converter][39m Added 'value' property ["1","8","8","2","3","4","5","2","3","4","7"] to 'setValue' request body
[debug] [35m[WD Proxy][39m Proxying [POST /element/93e7e27a-949a-44a4-ac1d-82c2be7dad4c/value] to [POST http://localhost:8200/wd/hub/session/714ccc48-f755-4f02-b633-7358210766e4/element/93e7e27a-949a-44a4-ac1d-82c2be7dad4c/value] with body: {"elementId":"93e7e27a-949a-44a4-ac1d-82c2be7dad4c","text":"18823452347","replace":false,"value":["1","8","8","2","3","4","5","2","3","4","7"]}
[debug] [35m[WD Proxy][39m Got response with status 200: {"sessionId":"714ccc48-f755-4f02-b633-7358210766e4","status":0,"value":""}
[debug] [35m[W3C (0213ee90)][39m Responding to client with driver.setValue() result: ""
[35m[HTTP][39m [37m<-- POST /wd/hub/session/0213ee90-4681-4fdd-9b77-4750769a5c0a/element/93e7e27a-949a-44a4-ac1d-82c2be7dad4c/value [39m[32m200[39m [90m1651 ms - 12[39m
[35m[HTTP][39m [90m[39m
[35m[HTTP][39m [37m-->[39m [37mPOST[39m [37m/wd/hub/session/0213ee90-4681-4fdd-9b77-4750769a5c0a/element/6dd22f8f-6170-4451-adb9-32c6598f650b/value[39m
[35m[HTTP][39m [90m{"text":"1N14VXUCJTHoA","value":["1","N","1","4","V","X","U","C","J","T","H","o","A"],"id":"6dd22f8f-6170-4451-adb9-32c6598f650b"}[39m
[debug] [35m[W3C (0213ee90)][39m Calling AppiumDriver.setValue() with args: [["1","N","1","4","V","X","U","C","J","T","H","o","A"],"6dd22f8f-6170-4451-adb9-32c6598f650b","0213ee90-4681-4fdd-9b77-4750769a5c0a"]
[debug] [35m[WD Proxy][39m Matched '/element/6dd22f8f-6170-4451-adb9-32c6598f650b/value' to command name 'setValue'
[debug] [35m[Protocol Converter][39m Added 'value' property ["1","N","1","4","V","X","U","C","J","T","H","o","A"] to 'setValue' request body
[debug] [35m[WD Proxy][39m Proxying [POST /element/6dd22f8f-6170-4451-adb9-32c6598f650b/value] to [POST http://localhost:8200/wd/hub/session/714ccc48-f755-4f02-b633-7358210766e4/element/6dd22f8f-6170-4451-adb9-32c6598f650b/value] with body: {"elementId":"6dd22f8f-6170-4451-adb9-32c6598f650b","text":"1N14VXUCJTHoA","replace":false,"value":["1","N","1","4","V","X","U","C","J","T","H","o","A"]}
[35m[HTTP][39m [37m-->[39m [37mGET[39m [37m/wd/hub/status[39m
[35m[HTTP][39m [90m{}[39m
[debug] [35m[GENERIC][39m Calling AppiumDriver.getStatus() with args: []
[debug] [35m[GENERIC][39m Responding to client with driver.getStatus() result: {"build":{"version":"1.13.0"}}
[35m[HTTP][39m [37m<-- GET /wd/hub/status [39m[32m200[39m [90m1 ms - 68[39m
[35m[HTTP][39m [90m[39m
[debug] [35m[WD Proxy][39m Got response with status 200: {"sessionId":"714ccc48-f755-4f02-b633-7358210766e4","status":0,"value":""}
[debug] [35m[W3C (0213ee90)][39m Responding to client with driver.setValue() result: ""
[35m[HTTP][39m [37m<-- POST /wd/hub/session/0213ee90-4681-4fdd-9b77-4750769a5c0a/element/6dd22f8f-6170-4451-adb9-32c6598f650b/value [39m[32m200[39m [90m1123 ms - 12[39m
[35m[HTTP][39m [90m[39m
[35m[HTTP][39m [37m-->[39m [37mPOST[39m [37m/wd/hub/session/0213ee90-4681-4fdd-9b77-4750769a5c0a/element[39m
[35m[HTTP][39m [90m{"using":"id","value":"com.vanthink.student.debug:id/btn_login"}[39m
[debug] [35m[W3C (0213ee90)][39m Calling AppiumDriver.findElement() with args: ["id","com.vanthink.student.debug:id/btn_login","0213ee90-4681-4fdd-9b77-4750769a5c0a"]
[debug] [35m[BaseDriver][39m Valid locator strategies for this request: xpath, id, class name, accessibility id, -android uiautomator
[debug] [35m[BaseDriver][39m Waiting up to 0 ms for condition
[debug] [35m[WD Proxy][39m Matched '/element' to command name 'findElement'
[debug] [35m[WD Proxy][39m Proxying [POST /element] to [POST http://localhost:8200/wd/hub/session/714ccc48-f755-4f02-b633-7358210766e4/element] with body: {"strategy":"id","selector":"com.vanthink.student.debug:id/btn_login","context":"","multiple":false}
[35m[WD Proxy][39m Got an unexpected response: {"sessionId":"714ccc48-f755-4f02-b633-7358210766e4","status":7,"value":"An element could not be located on the page using the given search parameters."}
[debug] [35m[MJSONWP][39m Matched JSONWP error code 7 to NoSuchElementError
[debug] [35m[W3C (0213ee90)][39m Encountered internal error running command: NoSuchElementError: An element could not be located on the page using the given search parameters.
[debug] [35m[W3C (0213ee90)][39m     at AndroidUiautomator2Driver.findElOrEls (/Users/vanthink_test_ios/.nvm/v8.14.1/lib/node_modules/appium/node_modules/appium-android-driver/lib/commands/find.js:75:11)
[debug] [35m[W3C (0213ee90)][39m     at <anonymous>
[35m[HTTP][39m [37m<-- POST /wd/hub/session/0213ee90-4681-4fdd-9b77-4750769a5c0a/element [39m[33m404[39m [90m877 ms - 434[39m
[35m[HTTP][39m [90m[39m
[35m[HTTP][39m [37m-->[39m [37mGET[39m [37m/wd/hub/session/0213ee90-4681-4fdd-9b77-4750769a5c0a/screenshot[39m
[35m[HTTP][39m [90m{}[39m
[debug] [35m[W3C (0213ee90)][39m Calling AppiumDriver.getScreenshot() with args: ["0213ee90-4681-4fdd-9b77-4750769a5c0a"]
[debug] [35m[WD Proxy][39m Matched '/screenshot' to command name 'getScreenshot'
[debug] [35m[WD Proxy][39m Proxying [GET /screenshot] to [GET http://localhost:8200/wd/hub/session/714ccc48-f755-4f02-b633-7358210766e4/screenshot] with no body
[debug] [35m[WD Proxy][39m Got response with status 200: "{\"sessionId\":\"714ccc48-f755-4f02-b633-7358210766e4\",\"status\":0,\"value\":\"iVBORw0KGgoAAAANSUhEUgAABDgAAAhwCAYAAADIu476AAAABHNCSVQICAgIfAhkiAAAIABJREFU\\neJzsvXd0HNeZp\\/1UVQc0QgONRCQGAAwASDGAYM4UKVIkJdnSWLYkj7xjz45nVzvr2Z09u3vOnu+c\\n\\/b6zYc6Z2d3xepI9I9uSLcuWTCVKVCAlSiRFihJzJkUCjABI5Ni57vdHdRW6gQbQjURQuo8OxK7u\\nqlu3qqu76\\/7u+\\/5epah8i0AikUgkEolEIpFIJBKJ5D5GvdcdkEgkEolEIpFIJBKJRCIZLVLgkEgk\\nEolEIpFIJBKJRHLfIwUOiUQikUgkEolEIpFIJPc9UuCQSCQSiUQikUgkEolEct8jBQ6JRCKRSCQS\\niUQikUgk9z1S4JBIJBKJRCKRSCQSiURy3yMFDolEIpFIJBKJRCKRSCT3PVLgkEgkEolEIpFIJBKJ\\nRHLfIwUOiUQikUgkEolEIpFIJPc9UuCQSCQSiUQikUgkEolEct8jBQ6JRCKRSCQSiUQikUgk9z1S\\n4JBIJBKJRCKRSCQSiURy3yMFDolEIpFIJBKJRCKRSCT3PVLgkEgkEolEIpFIJBKJRHLfIwUOiUQi\\nkUgkEolEIpFIJPc9UuCQSCQSiUQikUgkEolEct8jBQ6JRCKRSCQSiUQikUgk9z22e90ByVcLBVAU\\nQWZqiIVTu8lMDYEAdBFZQ9DRa+N0vZs2rw2hK4gh2pPcH2RmplNTPZeMdNeE7bOr28vR4+fo6Oge\\nVTt6WiqBilkI2zh+HYbDOC9eQe3pASGveIlEIpFIJBKJZDxQisq3yLttyahRAHdqiK0L2pjh6cVp\\n0ynM9JOihUHHEDiEAAH+gEJDVwregMKNdhfvX8yj3WufVEKHzaax4IHZnDpzmV...
[debug] [35m[W3C (0213ee90)][39m Responding to client with driver.getScreenshot() result: "iVBORw0KGgoAAAANSUhEUgAABDgAAAhwCAYAAADIu476AAAABHNCSVQICAgIfAhkiAAAIABJREFU\neJzsvXd0HNeZp/1UVQc0QgONRCQGAAwASDGAYM4UKVIkJdnSWLYkj7xjz45nVzvr2Z09u3vOnu+c\n/b6zYc6Z2d3xepI9I9uSLcuWTCVKVCAlSiRFihJzJkUCjABI5Ni57vdHdRW6gQbQjURQuo8OxK7u\nqlu3qqu76/7u+/5epah8i0AikUgkEolEIpFIJBKJ5D5GvdcdkEgkEolEIpFIJBKJRCIZLVLgkEgk\nEolEIpFIJBKJRHLfIwUOiUQikUgkEolEIpFIJPc9UuCQSCQSiUQikUgkEolEct8jBQ6JRCKRSCQS\niUQikUgk9z1S4JBIJBKJRCKRSCQSiURy3yMFDolEIpFIJBKJRCKRSCT3PVLgkEgkEolEIpFIJBKJ\nRHLfIwUOiUQikUgkEolEIpFIJPc9UuCQSCQSiUQikUgkEolEct8jBQ6JRCKRSCQSiUQikUgk9z1S\n4JBIJBKJRCKRSCQSiURy3yMFDolEIpFIJBKJRCKRSCT3PVLgkEgkEolEIpFIJBKJRHLfIwUOiUQi\nkUgkEolEIpFIJPc9UuCQSCQSiUQikUgkEolEct8jBQ6JRCKRSCQSiUQikUgk9z22e90ByVcLBVAU\nQWZqiIVTu8lMDYEAdBFZQ9DRa+N0vZs2rw2hK4gh2pPcH2RmplNTPZeMdNeE7bOr28vR4+fo6Oge\nVTt6WiqBilkI2zh+HYbDOC9eQe3pASGveIlEIpFIJBKJZDxQisq3yLttyahRAHdqiK0L2pjh6cVp\n0ynM9JOihUHHEDiEAAH+gEJDVwregMKNdhfvX8yj3WufVEKHzaax4IHZnDpzmVAofK+7M6mZV1XO\nE994kKKifJwO+4Tt1x8IUl9/l51vfMTZ81eS3l7PdONdtpiwJ4twXjYo4xnQJtCaW9Ha2kn57Cha\ne+c47k...
[35m[HTTP][39m [37m<-- GET /wd/hub/session/0213ee90-4681-4fdd-9b77-4750769a5c0a/screenshot [39m[32m200[39m [90m657 ms - 104578[39m
[35m[HTTP][39m [90m[39m
[35m[HTTP][39m [37m-->[39m [37mGET[39m [37m/wd/hub/session/0213ee90-4681-4fdd-9b77-4750769a5c0a/appium/device/current_activity[39m
[35m[HTTP][39m [90m{}[39m
[debug] [35m[W3C (0213ee90)][39m Calling AppiumDriver.getCurrentActivity() with args: ["0213ee90-4681-4fdd-9b77-4750769a5c0a"]
[debug] [35m[ADB][39m Getting focused package and activity
[debug] [35m[ADB][39m Running '/Users/vanthink_test_ios/Desktop/intsall/adt-bundle-mac-x86_64-20140624/sdk/platform-tools/adb -P 5037 -s 4561684d shell dumpsys window windows'
[debug] [35m[W3C (0213ee90)][39m Responding to client with driver.getCurrentActivity() result: "com.vanthink.vanthinkstudent.ui.user.login.LoginActivity"
[35m[HTTP][39m [37m<-- GET /wd/hub/session/0213ee90-4681-4fdd-9b77-4750769a5c0a/appium/device/current_activity [39m[32m200[39m [90m62 ms - 68[39m
[35m[HTTP][39m [90m[39m
[35m[HTTP][39m [37m-->[39m [37mPOST[39m [37m/wd/hub/session/0213ee90-4681-4fdd-9b77-4750769a5c0a/element[39m
[35m[HTTP][39m [90m{"using":"id","value":"com.vanthink.student.debug:id/btn_login"}[39m
[debug] [35m[W3C (0213ee90)][39m Calling AppiumDriver.findElement() with args: ["id","com.vanthink.student.debug:id/btn_login","0213ee90-4681-4fdd-9b77-4750769a5c0a"]
[debug] [35m[BaseDriver][39m Valid locator strategies for this request: xpath, id, class name, accessibility id, -android uiautomator
[debug] [35m[BaseDriver][39m Waiting up to 0 ms for condition
[debug] [35m[WD Proxy][39m Matched '/element' to command name 'findElement'
[debug] [35m[WD Proxy][39m Proxying [POST /element] to [POST http://localhost:8200/wd/hub/session/714ccc48-f755-4f02-b633-7358210766e4/element] with body: {"strategy":"id","selector":"com.vanthink.student.debug:id/btn_login","context":"","multiple":false}
[35m[WD Proxy][39m Got an unexpected response: {"sessionId":"714ccc48-f755-4f02-b633-7358210766e4","status":7,"value":"An element could not be located on the page using the given search parameters."}
[debug] [35m[MJSONWP][39m Matched JSONWP error code 7 to NoSuchElementError
[debug] [35m[W3C (0213ee90)][39m Encountered internal error running command: NoSuchElementError: An element could not be located on the page using the given search parameters.
[debug] [35m[W3C (0213ee90)][39m     at AndroidUiautomator2Driver.findElOrEls (/Users/vanthink_test_ios/.nvm/v8.14.1/lib/node_modules/appium/node_modules/appium-android-driver/lib/commands/find.js:75:11)
[debug] [35m[W3C (0213ee90)][39m     at <anonymous>
[35m[HTTP][39m [37m<-- POST /wd/hub/session/0213ee90-4681-4fdd-9b77-4750769a5c0a/element [39m[33m404[39m [90m49 ms - 434[39m
[35m[HTTP][39m [90m[39m
[35m[HTTP][39m [37m-->[39m [37mPOST[39m [37m/wd/hub/session/0213ee90-4681-4fdd-9b77-4750769a5c0a/element[39m
[35m[HTTP][39m [90m{"using":"id","value":"com.vanthink.student.debug:id/btn_login"}[39m
[debug] [35m[W3C (0213ee90)][39m Calling AppiumDriver.findElement() with args: ["id","com.vanthink.student.debug:id/btn_login","0213ee90-4681-4fdd-9b77-4750769a5c0a"]
[debug] [35m[BaseDriver][39m Valid locator strategies for this request: xpath, id, class name, accessibility id, -android uiautomator
[debug] [35m[BaseDriver][39m Waiting up to 0 ms for condition
[debug] [35m[WD Proxy][39m Matched '/element' to command name 'findElement'
[debug] [35m[WD Proxy][39m Proxying [POST /element] to [POST http://localhost:8200/wd/hub/session/714ccc48-f755-4f02-b633-7358210766e4/element] with body: {"strategy":"id","selector":"com.vanthink.student.debug:id/btn_login","context":"","multiple":false}
[35m[WD Proxy][39m Got an unexpected response: {"sessionId":"714ccc48-f755-4f02-b633-7358210766e4","status":7,"value":"An element could not be located on the page using the given search parameters."}
[debug] [35m[MJSONWP][39m Matched JSONWP error code 7 to NoSuchElementError
[debug] [35m[W3C (0213ee90)][39m Encountered internal error running command: NoSuchElementError: An element could not be located on the page using the given search parameters.
[debug] [35m[W3C (0213ee90)][39m     at AndroidUiautomator2Driver.findElOrEls (/Users/vanthink_test_ios/.nvm/v8.14.1/lib/node_modules/appium/node_modules/appium-android-driver/lib/commands/find.js:75:11)
[debug] [35m[W3C (0213ee90)][39m     at <anonymous>
[35m[HTTP][39m [37m<-- POST /wd/hub/session/0213ee90-4681-4fdd-9b77-4750769a5c0a/element [39m[33m404[39m [90m41 ms - 434[39m
[35m[HTTP][39m [90m[39m
[35m[HTTP][39m [37m-->[39m [37mPOST[39m [37m/wd/hub/session/0213ee90-4681-4fdd-9b77-4750769a5c0a/element[39m
[35m[HTTP][39m [90m{"using":"id","value":"com.vanthink.student.debug:id/btn_login"}[39m
[debug] [35m[W3C (0213ee90)][39m Calling AppiumDriver.findElement() with args: ["id","com.vanthink.student.debug:id/btn_login","0213ee90-4681-4fdd-9b77-4750769a5c0a"]
[debug] [35m[BaseDriver][39m Valid locator strategies for this request: xpath, id, class name, accessibility id, -android uiautomator
[debug] [35m[BaseDriver][39m Waiting up to 0 ms for condition
[debug] [35m[WD Proxy][39m Matched '/element' to command name 'findElement'
[debug] [35m[WD Proxy][39m Proxying [POST /element] to [POST http://localhost:8200/wd/hub/session/714ccc48-f755-4f02-b633-7358210766e4/element] with body: {"strategy":"id","selector":"com.vanthink.student.debug:id/btn_login","context":"","multiple":false}
[35m[WD Proxy][39m Got an unexpected response: {"sessionId":"714ccc48-f755-4f02-b633-7358210766e4","status":7,"value":"An element could not be located on the page using the given search parameters."}
[debug] [35m[MJSONWP][39m Matched JSONWP error code 7 to NoSuchElementError
[debug] [35m[W3C (0213ee90)][39m Encountered internal error running command: NoSuchElementError: An element could not be located on the page using the given search parameters.
[debug] [35m[W3C (0213ee90)][39m     at AndroidUiautomator2Driver.findElOrEls (/Users/vanthink_test_ios/.nvm/v8.14.1/lib/node_modules/appium/node_modules/appium-android-driver/lib/commands/find.js:75:11)
[debug] [35m[W3C (0213ee90)][39m     at <anonymous>
[35m[HTTP][39m [37m<-- POST /wd/hub/session/0213ee90-4681-4fdd-9b77-4750769a5c0a/element [39m[33m404[39m [90m44 ms - 434[39m
[35m[HTTP][39m [90m[39m
[35m[HTTP][39m [37m-->[39m [37mPOST[39m [37m/wd/hub/session/0213ee90-4681-4fdd-9b77-4750769a5c0a/element[39m
[35m[HTTP][39m [90m{"using":"id","value":"com.vanthink.student.debug:id/btn_login"}[39m
[debug] [35m[W3C (0213ee90)][39m Calling AppiumDriver.findElement() with args: ["id","com.vanthink.student.debug:id/btn_login","0213ee90-4681-4fdd-9b77-4750769a5c0a"]
[debug] [35m[BaseDriver][39m Valid locator strategies for this request: xpath, id, class name, accessibility id, -android uiautomator
[debug] [35m[BaseDriver][39m Waiting up to 0 ms for condition
[debug] [35m[WD Proxy][39m Matched '/element' to command name 'findElement'
[debug] [35m[WD Proxy][39m Proxying [POST /element] to [POST http://localhost:8200/wd/hub/session/714ccc48-f755-4f02-b633-7358210766e4/element] with body: {"strategy":"id","selector":"com.vanthink.student.debug:id/btn_login","context":"","multiple":false}
[35m[WD Proxy][39m Got an unexpected response: {"sessionId":"714ccc48-f755-4f02-b633-7358210766e4","status":7,"value":"An element could not be located on the page using the given search parameters."}
[debug] [35m[MJSONWP][39m Matched JSONWP error code 7 to NoSuchElementError
[debug] [35m[W3C (0213ee90)][39m Encountered internal error running command: NoSuchElementError: An element could not be located on the page using the given search parameters.
[debug] [35m[W3C (0213ee90)][39m     at AndroidUiautomator2Driver.findElOrEls (/Users/vanthink_test_ios/.nvm/v8.14.1/lib/node_modules/appium/node_modules/appium-android-driver/lib/commands/find.js:75:11)
[debug] [35m[W3C (0213ee90)][39m     at <anonymous>
[35m[HTTP][39m [37m<-- POST /wd/hub/session/0213ee90-4681-4fdd-9b77-4750769a5c0a/element [39m[33m404[39m [90m40 ms - 434[39m
[35m[HTTP][39m [90m[39m
[35m[HTTP][39m [37m-->[39m [37mPOST[39m [37m/wd/hub/session/0213ee90-4681-4fdd-9b77-4750769a5c0a/element[39m
[35m[HTTP][39m [90m{"using":"id","value":"com.vanthink.student.debug:id/btn_login"}[39m
[debug] [35m[W3C (0213ee90)][39m Calling AppiumDriver.findElement() with args: ["id","com.vanthink.student.debug:id/btn_login","0213ee90-4681-4fdd-9b77-4750769a5c0a"]
[debug] [35m[BaseDriver][39m Valid locator strategies for this request: xpath, id, class name, accessibility id, -android uiautomator
[debug] [35m[BaseDriver][39m Waiting up to 0 ms for condition
[debug] [35m[WD Proxy][39m Matched '/element' to command name 'findElement'
[debug] [35m[WD Proxy][39m Proxying [POST /element] to [POST http://localhost:8200/wd/hub/session/714ccc48-f755-4f02-b633-7358210766e4/element] with body: {"strategy":"id","selector":"com.vanthink.student.debug:id/btn_login","context":"","multiple":false}
[35m[WD Proxy][39m Got an unexpected response: {"sessionId":"714ccc48-f755-4f02-b633-7358210766e4","status":7,"value":"An element could not be located on the page using the given search parameters."}
[debug] [35m[MJSONWP][39m Matched JSONWP error code 7 to NoSuchElementError
[debug] [35m[W3C (0213ee90)][39m Encountered internal error running command: NoSuchElementError: An element could not be located on the page using the given search parameters.
[debug] [35m[W3C (0213ee90)][39m     at AndroidUiautomator2Driver.findElOrEls (/Users/vanthink_test_ios/.nvm/v8.14.1/lib/node_modules/appium/node_modules/appium-android-driver/lib/commands/find.js:75:11)
[debug] [35m[W3C (0213ee90)][39m     at <anonymous>
[35m[HTTP][39m [37m<-- POST /wd/hub/session/0213ee90-4681-4fdd-9b77-4750769a5c0a/element [39m[33m404[39m [90m41 ms - 434[39m
[35m[HTTP][39m [90m[39m
[35m[HTTP][39m [37m-->[39m [37mGET[39m [37m/wd/hub/status[39m
[35m[HTTP][39m [90m{}[39m
[debug] [35m[GENERIC][39m Calling AppiumDriver.getStatus() with args: []
[debug] [35m[GENERIC][39m Responding to client with driver.getStatus() result: {"build":{"version":"1.13.0"}}
[35m[HTTP][39m [37m<-- GET /wd/hub/status [39m[32m200[39m [90m1 ms - 68[39m
[35m[HTTP][39m [90m[39m
[35m[HTTP][39m [37m-->[39m [37mPOST[39m [37m/wd/hub/session/0213ee90-4681-4fdd-9b77-4750769a5c0a/element[39m
[35m[HTTP][39m [90m{"using":"id","value":"com.vanthink.student.debug:id/btn_login"}[39m
[debug] [35m[W3C (0213ee90)][39m Calling AppiumDriver.findElement() with args: ["id","com.vanthink.student.debug:id/btn_login","0213ee90-4681-4fdd-9b77-4750769a5c0a"]
[debug] [35m[BaseDriver][39m Valid locator strategies for this request: xpath, id, class name, accessibility id, -android uiautomator
[debug] [35m[BaseDriver][39m Waiting up to 0 ms for condition
[debug] [35m[WD Proxy][39m Matched '/element' to command name 'findElement'
[debug] [35m[WD Proxy][39m Proxying [POST /element] to [POST http://localhost:8200/wd/hub/session/714ccc48-f755-4f02-b633-7358210766e4/element] with body: {"strategy":"id","selector":"com.vanthink.student.debug:id/btn_login","context":"","multiple":false}
[35m[WD Proxy][39m Got an unexpected response: {"sessionId":"714ccc48-f755-4f02-b633-7358210766e4","status":7,"value":"An element could not be located on the page using the given search parameters."}
[debug] [35m[MJSONWP][39m Matched JSONWP error code 7 to NoSuchElementError
[debug] [35m[W3C (0213ee90)][39m Encountered internal error running command: NoSuchElementError: An element could not be located on the page using the given search parameters.
[debug] [35m[W3C (0213ee90)][39m     at AndroidUiautomator2Driver.findElOrEls (/Users/vanthink_test_ios/.nvm/v8.14.1/lib/node_modules/appium/node_modules/appium-android-driver/lib/commands/find.js:75:11)
[debug] [35m[W3C (0213ee90)][39m     at <anonymous>
[35m[HTTP][39m [37m<-- POST /wd/hub/session/0213ee90-4681-4fdd-9b77-4750769a5c0a/element [39m[33m404[39m [90m45 ms - 434[39m
[35m[HTTP][39m [90m[39m
[35m[HTTP][39m [37m-->[39m [37mPOST[39m [37m/wd/hub/session/0213ee90-4681-4fdd-9b77-4750769a5c0a/element[39m
[35m[HTTP][39m [90m{"using":"id","value":"com.vanthink.student.debug:id/btn_login"}[39m
[debug] [35m[W3C (0213ee90)][39m Calling AppiumDriver.findElement() with args: ["id","com.vanthink.student.debug:id/btn_login","0213ee90-4681-4fdd-9b77-4750769a5c0a"]
[debug] [35m[BaseDriver][39m Valid locator strategies for this request: xpath, id, class name, accessibility id, -android uiautomator
[debug] [35m[BaseDriver][39m Waiting up to 0 ms for condition
[debug] [35m[WD Proxy][39m Matched '/element' to command name 'findElement'
[debug] [35m[WD Proxy][39m Proxying [POST /element] to [POST http://localhost:8200/wd/hub/session/714ccc48-f755-4f02-b633-7358210766e4/element] with body: {"strategy":"id","selector":"com.vanthink.student.debug:id/btn_login","context":"","multiple":false}
[35m[WD Proxy][39m Got an unexpected response: {"sessionId":"714ccc48-f755-4f02-b633-7358210766e4","status":7,"value":"An element could not be located on the page using the given search parameters."}
[debug] [35m[MJSONWP][39m Matched JSONWP error code 7 to NoSuchElementError
[debug] [35m[W3C (0213ee90)][39m Encountered internal error running command: NoSuchElementError: An element could not be located on the page using the given search parameters.
[debug] [35m[W3C (0213ee90)][39m     at AndroidUiautomator2Driver.findElOrEls (/Users/vanthink_test_ios/.nvm/v8.14.1/lib/node_modules/appium/node_modules/appium-android-driver/lib/commands/find.js:75:11)
[debug] [35m[W3C (0213ee90)][39m     at <anonymous>
[35m[HTTP][39m [37m<-- POST /wd/hub/session/0213ee90-4681-4fdd-9b77-4750769a5c0a/element [39m[33m404[39m [90m38 ms - 434[39m
[35m[HTTP][39m [90m[39m
[35m[HTTP][39m [37m-->[39m [37mPOST[39m [37m/wd/hub/session/0213ee90-4681-4fdd-9b77-4750769a5c0a/element[39m
[35m[HTTP][39m [90m{"using":"id","value":"com.vanthink.student.debug:id/btn_login"}[39m
[debug] [35m[W3C (0213ee90)][39m Calling AppiumDriver.findElement() with args: ["id","com.vanthink.student.debug:id/btn_login","0213ee90-4681-4fdd-9b77-4750769a5c0a"]
[debug] [35m[BaseDriver][39m Valid locator strategies for this request: xpath, id, class name, accessibility id, -android uiautomator
[debug] [35m[BaseDriver][39m Waiting up to 0 ms for condition
[debug] [35m[WD Proxy][39m Matched '/element' to command name 'findElement'
[debug] [35m[WD Proxy][39m Proxying [POST /element] to [POST http://localhost:8200/wd/hub/session/714ccc48-f755-4f02-b633-7358210766e4/element] with body: {"strategy":"id","selector":"com.vanthink.student.debug:id/btn_login","context":"","multiple":false}
[35m[WD Proxy][39m Got an unexpected response: {"sessionId":"714ccc48-f755-4f02-b633-7358210766e4","status":7,"value":"An element could not be located on the page using the given search parameters."}
[debug] [35m[MJSONWP][39m Matched JSONWP error code 7 to NoSuchElementError
[debug] [35m[W3C (0213ee90)][39m Encountered internal error running command: NoSuchElementError: An element could not be located on the page using the given search parameters.
[debug] [35m[W3C (0213ee90)][39m     at AndroidUiautomator2Driver.findElOrEls (/Users/vanthink_test_ios/.nvm/v8.14.1/lib/node_modules/appium/node_modules/appium-android-driver/lib/commands/find.js:75:11)
[debug] [35m[W3C (0213ee90)][39m     at <anonymous>
[35m[HTTP][39m [37m<-- POST /wd/hub/session/0213ee90-4681-4fdd-9b77-4750769a5c0a/element [39m[33m404[39m [90m79 ms - 434[39m
[35m[HTTP][39m [90m[39m
[35m[HTTP][39m [37m-->[39m [37mPOST[39m [37m/wd/hub/session/0213ee90-4681-4fdd-9b77-4750769a5c0a/element[39m
[35m[HTTP][39m [90m{"using":"id","value":"com.vanthink.student.debug:id/btn_login"}[39m
[debug] [35m[W3C (0213ee90)][39m Calling AppiumDriver.findElement() with args: ["id","com.vanthink.student.debug:id/btn_login","0213ee90-4681-4fdd-9b77-4750769a5c0a"]
[debug] [35m[BaseDriver][39m Valid locator strategies for this request: xpath, id, class name, accessibility id, -android uiautomator
[debug] [35m[BaseDriver][39m Waiting up to 0 ms for condition
[debug] [35m[WD Proxy][39m Matched '/element' to command name 'findElement'
[debug] [35m[WD Proxy][39m Proxying [POST /element] to [POST http://localhost:8200/wd/hub/session/714ccc48-f755-4f02-b633-7358210766e4/element] with body: {"strategy":"id","selector":"com.vanthink.student.debug:id/btn_login","context":"","multiple":false}
[35m[WD Proxy][39m Got an unexpected response: {"sessionId":"714ccc48-f755-4f02-b633-7358210766e4","status":7,"value":"An element could not be located on the page using the given search parameters."}
[debug] [35m[MJSONWP][39m Matched JSONWP error code 7 to NoSuchElementError
[debug] [35m[W3C (0213ee90)][39m Encountered internal error running command: NoSuchElementError: An element could not be located on the page using the given search parameters.
[debug] [35m[W3C (0213ee90)][39m     at AndroidUiautomator2Driver.findElOrEls (/Users/vanthink_test_ios/.nvm/v8.14.1/lib/node_modules/appium/node_modules/appium-android-driver/lib/commands/find.js:75:11)
[debug] [35m[W3C (0213ee90)][39m     at <anonymous>
[35m[HTTP][39m [37m<-- POST /wd/hub/session/0213ee90-4681-4fdd-9b77-4750769a5c0a/element [39m[33m404[39m [90m1421 ms - 434[39m
[35m[HTTP][39m [90m[39m
[35m[HTTP][39m [37m-->[39m [37mPOST[39m [37m/wd/hub/session/0213ee90-4681-4fdd-9b77-4750769a5c0a/appium/app/close[39m
[35m[HTTP][39m [90m{}[39m
[debug] [35m[W3C (0213ee90)][39m Calling AppiumDriver.closeApp() with args: ["0213ee90-4681-4fdd-9b77-4750769a5c0a"]
[debug] [35m[ADB][39m Running '/Users/vanthink_test_ios/Desktop/intsall/adt-bundle-mac-x86_64-20140624/sdk/platform-tools/adb -P 5037 -s 4561684d shell am force-stop com.vanthink.student.debug'
[debug] [35m[W3C (0213ee90)][39m Responding to client with driver.closeApp() result: null
[35m[HTTP][39m [37m<-- POST /wd/hub/session/0213ee90-4681-4fdd-9b77-4750769a5c0a/appium/app/close [39m[32m200[39m [90m138 ms - 14[39m
[35m[HTTP][39m [90m[39m
[35m[HTTP][39m [37m-->[39m [37mPOST[39m [37m/wd/hub/session/0213ee90-4681-4fdd-9b77-4750769a5c0a/appium/app/launch[39m
[35m[HTTP][39m [90m{}[39m
[debug] [35m[W3C (0213ee90)][39m Calling AppiumDriver.launchApp() with args: ["0213ee90-4681-4fdd-9b77-4750769a5c0a"]
[debug] [35m[ADB][39m Checking app cert for /Users/vanthink_test_ios/aa/testone/test_program/app_folder/student_env_devMasterDebug_1.4.2-1.apk
[debug] [35m[ADB][39m Starting '/Users/vanthink_test_ios/Desktop/intsall/adt-bundle-mac-x86_64-20140624/sdk/build-tools/28.0.3/apksigner' with args '["verify","--print-certs","/Users/vanthink_test_ios/aa/testone/test_program/app_folder/student_env_devMasterDebug_1.4.2-1.apk"]'
[debug] [35m[ADB][39m apksigner stdout: Signer #1 certificate DN: EMAILADDRESS=android@android.com, CN=Android, OU=Android, O=Android, L=Mountain View, ST=California, C=US
[debug] [35m[ADB][39m Signer #1 certificate SHA-256 digest: a40da80a59d170caa950cf15c18c454d47a39b26989d8b640ecd745ba71bf5dc
[debug] [35m[ADB][39m Signer #1 certificate SHA-1 digest: 61ed377e85d386a8dfee6b864bd85b0bfaa5af81
[debug] [35m[ADB][39m Signer #1 certificate MD5 digest: e89b158e4bcf988ebd09eb83f5378e87
[debug] [35m[ADB][39m 
[debug] [35m[ADB][39m '/Users/vanthink_test_ios/aa/testone/test_program/app_folder/student_env_devMasterDebug_1.4.2-1.apk' is already signed.
[debug] [35m[ADB][39m Getting install status for com.vanthink.student.debug
[debug] [35m[ADB][39m Running '/Users/vanthink_test_ios/Desktop/intsall/adt-bundle-mac-x86_64-20140624/sdk/platform-tools/adb -P 5037 -s 4561684d shell dumpsys package com.vanthink.student.debug'
[35m[HTTP][39m [37m-->[39m [37mGET[39m [37m/wd/hub/status[39m
[35m[HTTP][39m [90m{}[39m
[debug] [35m[GENERIC][39m Calling AppiumDriver.getStatus() with args: []
[debug] [35m[GENERIC][39m Responding to client with driver.getStatus() result: {"build":{"version":"1.13.0"}}
[35m[HTTP][39m [37m<-- GET /wd/hub/status [39m[32m200[39m [90m1 ms - 68[39m
[35m[HTTP][39m [90m[39m
[debug] [35m[ADB][39m 'com.vanthink.student.debug' is installed
[debug] [35m[ADB][39m Getting package info for 'com.vanthink.student.debug'
[debug] [35m[ADB][39m Running '/Users/vanthink_test_ios/Desktop/intsall/adt-bundle-mac-x86_64-20140624/sdk/platform-tools/adb -P 5037 -s 4561684d shell dumpsys package com.vanthink.student.debug'
[debug] [35m[ADB][39m The version name of the installed 'com.vanthink.student.debug' is greater or equal to the application version name ('1.4.2' >= '1.4.2')
[debug] [35m[ADB][39m There is no need to install/upgrade '/Users/vanthink_test_ios/aa/testone/test_program/app_folder/student_env_devMasterDebug_1.4.2-1.apk'
[debug] [35m[ADB][39m Running '/Users/vanthink_test_ios/Desktop/intsall/adt-bundle-mac-x86_64-20140624/sdk/platform-tools/adb -P 5037 -s 4561684d shell am start -W -n com.vanthink.student.debug/com.vanthink.vanthinkstudent.ui.splash.SplashActivity -S -a android.intent.action.MAIN -c android.intent.category.LAUNCHER -f 0x10200000'
[debug] [35m[ADB][39m Waiting up to 20000ms for activity matching pkg: 'com.vanthink.student.debug' and activity: 'com.vanthink.vanthinkstudent.ui.splash.SplashActivity' to be focused
[debug] [35m[ADB][39m Possible activities, to be checked: 'com.vanthink.vanthinkstudent.ui.splash.SplashActivity', 'com.vanthink.student.debug.com.vanthink.vanthinkstudent.ui.splash.SplashActivity'
[debug] [35m[ADB][39m Getting focused package and activity
[debug] [35m[ADB][39m Running '/Users/vanthink_test_ios/Desktop/intsall/adt-bundle-mac-x86_64-20140624/sdk/platform-tools/adb -P 5037 -s 4561684d shell dumpsys window windows'
[debug] [35m[ADB][39m Found package: 'com.vanthink.student.debug' and fully qualified activity name : 'com.vanthink.vanthinkstudent.ui.splash.SplashActivity'
[debug] [35m[W3C (0213ee90)][39m Responding to client with driver.launchApp() result: null
[35m[HTTP][39m [37m<-- POST /wd/hub/session/0213ee90-4681-4fdd-9b77-4750769a5c0a/appium/app/launch [39m[32m200[39m [90m2353 ms - 14[39m
[35m[HTTP][39m [90m[39m
[35m[HTTP][39m [37m-->[39m [37mGET[39m [37m/wd/hub/status[39m
[35m[HTTP][39m [90m{}[39m
[debug] [35m[GENERIC][39m Calling AppiumDriver.getStatus() with args: []
[debug] [35m[GENERIC][39m Responding to client with driver.getStatus() result: {"build":{"version":"1.13.0"}}
[35m[HTTP][39m [37m<-- GET /wd/hub/status [39m[32m200[39m [90m1 ms - 68[39m
[35m[HTTP][39m [90m[39m
[35m[HTTP][39m [37m-->[39m [37mPOST[39m [37m/wd/hub/session/0213ee90-4681-4fdd-9b77-4750769a5c0a/element[39m
[35m[HTTP][39m [90m{"using":"id","value":"com.vanthink.student.debug:id/btn_login"}[39m
[debug] [35m[W3C (0213ee90)][39m Calling AppiumDriver.findElement() with args: ["id","com.vanthink.student.debug:id/btn_login","0213ee90-4681-4fdd-9b77-4750769a5c0a"]
[debug] [35m[BaseDriver][39m Valid locator strategies for this request: xpath, id, class name, accessibility id, -android uiautomator
[debug] [35m[BaseDriver][39m Waiting up to 0 ms for condition
[debug] [35m[WD Proxy][39m Matched '/element' to command name 'findElement'
[debug] [35m[WD Proxy][39m Proxying [POST /element] to [POST http://localhost:8200/wd/hub/session/714ccc48-f755-4f02-b633-7358210766e4/element] with body: {"strategy":"id","selector":"com.vanthink.student.debug:id/btn_login","context":"","multiple":false}
[35m[WD Proxy][39m Got an unexpected response: {"sessionId":"714ccc48-f755-4f02-b633-7358210766e4","status":7,"value":"An element could not be located on the page using the given search parameters."}
[debug] [35m[MJSONWP][39m Matched JSONWP error code 7 to NoSuchElementError
[debug] [35m[W3C (0213ee90)][39m Encountered internal error running command: NoSuchElementError: An element could not be located on the page using the given search parameters.
[debug] [35m[W3C (0213ee90)][39m     at AndroidUiautomator2Driver.findElOrEls (/Users/vanthink_test_ios/.nvm/v8.14.1/lib/node_modules/appium/node_modules/appium-android-driver/lib/commands/find.js:75:11)
[debug] [35m[W3C (0213ee90)][39m     at <anonymous>
[35m[HTTP][39m [37m<-- POST /wd/hub/session/0213ee90-4681-4fdd-9b77-4750769a5c0a/element [39m[33m404[39m [90m49 ms - 434[39m
[35m[HTTP][39m [90m[39m
[35m[HTTP][39m [37m-->[39m [37mPOST[39m [37m/wd/hub/session/0213ee90-4681-4fdd-9b77-4750769a5c0a/element[39m
[35m[HTTP][39m [90m{"using":"id","value":"com.vanthink.student.debug:id/btn_login"}[39m
[debug] [35m[W3C (0213ee90)][39m Calling AppiumDriver.findElement() with args: ["id","com.vanthink.student.debug:id/btn_login","0213ee90-4681-4fdd-9b77-4750769a5c0a"]
[debug] [35m[BaseDriver][39m Valid locator strategies for this request: xpath, id, class name, accessibility id, -android uiautomator
[debug] [35m[BaseDriver][39m Waiting up to 0 ms for condition
[debug] [35m[WD Proxy][39m Matched '/element' to command name 'findElement'
[debug] [35m[WD Proxy][39m Proxying [POST /element] to [POST http://localhost:8200/wd/hub/session/714ccc48-f755-4f02-b633-7358210766e4/element] with body: {"strategy":"id","selector":"com.vanthink.student.debug:id/btn_login","context":"","multiple":false}
[35m[WD Proxy][39m Got an unexpected response: {"sessionId":"714ccc48-f755-4f02-b633-7358210766e4","status":7,"value":"An element could not be located on the page using the given search parameters."}
[debug] [35m[MJSONWP][39m Matched JSONWP error code 7 to NoSuchElementError
[debug] [35m[W3C (0213ee90)][39m Encountered internal error running command: NoSuchElementError: An element could not be located on the page using the given search parameters.
[debug] [35m[W3C (0213ee90)][39m     at AndroidUiautomator2Driver.findElOrEls (/Users/vanthink_test_ios/.nvm/v8.14.1/lib/node_modules/appium/node_modules/appium-android-driver/lib/commands/find.js:75:11)
[debug] [35m[W3C (0213ee90)][39m     at <anonymous>
[35m[HTTP][39m [37m<-- POST /wd/hub/session/0213ee90-4681-4fdd-9b77-4750769a5c0a/element [39m[33m404[39m [90m52 ms - 434[39m
[35m[HTTP][39m [90m[39m
[35m[HTTP][39m [37m-->[39m [37mPOST[39m [37m/wd/hub/session/0213ee90-4681-4fdd-9b77-4750769a5c0a/element[39m
[35m[HTTP][39m [90m{"using":"id","value":"com.vanthink.student.debug:id/btn_login"}[39m
[debug] [35m[W3C (0213ee90)][39m Calling AppiumDriver.findElement() with args: ["id","com.vanthink.student.debug:id/btn_login","0213ee90-4681-4fdd-9b77-4750769a5c0a"]
[debug] [35m[BaseDriver][39m Valid locator strategies for this request: xpath, id, class name, accessibility id, -android uiautomator
[debug] [35m[BaseDriver][39m Waiting up to 0 ms for condition
[debug] [35m[WD Proxy][39m Matched '/element' to command name 'findElement'
[debug] [35m[WD Proxy][39m Proxying [POST /element] to [POST http://localhost:8200/wd/hub/session/714ccc48-f755-4f02-b633-7358210766e4/element] with body: {"strategy":"id","selector":"com.vanthink.student.debug:id/btn_login","context":"","multiple":false}
[35m[WD Proxy][39m Got an unexpected response: {"sessionId":"714ccc48-f755-4f02-b633-7358210766e4","status":7,"value":"An element could not be located on the page using the given search parameters."}
[debug] [35m[MJSONWP][39m Matched JSONWP error code 7 to NoSuchElementError
[debug] [35m[W3C (0213ee90)][39m Encountered internal error running command: NoSuchElementError: An element could not be located on the page using the given search parameters.
[debug] [35m[W3C (0213ee90)][39m     at AndroidUiautomator2Driver.findElOrEls (/Users/vanthink_test_ios/.nvm/v8.14.1/lib/node_modules/appium/node_modules/appium-android-driver/lib/commands/find.js:75:11)
[debug] [35m[W3C (0213ee90)][39m     at <anonymous>
[35m[HTTP][39m [37m<-- POST /wd/hub/session/0213ee90-4681-4fdd-9b77-4750769a5c0a/element [39m[33m404[39m [90m42 ms - 434[39m
[35m[HTTP][39m [90m[39m
[35m[HTTP][39m [37m-->[39m [37mPOST[39m [37m/wd/hub/session/0213ee90-4681-4fdd-9b77-4750769a5c0a/element[39m
[35m[HTTP][39m [90m{"using":"id","value":"com.vanthink.student.debug:id/btn_login"}[39m
[debug] [35m[W3C (0213ee90)][39m Calling AppiumDriver.findElement() with args: ["id","com.vanthink.student.debug:id/btn_login","0213ee90-4681-4fdd-9b77-4750769a5c0a"]
[debug] [35m[BaseDriver][39m Valid locator strategies for this request: xpath, id, class name, accessibility id, -android uiautomator
[debug] [35m[BaseDriver][39m Waiting up to 0 ms for condition
[debug] [35m[WD Proxy][39m Matched '/element' to command name 'findElement'
[debug] [35m[WD Proxy][39m Proxying [POST /element] to [POST http://localhost:8200/wd/hub/session/714ccc48-f755-4f02-b633-7358210766e4/element] with body: {"strategy":"id","selector":"com.vanthink.student.debug:id/btn_login","context":"","multiple":false}
[35m[WD Proxy][39m Got an unexpected response: {"sessionId":"714ccc48-f755-4f02-b633-7358210766e4","status":7,"value":"An element could not be located on the page using the given search parameters."}
[debug] [35m[MJSONWP][39m Matched JSONWP error code 7 to NoSuchElementError
[debug] [35m[W3C (0213ee90)][39m Encountered internal error running command: NoSuchElementError: An element could not be located on the page using the given search parameters.
[debug] [35m[W3C (0213ee90)][39m     at AndroidUiautomator2Driver.findElOrEls (/Users/vanthink_test_ios/.nvm/v8.14.1/lib/node_modules/appium/node_modules/appium-android-driver/lib/commands/find.js:75:11)
[debug] [35m[W3C (0213ee90)][39m     at <anonymous>
[35m[HTTP][39m [37m<-- POST /wd/hub/session/0213ee90-4681-4fdd-9b77-4750769a5c0a/element [39m[33m404[39m [90m60 ms - 434[39m
[35m[HTTP][39m [90m[39m
[35m[HTTP][39m [37m-->[39m [37mPOST[39m [37m/wd/hub/session/0213ee90-4681-4fdd-9b77-4750769a5c0a/element[39m
[35m[HTTP][39m [90m{"using":"id","value":"com.vanthink.student.debug:id/btn_login"}[39m
[debug] [35m[W3C (0213ee90)][39m Calling AppiumDriver.findElement() with args: ["id","com.vanthink.student.debug:id/btn_login","0213ee90-4681-4fdd-9b77-4750769a5c0a"]
[debug] [35m[BaseDriver][39m Valid locator strategies for this request: xpath, id, class name, accessibility id, -android uiautomator
[debug] [35m[BaseDriver][39m Waiting up to 0 ms for condition
[debug] [35m[WD Proxy][39m Matched '/element' to command name 'findElement'
[debug] [35m[WD Proxy][39m Proxying [POST /element] to [POST http://localhost:8200/wd/hub/session/714ccc48-f755-4f02-b633-7358210766e4/element] with body: {"strategy":"id","selector":"com.vanthink.student.debug:id/btn_login","context":"","multiple":false}
[35m[WD Proxy][39m Got an unexpected response: {"sessionId":"714ccc48-f755-4f02-b633-7358210766e4","status":7,"value":"An element could not be located on the page using the given search parameters."}
[debug] [35m[MJSONWP][39m Matched JSONWP error code 7 to NoSuchElementError
[debug] [35m[W3C (0213ee90)][39m Encountered internal error running command: NoSuchElementError: An element could not be located on the page using the given search parameters.
[debug] [35m[W3C (0213ee90)][39m     at AndroidUiautomator2Driver.findElOrEls (/Users/vanthink_test_ios/.nvm/v8.14.1/lib/node_modules/appium/node_modules/appium-android-driver/lib/commands/find.js:75:11)
[debug] [35m[W3C (0213ee90)][39m     at <anonymous>
[35m[HTTP][39m [37m<-- POST /wd/hub/session/0213ee90-4681-4fdd-9b77-4750769a5c0a/element [39m[33m404[39m [90m40 ms - 434[39m
[35m[HTTP][39m [90m[39m
[35m[HTTP][39m [37m-->[39m [37mPOST[39m [37m/wd/hub/session/0213ee90-4681-4fdd-9b77-4750769a5c0a/element[39m
[35m[HTTP][39m [90m{"using":"id","value":"com.vanthink.student.debug:id/btn_login"}[39m
[debug] [35m[W3C (0213ee90)][39m Calling AppiumDriver.findElement() with args: ["id","com.vanthink.student.debug:id/btn_login","0213ee90-4681-4fdd-9b77-4750769a5c0a"]
[debug] [35m[BaseDriver][39m Valid locator strategies for this request: xpath, id, class name, accessibility id, -android uiautomator
[debug] [35m[BaseDriver][39m Waiting up to 0 ms for condition
[debug] [35m[WD Proxy][39m Matched '/element' to command name 'findElement'
[debug] [35m[WD Proxy][39m Proxying [POST /element] to [POST http://localhost:8200/wd/hub/session/714ccc48-f755-4f02-b633-7358210766e4/element] with body: {"strategy":"id","selector":"com.vanthink.student.debug:id/btn_login","context":"","multiple":false}
[35m[HTTP][39m [37m-->[39m [37mGET[39m [37m/wd/hub/status[39m
[35m[HTTP][39m [90m{}[39m
[debug] [35m[GENERIC][39m Calling AppiumDriver.getStatus() with args: []
[debug] [35m[GENERIC][39m Responding to client with driver.getStatus() result: {"build":{"version":"1.13.0"}}
[35m[HTTP][39m [37m<-- GET /wd/hub/status [39m[32m200[39m [90m1 ms - 68[39m
[35m[HTTP][39m [90m[39m
[35m[WD Proxy][39m Got an unexpected response: {"sessionId":"714ccc48-f755-4f02-b633-7358210766e4","status":7,"value":"An element could not be located on the page using the given search parameters."}
[debug] [35m[MJSONWP][39m Matched JSONWP error code 7 to NoSuchElementError
[debug] [35m[W3C (0213ee90)][39m Encountered internal error running command: NoSuchElementError: An element could not be located on the page using the given search parameters.
[debug] [35m[W3C (0213ee90)][39m     at AndroidUiautomator2Driver.findElOrEls (/Users/vanthink_test_ios/.nvm/v8.14.1/lib/node_modules/appium/node_modules/appium-android-driver/lib/commands/find.js:75:11)
[debug] [35m[W3C (0213ee90)][39m     at <anonymous>
[35m[HTTP][39m [37m<-- POST /wd/hub/session/0213ee90-4681-4fdd-9b77-4750769a5c0a/element [39m[33m404[39m [90m1658 ms - 434[39m
[35m[HTTP][39m [90m[39m
[35m[HTTP][39m [37m-->[39m [37mPOST[39m [37m/wd/hub/session/0213ee90-4681-4fdd-9b77-4750769a5c0a/element[39m
[35m[HTTP][39m [90m{"using":"id","value":"com.vanthink.student.debug:id/btn_login"}[39m
[debug] [35m[W3C (0213ee90)][39m Calling AppiumDriver.findElement() with args: ["id","com.vanthink.student.debug:id/btn_login","0213ee90-4681-4fdd-9b77-4750769a5c0a"]
[debug] [35m[BaseDriver][39m Valid locator strategies for this request: xpath, id, class name, accessibility id, -android uiautomator
[debug] [35m[BaseDriver][39m Waiting up to 0 ms for condition
[debug] [35m[WD Proxy][39m Matched '/element' to command name 'findElement'
[debug] [35m[WD Proxy][39m Proxying [POST /element] to [POST http://localhost:8200/wd/hub/session/714ccc48-f755-4f02-b633-7358210766e4/element] with body: {"strategy":"id","selector":"com.vanthink.student.debug:id/btn_login","context":"","multiple":false}
[35m[WD Proxy][39m Got an unexpected response: {"sessionId":"714ccc48-f755-4f02-b633-7358210766e4","status":7,"value":"An element could not be located on the page using the given search parameters."}
[debug] [35m[MJSONWP][39m Matched JSONWP error code 7 to NoSuchElementError
[debug] [35m[W3C (0213ee90)][39m Encountered internal error running command: NoSuchElementError: An element could not be located on the page using the given search parameters.
[debug] [35m[W3C (0213ee90)][39m     at AndroidUiautomator2Driver.findElOrEls (/Users/vanthink_test_ios/.nvm/v8.14.1/lib/node_modules/appium/node_modules/appium-android-driver/lib/commands/find.js:75:11)
[debug] [35m[W3C (0213ee90)][39m     at <anonymous>
[35m[HTTP][39m [37m<-- POST /wd/hub/session/0213ee90-4681-4fdd-9b77-4750769a5c0a/element [39m[33m404[39m [90m124 ms - 434[39m
[35m[HTTP][39m [90m[39m
[35m[HTTP][39m [37m-->[39m [37mDELETE[39m [37m/wd/hub/session/0213ee90-4681-4fdd-9b77-4750769a5c0a[39m
[35m[HTTP][39m [90m{}[39m
[debug] [35m[W3C (0213ee90)][39m Calling AppiumDriver.deleteSession() with args: ["0213ee90-4681-4fdd-9b77-4750769a5c0a"]
[debug] [35m[BaseDriver][39m Event 'quitSessionRequested' logged at 1568777993587 (11:39:53 GMT+0800 (CST))
[35m[Appium][39m Removing session 0213ee90-4681-4fdd-9b77-4750769a5c0a from our master session list
[debug] [35m[UiAutomator2][39m Deleting UiAutomator2 session
[debug] [35m[UiAutomator2][39m Deleting UiAutomator2 server session
[debug] [35m[WD Proxy][39m Matched '/' to command name 'deleteSession'
[debug] [35m[WD Proxy][39m Proxying [DELETE /] to [DELETE http://localhost:8200/wd/hub/session/714ccc48-f755-4f02-b633-7358210766e4] with no body
[debug] [35m[WD Proxy][39m Got response with status 200: "{\"sessionId\":\"714ccc48-f755-4f02-b633-7358210766e4\",\"status\":0,\"value\":\"Session deleted\"}"
[debug] [35m[ADB][39m Running '/Users/vanthink_test_ios/Desktop/intsall/adt-bundle-mac-x86_64-20140624/sdk/platform-tools/adb -P 5037 -s 4561684d shell am force-stop com.vanthink.student.debug'
[debug] [35m[Logcat][39m Stopping logcat capture
[debug] [35m[ADB][39m Removing forwarded port socket connection: 8200 
[debug] [35m[ADB][39m Running '/Users/vanthink_test_ios/Desktop/intsall/adt-bundle-mac-x86_64-20140624/sdk/platform-tools/adb -P 5037 -s 4561684d forward --remove tcp\:8200'
[35m[UiAutomator2][39m Unable to remove port forward 'Error executing adbExec. Original error: 'Command '/Users/vanthink_test_ios/Desktop/intsall/adt-bundle-mac-x86_64-20140624/sdk/platform-tools/adb -P 5037 -s 4561684d forward --remove tcp\:8200' exited with code 1'; Stderr: 'adb: error: listener 'tcp:8200' not found'; Code: '1''
[debug] [35m[BaseDriver][39m Event 'quitSessionFinished' logged at 1568777993782 (11:39:53 GMT+0800 (CST))
[debug] [35m[W3C (0213ee90)][39m Received response: null
[debug] [35m[W3C (0213ee90)][39m But deleting session, so not returning
[debug] [35m[W3C (0213ee90)][39m Responding to client with driver.deleteSession() result: null
[35m[HTTP][39m [37m<-- DELETE /wd/hub/session/0213ee90-4681-4fdd-9b77-4750769a5c0a [39m[32m200[39m [90m196 ms - 14[39m
[35m[HTTP][39m [90m[39m
