[35m[Appium][39m Welcome to Appium v1.15.1
[35m[Appium][39m Non-default server args:
[35m[Appium][39m   port: 4725
[35m[Appium][39m   bootstrapPort: 5725
[35m[Appium][39m   nodeconfig: ./test_program/nodeconfig/MZ_M15/7.1.2/mobile.json
[35m[Appium][39m   udid: 871QADTCDDAYH
[35m[Appium][39m Deprecated server args:
[35m[Appium][39m   [31m-U,--udid[39m => --default-capabilities '{"udid":"871QADTCDDAYH"}'
[35m[Appium][39m Default capabilities, which will be added to each request unless overridden by desired capabilities:
[35m[Appium][39m   udid: 871QADTCDDAYH
[debug] [35m[Appium][39m Starting auto register thread for grid. Will try to register every 5000 ms.
[35m[Appium][39m Appium REST http interface listener started on 0.0.0.0:4725
[debug] [35m[Appium][39m Appium successfully registered with the grid on http://192.168.8.69:4444
[35m[HTTP][39m [37m-->[39m [37mPOST[39m [37m/wd/hub/session[39m
[35m[HTTP][39m [90m{"desiredCapabilities":{"app":"/Users/vanthink_test_ios/Downloads/student_env_devMasterDebug_1.4.7(11).apk","automationName":"uiautomator2","deviceName":"MZ_M15","noReset":true,"platformName":"android","platformVersion":"7.1.2","resetKeyboard":true,"server:CONFIG_UUID":"07d7a273-defd-485f-bd3b-a5f8fec3ac0d","systemPort":8206,"udid":"871QADTCDDAYH"},"capabilities":{"desiredCapabilities":{"app":"/Users/vanthink_test_ios/Downloads/student_env_devMasterDebug_1.4.7(11).apk","automationName":"uiautomator2","deviceName":"MZ_M15","noReset":true,"platformName":"android","platformVersion":"7.1.2","resetKeyboard":true,"server:CONFIG_UUID":"07d7a273-defd-485f-bd3b-a5f8fec3ac0d","systemPort":8206,"udid":"871QADTCDDAYH"},"firstMatch":[{"platformName":"android","server:CONFIG_UUID":"07d7a273-defd-485f-bd3b-a5f8fec3ac0d"}]}}[39m
[debug] [35m[W3C][39m Calling AppiumDriver.createSession() with args: [{"app":"/Users/vanthink_test_ios/Downloads/student_env_devMasterDebug_1.4.7(11).apk","automationName":"uiautomator2","deviceName":"MZ_M15","noReset":true,"platformName":"android","platformVersion":"7.1.2","resetKeyboard":true,"server:CONFIG_UUID":"07d7a273-defd-485f-bd3b-a5f8fec3ac0d","systemPort":8206,"udid":"871QADTCDDAYH"},null,{"desiredCapabilities":{"app":"/Users/vanthink_test_ios/Downloads/student_env_devMasterDebug_1.4.7(11).apk","automationName":"uiautomator2","deviceName":"MZ_M15","noReset":true,"platformName":"android","platformVersion":"7.1.2","resetKeyboard":true,"server:CONFIG_UUID":"07d7a273-defd-485f-bd3b-a5f8fec3ac0d","systemPort":8206,"udid":"871QADTCDDAYH"},"firstMatch":[{"platformName":"android","server:CONFIG_UUID":"07d7a273-defd-485f-bd3b-a5f8fec3ac0d"}]}]
[debug] [35m[BaseDriver][39m Event 'newSessionRequested' logged at 1582860747275 (11:32:27 GMT+0800 (CST))
[35m[BaseDriver][39m The capabilities ["udid"] are not standard capabilities and should have an extension prefix
[35m[Appium][39m Could not parse W3C capabilities: 'deviceName' can't be blank
[35m[Appium][39m Trying to fix W3C capabilities by merging them with JSONWP caps
[35m[BaseDriver][39m The capabilities ["app","automationName","deviceName","noReset","platformVersion","resetKeyboard","systemPort","udid"] are not standard capabilities and should have an extension prefix
[35m[Appium][39m Appium v1.15.1 creating new AndroidUiautomator2Driver (v1.37.2) session
[debug] [35m[BaseDriver][39m W3C capabilities and MJSONWP desired capabilities were provided
[debug] [35m[BaseDriver][39m Creating session with W3C capabilities: {
[debug] [35m[BaseDriver][39m   "alwaysMatch": {
[debug] [35m[BaseDriver][39m     "appium:app": "/Users/vanthink_test_ios/Downloads/student_env_devMasterDebug_1.4.7(11).apk",
[debug] [35m[BaseDriver][39m     "appium:automationName": "uiautomator2",
[debug] [35m[BaseDriver][39m     "appium:deviceName": "MZ_M15",
[debug] [35m[BaseDriver][39m     "appium:noReset": true,
[debug] [35m[BaseDriver][39m     "appium:platformVersion": "7.1.2",
[debug] [35m[BaseDriver][39m     "appium:resetKeyboard": true,
[debug] [35m[BaseDriver][39m     "appium:systemPort": 8206,
[debug] [35m[BaseDriver][39m     "platformName": "android",
[debug] [35m[BaseDriver][39m     "server:CONFIG_UUID": "07d7a273-defd-485f-bd3b-a5f8fec3ac0d",
[debug] [35m[BaseDriver][39m     "appium:udid": "871QADTCDDAYH"
[debug] [35m[BaseDriver][39m   },
[debug] [35m[BaseDriver][39m   "firstMatch": [
[debug] [35m[BaseDriver][39m     {}
[debug] [35m[BaseDriver][39m   ]
[debug] [35m[BaseDriver][39m }
[35m[BaseDriver][39m The following capabilities were provided, but are not recognized by Appium:
[35m[BaseDriver][39m   server:CONFIG_UUID
[35m[BaseDriver][39m Session created with session id: dbeca4c5-2a3d-4763-b864-aa26b435dd26
[35m[BaseDriver][39m Using local app '/Users/vanthink_test_ios/Downloads/student_env_devMasterDebug_1.4.7(11).apk'
[debug] [35m[UiAutomator2][39m Checking whether app is actually present
[35m[ADB][39m Found 4 'build-tools' folders under '/Users/vanthink_test_ios/Desktop/intsall/adt-bundle-mac-x86_64-20140624/sdk' (newest first):
[35m[ADB][39m     /Users/vanthink_test_ios/Desktop/intsall/adt-bundle-mac-x86_64-20140624/sdk/build-tools/28.0.3
[35m[ADB][39m     /Users/vanthink_test_ios/Desktop/intsall/adt-bundle-mac-x86_64-20140624/sdk/build-tools/28.0.0
[35m[ADB][39m     /Users/vanthink_test_ios/Desktop/intsall/adt-bundle-mac-x86_64-20140624/sdk/build-tools/27.0.1
[35m[ADB][39m     /Users/vanthink_test_ios/Desktop/intsall/adt-bundle-mac-x86_64-20140624/sdk/build-tools/23.0.1
[35m[ADB][39m Using 'adb' from '/Users/vanthink_test_ios/Desktop/intsall/adt-bundle-mac-x86_64-20140624/sdk/platform-tools/adb'
[35m[AndroidDriver][39m Retrieving device list
[debug] [35m[ADB][39m Trying to find a connected android device
[debug] [35m[ADB][39m Getting connected devices...
[debug] [35m[ADB][39m Connected devices: [{"udid":"871QADTCDDAYH","state":"device"}]
[35m[AndroidDriver][39m Using device: 871QADTCDDAYH
[35m[ADB][39m Using 'adb' from '/Users/vanthink_test_ios/Desktop/intsall/adt-bundle-mac-x86_64-20140624/sdk/platform-tools/adb'
[debug] [35m[ADB][39m Setting device id to 871QADTCDDAYH
[debug] [35m[ADB][39m Running '/Users/vanthink_test_ios/Desktop/intsall/adt-bundle-mac-x86_64-20140624/sdk/platform-tools/adb -P 5037 -s 871QADTCDDAYH shell getprop ro.build.version.sdk'
[debug] [35m[ADB][39m Current device property 'ro.build.version.sdk': 25
[debug] [35m[ADB][39m Device API level: 25
[debug] [35m[AndroidDriver][39m Parsing package and activity from app manifest
[35m[ADB][39m Using the alternative activity name detection method because of: Could not find 'apkanalyzer' in ["/Users/vanthink_test_ios/Desktop/intsall/adt-bundle-mac-x86_64-20140624/sdk/platform-tools/apkanalyzer","/Users/vanthink_test_ios/Desktop/intsall/adt-bundle-mac-x86_64-20140624/sdk/emulator/apkanalyzer","/Users/vanthink_test_ios/Desktop/intsall/adt-bundle-mac-x86_64-20140624/sdk/tools/apkanalyzer","/Users/vanthink_test_ios/Desktop/intsall/adt-bundle-mac-x86_64-20140624/sdk/tools/bin/apkanalyzer","/Users/vanthink_test_ios/Desktop/intsall/adt-bundle-mac-x86_64-20140624/sdk/build-tools/28.0.3/apkanalyzer","/Users/vanthink_test_ios/Desktop/intsall/adt-bundle-mac-x86_64-20140624/sdk/build-tools/28.0.0/apkanalyzer","/Users/vanthink_test_ios/Desktop/intsall/adt-bundle-mac-x86_64-20140624/sdk/build-tools/27.0.1/apkanalyzer","/Users/vanthink_test_ios/Desktop/intsall/adt-bundle-mac-x86_64-20140624/sdk/build-tools/23.0.1/apkanalyzer"]. Do you have Android Build Tools installed at '/Users/vanthink_test_ios/Desktop/intsall/adt-bundle-mac-x86_64-20140624/sdk'?
[35m[ADB][39m Using 'aapt' from '/Users/vanthink_test_ios/Desktop/intsall/adt-bundle-mac-x86_64-20140624/sdk/build-tools/28.0.3/aapt'
[35m[ADB][39m Extracting package and launch activity from manifest
[35m[ADB][39m Package name: 'com.vanthink.student.debug'
[35m[ADB][39m Main activity name: 'com.vanthink.vanthinkstudent.ui.splash.SplashActivity'
[debug] [35m[AndroidDriver][39m Parsed package and activity are: com.vanthink.student.debug/com.vanthink.vanthinkstudent.ui.splash.SplashActivity
[debug] [35m[ADB][39m Running '/Users/vanthink_test_ios/Desktop/intsall/adt-bundle-mac-x86_64-20140624/sdk/platform-tools/adb -P 5037 -s 871QADTCDDAYH wait-for-device'
[debug] [35m[ADB][39m Running '/Users/vanthink_test_ios/Desktop/intsall/adt-bundle-mac-x86_64-20140624/sdk/platform-tools/adb -P 5037 -s 871QADTCDDAYH shell echo ping'
[debug] [35m[AndroidDriver][39m Pushing settings apk to device...
[debug] [35m[ADB][39m Getting install status for io.appium.settings
[debug] [35m[ADB][39m Running '/Users/vanthink_test_ios/Desktop/intsall/adt-bundle-mac-x86_64-20140624/sdk/platform-tools/adb -P 5037 -s 871QADTCDDAYH shell dumpsys package io.appium.settings'
[debug] [35m[ADB][39m 'io.appium.settings' is installed
[debug] [35m[ADB][39m Getting package info for 'io.appium.settings'
[debug] [35m[ADB][39m Running '/Users/vanthink_test_ios/Desktop/intsall/adt-bundle-mac-x86_64-20140624/sdk/platform-tools/adb -P 5037 -s 871QADTCDDAYH shell dumpsys package io.appium.settings'
[35m[ADB][39m Cannot extract apk info using apkanalyzer. Falling back to aapt. Original error: Could not find 'apkanalyzer' in ["/Users/vanthink_test_ios/Desktop/intsall/adt-bundle-mac-x86_64-20140624/sdk/platform-tools/apkanalyzer","/Users/vanthink_test_ios/Desktop/intsall/adt-bundle-mac-x86_64-20140624/sdk/emulator/apkanalyzer","/Users/vanthink_test_ios/Desktop/intsall/adt-bundle-mac-x86_64-20140624/sdk/tools/apkanalyzer","/Users/vanthink_test_ios/Desktop/intsall/adt-bundle-mac-x86_64-20140624/sdk/tools/bin/apkanalyzer","/Users/vanthink_test_ios/Desktop/intsall/adt-bundle-mac-x86_64-20140624/sdk/build-tools/28.0.3/apkanalyzer","/Users/vanthink_test_ios/Desktop/intsall/adt-bundle-mac-x86_64-20140624/sdk/build-tools/28.0.0/apkanalyzer","/Users/vanthink_test_ios/Desktop/intsall/adt-bundle-mac-x86_64-20140624/sdk/build-tools/27.0.1/apkanalyzer","/Users/vanthink_test_ios/Desktop/intsall/adt-bundle-mac-x86_64-20140624/sdk/build-tools/23.0.1/apkanalyzer"]. Do you have Android Build Tools installed at '/Users/vanthink_test_ios/Desktop/intsall/adt-bundle-mac-x86_64-20140624/sdk'?
[debug] [35m[ADB][39m The version name of the installed 'io.appium.settings' is greater or equal to the application version name ('2.14.2' >= '2.14.2')
[debug] [35m[ADB][39m There is no need to install/upgrade '/Users/vanthink_test_ios/.nvm/v8.14.1/lib/node_modules/appium/node_modules/io.appium.settings/apks/settings_apk-debug.apk'
[debug] [35m[ADB][39m Getting IDs of all 'io.appium.settings' processes
[debug] [35m[ADB][39m Running '/Users/vanthink_test_ios/Desktop/intsall/adt-bundle-mac-x86_64-20140624/sdk/platform-tools/adb -P 5037 -s 871QADTCDDAYH shell 'pgrep --help; echo $?''
[debug] [35m[ADB][39m Running '/Users/vanthink_test_ios/Desktop/intsall/adt-bundle-mac-x86_64-20140624/sdk/platform-tools/adb -P 5037 -s 871QADTCDDAYH shell pgrep \^appium\\.settings\$'
[debug] [35m[ADB][39m Running '/Users/vanthink_test_ios/Desktop/intsall/adt-bundle-mac-x86_64-20140624/sdk/platform-tools/adb -P 5037 -s 871QADTCDDAYH shell am start -n io.appium.settings/.Settings -a android.intent.action.MAIN -c android.intent.category.LAUNCHER'
[debug] [35m[ADB][39m Getting IDs of all 'io.appium.settings' processes
[debug] [35m[ADB][39m Running '/Users/vanthink_test_ios/Desktop/intsall/adt-bundle-mac-x86_64-20140624/sdk/platform-tools/adb -P 5037 -s 871QADTCDDAYH shell pgrep \^appium\\.settings\$'
[debug] [35m[ADB][39m Running '/Users/vanthink_test_ios/Desktop/intsall/adt-bundle-mac-x86_64-20140624/sdk/platform-tools/adb -P 5037 -s 871QADTCDDAYH shell appops set io.appium.settings android\:mock_location allow'
[debug] [35m[Logcat][39m Starting logcat capture
[debug] [35m[ADB][39m Getting install status for io.appium.uiautomator2.server
[debug] [35m[ADB][39m Running '/Users/vanthink_test_ios/Desktop/intsall/adt-bundle-mac-x86_64-20140624/sdk/platform-tools/adb -P 5037 -s 871QADTCDDAYH shell dumpsys package io.appium.uiautomator2.server'
[debug] [35m[ADB][39m 'io.appium.uiautomator2.server' is installed
[debug] [35m[ADB][39m Getting package info for 'io.appium.uiautomator2.server'
[debug] [35m[ADB][39m Running '/Users/vanthink_test_ios/Desktop/intsall/adt-bundle-mac-x86_64-20140624/sdk/platform-tools/adb -P 5037 -s 871QADTCDDAYH shell dumpsys package io.appium.uiautomator2.server'
[35m[ADB][39m Cannot extract apk info using apkanalyzer. Falling back to aapt. Original error: Could not find 'apkanalyzer' in ["/Users/vanthink_test_ios/Desktop/intsall/adt-bundle-mac-x86_64-20140624/sdk/platform-tools/apkanalyzer","/Users/vanthink_test_ios/Desktop/intsall/adt-bundle-mac-x86_64-20140624/sdk/emulator/apkanalyzer","/Users/vanthink_test_ios/Desktop/intsall/adt-bundle-mac-x86_64-20140624/sdk/tools/apkanalyzer","/Users/vanthink_test_ios/Desktop/intsall/adt-bundle-mac-x86_64-20140624/sdk/tools/bin/apkanalyzer","/Users/vanthink_test_ios/Desktop/intsall/adt-bundle-mac-x86_64-20140624/sdk/build-tools/28.0.3/apkanalyzer","/Users/vanthink_test_ios/Desktop/intsall/adt-bundle-mac-x86_64-20140624/sdk/build-tools/28.0.0/apkanalyzer","/Users/vanthink_test_ios/Desktop/intsall/adt-bundle-mac-x86_64-20140624/sdk/build-tools/27.0.1/apkanalyzer","/Users/vanthink_test_ios/Desktop/intsall/adt-bundle-mac-x86_64-20140624/sdk/build-tools/23.0.1/apkanalyzer"]. Do you have Android Build Tools installed at '/Users/vanthink_test_ios/Desktop/intsall/adt-bundle-mac-x86_64-20140624/sdk'?
[debug] [35m[ADB][39m The version name of the installed 'io.appium.uiautomator2.server' is greater or equal to the application version name ('4.3.0' >= '4.3.0')
[debug] [35m[UiAutomator2][39m io.appium.uiautomator2.server installation state: sameVersionInstalled
[debug] [35m[ADB][39m Checking app cert for /Users/vanthink_test_ios/.nvm/v8.14.1/lib/node_modules/appium/node_modules/appium-uiautomator2-server/apks/appium-uiautomator2-server-v4.3.0.apk
[35m[ADB][39m Using 'apksigner' from '/Users/vanthink_test_ios/Desktop/intsall/adt-bundle-mac-x86_64-20140624/sdk/build-tools/28.0.3/apksigner'
[debug] [35m[ADB][39m Starting '/Users/vanthink_test_ios/Desktop/intsall/adt-bundle-mac-x86_64-20140624/sdk/build-tools/28.0.3/apksigner' with args '["verify","--print-certs","/Users/vanthink_test_ios/.nvm/v8.14.1/lib/node_modules/appium/node_modules/appium-uiautomator2-server/apks/appium-uiautomator2-server-v4.3.0.apk"]'
[debug] [35m[ADB][39m apksigner stdout: Signer #1 certificate DN: EMAILADDRESS=android@android.com, CN=Android, OU=Android, O=Android, L=Mountain View, ST=California, C=US
[debug] [35m[ADB][39m Signer #1 certificate SHA-256 digest: a40da80a59d170caa950cf15c18c454d47a39b26989d8b640ecd745ba71bf5dc
[debug] [35m[ADB][39m Signer #1 certificate SHA-1 digest: 61ed377e85d386a8dfee6b864bd85b0bfaa5af81
[debug] [35m[ADB][39m Signer #1 certificate MD5 digest: e89b158e4bcf988ebd09eb83f5378e87
[debug] [35m[ADB][39m 
[debug] [35m[ADB][39m '/Users/vanthink_test_ios/.nvm/v8.14.1/lib/node_modules/appium/node_modules/appium-uiautomator2-server/apks/appium-uiautomator2-server-v4.3.0.apk' is already signed.
[debug] [35m[ADB][39m Getting install status for io.appium.uiautomator2.server.test
[debug] [35m[ADB][39m Running '/Users/vanthink_test_ios/Desktop/intsall/adt-bundle-mac-x86_64-20140624/sdk/platform-tools/adb -P 5037 -s 871QADTCDDAYH shell dumpsys package io.appium.uiautomator2.server.test'
[debug] [35m[ADB][39m 'io.appium.uiautomator2.server.test' is installed
[debug] [35m[ADB][39m Checking app cert for /Users/vanthink_test_ios/.nvm/v8.14.1/lib/node_modules/appium/node_modules/appium-uiautomator2-server/apks/appium-uiautomator2-server-debug-androidTest.apk
[debug] [35m[ADB][39m Starting '/Users/vanthink_test_ios/Desktop/intsall/adt-bundle-mac-x86_64-20140624/sdk/build-tools/28.0.3/apksigner' with args '["verify","--print-certs","/Users/vanthink_test_ios/.nvm/v8.14.1/lib/node_modules/appium/node_modules/appium-uiautomator2-server/apks/appium-uiautomator2-server-debug-androidTest.apk"]'
[debug] [35m[ADB][39m apksigner stdout: Signer #1 certificate DN: EMAILADDRESS=android@android.com, CN=Android, OU=Android, O=Android, L=Mountain View, ST=California, C=US
[debug] [35m[ADB][39m Signer #1 certificate SHA-256 digest: a40da80a59d170caa950cf15c18c454d47a39b26989d8b640ecd745ba71bf5dc
[debug] [35m[ADB][39m Signer #1 certificate SHA-1 digest: 61ed377e85d386a8dfee6b864bd85b0bfaa5af81
[debug] [35m[ADB][39m Signer #1 certificate MD5 digest: e89b158e4bcf988ebd09eb83f5378e87
[debug] [35m[ADB][39m 
[debug] [35m[ADB][39m '/Users/vanthink_test_ios/.nvm/v8.14.1/lib/node_modules/appium/node_modules/appium-uiautomator2-server/apks/appium-uiautomator2-server-debug-androidTest.apk' is already signed.
[35m[UiAutomator2][39m Server packages are not going to be (re)installed
[debug] [35m[UiAutomator2][39m Waiting up to 30000ms for services to be available
[debug] [35m[ADB][39m Running '/Users/vanthink_test_ios/Desktop/intsall/adt-bundle-mac-x86_64-20140624/sdk/platform-tools/adb -P 5037 -s 871QADTCDDAYH shell pm list instrumentation'
[35m[HTTP][39m [37m-->[39m [37mGET[39m [37m/wd/hub/status[39m
[35m[HTTP][39m [90m{}[39m
[debug] [35m[GENERIC][39m Calling AppiumDriver.getStatus() with args: []
[debug] [35m[GENERIC][39m Responding to client with driver.getStatus() result: {"build":{"version":"1.15.1"}}
[35m[HTTP][39m [37m<-- GET /wd/hub/status [39m[32m200[39m [90m4 ms - 68[39m
[35m[HTTP][39m [90m[39m
[debug] [35m[UiAutomator2][39m Instrumentation target 'io.appium.uiautomator2.server.test/androidx.test.runner.AndroidJUnitRunner' is available
[debug] [35m[UiAutomator2][39m Forwarding UiAutomator2 Server port 6790 to 8206
[debug] [35m[ADB][39m Forwarding system: 8206 to device: 6790
[debug] [35m[ADB][39m Running '/Users/vanthink_test_ios/Desktop/intsall/adt-bundle-mac-x86_64-20140624/sdk/platform-tools/adb -P 5037 -s 871QADTCDDAYH forward tcp\:8206 tcp\:6790'
[debug] [35m[ADB][39m Checking app cert for /Users/vanthink_test_ios/Downloads/student_env_devMasterDebug_1.4.7(11).apk
[debug] [35m[ADB][39m Starting '/Users/vanthink_test_ios/Desktop/intsall/adt-bundle-mac-x86_64-20140624/sdk/build-tools/28.0.3/apksigner' with args '["verify","--print-certs","/Users/vanthink_test_ios/Downloads/student_env_devMasterDebug_1.4.7(11).apk"]'
[debug] [35m[ADB][39m apksigner stdout: Signer #1 certificate DN: EMAILADDRESS=android@android.com, CN=Android, OU=Android, O=Android, L=Mountain View, ST=California, C=US
[debug] [35m[ADB][39m Signer #1 certificate SHA-256 digest: a40da80a59d170caa950cf15c18c454d47a39b26989d8b640ecd745ba71bf5dc
[debug] [35m[ADB][39m Signer #1 certificate SHA-1 digest: 61ed377e85d386a8dfee6b864bd85b0bfaa5af81
[debug] [35m[ADB][39m Signer #1 certificate MD5 digest: e89b158e4bcf988ebd09eb83f5378e87
[debug] [35m[ADB][39m 
[debug] [35m[ADB][39m '/Users/vanthink_test_ios/Downloads/student_env_devMasterDebug_1.4.7(11).apk' is already signed.
[debug] [35m[ADB][39m Getting install status for com.vanthink.student.debug
[debug] [35m[ADB][39m Running '/Users/vanthink_test_ios/Desktop/intsall/adt-bundle-mac-x86_64-20140624/sdk/platform-tools/adb -P 5037 -s 871QADTCDDAYH shell dumpsys package com.vanthink.student.debug'
[debug] [35m[ADB][39m 'com.vanthink.student.debug' is installed
[debug] [35m[ADB][39m Getting package info for 'com.vanthink.student.debug'
[debug] [35m[ADB][39m Running '/Users/vanthink_test_ios/Desktop/intsall/adt-bundle-mac-x86_64-20140624/sdk/platform-tools/adb -P 5037 -s 871QADTCDDAYH shell dumpsys package com.vanthink.student.debug'
[35m[ADB][39m Cannot extract apk info using apkanalyzer. Falling back to aapt. Original error: Could not find 'apkanalyzer' in ["/Users/vanthink_test_ios/Desktop/intsall/adt-bundle-mac-x86_64-20140624/sdk/platform-tools/apkanalyzer","/Users/vanthink_test_ios/Desktop/intsall/adt-bundle-mac-x86_64-20140624/sdk/emulator/apkanalyzer","/Users/vanthink_test_ios/Desktop/intsall/adt-bundle-mac-x86_64-20140624/sdk/tools/apkanalyzer","/Users/vanthink_test_ios/Desktop/intsall/adt-bundle-mac-x86_64-20140624/sdk/tools/bin/apkanalyzer","/Users/vanthink_test_ios/Desktop/intsall/adt-bundle-mac-x86_64-20140624/sdk/build-tools/28.0.3/apkanalyzer","/Users/vanthink_test_ios/Desktop/intsall/adt-bundle-mac-x86_64-20140624/sdk/build-tools/28.0.0/apkanalyzer","/Users/vanthink_test_ios/Desktop/intsall/adt-bundle-mac-x86_64-20140624/sdk/build-tools/27.0.1/apkanalyzer","/Users/vanthink_test_ios/Desktop/intsall/adt-bundle-mac-x86_64-20140624/sdk/build-tools/23.0.1/apkanalyzer"]. Do you have Android Build Tools installed at '/Users/vanthink_test_ios/Desktop/intsall/adt-bundle-mac-x86_64-20140624/sdk'?
[debug] [35m[ADB][39m The version name of the installed 'com.vanthink.student.debug' is greater or equal to the application version name ('1.4.7' >= '1.4.7')
[debug] [35m[ADB][39m There is no need to install/upgrade '/Users/vanthink_test_ios/Downloads/student_env_devMasterDebug_1.4.7(11).apk'
[debug] [35m[UiAutomator2][39m Performing shallow cleanup of automation leftovers
[debug] [35m[UiAutomator2][39m No obsolete sessions have been detected
[debug] [35m[ADB][39m Running '/Users/vanthink_test_ios/Desktop/intsall/adt-bundle-mac-x86_64-20140624/sdk/platform-tools/adb -P 5037 -s 871QADTCDDAYH shell am force-stop io.appium.uiautomator2.server.test'
[35m[UiAutomator2][39m Starting UIAutomator2 server 4.3.0
[35m[UiAutomator2][39m Using UIAutomator2 server from '/Users/vanthink_test_ios/.nvm/v8.14.1/lib/node_modules/appium/node_modules/appium-uiautomator2-server/apks/appium-uiautomator2-server-v4.3.0.apk' and test from '/Users/vanthink_test_ios/.nvm/v8.14.1/lib/node_modules/appium/node_modules/appium-uiautomator2-server/apks/appium-uiautomator2-server-debug-androidTest.apk'
[35m[UiAutomator2][39m Waiting up to 30000ms for UiAutomator2 to be online...
[debug] [35m[ADB][39m Creating ADB subprocess with args: ["-P",5037,"-s","871QADTCDDAYH","shell","am","instrument","-w","io.appium.uiautomator2.server.test/androidx.test.runner.AndroidJUnitRunner"]
[35m[HTTP][39m [37m-->[39m [37mGET[39m [37m/wd/hub/status[39m
[35m[HTTP][39m [90m{}[39m
[debug] [35m[GENERIC][39m Calling AppiumDriver.getStatus() with args: []
[debug] [35m[GENERIC][39m Responding to client with driver.getStatus() result: {"build":{"version":"1.15.1"}}
[35m[HTTP][39m [37m<-- GET /wd/hub/status [39m[32m200[39m [90m2 ms - 68[39m
[35m[HTTP][39m [90m[39m
[debug] [35m[WD Proxy][39m Matched '/status' to command name 'getStatus'
[debug] [35m[WD Proxy][39m Proxying [GET /status] to [GET http://localhost:8206/wd/hub/status] with no body
[debug] [35m[WD Proxy][39m Got response with status 200: {"sessionId":"None","value":{"ready":true,"message":"UiAutomator2 Server is ready to accept commands"}}
[debug] [35m[UiAutomator2][39m The initialization of the instrumentation process took 1025ms
[debug] [35m[WD Proxy][39m Matched '/session' to command name 'createSession'
[debug] [35m[WD Proxy][39m Proxying [POST /session] to [POST http://localhost:8206/wd/hub/session] with body: {"capabilities":{"firstMatch":[{"platform":"LINUX","webStorageEnabled":false,"takesScreenshot":true,"javascriptEnabled":true,"databaseEnabled":false,"networkConnectionEnabled":true,"locationContextEnabled":false,"warnings":{},"desired":{"platformName":"android","server:CONFIG_UUID":"07d7a273-defd-485f-bd3b-a5f8fec3ac0d","app":"/Users/vanthink_test_ios/Downloads/student_env_devMasterDebug_1.4.7(11).apk","automationName":"uiautomator2","deviceName":"MZ_M15","noReset":true,"platformVersion":"7.1.2","resetKeyboard":true,"systemPort":8206,"udid":"871QADTCDDAYH"},"platformName":"android","server:CONFIG_UUID":"07d7a273-defd-485f-bd3b-a5f8fec3ac0d","app":"/Users/vanthink_test_ios/Downloads/student_env_devMasterDebug_1.4.7(11).apk","automationName":"uiautomator2","deviceName":"871QADTCDDAYH","noReset":true,"platformVersion":"7.1.2","resetKeyboard":true,"systemPort":8206,"udid":"871QADTCDDAYH","deviceUDID":"871QADTCDDAYH","appPackage":"com.vanthink.student.debug"}],"alwaysMatch":{}}}
[debug] [35m[WD Proxy][39m Got response with status 200: {"sessionId":"03c1c1d0-32cd-41c3-89c7-a3d7208d0222","value":{"sessionId":"03c1c1d0-32cd-41c3-89c7-a3d7208d0222","capabilities":{"firstMatch":[{"platform":"LINUX","webStorageEnabled":false,"takesScreenshot":true,"javascriptEnabled":true,"databaseEnabled":false,"networkConnectionEnabled":true,"locationContextEnabled":false,"warnings":{},"desired":{"platformName":"android","server:CONFIG_UUID":"07d7a273-defd-485f-bd3b-a5f8fec3ac0d","app":"/Users/vanthink_test_ios/Downloads/student_env_devMasterDebug_1.4.7(11).apk","automationName":"uiautomator2","deviceName":"MZ_M15","noReset":true,"platformVersion":"7.1.2","resetKeyboard":true,"systemPort":8206,"udid":"871QADTCDDAYH"},"platformName":"android","server:CONFIG_UUID":"07d7a273-defd-485f-bd3b-a5f8fec3ac0d","app":"/Users/vanthink_test_ios/Downloads/student_env_devMasterDebug_1.4.7(11).apk","automationName":"uiautomator2","deviceName":"871QADTCDDAYH","noReset":true,"platformVersion":"7.1.2","resetKeyboard":true,"systemPort":8206,"udid":"871QADTCDDAYH","deviceUDID":...
[35m[WD Proxy][39m Determined the downstream protocol as 'W3C'
[debug] [35m[WD Proxy][39m Proxying [GET /appium/device/info] to [GET http://localhost:8206/wd/hub/session/03c1c1d0-32cd-41c3-89c7-a3d7208d0222/appium/device/info] with no body
[debug] [35m[WD Proxy][39m Got response with status 200: {"sessionId":"03c1c1d0-32cd-41c3-89c7-a3d7208d0222","value":{"androidId":"973f91b04ae0b","manufacturer":"Meizu","model":"M15","brand":"Meizu","apiVersion":"25","platformVersion":"7.1.2","carrierName":"ä¸­å›½è”é€š","realDisplaySize":"1080x1920","displayDensity":480,"networks":[{"type":1,"typeName":"WIFI","subtype":0,"subtypeName":"","isConnected":true,"detailedState":"CONNECTED","state":"CONNECTED","extraInfo":"\"VANTHINK_2.4G\"","isAvailable":true,"isFailover":false,"isRoaming":false,"capabilities":{"transportTypes":"NET_CAPABILITY_SUPL","networkCapabilities":"","linkUpstreamBandwidthKbps":1048576,"linkDownBandwidthKbps":1048576,"signalStrength":-44,"networkSpecifier":null,"SSID":null}}],"locale":"zh_CN","timeZone":"Asia\/Shanghai"}}
[debug] [35m[ADB][39m Running '/Users/vanthink_test_ios/Desktop/intsall/adt-bundle-mac-x86_64-20140624/sdk/platform-tools/adb -P 5037 -s 871QADTCDDAYH shell dumpsys window'
[35m[AndroidDriver][39m Screen already unlocked, doing nothing
[35m[UiAutomator2][39m Starting 'com.vanthink.student.debug/com.vanthink.vanthinkstudent.ui.splash.SplashActivity and waiting for 'com.vanthink.student.debug/com.vanthink.vanthinkstudent.ui.splash.SplashActivity'
[debug] [35m[ADB][39m Running '/Users/vanthink_test_ios/Desktop/intsall/adt-bundle-mac-x86_64-20140624/sdk/platform-tools/adb -P 5037 -s 871QADTCDDAYH shell am start -W -n com.vanthink.student.debug/com.vanthink.vanthinkstudent.ui.splash.SplashActivity -S -a android.intent.action.MAIN -c android.intent.category.LAUNCHER -f 0x10200000'
[debug] [35m[Instrumentation][39m io.appium.uiautomator2.server.test.AppiumUiAutomator2Server:
[debug] [35m[ADB][39m Waiting up to 20000ms for activity matching pkg: 'com.vanthink.student.debug' and activity: 'com.vanthink.vanthinkstudent.ui.splash.SplashActivity' to be focused
[debug] [35m[ADB][39m Possible activities, to be checked: 'com.vanthink.vanthinkstudent.ui.splash.SplashActivity', 'com.vanthink.student.debug.com.vanthink.vanthinkstudent.ui.splash.SplashActivity'
[debug] [35m[ADB][39m Getting focused package and activity
[debug] [35m[ADB][39m Running '/Users/vanthink_test_ios/Desktop/intsall/adt-bundle-mac-x86_64-20140624/sdk/platform-tools/adb -P 5037 -s 871QADTCDDAYH shell dumpsys window windows'
[debug] [35m[ADB][39m Found package: 'com.vanthink.student.debug' and fully qualified activity name : 'com.vanthink.vanthinkstudent.ui.splash.SplashActivity'
[debug] [35m[WD Proxy][39m Proxying [GET /appium/device/pixel_ratio] to [GET http://localhost:8206/wd/hub/session/03c1c1d0-32cd-41c3-89c7-a3d7208d0222/appium/device/pixel_ratio] with body: {}
[debug] [35m[WD Proxy][39m Got response with status 200: {"sessionId":"03c1c1d0-32cd-41c3-89c7-a3d7208d0222","value":3}
[debug] [35m[WD Proxy][39m Matched '/appium/device/system_bars' to command name 'getSystemBars'
[debug] [35m[WD Proxy][39m Proxying [GET /appium/device/system_bars] to [GET http://localhost:8206/wd/hub/session/03c1c1d0-32cd-41c3-89c7-a3d7208d0222/appium/device/system_bars] with body: {}
[debug] [35m[WD Proxy][39m Got response with status 200: {"sessionId":"03c1c1d0-32cd-41c3-89c7-a3d7208d0222","value":{"statusBar":66}}
[debug] [35m[WD Proxy][39m Matched '/window/current/size' to command name 'getWindowSize'
[debug] [35m[WD Proxy][39m Proxying [GET /window/current/size] to [GET http://localhost:8206/wd/hub/session/03c1c1d0-32cd-41c3-89c7-a3d7208d0222/window/current/size] with body: {}
[debug] [35m[WD Proxy][39m Got response with status 200: {"sessionId":"03c1c1d0-32cd-41c3-89c7-a3d7208d0222","value":{"height":1920,"width":1080}}
[35m[Appium][39m New AndroidUiautomator2Driver session created successfully, session dbeca4c5-2a3d-4763-b864-aa26b435dd26 added to master session list
[debug] [35m[BaseDriver][39m Event 'newSessionStarted' logged at 1582860759693 (11:32:39 GMT+0800 (CST))
[debug] [35m[W3C (dbeca4c5)][39m Cached the protocol value 'W3C' for the new session dbeca4c5-2a3d-4763-b864-aa26b435dd26
[debug] [35m[W3C (dbeca4c5)][39m Responding to client with driver.createSession() result: {"capabilities":{"platform":"LINUX","webStorageEnabled":false,"takesScreenshot":true,"javascriptEnabled":true,"databaseEnabled":false,"networkConnectionEnabled":true,"locationContextEnabled":false,"warnings":{},"desired":{"platformName":"android","server:CONFIG_UUID":"07d7a273-defd-485f-bd3b-a5f8fec3ac0d","app":"/Users/vanthink_test_ios/Downloads/student_env_devMasterDebug_1.4.7(11).apk","automationName":"uiautomator2","deviceName":"MZ_M15","noReset":true,"platformVersion":"7.1.2","resetKeyboard":true,"systemPort":8206,"udid":"871QADTCDDAYH"},"platformName":"android","server:CONFIG_UUID":"07d7a273-defd-485f-bd3b-a5f8fec3ac0d","app":"/Users/vanthink_test_ios/Downloads/student_env_devMasterDebug_1.4.7(11).apk","automationName":"uiautomator2","deviceName":"871QADTCDDAYH","noReset":true,"platformVersion":"7.1.2","resetKeyboard":true,"systemPort":8206,"udid":"871QADTCDDAYH","deviceUDID":"871QADTCDDAYH","appPackage":"com.vanthink.student.debug","deviceApiLevel":25,"deviceScreenSize":"1080x1920","deviceScreenDens...
[35m[HTTP][39m [37m<-- POST /wd/hub/session [39m[32m200[39m [90m12423 ms - 1237[39m
[35m[HTTP][39m [90m[39m
[35m[HTTP][39m [37m-->[39m [37mGET[39m [37m/wd/hub/session/dbeca4c5-2a3d-4763-b864-aa26b435dd26/appium/device/current_activity[39m
[35m[HTTP][39m [90m{}[39m
[debug] [35m[W3C (dbeca4c5)][39m Calling AppiumDriver.getCurrentActivity() with args: ["dbeca4c5-2a3d-4763-b864-aa26b435dd26"]
[debug] [35m[ADB][39m Getting focused package and activity
[debug] [35m[ADB][39m Running '/Users/vanthink_test_ios/Desktop/intsall/adt-bundle-mac-x86_64-20140624/sdk/platform-tools/adb -P 5037 -s 871QADTCDDAYH shell dumpsys window windows'
[debug] [35m[W3C (dbeca4c5)][39m Responding to client with driver.getCurrentActivity() result: "com.vanthink.vanthinkstudent.ui.splash.SplashActivity"
[35m[HTTP][39m [37m<-- GET /wd/hub/session/dbeca4c5-2a3d-4763-b864-aa26b435dd26/appium/device/current_activity [39m[32m200[39m [90m83 ms - 65[39m
[35m[HTTP][39m [90m[39m
[35m[HTTP][39m [37m-->[39m [37mPOST[39m [37m/wd/hub/session/dbeca4c5-2a3d-4763-b864-aa26b435dd26/element[39m
[35m[HTTP][39m [90m{"using":"id","value":"com.vanthink.student.debug:id/btn_login"}[39m
[debug] [35m[W3C (dbeca4c5)][39m Calling AppiumDriver.findElement() with args: ["id","com.vanthink.student.debug:id/btn_login","dbeca4c5-2a3d-4763-b864-aa26b435dd26"]
[debug] [35m[BaseDriver][39m Valid locator strategies for this request: xpath, id, class name, accessibility id, -android uiautomator
[debug] [35m[BaseDriver][39m Waiting up to 0 ms for condition
[debug] [35m[WD Proxy][39m Matched '/element' to command name 'findElement'
[debug] [35m[WD Proxy][39m Proxying [POST /element] to [POST http://localhost:8206/wd/hub/session/03c1c1d0-32cd-41c3-89c7-a3d7208d0222/element] with body: {"strategy":"id","selector":"com.vanthink.student.debug:id/btn_login","context":"","multiple":false}
[35m[WD Proxy][39m Got an unexpected response with status 404: {"sessionId":"03c1c1d0-32cd-41c3-89c7-a3d7208d0222","value":{"error":"invalid session id","message":"A session is either terminated or not started","stacktrace":"io.appium.uiautomator2.common.exceptions.NoSuchDriverException: A session is either terminated or not started\n\tat io.appium.uiautomator2.model.AppiumUIA2Driver.getSessionOrThrow(AppiumUIA2Driver.java:54)\n\tat io.appium.uiautomator2.model.settings.EnableMultiWindows.getValue(EnableMultiWindows.java:32)\n\tat io.appium.uiautomator2.model.settings.EnableMultiWindows.getValue(EnableMultiWindows.java:21)\n\tat io.appium.uiautomator2.utils.AXWindowHelpers.getCachedWindowRoots(AXWindowHelpers.java:105)\n\tat io.appium.uiautomator2.model.internal.CustomUiDevice.findObject(CustomUiDevice.java:130)\n\tat io.appium.uiautomator2.handler.FindElement.findElement(FindElement.java:94)\n\tat io.appium.uiautomator2.handler.FindElement.safeHandle(FindElement.java:72)\n\tat io.appium.uiautomator2.handler.request.SafeRequestHandler.handle(SafeRequestHandler.java:38...
[debug] [35m[W3C][39m Matched W3C error code 'invalid session id' to NoSuchDriverError
[debug] [35m[W3C (dbeca4c5)][39m Encountered internal error running command: io.appium.uiautomator2.common.exceptions.NoSuchDriverException: A session is either terminated or not started
[debug] [35m[W3C (dbeca4c5)][39m 	at io.appium.uiautomator2.model.AppiumUIA2Driver.getSessionOrThrow(AppiumUIA2Driver.java:54)
[debug] [35m[W3C (dbeca4c5)][39m 	at io.appium.uiautomator2.model.settings.EnableMultiWindows.getValue(EnableMultiWindows.java:32)
[debug] [35m[W3C (dbeca4c5)][39m 	at io.appium.uiautomator2.model.settings.EnableMultiWindows.getValue(EnableMultiWindows.java:21)
[debug] [35m[W3C (dbeca4c5)][39m 	at io.appium.uiautomator2.utils.AXWindowHelpers.getCachedWindowRoots(AXWindowHelpers.java:105)
[debug] [35m[W3C (dbeca4c5)][39m 	at io.appium.uiautomator2.model.internal.CustomUiDevice.findObject(CustomUiDevice.java:130)
[debug] [35m[W3C (dbeca4c5)][39m 	at io.appium.uiautomator2.handler.FindElement.findElement(FindElement.java:94)
[debug] [35m[W3C (dbeca4c5)][39m 	at io.appium.uiautomator2.handler.FindElement.safeHandle(FindElement.java:72)
[debug] [35m[W3C (dbeca4c5)][39m 	at io.appium.uiautomator2.handler.request.SafeRequestHandler.handle(SafeRequestHandler.java:38)
[debug] [35m[W3C (dbeca4c5)][39m 	at io.appium.uiautomator2.server.AppiumServlet.handleRequest(AppiumServlet.java:252)
[debug] [35m[W3C (dbeca4c5)][39m 	at io.appium.uiautomator2.server.AppiumServlet.handleHttpRequest(AppiumServlet.java:242)
[debug] [35m[W3C (dbeca4c5)][39m 	at io.appium.uiautomator2.http.ServerHandler.channelRead(ServerHandler.java:44)
[debug] [35m[W3C (dbeca4c5)][39m 	at io.netty.channel.AbstractChannelHandlerContext.invokeChannelRead(AbstractChannelHandlerContext.java:366)
[debug] [35m[W3C (dbeca4c5)][39m 	at io.netty.channel.AbstractChannelHandlerContext.invokeChannelRead(AbstractChannelHandlerContext.java:352)
[debug] [35m[W3C (dbeca4c5)][39m 	at io.netty.channel.AbstractChannelHandlerContext.fireChannelRead(AbstractChannelHandlerContext.java:345)
[debug] [35m[W3C (dbeca4c5)][39m 	at io.netty.handler.codec.MessageToMessageDecoder.channelRead(MessageToMessageDecoder.java:102)
[debug] [35m[W3C (dbeca4c5)][39m 	at io.netty.channel.AbstractChannelHandlerContext.invokeChannelRead(AbstractChannelHandlerContext.java:366)
[debug] [35m[W3C (dbeca4c5)][39m 	at io.netty.channel.AbstractChannelHandlerContext.invokeChannelRead(AbstractChannelHandlerContext.java:352)
[debug] [35m[W3C (dbeca4c5)][39m 	at io.netty.channel.AbstractChannelHandlerContext.fireChannelRead(AbstractChannelHandlerContext.java:345)
[debug] [35m[W3C (dbeca4c5)][39m 	at io.netty.channel.CombinedChannelDuplexHandler$DelegatingChannelHandlerContext.fireChannelRead(CombinedChannelDuplexHandler.java:435)
[debug] [35m[W3C (dbeca4c5)][39m 	at io.netty.handler.codec.ByteToMessageDecoder.fireChannelRead(ByteToMessageDecoder.java:293)
[debug] [35m[W3C (dbeca4c5)][39m 	at io.netty.handler.codec.ByteToMessageDecoder.channelRead(ByteToMessageDecoder.java:267)
[debug] [35m[W3C (dbeca4c5)][39m 	at io.netty.channel.CombinedChannelDuplexHandler.channelRead(CombinedChannelDuplexHandler.java:250)
[debug] [35m[W3C (dbeca4c5)][39m 	at io.netty.channel.AbstractChannelHandlerContext.invokeChannelRead(AbstractChannelHandlerContext.java:366)
[debug] [35m[W3C (dbeca4c5)][39m 	at io.netty.channel.AbstractChannelHandlerContext.invokeChannelRead(AbstractChannelHandlerContext.java:352)
[debug] [35m[W3C (dbeca4c5)][39m 	at io.netty.channel.AbstractChannelHandlerContext.fireChannelRead(AbstractChannelHandlerContext.java:345)
[debug] [35m[W3C (dbeca4c5)][39m 	at io.netty.channel.DefaultChannelPipeline$HeadContext.channelRead(DefaultChannelPipeline.java:1294)
[debug] [35m[W3C (dbeca4c5)][39m 	at io.netty.channel.AbstractChannelHandlerContext.invokeChannelRead(AbstractChannelHandlerContext.java:366)
[debug] [35m[W3C (dbeca4c5)][39m 	at io.netty.channel.AbstractChannelHandlerContext.invokeChannelRead(AbstractChannelHandlerContext.java:352)
[debug] [35m[W3C (dbeca4c5)][39m 	at io.netty.channel.DefaultChannelPipeline.fireChannelRead(DefaultChannelPipeline.java:911)
[debug] [35m[W3C (dbeca4c5)][39m 	at io.netty.channel.nio.AbstractNioByteChannel$NioByteUnsafe.read(AbstractNioByteChannel.java:131)
[debug] [35m[W3C (dbeca4c5)][39m 	at io.netty.channel.nio.NioEventLoop.processSelectedKey(NioEventLoop.java:611)
[debug] [35m[W3C (dbeca4c5)][39m 	at io.netty.channel.nio.NioEventLoop.processSelectedKeysOptimized(NioEventLoop.java:552)
[debug] [35m[W3C (dbeca4c5)][39m 	at io.netty.channel.nio.NioEventLoop.processSelectedKeys(NioEventLoop.java:466)
[debug] [35m[W3C (dbeca4c5)][39m 	at io.netty.channel.nio.NioEventLoop.run(NioEventLoop.java:438)
[debug] [35m[W3C (dbeca4c5)][39m 	at io.netty.util.concurrent.SingleThreadEventExecutor$2.run(SingleThreadEventExecutor.java:140)
[debug] [35m[W3C (dbeca4c5)][39m 	at io.netty.util.concurrent.DefaultThreadFactory$DefaultRunnableDecorator.run(DefaultThreadFactory.java:144)
[debug] [35m[W3C (dbeca4c5)][39m 	at java.lang.Thread.run(Thread.java:761)
[debug] [35m[W3C (dbeca4c5)][39m 
[35m[HTTP][39m [37m<-- POST /wd/hub/session/dbeca4c5-2a3d-4763-b864-aa26b435dd26/element [39m[33m404[39m [90m258 ms - 3865[39m
[35m[HTTP][39m [90m[39m
[35m[HTTP][39m [37m-->[39m [37mGET[39m [37m/wd/hub/status[39m
[35m[HTTP][39m [90m{}[39m
[debug] [35m[GENERIC][39m Calling AppiumDriver.getStatus() with args: []
[debug] [35m[GENERIC][39m Responding to client with driver.getStatus() result: {"build":{"version":"1.15.1"}}
[35m[HTTP][39m [37m<-- GET /wd/hub/status [39m[32m200[39m [90m1 ms - 68[39m
[35m[HTTP][39m [90m[39m
[35m[HTTP][39m [37m-->[39m [37mGET[39m [37m/wd/hub/status[39m
[35m[HTTP][39m [90m{}[39m
[debug] [35m[GENERIC][39m Calling AppiumDriver.getStatus() with args: []
[debug] [35m[GENERIC][39m Responding to client with driver.getStatus() result: {"build":{"version":"1.15.1"}}
[35m[HTTP][39m [37m<-- GET /wd/hub/status [39m[32m200[39m [90m2 ms - 68[39m
[35m[HTTP][39m [90m[39m
[35m[HTTP][39m [37m-->[39m [37mGET[39m [37m/wd/hub/status[39m
[35m[HTTP][39m [90m{}[39m
[debug] [35m[GENERIC][39m Calling AppiumDriver.getStatus() with args: []
[debug] [35m[GENERIC][39m Responding to client with driver.getStatus() result: {"build":{"version":"1.15.1"}}
[35m[HTTP][39m [37m<-- GET /wd/hub/status [39m[32m200[39m [90m1 ms - 68[39m
[35m[HTTP][39m [90m[39m
[35m[HTTP][39m [37m-->[39m [37mGET[39m [37m/wd/hub/status[39m
[35m[HTTP][39m [90m{}[39m
[debug] [35m[GENERIC][39m Calling AppiumDriver.getStatus() with args: []
[debug] [35m[GENERIC][39m Responding to client with driver.getStatus() result: {"build":{"version":"1.15.1"}}
[35m[HTTP][39m [37m<-- GET /wd/hub/status [39m[32m200[39m [90m1 ms - 68[39m
[35m[HTTP][39m [90m[39m
[35m[HTTP][39m [37m-->[39m [37mGET[39m [37m/wd/hub/status[39m
[35m[HTTP][39m [90m{}[39m
[debug] [35m[GENERIC][39m Calling AppiumDriver.getStatus() with args: []
[debug] [35m[GENERIC][39m Responding to client with driver.getStatus() result: {"build":{"version":"1.15.1"}}
[35m[HTTP][39m [37m<-- GET /wd/hub/status [39m[32m200[39m [90m3 ms - 68[39m
[35m[HTTP][39m [90m[39m
[35m[HTTP][39m [37m-->[39m [37mGET[39m [37m/wd/hub/status[39m
[35m[HTTP][39m [90m{}[39m
[debug] [35m[GENERIC][39m Calling AppiumDriver.getStatus() with args: []
[debug] [35m[GENERIC][39m Responding to client with driver.getStatus() result: {"build":{"version":"1.15.1"}}
[35m[HTTP][39m [37m<-- GET /wd/hub/status [39m[32m200[39m [90m1 ms - 68[39m
[35m[HTTP][39m [90m[39m
[35m[HTTP][39m [37m-->[39m [37mGET[39m [37m/wd/hub/status[39m
[35m[HTTP][39m [90m{}[39m
[debug] [35m[GENERIC][39m Calling AppiumDriver.getStatus() with args: []
[debug] [35m[GENERIC][39m Responding to client with driver.getStatus() result: {"build":{"version":"1.15.1"}}
[35m[HTTP][39m [37m<-- GET /wd/hub/status [39m[32m200[39m [90m1 ms - 68[39m
[35m[HTTP][39m [90m[39m
[35m[HTTP][39m [37m-->[39m [37mGET[39m [37m/wd/hub/status[39m
[35m[HTTP][39m [90m{}[39m
[debug] [35m[GENERIC][39m Calling AppiumDriver.getStatus() with args: []
[debug] [35m[GENERIC][39m Responding to client with driver.getStatus() result: {"build":{"version":"1.15.1"}}
[35m[HTTP][39m [37m<-- GET /wd/hub/status [39m[32m200[39m [90m1 ms - 68[39m
[35m[HTTP][39m [90m[39m
[35m[HTTP][39m [37m-->[39m [37mGET[39m [37m/wd/hub/status[39m
[35m[HTTP][39m [90m{}[39m
[debug] [35m[GENERIC][39m Calling AppiumDriver.getStatus() with args: []
[debug] [35m[GENERIC][39m Responding to client with driver.getStatus() result: {"build":{"version":"1.15.1"}}
[35m[HTTP][39m [37m<-- GET /wd/hub/status [39m[32m200[39m [90m2 ms - 68[39m
[35m[HTTP][39m [90m[39m
[35m[HTTP][39m [37m-->[39m [37mGET[39m [37m/wd/hub/status[39m
[35m[HTTP][39m [90m{}[39m
[debug] [35m[GENERIC][39m Calling AppiumDriver.getStatus() with args: []
[debug] [35m[GENERIC][39m Responding to client with driver.getStatus() result: {"build":{"version":"1.15.1"}}
[35m[HTTP][39m [37m<-- GET /wd/hub/status [39m[32m200[39m [90m1 ms - 68[39m
[35m[HTTP][39m [90m[39m
[35m[HTTP][39m [37m-->[39m [37mGET[39m [37m/wd/hub/status[39m
[35m[HTTP][39m [90m{}[39m
[debug] [35m[GENERIC][39m Calling AppiumDriver.getStatus() with args: []
[debug] [35m[GENERIC][39m Responding to client with driver.getStatus() result: {"build":{"version":"1.15.1"}}
[35m[HTTP][39m [37m<-- GET /wd/hub/status [39m[32m200[39m [90m1 ms - 68[39m
[35m[HTTP][39m [90m[39m
[35m[HTTP][39m [37m-->[39m [37mGET[39m [37m/wd/hub/status[39m
[35m[HTTP][39m [90m{}[39m
[debug] [35m[GENERIC][39m Calling AppiumDriver.getStatus() with args: []
[debug] [35m[GENERIC][39m Responding to client with driver.getStatus() result: {"build":{"version":"1.15.1"}}
[35m[HTTP][39m [37m<-- GET /wd/hub/status [39m[32m200[39m [90m1 ms - 68[39m
[35m[HTTP][39m [90m[39m
[35m[HTTP][39m [37m-->[39m [37mGET[39m [37m/wd/hub/status[39m
[35m[HTTP][39m [90m{}[39m
[debug] [35m[GENERIC][39m Calling AppiumDriver.getStatus() with args: []
[debug] [35m[GENERIC][39m Responding to client with driver.getStatus() result: {"build":{"version":"1.15.1"}}
[35m[HTTP][39m [37m<-- GET /wd/hub/status [39m[32m200[39m [90m1 ms - 68[39m
[35m[HTTP][39m [90m[39m
[35m[HTTP][39m [37m-->[39m [37mGET[39m [37m/wd/hub/status[39m
[35m[HTTP][39m [90m{}[39m
[debug] [35m[GENERIC][39m Calling AppiumDriver.getStatus() with args: []
[debug] [35m[GENERIC][39m Responding to client with driver.getStatus() result: {"build":{"version":"1.15.1"}}
[35m[HTTP][39m [37m<-- GET /wd/hub/status [39m[32m200[39m [90m4 ms - 68[39m
[35m[HTTP][39m [90m[39m
[35m[HTTP][39m [37m-->[39m [37mGET[39m [37m/wd/hub/status[39m
[35m[HTTP][39m [90m{}[39m
[debug] [35m[GENERIC][39m Calling AppiumDriver.getStatus() with args: []
[debug] [35m[GENERIC][39m Responding to client with driver.getStatus() result: {"build":{"version":"1.15.1"}}
[35m[HTTP][39m [37m<-- GET /wd/hub/status [39m[32m200[39m [90m3 ms - 68[39m
[35m[HTTP][39m [90m[39m
[35m[HTTP][39m [37m-->[39m [37mGET[39m [37m/wd/hub/status[39m
[35m[HTTP][39m [90m{}[39m
[debug] [35m[GENERIC][39m Calling AppiumDriver.getStatus() with args: []
[debug] [35m[GENERIC][39m Responding to client with driver.getStatus() result: {"build":{"version":"1.15.1"}}
[35m[HTTP][39m [37m<-- GET /wd/hub/status [39m[32m200[39m [90m2 ms - 68[39m
[35m[HTTP][39m [90m[39m
[35m[HTTP][39m [37m-->[39m [37mGET[39m [37m/wd/hub/status[39m
[35m[HTTP][39m [90m{}[39m
[debug] [35m[GENERIC][39m Calling AppiumDriver.getStatus() with args: []
[debug] [35m[GENERIC][39m Responding to client with driver.getStatus() result: {"build":{"version":"1.15.1"}}
[35m[HTTP][39m [37m<-- GET /wd/hub/status [39m[32m200[39m [90m1 ms - 68[39m
[35m[HTTP][39m [90m[39m
[35m[HTTP][39m [37m-->[39m [37mGET[39m [37m/wd/hub/status[39m
[35m[HTTP][39m [90m{}[39m
[debug] [35m[GENERIC][39m Calling AppiumDriver.getStatus() with args: []
[debug] [35m[GENERIC][39m Responding to client with driver.getStatus() result: {"build":{"version":"1.15.1"}}
[35m[HTTP][39m [37m<-- GET /wd/hub/status [39m[32m200[39m [90m3 ms - 68[39m
[35m[HTTP][39m [90m[39m
[35m[HTTP][39m [37m-->[39m [37mGET[39m [37m/wd/hub/status[39m
[35m[HTTP][39m [90m{}[39m
[debug] [35m[GENERIC][39m Calling AppiumDriver.getStatus() with args: []
[debug] [35m[GENERIC][39m Responding to client with driver.getStatus() result: {"build":{"version":"1.15.1"}}
[35m[HTTP][39m [37m<-- GET /wd/hub/status [39m[32m200[39m [90m1 ms - 68[39m
[35m[HTTP][39m [90m[39m
[35m[HTTP][39m [37m-->[39m [37mGET[39m [37m/wd/hub/status[39m
[35m[HTTP][39m [90m{}[39m
[debug] [35m[GENERIC][39m Calling AppiumDriver.getStatus() with args: []
[debug] [35m[GENERIC][39m Responding to client with driver.getStatus() result: {"build":{"version":"1.15.1"}}
[35m[HTTP][39m [37m<-- GET /wd/hub/status [39m[32m200[39m [90m2 ms - 68[39m
[35m[HTTP][39m [90m[39m
