[35m[Appium][39m Welcome to Appium v1.13.0
[35m[Appium][39m Non-default server args:
[35m[Appium][39m   port: 4727
[35m[Appium][39m   bootstrapPort: 5727
[35m[Appium][39m   nodeconfig: ./test_program/nodeconfig/OPPO_A37m/5.1/mobile.json
[35m[Appium][39m   udid: A6BERSWW99999999
[35m[Appium][39m Deprecated server args:
[35m[Appium][39m   [31m-U,--udid[39m => --default-capabilities '{"udid":"A6BERSWW99999999"}'
[35m[Appium][39m Default capabilities, which will be added to each request unless overridden by desired capabilities:
[35m[Appium][39m   udid: A6BERSWW99999999
[debug] [35m[Appium][39m Starting auto register thread for grid. Will try to register every 5000 ms.
[35m[Appium][39m Appium REST http interface listener started on 0.0.0.0:4727
[debug] [35m[Appium][39m Appium successfully registered with the grid on http://192.168.222.67:4444
[35m[HTTP][39m [37m-->[39m [37mPOST[39m [37m/wd/hub/session[39m
[35m[HTTP][39m [90m{"desiredCapabilities":{"app":"/Users/vanthink_test_ios/Desktop/student_env_devMasterDebug_1.4.2-1.apk","automationName":"uiautomator2","deviceName":"OPPO_A37m","noReset":true,"platformName":"android","platformVersion":"5.1","resetKeyboard":true,"server:CONFIG_UUID":"5e74a010-197e-4c3d-a096-6e52dacf3322","systemPort":8202,"udid":"A6BERSWW99999999"},"capabilities":{"desiredCapabilities":{"app":"/Users/vanthink_test_ios/Desktop/student_env_devMasterDebug_1.4.2-1.apk","automationName":"uiautomator2","deviceName":"OPPO_A37m","noReset":true,"platformName":"android","platformVersion":"5.1","resetKeyboard":true,"server:CONFIG_UUID":"5e74a010-197e-4c3d-a096-6e52dacf3322","systemPort":8202,"udid":"A6BERSWW99999999"},"firstMatch":[{"platformName":"android","server:CONFIG_UUID":"5e74a010-197e-4c3d-a096-6e52dacf3322"}]}}[39m
[debug] [35m[W3C][39m Calling AppiumDriver.createSession() with args: [{"app":"/Users/vanthink_test_ios/Desktop/student_env_devMasterDebug_1.4.2-1.apk","automationName":"uiautomator2","deviceName":"OPPO_A37m","noReset":true,"platformName":"android","platformVersion":"5.1","resetKeyboard":true,"server:CONFIG_UUID":"5e74a010-197e-4c3d-a096-6e52dacf3322","systemPort":8202,"udid":"A6BERSWW99999999"},null,{"desiredCapabilities":{"app":"/Users/vanthink_test_ios/Desktop/student_env_devMasterDebug_1.4.2-1.apk","automationName":"uiautomator2","deviceName":"OPPO_A37m","noReset":true,"platformName":"android","platformVersion":"5.1","resetKeyboard":true,"server:CONFIG_UUID":"5e74a010-197e-4c3d-a096-6e52dacf3322","systemPort":8202,"udid":"A6BERSWW99999999"},"firstMatch":[{"platformName":"android","server:CONFIG_UUID":"5e74a010-197e-4c3d-a096-6e52dacf3322"}]}]
[debug] [35m[BaseDriver][39m Event 'newSessionRequested' logged at 1569553291667 (11:01:31 GMT+0800 (CST))
[35m[BaseDriver][39m The capabilities ["udid"] are not standard capabilities and should have an extension prefix
[35m[Appium][39m Could not parse W3C capabilities: 'deviceName' can't be blank
[35m[Appium][39m Trying to fix W3C capabilities by merging them with JSONWP caps
[35m[BaseDriver][39m The capabilities ["app","automationName","deviceName","noReset","platformVersion","resetKeyboard","systemPort","udid"] are not standard capabilities and should have an extension prefix
[35m[Appium][39m Appium v1.13.0 creating new AndroidUiautomator2Driver (v1.33.1) session
[35m[Appium][39m Capabilities:
[35m[Appium][39m   app: /Users/vanthink_test_ios/Desktop/student_env_devMasterDebug_1.4.2-1.apk
[35m[Appium][39m   automationName: uiautomator2
[35m[Appium][39m   deviceName: OPPO_A37m
[35m[Appium][39m   noReset: true
[35m[Appium][39m   platformVersion: 5.1
[35m[Appium][39m   resetKeyboard: true
[35m[Appium][39m   systemPort: 8202
[35m[Appium][39m   platformName: android
[35m[Appium][39m   server:CONFIG_UUID: 5e74a010-197e-4c3d-a096-6e52dacf3322
[35m[Appium][39m   udid: A6BERSWW99999999
[debug] [35m[BaseDriver][39m W3C capabilities {"alwaysMatch":{"appium:app... and MJSONWP desired capabilities {"udid":"A6BERSWW99999999",... were provided
[debug] [35m[BaseDriver][39m Creating session with W3C capabilities: {"alwaysMatch":{"appium:app...
[35m[BaseDriver][39m The following capabilities were provided, but are not recognized by appium: server:CONFIG_UUID.
[35m[BaseDriver][39m Session created with session id: 7ddd9ae8-b461-49d5-907f-1ed718db1e70
[35m[BaseDriver][39m Using local app '/Users/vanthink_test_ios/Desktop/student_env_devMasterDebug_1.4.2-1.apk'
[debug] [35m[UiAutomator2][39m Checking whether app is actually present
[35m[ADB][39m Found 4 'build-tools' folders under '/Users/vanthink_test_ios/Desktop/intsall/adt-bundle-mac-x86_64-20140624/sdk' (newest first):
[35m[ADB][39m     /Users/vanthink_test_ios/Desktop/intsall/adt-bundle-mac-x86_64-20140624/sdk/build-tools/28.0.3
[35m[ADB][39m     /Users/vanthink_test_ios/Desktop/intsall/adt-bundle-mac-x86_64-20140624/sdk/build-tools/28.0.0
[35m[ADB][39m     /Users/vanthink_test_ios/Desktop/intsall/adt-bundle-mac-x86_64-20140624/sdk/build-tools/27.0.1
[35m[ADB][39m     /Users/vanthink_test_ios/Desktop/intsall/adt-bundle-mac-x86_64-20140624/sdk/build-tools/23.0.1
[35m[ADB][39m Using 'adb' from '/Users/vanthink_test_ios/Desktop/intsall/adt-bundle-mac-x86_64-20140624/sdk/platform-tools/adb'
[35m[AndroidDriver][39m Retrieving device list
[debug] [35m[ADB][39m Trying to find a connected android device
[debug] [35m[ADB][39m Getting connected devices...
[debug] [35m[ADB][39m 2 device(s) connected
[35m[AndroidDriver][39m Using device: A6BERSWW99999999
[35m[ADB][39m Using 'adb' from '/Users/vanthink_test_ios/Desktop/intsall/adt-bundle-mac-x86_64-20140624/sdk/platform-tools/adb'
[debug] [35m[ADB][39m Setting device id to A6BERSWW99999999
[debug] [35m[ADB][39m Running '/Users/vanthink_test_ios/Desktop/intsall/adt-bundle-mac-x86_64-20140624/sdk/platform-tools/adb -P 5037 -s A6BERSWW99999999 shell getprop ro.build.version.sdk'
[debug] [35m[ADB][39m Current device property 'ro.build.version.sdk': 22
[debug] [35m[ADB][39m Device API level: 22
[debug] [35m[AndroidDriver][39m Parsing package and activity from app manifest
[35m[ADB][39m Using the alternative activity name detection method because of: Could not find 'apkanalyzer' in ["/Users/vanthink_test_ios/Desktop/intsall/adt-bundle-mac-x86_64-20140624/sdk/platform-tools/apkanalyzer","/Users/vanthink_test_ios/Desktop/intsall/adt-bundle-mac-x86_64-20140624/sdk/emulator/apkanalyzer","/Users/vanthink_test_ios/Desktop/intsall/adt-bundle-mac-x86_64-20140624/sdk/tools/apkanalyzer","/Users/vanthink_test_ios/Desktop/intsall/adt-bundle-mac-x86_64-20140624/sdk/tools/bin/apkanalyzer","/Users/vanthink_test_ios/Desktop/intsall/adt-bundle-mac-x86_64-20140624/sdk/build-tools/28.0.3/apkanalyzer","/Users/vanthink_test_ios/Desktop/intsall/adt-bundle-mac-x86_64-20140624/sdk/build-tools/28.0.0/apkanalyzer","/Users/vanthink_test_ios/Desktop/intsall/adt-bundle-mac-x86_64-20140624/sdk/build-tools/27.0.1/apkanalyzer","/Users/vanthink_test_ios/Desktop/intsall/adt-bundle-mac-x86_64-20140624/sdk/build-tools/23.0.1/apkanalyzer"]. Do you have Android Build Tools installed at '/Users/vanthink_test_ios/Desktop/intsall/adt-bundle-mac-x86_64-20140624/sdk'?
[35m[ADB][39m Using 'aapt' from '/Users/vanthink_test_ios/Desktop/intsall/adt-bundle-mac-x86_64-20140624/sdk/build-tools/28.0.3/aapt'
[35m[ADB][39m Extracting package and launch activity from manifest
[35m[ADB][39m Package name: 'com.vanthink.student.debug'
[35m[ADB][39m Main activity name: 'com.vanthink.vanthinkstudent.ui.splash.SplashActivity'
[debug] [35m[AndroidDriver][39m Parsed package and activity are: com.vanthink.student.debug/com.vanthink.vanthinkstudent.ui.splash.SplashActivity
[debug] [35m[ADB][39m Running '/Users/vanthink_test_ios/Desktop/intsall/adt-bundle-mac-x86_64-20140624/sdk/platform-tools/adb -P 5037 -s A6BERSWW99999999 wait-for-device'
[debug] [35m[ADB][39m Running '/Users/vanthink_test_ios/Desktop/intsall/adt-bundle-mac-x86_64-20140624/sdk/platform-tools/adb -P 5037 -s A6BERSWW99999999 shell echo ping'
[debug] [35m[AndroidDriver][39m Pushing settings apk to device...
[debug] [35m[ADB][39m Getting install status for io.appium.settings
[debug] [35m[ADB][39m Running '/Users/vanthink_test_ios/Desktop/intsall/adt-bundle-mac-x86_64-20140624/sdk/platform-tools/adb -P 5037 -s A6BERSWW99999999 shell dumpsys package io.appium.settings'
[debug] [35m[ADB][39m 'io.appium.settings' is installed
[debug] [35m[ADB][39m Getting package info for 'io.appium.settings'
[debug] [35m[ADB][39m Running '/Users/vanthink_test_ios/Desktop/intsall/adt-bundle-mac-x86_64-20140624/sdk/platform-tools/adb -P 5037 -s A6BERSWW99999999 shell dumpsys package io.appium.settings'
[debug] [35m[ADB][39m The version name of the installed 'io.appium.settings' is greater or equal to the application version name ('2.14.0' >= '2.14.0')
[debug] [35m[ADB][39m There is no need to install/upgrade '/Users/vanthink_test_ios/.nvm/v8.14.1/lib/node_modules/appium/node_modules/io.appium.settings/apks/settings_apk-debug.apk'
[debug] [35m[ADB][39m Getting IDs of all 'io.appium.settings' processes
[debug] [35m[ADB][39m Running '/Users/vanthink_test_ios/Desktop/intsall/adt-bundle-mac-x86_64-20140624/sdk/platform-tools/adb -P 5037 -s A6BERSWW99999999 shell 'pgrep --help; echo $?''
[debug] [35m[ADB][39m Running '/Users/vanthink_test_ios/Desktop/intsall/adt-bundle-mac-x86_64-20140624/sdk/platform-tools/adb -P 5037 -s A6BERSWW99999999 shell 'pidof --help > /dev/null; echo $?''
[debug] [35m[ADB][39m Using ps-based PID detection
[debug] [35m[ADB][39m Running '/Users/vanthink_test_ios/Desktop/intsall/adt-bundle-mac-x86_64-20140624/sdk/platform-tools/adb -P 5037 -s A6BERSWW99999999 shell ps'
[35m[AndroidDriver][39m Granting android.permission.SET_ANIMATION_SCALE, CHANGE_CONFIGURATION, ACCESS_FINE_LOCATION by pm grant
[debug] [35m[ADB][39m Granting permissions ["android.permission.SET_ANIMATION_SCALE","android.permission.CHANGE_CONFIGURATION","android.permission.ACCESS_FINE_LOCATION"] to 'io.appium.settings'
[debug] [35m[ADB][39m Got the following command chunks to execute: [["pm","grant","io.appium.settings","android.permission.SET_ANIMATION_SCALE",";","pm","grant","io.appium.settings","android.permission.CHANGE_CONFIGURATION",";","pm","grant","io.appium.settings","android.permission.ACCESS_FINE_LOCATION",";"]]
[debug] [35m[ADB][39m Running '/Users/vanthink_test_ios/Desktop/intsall/adt-bundle-mac-x86_64-20140624/sdk/platform-tools/adb -P 5037 -s A6BERSWW99999999 shell pm grant io.appium.settings android.permission.SET_ANIMATION_SCALE \; pm grant io.appium.settings android.permission.CHANGE_CONFIGURATION \; pm grant io.appium.settings android.permission.ACCESS_FINE_LOCATION \;'
[debug] [35m[ADB][39m Running '/Users/vanthink_test_ios/Desktop/intsall/adt-bundle-mac-x86_64-20140624/sdk/platform-tools/adb -P 5037 -s A6BERSWW99999999 shell am start -W -n io.appium.settings/.Settings -a android.intent.action.MAIN -c android.intent.category.LAUNCHER -f 0x10200000'
[35m[HTTP][39m [37m-->[39m [37mGET[39m [37m/wd/hub/status[39m
[35m[HTTP][39m [90m{}[39m
[debug] [35m[GENERIC][39m Calling AppiumDriver.getStatus() with args: []
[debug] [35m[GENERIC][39m Responding to client with driver.getStatus() result: {"build":{"version":"1.13.0"}}
[35m[HTTP][39m [37m<-- GET /wd/hub/status [39m[32m200[39m [90m3 ms - 68[39m
[35m[HTTP][39m [90m[39m
[debug] [35m[ADB][39m Running '/Users/vanthink_test_ios/Desktop/intsall/adt-bundle-mac-x86_64-20140624/sdk/platform-tools/adb -P 5037 -s A6BERSWW99999999 shell settings put secure mock_location 1'
[debug] [35m[Logcat][39m Starting logcat capture
[debug] [35m[ADB][39m Getting install status for io.appium.uiautomator2.server
[debug] [35m[ADB][39m Running '/Users/vanthink_test_ios/Desktop/intsall/adt-bundle-mac-x86_64-20140624/sdk/platform-tools/adb -P 5037 -s A6BERSWW99999999 shell dumpsys package io.appium.uiautomator2.server'
[debug] [35m[ADB][39m 'io.appium.uiautomator2.server' is installed
[debug] [35m[ADB][39m Getting package info for 'io.appium.uiautomator2.server'
[debug] [35m[ADB][39m Running '/Users/vanthink_test_ios/Desktop/intsall/adt-bundle-mac-x86_64-20140624/sdk/platform-tools/adb -P 5037 -s A6BERSWW99999999 shell dumpsys package io.appium.uiautomator2.server'
[debug] [35m[ADB][39m The version name of the installed 'io.appium.uiautomator2.server' is greater or equal to the application version name ('3.5.1' >= '3.5.1')
[debug] [35m[UiAutomator2][39m io.appium.uiautomator2.server installation state: sameVersionInstalled
[debug] [35m[ADB][39m Checking app cert for /Users/vanthink_test_ios/.nvm/v8.14.1/lib/node_modules/appium/node_modules/appium-uiautomator2-server/apks/appium-uiautomator2-server-v3.5.1.apk
[35m[ADB][39m Using 'apksigner' from '/Users/vanthink_test_ios/Desktop/intsall/adt-bundle-mac-x86_64-20140624/sdk/build-tools/28.0.3/apksigner'
[debug] [35m[ADB][39m Starting '/Users/vanthink_test_ios/Desktop/intsall/adt-bundle-mac-x86_64-20140624/sdk/build-tools/28.0.3/apksigner' with args '["verify","--print-certs","/Users/vanthink_test_ios/.nvm/v8.14.1/lib/node_modules/appium/node_modules/appium-uiautomator2-server/apks/appium-uiautomator2-server-v3.5.1.apk"]'
[debug] [35m[ADB][39m apksigner stdout: Signer #1 certificate DN: EMAILADDRESS=android@android.com, CN=Android, OU=Android, O=Android, L=Mountain View, ST=California, C=US
[debug] [35m[ADB][39m Signer #1 certificate SHA-256 digest: a40da80a59d170caa950cf15c18c454d47a39b26989d8b640ecd745ba71bf5dc
[debug] [35m[ADB][39m Signer #1 certificate SHA-1 digest: 61ed377e85d386a8dfee6b864bd85b0bfaa5af81
[debug] [35m[ADB][39m Signer #1 certificate MD5 digest: e89b158e4bcf988ebd09eb83f5378e87
[debug] [35m[ADB][39m 
[debug] [35m[ADB][39m '/Users/vanthink_test_ios/.nvm/v8.14.1/lib/node_modules/appium/node_modules/appium-uiautomator2-server/apks/appium-uiautomator2-server-v3.5.1.apk' is already signed.
[debug] [35m[ADB][39m Getting install status for io.appium.uiautomator2.server.test
[debug] [35m[ADB][39m Running '/Users/vanthink_test_ios/Desktop/intsall/adt-bundle-mac-x86_64-20140624/sdk/platform-tools/adb -P 5037 -s A6BERSWW99999999 shell dumpsys package io.appium.uiautomator2.server.test'
[debug] [35m[ADB][39m 'io.appium.uiautomator2.server.test' is installed
[debug] [35m[ADB][39m Checking app cert for /Users/vanthink_test_ios/.nvm/v8.14.1/lib/node_modules/appium/node_modules/appium-uiautomator2-server/apks/appium-uiautomator2-server-debug-androidTest.apk
[debug] [35m[ADB][39m Starting '/Users/vanthink_test_ios/Desktop/intsall/adt-bundle-mac-x86_64-20140624/sdk/build-tools/28.0.3/apksigner' with args '["verify","--print-certs","/Users/vanthink_test_ios/.nvm/v8.14.1/lib/node_modules/appium/node_modules/appium-uiautomator2-server/apks/appium-uiautomator2-server-debug-androidTest.apk"]'
[debug] [35m[ADB][39m apksigner stdout: Signer #1 certificate DN: EMAILADDRESS=android@android.com, CN=Android, OU=Android, O=Android, L=Mountain View, ST=California, C=US
[debug] [35m[ADB][39m Signer #1 certificate SHA-256 digest: a40da80a59d170caa950cf15c18c454d47a39b26989d8b640ecd745ba71bf5dc
[debug] [35m[ADB][39m Signer #1 certificate SHA-1 digest: 61ed377e85d386a8dfee6b864bd85b0bfaa5af81
[debug] [35m[ADB][39m Signer #1 certificate MD5 digest: e89b158e4bcf988ebd09eb83f5378e87
[debug] [35m[ADB][39m 
[debug] [35m[ADB][39m '/Users/vanthink_test_ios/.nvm/v8.14.1/lib/node_modules/appium/node_modules/appium-uiautomator2-server/apks/appium-uiautomator2-server-debug-androidTest.apk' is already signed.
[35m[UiAutomator2][39m Server packages are not going to be (re)installed
[debug] [35m[UiAutomator2][39m Waiting up to 30000ms for services to be available
[debug] [35m[ADB][39m Running '/Users/vanthink_test_ios/Desktop/intsall/adt-bundle-mac-x86_64-20140624/sdk/platform-tools/adb -P 5037 -s A6BERSWW99999999 shell pm list instrumentation'
[debug] [35m[UiAutomator2][39m Instrumentation target 'io.appium.uiautomator2.server.test/androidx.test.runner.AndroidJUnitRunner' is available
[debug] [35m[UiAutomator2][39m Forwarding UiAutomator2 Server port 6790 to 8202
[debug] [35m[ADB][39m Forwarding system: 8202 to device: 6790
[debug] [35m[ADB][39m Running '/Users/vanthink_test_ios/Desktop/intsall/adt-bundle-mac-x86_64-20140624/sdk/platform-tools/adb -P 5037 -s A6BERSWW99999999 forward tcp\:8202 tcp\:6790'
[debug] [35m[ADB][39m Checking app cert for /Users/vanthink_test_ios/Desktop/student_env_devMasterDebug_1.4.2-1.apk
[debug] [35m[ADB][39m Starting '/Users/vanthink_test_ios/Desktop/intsall/adt-bundle-mac-x86_64-20140624/sdk/build-tools/28.0.3/apksigner' with args '["verify","--print-certs","/Users/vanthink_test_ios/Desktop/student_env_devMasterDebug_1.4.2-1.apk"]'
[debug] [35m[ADB][39m apksigner stdout: Signer #1 certificate DN: EMAILADDRESS=android@android.com, CN=Android, OU=Android, O=Android, L=Mountain View, ST=California, C=US
[debug] [35m[ADB][39m Signer #1 certificate SHA-256 digest: a40da80a59d170caa950cf15c18c454d47a39b26989d8b640ecd745ba71bf5dc
[debug] [35m[ADB][39m Signer #1 certificate SHA-1 digest: 61ed377e85d386a8dfee6b864bd85b0bfaa5af81
[debug] [35m[ADB][39m Signer #1 certificate MD5 digest: e89b158e4bcf988ebd09eb83f5378e87
[debug] [35m[ADB][39m 
[debug] [35m[ADB][39m '/Users/vanthink_test_ios/Desktop/student_env_devMasterDebug_1.4.2-1.apk' is already signed.
[debug] [35m[ADB][39m Getting install status for com.vanthink.student.debug
[debug] [35m[ADB][39m Running '/Users/vanthink_test_ios/Desktop/intsall/adt-bundle-mac-x86_64-20140624/sdk/platform-tools/adb -P 5037 -s A6BERSWW99999999 shell dumpsys package com.vanthink.student.debug'
[debug] [35m[ADB][39m 'com.vanthink.student.debug' is installed
[debug] [35m[ADB][39m Getting package info for 'com.vanthink.student.debug'
[debug] [35m[ADB][39m Running '/Users/vanthink_test_ios/Desktop/intsall/adt-bundle-mac-x86_64-20140624/sdk/platform-tools/adb -P 5037 -s A6BERSWW99999999 shell dumpsys package com.vanthink.student.debug'
[debug] [35m[ADB][39m The version name of the installed 'com.vanthink.student.debug' is greater or equal to the application version name ('1.4.2' >= '1.4.2')
[debug] [35m[ADB][39m There is no need to install/upgrade '/Users/vanthink_test_ios/Desktop/student_env_devMasterDebug_1.4.2-1.apk'
[debug] [35m[UiAutomator2][39m Performing shallow cleanup of automation leftovers
[debug] [35m[UiAutomator2][39m The following obsolete sessions are still running: ["7fefd20d-5447-4cd9-ba23-6fede94ea3d9"]
[debug] [35m[UiAutomator2][39m Cleaning up the obsolete sessions
[35m[HTTP][39m [37m-->[39m [37mGET[39m [37m/wd/hub/status[39m
[35m[HTTP][39m [90m{}[39m
[debug] [35m[GENERIC][39m Calling AppiumDriver.getStatus() with args: []
[debug] [35m[GENERIC][39m Responding to client with driver.getStatus() result: {"build":{"version":"1.13.0"}}
[35m[HTTP][39m [37m<-- GET /wd/hub/status [39m[32m200[39m [90m1 ms - 68[39m
[35m[HTTP][39m [90m[39m
[debug] [35m[ADB][39m Running '/Users/vanthink_test_ios/Desktop/intsall/adt-bundle-mac-x86_64-20140624/sdk/platform-tools/adb -P 5037 -s A6BERSWW99999999 shell am force-stop io.appium.uiautomator2.server.test'
[35m[UiAutomator2][39m Starting UIAutomator2 server 3.5.1
[35m[UiAutomator2][39m Using UIAutomator2 server from '/Users/vanthink_test_ios/.nvm/v8.14.1/lib/node_modules/appium/node_modules/appium-uiautomator2-server/apks/appium-uiautomator2-server-v3.5.1.apk' and test from '/Users/vanthink_test_ios/.nvm/v8.14.1/lib/node_modules/appium/node_modules/appium-uiautomator2-server/apks/appium-uiautomator2-server-debug-androidTest.apk'
[35m[UiAutomator2][39m Waiting up to 30000ms for UiAutomator2 to be online...
[debug] [35m[ADB][39m Creating ADB subprocess with args: ["-P",5037,"-s","A6BERSWW99999999","shell","am","instrument","-w","io.appium.uiautomator2.server.test/androidx.test.runner.AndroidJUnitRunner"]
[debug] [35m[WD Proxy][39m Matched '/status' to command name 'getStatus'
[debug] [35m[WD Proxy][39m Proxying [GET /status] to [GET http://localhost:8202/wd/hub/status] with no body
[35m[WD Proxy][39m Got an unexpected response: {"code":"ECONNRESET"}
[debug] [35m[Instrumentation][39m io.appium.uiautomator2.server.test.AppiumUiAutomator2Server:
[debug] [35m[WD Proxy][39m Matched '/status' to command name 'getStatus'
[debug] [35m[WD Proxy][39m Proxying [GET /status] to [GET http://localhost:8202/wd/hub/status] with no body
[35m[WD Proxy][39m Got an unexpected response: {"code":"ECONNRESET"}
[debug] [35m[WD Proxy][39m Matched '/status' to command name 'getStatus'
[debug] [35m[WD Proxy][39m Proxying [GET /status] to [GET http://localhost:8202/wd/hub/status] with no body
[35m[WD Proxy][39m Got an unexpected response: {"code":"ECONNRESET"}
[35m[HTTP][39m [37m-->[39m [37mGET[39m [37m/wd/hub/status[39m
[35m[HTTP][39m [90m{}[39m
[debug] [35m[GENERIC][39m Calling AppiumDriver.getStatus() with args: []
[debug] [35m[GENERIC][39m Responding to client with driver.getStatus() result: {"build":{"version":"1.13.0"}}
[35m[HTTP][39m [37m<-- GET /wd/hub/status [39m[32m200[39m [90m1 ms - 68[39m
[35m[HTTP][39m [90m[39m
[debug] [35m[WD Proxy][39m Matched '/status' to command name 'getStatus'
[debug] [35m[WD Proxy][39m Proxying [GET /status] to [GET http://localhost:8202/wd/hub/status] with no body
[35m[WD Proxy][39m Got an unexpected response: {"code":"ECONNRESET"}
[debug] [35m[WD Proxy][39m Matched '/status' to command name 'getStatus'
[debug] [35m[WD Proxy][39m Proxying [GET /status] to [GET http://localhost:8202/wd/hub/status] with no body
[35m[WD Proxy][39m Got an unexpected response: {"code":"ECONNRESET"}
[debug] [35m[WD Proxy][39m Matched '/status' to command name 'getStatus'
[debug] [35m[WD Proxy][39m Proxying [GET /status] to [GET http://localhost:8202/wd/hub/status] with no body
[debug] [35m[WD Proxy][39m Got response with status 200: "{\"sessionId\":\"None\",\"status\":0,\"value\":\"Status Invoked\"}"
[debug] [35m[WD Proxy][39m Determined that the downstream protocol for proxy is MJSONWP
[debug] [35m[UiAutomator2][39m The initialization of the instrumentation process took 6138ms
[debug] [35m[WD Proxy][39m Matched '/session' to command name 'createSession'
[debug] [35m[WD Proxy][39m Proxying [POST /session] to [POST http://localhost:8202/wd/hub/session] with body: {"desiredCapabilities":{"platform":"LINUX","webStorageEnabled":false,"takesScreenshot":true,"javascriptEnabled":true,"databaseEnabled":false,"networkConnectionEnabled":true,"locationContextEnabled":false,"warnings":{},"desired":{"platformName":"android","server:CONFIG_UUID":"5e74a010-197e-4c3d-a096-6e52dacf3322","app":"/Users/vanthink_test_ios/Desktop/student_env_devMasterDebug_1.4.2-1.apk","automationName":"uiautomator2","deviceName":"OPPO_A37m","noReset":true,"platformVersion":"5.1","resetKeyboard":true,"systemPort":8202,"udid":"A6BERSWW99999999"},"platformName":"android","server:CONFIG_UUID":"5e74a010-197e-4c3d-a096-6e52dacf3322","app":"/Users/vanthink_test_ios/Desktop/student_env_devMasterDebug_1.4.2-1.apk","automationName":"uiautomator2","deviceName":"A6BERSWW99999999","noReset":true,"platformVersion":"5.1","resetKeyboard":true,"systemPort":8202,"udid":"A6BERSWW99999999","deviceUDID":"A6BERSWW99999999","appPackage":"com.vanthink.student.debug"}}
[debug] [35m[WD Proxy][39m Got response with status 200: {"sessionId":"de9ee0b5-646f-482e-831a-15f73108b241","status":0,"value":"Created Session"}
[debug] [35m[WD Proxy][39m Proxying [GET /appium/device/info] to [GET http://localhost:8202/wd/hub/session/de9ee0b5-646f-482e-831a-15f73108b241/appium/device/info] with no body
[debug] [35m[WD Proxy][39m Got response with status 200: "{\"sessionId\":\"de9ee0b5-646f-482e-831a-15f73108b241\",\"status\":0,\"value\":{\"androidId\":\"338a78e7dbe03994\",\"manufacturer\":\"HUAWEI\",\"model\":\"VKY-AL00\",\"brand\":\"HUAWEI\",\"apiVersion\":\"28\",\"platformVersion\":\"9\",\"carrierName\":\"ä¸­å›½ç”µä¿¡\",\"realDisplaySize\":\"1080x1920\",\"displayDensity\":480,\"networks\":[{\"type\":1,\"typeName\":\"WIFI\",\"subtype\":0,\"subtypeName\":\"\",\"isConnected\":true,\"detailedState\":\"CONNECTED\",\"state\":\"CONNECTED\",\"extraInfo\":null,\"isAvailable\":true,\"isFailover\":false,\"isRoaming\":false,\"capabilities\":{\"transportTypes\":\"NET_CAPABILITY_SUPL\",\"networkCapabilities\":\"\",\"linkUpstreamBandwidthKbps\":1048576,\"linkDownBandwidthKbps\":1048576,\"signalStrength\":-51,\"networkSpecifier\":null,\"SSID\":null}}]}}"
[debug] [35m[ADB][39m Running '/Users/vanthink_test_ios/Desktop/intsall/adt-bundle-mac-x86_64-20140624/sdk/platform-tools/adb -P 5037 -s A6BERSWW99999999 shell dumpsys window'
[35m[AndroidDriver][39m Screen already unlocked, doing nothing
[35m[UiAutomator2][39m UiAutomator2 did not start the activity we were waiting for, 'com.vanthink.student.debug/com.vanthink.vanthinkstudent.ui.splash.SplashActivity'. Starting it ourselves
[debug] [35m[ADB][39m Running '/Users/vanthink_test_ios/Desktop/intsall/adt-bundle-mac-x86_64-20140624/sdk/platform-tools/adb -P 5037 -s A6BERSWW99999999 shell am start -W -n com.vanthink.student.debug/com.vanthink.vanthinkstudent.ui.splash.SplashActivity -S -a android.intent.action.MAIN -c android.intent.category.LAUNCHER -f 0x10200000'
[debug] [35m[ADB][39m Waiting up to 20000ms for activity matching pkg: 'com.vanthink.student.debug' and activity: 'com.vanthink.vanthinkstudent.ui.splash.SplashActivity' to be focused
[debug] [35m[ADB][39m Possible activities, to be checked: 'com.vanthink.vanthinkstudent.ui.splash.SplashActivity', 'com.vanthink.student.debug.com.vanthink.vanthinkstudent.ui.splash.SplashActivity'
[debug] [35m[ADB][39m Getting focused package and activity
[debug] [35m[ADB][39m Running '/Users/vanthink_test_ios/Desktop/intsall/adt-bundle-mac-x86_64-20140624/sdk/platform-tools/adb -P 5037 -s A6BERSWW99999999 shell dumpsys window windows'
[debug] [35m[ADB][39m Found package: 'com.vanthink.student.debug' and fully qualified activity name : 'com.vanthink.vanthinkstudent.ui.splash.SplashActivity'
[debug] [35m[WD Proxy][39m Proxying [GET /appium/device/pixel_ratio] to [GET http://localhost:8202/wd/hub/session/de9ee0b5-646f-482e-831a-15f73108b241/appium/device/pixel_ratio] with body: {}
[debug] [35m[WD Proxy][39m Got response with status 200: "{\"sessionId\":\"de9ee0b5-646f-482e-831a-15f73108b241\",\"status\":0,\"value\":3}"
[debug] [35m[WD Proxy][39m Matched '/appium/device/system_bars' to command name 'getSystemBars'
[debug] [35m[WD Proxy][39m Proxying [GET /appium/device/system_bars] to [GET http://localhost:8202/wd/hub/session/de9ee0b5-646f-482e-831a-15f73108b241/appium/device/system_bars] with body: {}
[debug] [35m[WD Proxy][39m Got response with status 200: "{\"sessionId\":\"de9ee0b5-646f-482e-831a-15f73108b241\",\"status\":0,\"value\":{\"statusBar\":72}}"
[debug] [35m[WD Proxy][39m Matched '/window/current/size' to command name 'getWindowSize'
[debug] [35m[WD Proxy][39m Proxying [GET /window/current/size] to [GET http://localhost:8202/wd/hub/session/de9ee0b5-646f-482e-831a-15f73108b241/window/current/size] with body: {}
[35m[HTTP][39m [37m-->[39m [37mGET[39m [37m/wd/hub/status[39m
[35m[HTTP][39m [90m{}[39m
[debug] [35m[GENERIC][39m Calling AppiumDriver.getStatus() with args: []
[debug] [35m[GENERIC][39m Responding to client with driver.getStatus() result: {"build":{"version":"1.13.0"}}
[35m[HTTP][39m [37m<-- GET /wd/hub/status [39m[32m200[39m [90m1 ms - 68[39m
[35m[HTTP][39m [90m[39m
[debug] [35m[WD Proxy][39m Got response with status 200: "{\"sessionId\":\"de9ee0b5-646f-482e-831a-15f73108b241\",\"status\":0,\"value\":{\"height\":1920,\"width\":1080}}"
[35m[Appium][39m New AndroidUiautomator2Driver session created successfully, session 7ddd9ae8-b461-49d5-907f-1ed718db1e70 added to master session list
[debug] [35m[BaseDriver][39m Event 'newSessionStarted' logged at 1569553311468 (11:01:51 GMT+0800 (CST))
[debug] [35m[W3C (7ddd9ae8)][39m Cached the protocol value 'W3C' for the new session 7ddd9ae8-b461-49d5-907f-1ed718db1e70
[debug] [35m[W3C (7ddd9ae8)][39m Responding to client with driver.createSession() result: {"capabilities":{"platform":"LINUX","webStorageEnabled":false,"takesScreenshot":true,"javascriptEnabled":true,"databaseEnabled":false,"networkConnectionEnabled":true,"locationContextEnabled":false,"warnings":{},"desired":{"platformName":"android","server:CONFIG_UUID":"5e74a010-197e-4c3d-a096-6e52dacf3322","app":"/Users/vanthink_test_ios/Desktop/student_env_devMasterDebug_1.4.2-1.apk","automationName":"uiautomator2","deviceName":"OPPO_A37m","noReset":true,"platformVersion":"5.1","resetKeyboard":true,"systemPort":8202,"udid":"A6BERSWW99999999"},"platformName":"android","server:CONFIG_UUID":"5e74a010-197e-4c3d-a096-6e52dacf3322","app":"/Users/vanthink_test_ios/Desktop/student_env_devMasterDebug_1.4.2-1.apk","automationName":"uiautomator2","deviceName":"A6BERSWW99999999","noReset":true,"platformVersion":"9","resetKeyboard":true,"systemPort":8202,"udid":"A6BERSWW99999999","deviceUDID":"A6BERSWW99999999","appPackage":"com.vanthink.student.debug","deviceApiLevel":28,"deviceScreenSize":"1080x1920","deviceScreenDen...
[35m[HTTP][39m [37m<-- POST /wd/hub/session [39m[32m200[39m [90m19808 ms - 1244[39m
[35m[HTTP][39m [90m[39m
[35m[HTTP][39m [37m-->[39m [37mGET[39m [37m/wd/hub/session/7ddd9ae8-b461-49d5-907f-1ed718db1e70/appium/device/current_activity[39m
[35m[HTTP][39m [90m{}[39m
[debug] [35m[W3C (7ddd9ae8)][39m Calling AppiumDriver.getCurrentActivity() with args: ["7ddd9ae8-b461-49d5-907f-1ed718db1e70"]
[debug] [35m[ADB][39m Getting focused package and activity
[debug] [35m[ADB][39m Running '/Users/vanthink_test_ios/Desktop/intsall/adt-bundle-mac-x86_64-20140624/sdk/platform-tools/adb -P 5037 -s A6BERSWW99999999 shell dumpsys window windows'
[debug] [35m[W3C (7ddd9ae8)][39m Responding to client with driver.getCurrentActivity() result: "com.vanthink.vanthinkstudent.ui.splash.SplashActivity"
[35m[HTTP][39m [37m<-- GET /wd/hub/session/7ddd9ae8-b461-49d5-907f-1ed718db1e70/appium/device/current_activity [39m[32m200[39m [90m87 ms - 65[39m
[35m[HTTP][39m [90m[39m
[35m[HTTP][39m [37m-->[39m [37mPOST[39m [37m/wd/hub/session/7ddd9ae8-b461-49d5-907f-1ed718db1e70/element[39m
[35m[HTTP][39m [90m{"using":"id","value":"com.vanthink.student.debug:id/btn_login"}[39m
[debug] [35m[W3C (7ddd9ae8)][39m Calling AppiumDriver.findElement() with args: ["id","com.vanthink.student.debug:id/btn_login","7ddd9ae8-b461-49d5-907f-1ed718db1e70"]
[debug] [35m[BaseDriver][39m Valid locator strategies for this request: xpath, id, class name, accessibility id, -android uiautomator
[debug] [35m[BaseDriver][39m Waiting up to 0 ms for condition
[debug] [35m[WD Proxy][39m Matched '/element' to command name 'findElement'
[debug] [35m[WD Proxy][39m Proxying [POST /element] to [POST http://localhost:8202/wd/hub/session/de9ee0b5-646f-482e-831a-15f73108b241/element] with body: {"strategy":"id","selector":"com.vanthink.student.debug:id/btn_login","context":"","multiple":false}
[35m[WD Proxy][39m Got an unexpected response: {"sessionId":"de9ee0b5-646f-482e-831a-15f73108b241","status":7,"value":"An element could not be located on the page using the given search parameters."}
[debug] [35m[MJSONWP][39m Matched JSONWP error code 7 to NoSuchElementError
[debug] [35m[W3C (7ddd9ae8)][39m Encountered internal error running command: NoSuchElementError: An element could not be located on the page using the given search parameters.
[debug] [35m[W3C (7ddd9ae8)][39m     at AndroidUiautomator2Driver.findElOrEls (/Users/vanthink_test_ios/.nvm/v8.14.1/lib/node_modules/appium/node_modules/appium-android-driver/lib/commands/find.js:75:11)
[debug] [35m[W3C (7ddd9ae8)][39m     at <anonymous>
[35m[HTTP][39m [37m<-- POST /wd/hub/session/7ddd9ae8-b461-49d5-907f-1ed718db1e70/element [39m[33m404[39m [90m99 ms - 434[39m
[35m[HTTP][39m [90m[39m
[35m[HTTP][39m [37m-->[39m [37mPOST[39m [37m/wd/hub/session/7ddd9ae8-b461-49d5-907f-1ed718db1e70/element[39m
[35m[HTTP][39m [90m{"using":"id","value":"com.vanthink.student.debug:id/btn_login"}[39m
[debug] [35m[W3C (7ddd9ae8)][39m Calling AppiumDriver.findElement() with args: ["id","com.vanthink.student.debug:id/btn_login","7ddd9ae8-b461-49d5-907f-1ed718db1e70"]
[debug] [35m[BaseDriver][39m Valid locator strategies for this request: xpath, id, class name, accessibility id, -android uiautomator
[debug] [35m[BaseDriver][39m Waiting up to 0 ms for condition
[debug] [35m[WD Proxy][39m Matched '/element' to command name 'findElement'
[debug] [35m[WD Proxy][39m Proxying [POST /element] to [POST http://localhost:8202/wd/hub/session/de9ee0b5-646f-482e-831a-15f73108b241/element] with body: {"strategy":"id","selector":"com.vanthink.student.debug:id/btn_login","context":"","multiple":false}
[debug] [35m[WD Proxy][39m Got response with status 200: {"sessionId":"de9ee0b5-646f-482e-831a-15f73108b241","status":0,"value":{"ELEMENT":"fc5f4fa3-1367-437e-9804-afaaf2ef98ff"}}
[debug] [35m[W3C (7ddd9ae8)][39m Responding to client with driver.findElement() result: {"element-6066-11e4-a52e-4f735466cecf":"fc5f4fa3-1367-437e-9804-afaaf2ef98ff","ELEMENT":"fc5f4fa3-1367-437e-9804-afaaf2ef98ff"}
[35m[HTTP][39m [37m<-- POST /wd/hub/session/7ddd9ae8-b461-49d5-907f-1ed718db1e70/element [39m[32m200[39m [90m1226 ms - 137[39m
[35m[HTTP][39m [90m[39m
[35m[HTTP][39m [37m-->[39m [37mPOST[39m [37m/wd/hub/session/7ddd9ae8-b461-49d5-907f-1ed718db1e70/element[39m
[35m[HTTP][39m [90m{"using":"id","value":"com.vanthink.student.debug:id/ed_user_nickname"}[39m
[debug] [35m[W3C (7ddd9ae8)][39m Calling AppiumDriver.findElement() with args: ["id","com.vanthink.student.debug:id/ed_user_nickname","7ddd9ae8-b461-49d5-907f-1ed718db1e70"]
[debug] [35m[BaseDriver][39m Valid locator strategies for this request: xpath, id, class name, accessibility id, -android uiautomator
[debug] [35m[BaseDriver][39m Waiting up to 0 ms for condition
[debug] [35m[WD Proxy][39m Matched '/element' to command name 'findElement'
[debug] [35m[WD Proxy][39m Proxying [POST /element] to [POST http://localhost:8202/wd/hub/session/de9ee0b5-646f-482e-831a-15f73108b241/element] with body: {"strategy":"id","selector":"com.vanthink.student.debug:id/ed_user_nickname","context":"","multiple":false}
[debug] [35m[WD Proxy][39m Got response with status 200: {"sessionId":"de9ee0b5-646f-482e-831a-15f73108b241","status":0,"value":{"ELEMENT":"1b2097a6-0e6d-47e2-b71e-e87e79ad2ac0"}}
[debug] [35m[W3C (7ddd9ae8)][39m Responding to client with driver.findElement() result: {"element-6066-11e4-a52e-4f735466cecf":"1b2097a6-0e6d-47e2-b71e-e87e79ad2ac0","ELEMENT":"1b2097a6-0e6d-47e2-b71e-e87e79ad2ac0"}
[35m[HTTP][39m [37m<-- POST /wd/hub/session/7ddd9ae8-b461-49d5-907f-1ed718db1e70/element [39m[32m200[39m [90m169 ms - 137[39m
[35m[HTTP][39m [90m[39m
[35m[HTTP][39m [37m-->[39m [37mPOST[39m [37m/wd/hub/session/7ddd9ae8-b461-49d5-907f-1ed718db1e70/element[39m
[35m[HTTP][39m [90m{"using":"id","value":"com.vanthink.student.debug:id/ed_user_pwd"}[39m
[debug] [35m[W3C (7ddd9ae8)][39m Calling AppiumDriver.findElement() with args: ["id","com.vanthink.student.debug:id/ed_user_pwd","7ddd9ae8-b461-49d5-907f-1ed718db1e70"]
[debug] [35m[BaseDriver][39m Valid locator strategies for this request: xpath, id, class name, accessibility id, -android uiautomator
[debug] [35m[BaseDriver][39m Waiting up to 0 ms for condition
[debug] [35m[WD Proxy][39m Matched '/element' to command name 'findElement'
[debug] [35m[WD Proxy][39m Proxying [POST /element] to [POST http://localhost:8202/wd/hub/session/de9ee0b5-646f-482e-831a-15f73108b241/element] with body: {"strategy":"id","selector":"com.vanthink.student.debug:id/ed_user_pwd","context":"","multiple":false}
[debug] [35m[WD Proxy][39m Got response with status 200: {"sessionId":"de9ee0b5-646f-482e-831a-15f73108b241","status":0,"value":{"ELEMENT":"f5c12df4-ca66-417b-9ddd-63f8e4bb76fb"}}
[debug] [35m[W3C (7ddd9ae8)][39m Responding to client with driver.findElement() result: {"element-6066-11e4-a52e-4f735466cecf":"f5c12df4-ca66-417b-9ddd-63f8e4bb76fb","ELEMENT":"f5c12df4-ca66-417b-9ddd-63f8e4bb76fb"}
[35m[HTTP][39m [37m<-- POST /wd/hub/session/7ddd9ae8-b461-49d5-907f-1ed718db1e70/element [39m[32m200[39m [90m90 ms - 137[39m
[35m[HTTP][39m [90m[39m
[35m[HTTP][39m [37m-->[39m [37mPOST[39m [37m/wd/hub/session/7ddd9ae8-b461-49d5-907f-1ed718db1e70/element/1b2097a6-0e6d-47e2-b71e-e87e79ad2ac0/value[39m
[35m[HTTP][39m [90m{"text":"18823452345","value":["1","8","8","2","3","4","5","2","3","4","5"],"id":"1b2097a6-0e6d-47e2-b71e-e87e79ad2ac0"}[39m
[debug] [35m[W3C (7ddd9ae8)][39m Calling AppiumDriver.setValue() with args: [["1","8","8","2","3","4","5","2","3","4","5"],"1b2097a6-0e6d-47e2-b71e-e87e79ad2ac0","7ddd9ae8-b461-49d5-907f-1ed718db1e70"]
[debug] [35m[WD Proxy][39m Matched '/element/1b2097a6-0e6d-47e2-b71e-e87e79ad2ac0/value' to command name 'setValue'
[debug] [35m[Protocol Converter][39m Added 'value' property ["1","8","8","2","3","4","5","2","3","4","5"] to 'setValue' request body
[debug] [35m[WD Proxy][39m Proxying [POST /element/1b2097a6-0e6d-47e2-b71e-e87e79ad2ac0/value] to [POST http://localhost:8202/wd/hub/session/de9ee0b5-646f-482e-831a-15f73108b241/element/1b2097a6-0e6d-47e2-b71e-e87e79ad2ac0/value] with body: {"elementId":"1b2097a6-0e6d-47e2-b71e-e87e79ad2ac0","text":"18823452345","replace":false,"value":["1","8","8","2","3","4","5","2","3","4","5"]}
[35m[HTTP][39m [37m-->[39m [37mGET[39m [37m/wd/hub/status[39m
[35m[HTTP][39m [90m{}[39m
[debug] [35m[GENERIC][39m Calling AppiumDriver.getStatus() with args: []
[debug] [35m[GENERIC][39m Responding to client with driver.getStatus() result: {"build":{"version":"1.13.0"}}
[35m[HTTP][39m [37m<-- GET /wd/hub/status [39m[32m200[39m [90m1 ms - 68[39m
[35m[HTTP][39m [90m[39m
[debug] [35m[WD Proxy][39m Got response with status 200: {"sessionId":"de9ee0b5-646f-482e-831a-15f73108b241","status":0,"value":""}
[debug] [35m[W3C (7ddd9ae8)][39m Responding to client with driver.setValue() result: ""
[35m[HTTP][39m [37m<-- POST /wd/hub/session/7ddd9ae8-b461-49d5-907f-1ed718db1e70/element/1b2097a6-0e6d-47e2-b71e-e87e79ad2ac0/value [39m[32m200[39m [90m792 ms - 12[39m
[35m[HTTP][39m [90m[39m
[35m[HTTP][39m [37m-->[39m [37mPOST[39m [37m/wd/hub/session/7ddd9ae8-b461-49d5-907f-1ed718db1e70/element/f5c12df4-ca66-417b-9ddd-63f8e4bb76fb/value[39m
[35m[HTTP][39m [90m{"text":"123456","value":["1","2","3","4","5","6"],"id":"f5c12df4-ca66-417b-9ddd-63f8e4bb76fb"}[39m
[debug] [35m[W3C (7ddd9ae8)][39m Calling AppiumDriver.setValue() with args: [["1","2","3","4","5","6"],"f5c12df4-ca66-417b-9ddd-63f8e4bb76fb","7ddd9ae8-b461-49d5-907f-1ed718db1e70"]
[debug] [35m[WD Proxy][39m Matched '/element/f5c12df4-ca66-417b-9ddd-63f8e4bb76fb/value' to command name 'setValue'
[debug] [35m[Protocol Converter][39m Added 'value' property ["1","2","3","4","5","6"] to 'setValue' request body
[debug] [35m[WD Proxy][39m Proxying [POST /element/f5c12df4-ca66-417b-9ddd-63f8e4bb76fb/value] to [POST http://localhost:8202/wd/hub/session/de9ee0b5-646f-482e-831a-15f73108b241/element/f5c12df4-ca66-417b-9ddd-63f8e4bb76fb/value] with body: {"elementId":"f5c12df4-ca66-417b-9ddd-63f8e4bb76fb","text":"123456","replace":false,"value":["1","2","3","4","5","6"]}
[debug] [35m[WD Proxy][39m Got response with status 200: {"sessionId":"de9ee0b5-646f-482e-831a-15f73108b241","status":0,"value":""}
[debug] [35m[W3C (7ddd9ae8)][39m Responding to client with driver.setValue() result: ""
[35m[HTTP][39m [37m<-- POST /wd/hub/session/7ddd9ae8-b461-49d5-907f-1ed718db1e70/element/f5c12df4-ca66-417b-9ddd-63f8e4bb76fb/value [39m[32m200[39m [90m1605 ms - 12[39m
[35m[HTTP][39m [90m[39m
[35m[HTTP][39m [37m-->[39m [37mPOST[39m [37m/wd/hub/session/7ddd9ae8-b461-49d5-907f-1ed718db1e70/element[39m
[35m[HTTP][39m [90m{"using":"id","value":"com.vanthink.student.debug:id/btn_login"}[39m
[debug] [35m[W3C (7ddd9ae8)][39m Calling AppiumDriver.findElement() with args: ["id","com.vanthink.student.debug:id/btn_login","7ddd9ae8-b461-49d5-907f-1ed718db1e70"]
[debug] [35m[BaseDriver][39m Valid locator strategies for this request: xpath, id, class name, accessibility id, -android uiautomator
[debug] [35m[BaseDriver][39m Waiting up to 0 ms for condition
[debug] [35m[WD Proxy][39m Matched '/element' to command name 'findElement'
[debug] [35m[WD Proxy][39m Proxying [POST /element] to [POST http://localhost:8202/wd/hub/session/de9ee0b5-646f-482e-831a-15f73108b241/element] with body: {"strategy":"id","selector":"com.vanthink.student.debug:id/btn_login","context":"","multiple":false}
[debug] [35m[WD Proxy][39m Got response with status 200: {"sessionId":"de9ee0b5-646f-482e-831a-15f73108b241","status":0,"value":{"ELEMENT":"df1ce6f1-2601-4800-a4cb-403b351d0622"}}
[debug] [35m[W3C (7ddd9ae8)][39m Responding to client with driver.findElement() result: {"element-6066-11e4-a52e-4f735466cecf":"df1ce6f1-2601-4800-a4cb-403b351d0622","ELEMENT":"df1ce6f1-2601-4800-a4cb-403b351d0622"}
[35m[HTTP][39m [37m<-- POST /wd/hub/session/7ddd9ae8-b461-49d5-907f-1ed718db1e70/element [39m[32m200[39m [90m613 ms - 137[39m
[35m[HTTP][39m [90m[39m
[35m[HTTP][39m [37m-->[39m [37mPOST[39m [37m/wd/hub/session/7ddd9ae8-b461-49d5-907f-1ed718db1e70/element/df1ce6f1-2601-4800-a4cb-403b351d0622/click[39m
[35m[HTTP][39m [90m{"id":"df1ce6f1-2601-4800-a4cb-403b351d0622"}[39m
[debug] [35m[W3C (7ddd9ae8)][39m Calling AppiumDriver.click() with args: ["df1ce6f1-2601-4800-a4cb-403b351d0622","7ddd9ae8-b461-49d5-907f-1ed718db1e70"]
[debug] [35m[WD Proxy][39m Matched '/element/df1ce6f1-2601-4800-a4cb-403b351d0622/click' to command name 'click'
[debug] [35m[WD Proxy][39m Proxying [POST /element/df1ce6f1-2601-4800-a4cb-403b351d0622/click] to [POST http://localhost:8202/wd/hub/session/de9ee0b5-646f-482e-831a-15f73108b241/element/df1ce6f1-2601-4800-a4cb-403b351d0622/click] with body: {"element":"df1ce6f1-2601-4800-a4cb-403b351d0622"}
[debug] [35m[WD Proxy][39m Got response with status 200: {"sessionId":"de9ee0b5-646f-482e-831a-15f73108b241","status":0,"value":true}
[debug] [35m[W3C (7ddd9ae8)][39m Responding to client with driver.click() result: true
[35m[HTTP][39m [37m<-- POST /wd/hub/session/7ddd9ae8-b461-49d5-907f-1ed718db1e70/element/df1ce6f1-2601-4800-a4cb-403b351d0622/click [39m[32m200[39m [90m142 ms - 14[39m
[35m[HTTP][39m [90m[39m
[35m[HTTP][39m [37m-->[39m [37mPOST[39m [37m/wd/hub/session/7ddd9ae8-b461-49d5-907f-1ed718db1e70/element[39m
[35m[HTTP][39m [90m{"using":"xpath","value":"//android.widget.TextView[contains(@text,'åšè¯•å·')]"}[39m
[debug] [35m[W3C (7ddd9ae8)][39m Calling AppiumDriver.findElement() with args: ["xpath","//android.widget.TextView[contains(@text,'åšè¯•å·')]","7ddd9ae8-b461-49d5-907f-1ed718db1e70"]
[debug] [35m[BaseDriver][39m Valid locator strategies for this request: xpath, id, class name, accessibility id, -android uiautomator
[debug] [35m[BaseDriver][39m Waiting up to 0 ms for condition
[debug] [35m[WD Proxy][39m Matched '/element' to command name 'findElement'
[debug] [35m[WD Proxy][39m Proxying [POST /element] to [POST http://localhost:8202/wd/hub/session/de9ee0b5-646f-482e-831a-15f73108b241/element] with body: {"strategy":"xpath","selector":"//android.widget.TextView[contains(@text,'åšè¯•å·')]","context":"","multiple":false}
[35m[HTTP][39m [37m-->[39m [37mGET[39m [37m/wd/hub/status[39m
[35m[HTTP][39m [90m{}[39m
[debug] [35m[GENERIC][39m Calling AppiumDriver.getStatus() with args: []
[debug] [35m[GENERIC][39m Responding to client with driver.getStatus() result: {"build":{"version":"1.13.0"}}
[35m[HTTP][39m [37m<-- GET /wd/hub/status [39m[32m200[39m [90m1 ms - 68[39m
[35m[HTTP][39m [90m[39m
[debug] [35m[WD Proxy][39m Got response with status 200: {"sessionId":"de9ee0b5-646f-482e-831a-15f73108b241","status":0,"value":{"ELEMENT":"67536c33-09e2-4a85-8af9-8f3e2872535c"}}
[debug] [35m[W3C (7ddd9ae8)][39m Responding to client with driver.findElement() result: {"element-6066-11e4-a52e-4f735466cecf":"67536c33-09e2-4a85-8af9-8f3e2872535c","ELEMENT":"67536c33-09e2-4a85-8af9-8f3e2872535c"}
[35m[HTTP][39m [37m<-- POST /wd/hub/session/7ddd9ae8-b461-49d5-907f-1ed718db1e70/element [39m[32m200[39m [90m3175 ms - 137[39m
[35m[HTTP][39m [90m[39m
[35m[HTTP][39m [37m-->[39m [37mPOST[39m [37m/wd/hub/session/7ddd9ae8-b461-49d5-907f-1ed718db1e70/element[39m
[35m[HTTP][39m [90m{"using":"id","value":"com.vanthink.student.debug:id/tab_profile"}[39m
[debug] [35m[W3C (7ddd9ae8)][39m Calling AppiumDriver.findElement() with args: ["id","com.vanthink.student.debug:id/tab_profile","7ddd9ae8-b461-49d5-907f-1ed718db1e70"]
[debug] [35m[BaseDriver][39m Valid locator strategies for this request: xpath, id, class name, accessibility id, -android uiautomator
[debug] [35m[BaseDriver][39m Waiting up to 0 ms for condition
[debug] [35m[WD Proxy][39m Matched '/element' to command name 'findElement'
[debug] [35m[WD Proxy][39m Proxying [POST /element] to [POST http://localhost:8202/wd/hub/session/de9ee0b5-646f-482e-831a-15f73108b241/element] with body: {"strategy":"id","selector":"com.vanthink.student.debug:id/tab_profile","context":"","multiple":false}
[debug] [35m[WD Proxy][39m Got response with status 200: {"sessionId":"de9ee0b5-646f-482e-831a-15f73108b241","status":0,"value":{"ELEMENT":"16855e17-d9f2-4d7a-9d76-b000201ab8a2"}}
[debug] [35m[W3C (7ddd9ae8)][39m Responding to client with driver.findElement() result: {"element-6066-11e4-a52e-4f735466cecf":"16855e17-d9f2-4d7a-9d76-b000201ab8a2","ELEMENT":"16855e17-d9f2-4d7a-9d76-b000201ab8a2"}
[35m[HTTP][39m [37m<-- POST /wd/hub/session/7ddd9ae8-b461-49d5-907f-1ed718db1e70/element [39m[32m200[39m [90m275 ms - 137[39m
[35m[HTTP][39m [90m[39m
[35m[HTTP][39m [37m-->[39m [37mPOST[39m [37m/wd/hub/session/7ddd9ae8-b461-49d5-907f-1ed718db1e70/element/16855e17-d9f2-4d7a-9d76-b000201ab8a2/click[39m
[35m[HTTP][39m [90m{"id":"16855e17-d9f2-4d7a-9d76-b000201ab8a2"}[39m
[debug] [35m[W3C (7ddd9ae8)][39m Calling AppiumDriver.click() with args: ["16855e17-d9f2-4d7a-9d76-b000201ab8a2","7ddd9ae8-b461-49d5-907f-1ed718db1e70"]
[debug] [35m[WD Proxy][39m Matched '/element/16855e17-d9f2-4d7a-9d76-b000201ab8a2/click' to command name 'click'
[debug] [35m[WD Proxy][39m Proxying [POST /element/16855e17-d9f2-4d7a-9d76-b000201ab8a2/click] to [POST http://localhost:8202/wd/hub/session/de9ee0b5-646f-482e-831a-15f73108b241/element/16855e17-d9f2-4d7a-9d76-b000201ab8a2/click] with body: {"element":"16855e17-d9f2-4d7a-9d76-b000201ab8a2"}
[debug] [35m[WD Proxy][39m Got response with status 200: {"sessionId":"de9ee0b5-646f-482e-831a-15f73108b241","status":0,"value":true}
[debug] [35m[W3C (7ddd9ae8)][39m Responding to client with driver.click() result: true
[35m[HTTP][39m [37m<-- POST /wd/hub/session/7ddd9ae8-b461-49d5-907f-1ed718db1e70/element/16855e17-d9f2-4d7a-9d76-b000201ab8a2/click [39m[32m200[39m [90m150 ms - 14[39m
[35m[HTTP][39m [90m[39m
[35m[HTTP][39m [37m-->[39m [37mPOST[39m [37m/wd/hub/session/7ddd9ae8-b461-49d5-907f-1ed718db1e70/element[39m
[35m[HTTP][39m [90m{"using":"xpath","value":"//android.widget.TextView[contains(@text,'è®¾ç½®')]"}[39m
[debug] [35m[W3C (7ddd9ae8)][39m Calling AppiumDriver.findElement() with args: ["xpath","//android.widget.TextView[contains(@text,'è®¾ç½®')]","7ddd9ae8-b461-49d5-907f-1ed718db1e70"]
[debug] [35m[BaseDriver][39m Valid locator strategies for this request: xpath, id, class name, accessibility id, -android uiautomator
[debug] [35m[BaseDriver][39m Waiting up to 0 ms for condition
[debug] [35m[WD Proxy][39m Matched '/element' to command name 'findElement'
[debug] [35m[WD Proxy][39m Proxying [POST /element] to [POST http://localhost:8202/wd/hub/session/de9ee0b5-646f-482e-831a-15f73108b241/element] with body: {"strategy":"xpath","selector":"//android.widget.TextView[contains(@text,'è®¾ç½®')]","context":"","multiple":false}
[35m[WD Proxy][39m Got an unexpected response: {"sessionId":"de9ee0b5-646f-482e-831a-15f73108b241","status":13,"value":"io.appium.uiautomator2.common.exceptions.UiAutomator2Exception: Error in building: Ill-formed XML document (missing opening tag for android.widget.LinearLayout). Try changing the 'normalizeTagNames' driver setting to 'true' ...
[debug] [35m[MJSONWP][39m Matched JSONWP error code 13 to UnknownError
[debug] [35m[W3C (7ddd9ae8)][39m Encountered internal error running command: UnknownError: An unknown server-side error occurred while processing the command. Original error: io.appium.uiautomator2.common.exceptions.UiAutomator2Exception: Error in building: Ill-formed XML document (missing opening tag for android.widget.LinearLayout). Try changing the 'normalizeTagNames' driver setting to 'true' in order to workaround the problem.
[debug] [35m[W3C (7ddd9ae8)][39m 	at io.appium.uiautomator2.core.AccessibilityNodeInfoDumper.findNodes(AccessibilityNodeInfoDumper.java:233)
[debug] [35m[W3C (7ddd9ae8)][39m 	at io.appium.uiautomator2.utils.ElementLocationHelpers.getXPathNodeMatch(ElementLocationHelpers.java:71)
[debug] [35m[W3C (7ddd9ae8)][39m 	at io.appium.uiautomator2.handler.FindElement.findElement(FindElement.java:104)
[debug] [35m[W3C (7ddd9ae8)][39m 	at io.appium.uiautomator2.handler.FindElement.safeHandle(FindElement.java:75)
[debug] [35m[W3C (7ddd9ae8)][39m 	at io.appium.uiautomator2.handler.request.SafeRequestHandler.handle(SafeRequestHandler.java:37)
[debug] [35m[W3C (7ddd9ae8)][39m 	at io.appium.uiautomator2.server.AppiumServlet.handleRequest(AppiumServlet.java:252)
[debug] [35m[W3C (7ddd9ae8)][39m 	at io.appium.uiautomator2.server.AppiumServlet.handleHttpRequest(AppiumServlet.java:243)
[debug] [35m[W3C (7ddd9ae8)][39m 	at io.appium.uiautomator2.http.ServerHandler.channelRead(ServerHandler.java:44)
[debug] [35m[W3C (7ddd9ae8)][39m 	at io.netty.channel.AbstractChannelHandlerContext.invokeChannelRead(AbstractChannelHandlerContext.java:366)
[debug] [35m[W3C (7ddd9ae8)][39m 	at io.netty.channel.AbstractChannelHandlerContext.invokeChannelRead(AbstractChannelHandlerContext.java:352)
[debug] [35m[W3C (7ddd9ae8)][39m 	at io.netty.channel.AbstractChannelHandlerContext.fireChannelRead(AbstractChannelHandlerContext.java:345)
[debug] [35m[W3C (7ddd9ae8)][39m 	at io.netty.handler.codec.MessageToMessageDecoder.channelRead(MessageToMessageDecoder.java:102)
[debug] [35m[W3C (7ddd9ae8)][39m 	at io.netty.channel.AbstractChannelHandlerContext.invokeChannelRead(AbstractChannelHandlerContext.java:366)
[debug] [35m[W3C (7ddd9ae8)][39m 	at io.netty.channel.AbstractChannelHandlerContext.invokeChannelRead(AbstractChannelHandlerContext.java:352)
[debug] [35m[W3C (7ddd9ae8)][39m 	at io.netty.channel.AbstractChannelHandlerContext.fireChannelRead(AbstractChannelHandlerContext.java:345)
[debug] [35m[W3C (7ddd9ae8)][39m 	at io.netty.channel.CombinedChannelDuplexHandler$DelegatingChannelHandlerContext.fireChannelRead(CombinedChannelDuplexHandler.java:435)
[debug] [35m[W3C (7ddd9ae8)][39m 	at io.netty.handler.codec.ByteToMessageDecoder.fireChannelRead(ByteToMessageDecoder.java:293)
[debug] [35m[W3C (7ddd9ae8)][39m 	at io.netty.handler.codec.ByteToMessageDecoder.channelRead(ByteToMessageDecoder.java:267)
[debug] [35m[W3C (7ddd9ae8)][39m 	at io.netty.channel.CombinedChannelDuplexHandler.channelRead(CombinedChannelDuplexHandler.java:250)
[debug] [35m[W3C (7ddd9ae8)][39m 	at io.netty.channel.AbstractChannelHandlerContext.invokeChannelRead(AbstractChannelHandlerContext.java:366)
[debug] [35m[W3C (7ddd9ae8)][39m 	at io.netty.channel.AbstractChannelHandlerContext.invokeChannelRead(AbstractChannelHandlerContext.java:352)
[debug] [35m[W3C (7ddd9ae8)][39m 	at io.netty.channel.AbstractChannelHandlerContext.fireChannelRead(AbstractChannelHandlerContext.java:345)
[debug] [35m[W3C (7ddd9ae8)][39m 	at io.netty.channel.DefaultChannelPipeline$HeadContext.channelRead(DefaultChannelPipeline.java:1294)
[debug] [35m[W3C (7ddd9ae8)][39m 	at io.netty.channel.AbstractChannelHandlerContext.invokeChannelRead(AbstractChannelHandlerContext.java:366)
[debug] [35m[W3C (7ddd9ae8)][39m 	at io.netty.channel.AbstractChannelHandlerContext.invokeChannelRead(AbstractChannelHandlerContext.java:352)
[debug] [35m[W3C (7ddd9ae8)][39m 	at io.netty.channel.DefaultChannelPipeline.fireChannelRead(DefaultChannelPipeline.java:911)
[debug] [35m[W3C (7ddd9ae8)][39m 	at io.netty.channel.nio.AbstractNioByteChannel$NioByteUnsafe.read(AbstractNioByteChannel.java:131)
[debug] [35m[W3C (7ddd9ae8)][39m 	at io.netty.channel.nio.NioEventLoop.processSelectedKey(NioEventLoop.java:611)
[debug] [35m[W3C (7ddd9ae8)][39m 	at io.netty.channel.nio.NioEventLoop.processSelectedKeysOptimized(NioEventLoop.java:552)
[debug] [35m[W3C (7ddd9ae8)][39m 	at io.netty.channel.nio.NioEventLoop.processSelectedKeys(NioEventLoop.java:466)
[debug] [35m[W3C (7ddd9ae8)][39m 	at io.netty.channel.nio.NioEventLoop.run(NioEventLoop.java:438)
[debug] [35m[W3C (7ddd9ae8)][39m 	at io.netty.util.concurrent.SingleThreadEventExecutor$2.run(SingleThreadEventExecutor.java:140)
[debug] [35m[W3C (7ddd9ae8)][39m 	at io.netty.util.concurrent.DefaultThreadFactory$DefaultRunnableDecorator.run(DefaultThreadFactory.java:144)
[debug] [35m[W3C (7ddd9ae8)][39m 	at java.lang.Thread.run(Thread.java:784)
[debug] [35m[W3C (7ddd9ae8)][39m Caused by: org.jdom2.input.JDOMParseException: Error in building: Ill-formed XML document (missing opening tag for android.widget.LinearLayout)
[debug] [35m[W3C (7ddd9ae8)][39m 	at org.jdom2.input.sax.SAXBuilderEngine.build(SAXBuilderEngine.java:236)
[debug] [35m[W3C (7ddd9ae8)][39m 	at org.jdom2.input.sax.SAXBuilderEngine.build(SAXBuilderEngine.java:253)
[debug] [35m[W3C (7ddd9ae8)][39m 	at org.jdom2.input.SAXBuilder.build(SAXBuilder.java:1091)
[debug] [35m[W3C (7ddd9ae8)][39m 	at io.appium.uiautomator2.core.AccessibilityNodeInfoDumper.findNodes(AccessibilityNodeInfoDumper.java:213)
[debug] [35m[W3C (7ddd9ae8)][39m 	... 33 more
[debug] [35m[W3C (7ddd9ae8)][39m Caused by: org.xml.sax.SAXException: Ill-formed XML document (missing opening tag for android.widget.LinearLayout)
[debug] [35m[W3C (7ddd9ae8)][39m 	at org.jdom2.input.sax.SAXHandler.endElement(SAXHandler.java:879)
[debug] [35m[W3C (7ddd9ae8)][39m 	at org.apache.harmony.xml.ExpatParser.endElement(ExpatParser.java:160)
[debug] [35m[W3C (7ddd9ae8)][39m 	at org.apache.harmony.xml.ExpatParser.appendBytes(Native Method)
[debug] [35m[W3C (7ddd9ae8)][39m 	at org.apache.harmony.xml.ExpatParser.parseFragment(ExpatParser.java:517)
[debug] [35m[W3C (7ddd9ae8)][39m 	at org.apache.harmony.xml.ExpatParser.parseDocument(ExpatParser.java:478)
[debug] [35m[W3C (7ddd9ae8)][39m 	at org.apache.harmony.xml.ExpatReader.parse(ExpatReader.java:316)
[debug] [35m[W3C (7ddd9ae8)][39m 	at org.apache.harmony.xml.ExpatReader.parse(ExpatReader.java:279)
[debug] [35m[W3C (7ddd9ae8)][39m 	at org.jdom2.input.sax.SAXBuilderEngine.build(SAXBuilderEngine.java:217)
[debug] [35m[W3C (7ddd9ae8)][39m 	... 36 more
[debug] [35m[W3C (7ddd9ae8)][39m 
[debug] [35m[W3C (7ddd9ae8)][39m     at errorFromMJSONWPStatusCode (/Users/vanthink_test_ios/.nvm/v8.14.1/lib/node_modules/appium/node_modules/appium-base-driver/lib/protocol/errors.js:789:10)
[debug] [35m[W3C (7ddd9ae8)][39m     at ProxyRequestError.errorFromMJSONWPStatusCode [as getActualError] (/Users/vanthink_test_ios/.nvm/v8.14.1/lib/node_modules/appium/node_modules/appium-base-driver/lib/protocol/errors.js:683:14)
[debug] [35m[W3C (7ddd9ae8)][39m     at JWProxy.getActualError [as command] (/Users/vanthink_test_ios/.nvm/v8.14.1/lib/node_modules/appium/node_modules/appium-base-driver/lib/jsonwp-proxy/proxy.js:235:19)
[debug] [35m[W3C (7ddd9ae8)][39m     at <anonymous>
[35m[HTTP][39m [37m<-- POST /wd/hub/session/7ddd9ae8-b461-49d5-907f-1ed718db1e70/element [39m[31m500[39m [90m718 ms - 10447[39m
[35m[HTTP][39m [90m[39m
[35m[HTTP][39m [37m-->[39m [37mGET[39m [37m/wd/hub/session/7ddd9ae8-b461-49d5-907f-1ed718db1e70/screenshot[39m
[35m[HTTP][39m [90m{}[39m
[debug] [35m[W3C (7ddd9ae8)][39m Calling AppiumDriver.getScreenshot() with args: ["7ddd9ae8-b461-49d5-907f-1ed718db1e70"]
[debug] [35m[WD Proxy][39m Matched '/screenshot' to command name 'getScreenshot'
[debug] [35m[WD Proxy][39m Proxying [GET /screenshot] to [GET http://localhost:8202/wd/hub/session/de9ee0b5-646f-482e-831a-15f73108b241/screenshot] with no body
[35m[HTTP][39m [37m-->[39m [37mGET[39m [37m/wd/hub/status[39m
[35m[HTTP][39m [90m{}[39m
[debug] [35m[GENERIC][39m Calling AppiumDriver.getStatus() with args: []
[debug] [35m[GENERIC][39m Responding to client with driver.getStatus() result: {"build":{"version":"1.13.0"}}
[35m[HTTP][39m [37m<-- GET /wd/hub/status [39m[32m200[39m [90m1 ms - 68[39m
[35m[HTTP][39m [90m[39m
[debug] [35m[WD Proxy][39m Got response with status 200: "{\"sessionId\":\"de9ee0b5-646f-482e-831a-15f73108b241\",\"status\":0,\"value\":\"iVBORw0KGgoAAAANSUhEUgAABDgAAAeACAYAAAArYecKAAAABHNCSVQICAgIfAhkiAAAIABJREFU\\neJzs3Xd4W3d6J\\/ovegdIACTA3sQiiVTvzSq25Sp7xnEZZybjcTIpOzNJNvcmz83ee7PP5ia789zs\\n3s3ezSaZzN1kksx4bM+Mm9xkWbZl2VbvElVIir0XkADR2\\/0D5CFBgCgkWEB9P\\/\\/YBA+AA4oEzvme\\n931\\/ooPPvxMGEREREREREVEWEy\\/1DhARERERERERzRcDDiIiIiIiIiLKegw4iIiIiIiIiCjrMeAg\\nIiIiIiIioqzHgIOIiIiIiIiIsh4DDiIiIiIiIiLKegw4iIiIiIiIiCjrMeAgIiIiIiIioqzHgIOI\\niIiIiIiIsh4DDiIiIiIiIiLKegw4iIiIiIiIiCjrMeAgIiIiIiIioqzHgIOIiIiIiIiIsh4DDiIi\\nIiIiIiLKegw4iIiIiIiIiCjrMeAgIiIiIiIioqzHgIOIiIiIiIiIsh4DDiIiIiIiIiLKetKl3gG6\\n\\/0ilYhzcVYjSIh10GlnK9wsD+ODTDtxpGV24nUuDVCKG2aiEVCqKuj0cBgaH3fD5Q0u0Z0RERESx\\nSou0WFdnwvmrA+gfci\\/17hARZRwDDlpUUokY3ziyCmaTMu37igA8dqAUAJYk5MgzKlFg0cCap0K+\\nWQWzUQWRaJaNw8CYw4e+QRf6B93o6Xeib9CFcHhRd5lo0cllYuh1chh0cgCASimFRDLbH0r6gsEw\\n3J4AgMjfmN3hY5hIRJQCqUSMrz1SAbFYhIpSHX71fit6+p1LvVt0nzIblRi1+xAI8DOcMuu+CThy\\n9HI8+0QVAODND1sxNOJZkOd59okqaNRSnLs8gMYm24I8R6bVVBqwZV...
[debug] [35m[W3C (7ddd9ae8)][39m Responding to client with driver.getScreenshot() result: "iVBORw0KGgoAAAANSUhEUgAABDgAAAeACAYAAAArYecKAAAABHNCSVQICAgIfAhkiAAAIABJREFU\neJzs3Xd4W3d6J/ovegdIACTA3sQiiVTvzSq25Sp7xnEZZybjcTIpOzNJNvcmz83ee7PP5ia789zs\n3s3ezSaZzN1kksx4bM+Mm9xkWbZl2VbvElVIir0XkADR2/0D5CFBgCgkWEB9P//YBA+AA4oEzvme\n931/ooPPvxMGEREREREREVEWEy/1DhARERERERERzRcDDiIiIiIiIiLKegw4iIiIiIiIiCjrMeAg\nIiIiIiIioqzHgIOIiIiIiIiIsh4DDiIiIiIiIiLKegw4iIiIiIiIiCjrMeAgIiIiIiIioqzHgIOI\niIiIiIiIsh4DDiIiIiIiIiLKegw4iIiIiIiIiCjrMeAgIiIiIiIioqzHgIOIiIiIiIiIsh4DDiIi\nIiIiIiLKegw4iIiIiIiIiCjrMeAgIiIiIiIioqzHgIOIiIiIiIiIsh4DDiIiIiIiIiLKetKl3gG6\n/0ilYhzcVYjSIh10GlnK9wsD+ODTDtxpGV24nUuDVCKG2aiEVCqKuj0cBgaH3fD5Q0u0Z0RERESx\nSou0WFdnwvmrA+gfci/17hARZRwDDlpUUokY3ziyCmaTMu37igA8dqAUAJYk5MgzKlFg0cCap0K+\nWQWzUQWRaJaNw8CYw4e+QRf6B93o6Xeib9CFcHhRd5lo0cllYuh1chh0cgCASimFRDLbH0r6gsEw\n3J4AgMjfmN3hY5hIRJQCqUSMrz1SAbFYhIpSHX71fit6+p1LvVt0nzIblRi1+xAI8DOcMuu+CThy\n9HI8+0QVAODND1sxNOJZkOd59okqaNRSnLs8gMYm24I8R6bVVBqwZV0+AODdE+2wO3wL9lzbN+XP\nKdwQiBY35DDo5Fi32oTaqhzotKlXm0AEGPRyGPRy1FblAABc7gCa28ZwtXF4wX7/iJZKrkEBa54a\ncvnCdj...
[35m[HTTP][39m [37m<-- GET /wd/hub/session/7ddd9ae8-b461-49d5-907f-1ed718db1e70/screenshot [39m[32m200[39m [90m1427 ms - 165356[39m
[35m[HTTP][39m [90m[39m
[35m[HTTP][39m [37m-->[39m [37mGET[39m [37m/wd/hub/session/7ddd9ae8-b461-49d5-907f-1ed718db1e70/appium/device/current_activity[39m
[35m[HTTP][39m [90m{}[39m
[debug] [35m[W3C (7ddd9ae8)][39m Calling AppiumDriver.getCurrentActivity() with args: ["7ddd9ae8-b461-49d5-907f-1ed718db1e70"]
[debug] [35m[ADB][39m Getting focused package and activity
[debug] [35m[ADB][39m Running '/Users/vanthink_test_ios/Desktop/intsall/adt-bundle-mac-x86_64-20140624/sdk/platform-tools/adb -P 5037 -s A6BERSWW99999999 shell dumpsys window windows'
[debug] [35m[W3C (7ddd9ae8)][39m Responding to client with driver.getCurrentActivity() result: "com.vanthink.vanthinkstudent.ui.user.login.LoginActivity"
[35m[HTTP][39m [37m<-- GET /wd/hub/session/7ddd9ae8-b461-49d5-907f-1ed718db1e70/appium/device/current_activity [39m[32m200[39m [90m129 ms - 68[39m
[35m[HTTP][39m [90m[39m
[35m[HTTP][39m [37m-->[39m [37mPOST[39m [37m/wd/hub/session/7ddd9ae8-b461-49d5-907f-1ed718db1e70/element[39m
[35m[HTTP][39m [90m{"using":"id","value":"com.vanthink.student.debug:id/btn_login"}[39m
[debug] [35m[W3C (7ddd9ae8)][39m Calling AppiumDriver.findElement() with args: ["id","com.vanthink.student.debug:id/btn_login","7ddd9ae8-b461-49d5-907f-1ed718db1e70"]
[debug] [35m[BaseDriver][39m Valid locator strategies for this request: xpath, id, class name, accessibility id, -android uiautomator
[debug] [35m[BaseDriver][39m Waiting up to 0 ms for condition
[debug] [35m[WD Proxy][39m Matched '/element' to command name 'findElement'
[debug] [35m[WD Proxy][39m Proxying [POST /element] to [POST http://localhost:8202/wd/hub/session/de9ee0b5-646f-482e-831a-15f73108b241/element] with body: {"strategy":"id","selector":"com.vanthink.student.debug:id/btn_login","context":"","multiple":false}
[35m[WD Proxy][39m Got an unexpected response: {"sessionId":"de9ee0b5-646f-482e-831a-15f73108b241","status":7,"value":"An element could not be located on the page using the given search parameters."}
[debug] [35m[MJSONWP][39m Matched JSONWP error code 7 to NoSuchElementError
[debug] [35m[W3C (7ddd9ae8)][39m Encountered internal error running command: NoSuchElementError: An element could not be located on the page using the given search parameters.
[debug] [35m[W3C (7ddd9ae8)][39m     at AndroidUiautomator2Driver.findElOrEls (/Users/vanthink_test_ios/.nvm/v8.14.1/lib/node_modules/appium/node_modules/appium-android-driver/lib/commands/find.js:75:11)
[debug] [35m[W3C (7ddd9ae8)][39m     at <anonymous>
[35m[HTTP][39m [37m<-- POST /wd/hub/session/7ddd9ae8-b461-49d5-907f-1ed718db1e70/element [39m[33m404[39m [90m344 ms - 434[39m
[35m[HTTP][39m [90m[39m
[35m[HTTP][39m [37m-->[39m [37mPOST[39m [37m/wd/hub/session/7ddd9ae8-b461-49d5-907f-1ed718db1e70/element[39m
[35m[HTTP][39m [90m{"using":"id","value":"com.vanthink.student.debug:id/btn_login"}[39m
[debug] [35m[W3C (7ddd9ae8)][39m Calling AppiumDriver.findElement() with args: ["id","com.vanthink.student.debug:id/btn_login","7ddd9ae8-b461-49d5-907f-1ed718db1e70"]
[debug] [35m[BaseDriver][39m Valid locator strategies for this request: xpath, id, class name, accessibility id, -android uiautomator
[debug] [35m[BaseDriver][39m Waiting up to 0 ms for condition
[debug] [35m[WD Proxy][39m Matched '/element' to command name 'findElement'
[debug] [35m[WD Proxy][39m Proxying [POST /element] to [POST http://localhost:8202/wd/hub/session/de9ee0b5-646f-482e-831a-15f73108b241/element] with body: {"strategy":"id","selector":"com.vanthink.student.debug:id/btn_login","context":"","multiple":false}
[35m[WD Proxy][39m Got an unexpected response: {"sessionId":"de9ee0b5-646f-482e-831a-15f73108b241","status":7,"value":"An element could not be located on the page using the given search parameters."}
[debug] [35m[MJSONWP][39m Matched JSONWP error code 7 to NoSuchElementError
[debug] [35m[W3C (7ddd9ae8)][39m Encountered internal error running command: NoSuchElementError: An element could not be located on the page using the given search parameters.
[debug] [35m[W3C (7ddd9ae8)][39m     at AndroidUiautomator2Driver.findElOrEls (/Users/vanthink_test_ios/.nvm/v8.14.1/lib/node_modules/appium/node_modules/appium-android-driver/lib/commands/find.js:75:11)
[debug] [35m[W3C (7ddd9ae8)][39m     at <anonymous>
[35m[HTTP][39m [37m<-- POST /wd/hub/session/7ddd9ae8-b461-49d5-907f-1ed718db1e70/element [39m[33m404[39m [90m176 ms - 434[39m
[35m[HTTP][39m [90m[39m
[35m[HTTP][39m [37m-->[39m [37mPOST[39m [37m/wd/hub/session/7ddd9ae8-b461-49d5-907f-1ed718db1e70/element[39m
[35m[HTTP][39m [90m{"using":"id","value":"com.vanthink.student.debug:id/btn_login"}[39m
[debug] [35m[W3C (7ddd9ae8)][39m Calling AppiumDriver.findElement() with args: ["id","com.vanthink.student.debug:id/btn_login","7ddd9ae8-b461-49d5-907f-1ed718db1e70"]
[debug] [35m[BaseDriver][39m Valid locator strategies for this request: xpath, id, class name, accessibility id, -android uiautomator
[debug] [35m[BaseDriver][39m Waiting up to 0 ms for condition
[debug] [35m[WD Proxy][39m Matched '/element' to command name 'findElement'
[debug] [35m[WD Proxy][39m Proxying [POST /element] to [POST http://localhost:8202/wd/hub/session/de9ee0b5-646f-482e-831a-15f73108b241/element] with body: {"strategy":"id","selector":"com.vanthink.student.debug:id/btn_login","context":"","multiple":false}
[35m[WD Proxy][39m Got an unexpected response: {"sessionId":"de9ee0b5-646f-482e-831a-15f73108b241","status":7,"value":"An element could not be located on the page using the given search parameters."}
[debug] [35m[MJSONWP][39m Matched JSONWP error code 7 to NoSuchElementError
[debug] [35m[W3C (7ddd9ae8)][39m Encountered internal error running command: NoSuchElementError: An element could not be located on the page using the given search parameters.
[debug] [35m[W3C (7ddd9ae8)][39m     at AndroidUiautomator2Driver.findElOrEls (/Users/vanthink_test_ios/.nvm/v8.14.1/lib/node_modules/appium/node_modules/appium-android-driver/lib/commands/find.js:75:11)
[debug] [35m[W3C (7ddd9ae8)][39m     at <anonymous>
[35m[HTTP][39m [37m<-- POST /wd/hub/session/7ddd9ae8-b461-49d5-907f-1ed718db1e70/element [39m[33m404[39m [90m626 ms - 434[39m
[35m[HTTP][39m [90m[39m
[35m[HTTP][39m [37m-->[39m [37mPOST[39m [37m/wd/hub/session/7ddd9ae8-b461-49d5-907f-1ed718db1e70/element[39m
[35m[HTTP][39m [90m{"using":"id","value":"com.vanthink.student.debug:id/btn_login"}[39m
[debug] [35m[W3C (7ddd9ae8)][39m Calling AppiumDriver.findElement() with args: ["id","com.vanthink.student.debug:id/btn_login","7ddd9ae8-b461-49d5-907f-1ed718db1e70"]
[debug] [35m[BaseDriver][39m Valid locator strategies for this request: xpath, id, class name, accessibility id, -android uiautomator
[debug] [35m[BaseDriver][39m Waiting up to 0 ms for condition
[debug] [35m[WD Proxy][39m Matched '/element' to command name 'findElement'
[debug] [35m[WD Proxy][39m Proxying [POST /element] to [POST http://localhost:8202/wd/hub/session/de9ee0b5-646f-482e-831a-15f73108b241/element] with body: {"strategy":"id","selector":"com.vanthink.student.debug:id/btn_login","context":"","multiple":false}
[35m[WD Proxy][39m Got an unexpected response: {"sessionId":"de9ee0b5-646f-482e-831a-15f73108b241","status":7,"value":"An element could not be located on the page using the given search parameters."}
[debug] [35m[MJSONWP][39m Matched JSONWP error code 7 to NoSuchElementError
[debug] [35m[W3C (7ddd9ae8)][39m Encountered internal error running command: NoSuchElementError: An element could not be located on the page using the given search parameters.
[debug] [35m[W3C (7ddd9ae8)][39m     at AndroidUiautomator2Driver.findElOrEls (/Users/vanthink_test_ios/.nvm/v8.14.1/lib/node_modules/appium/node_modules/appium-android-driver/lib/commands/find.js:75:11)
[debug] [35m[W3C (7ddd9ae8)][39m     at <anonymous>
[35m[HTTP][39m [37m<-- POST /wd/hub/session/7ddd9ae8-b461-49d5-907f-1ed718db1e70/element [39m[33m404[39m [90m684 ms - 434[39m
[35m[HTTP][39m [90m[39m
[35m[HTTP][39m [37m-->[39m [37mPOST[39m [37m/wd/hub/session/7ddd9ae8-b461-49d5-907f-1ed718db1e70/element[39m
[35m[HTTP][39m [90m{"using":"id","value":"com.vanthink.student.debug:id/btn_login"}[39m
[debug] [35m[W3C (7ddd9ae8)][39m Calling AppiumDriver.findElement() with args: ["id","com.vanthink.student.debug:id/btn_login","7ddd9ae8-b461-49d5-907f-1ed718db1e70"]
[debug] [35m[BaseDriver][39m Valid locator strategies for this request: xpath, id, class name, accessibility id, -android uiautomator
[debug] [35m[BaseDriver][39m Waiting up to 0 ms for condition
[debug] [35m[WD Proxy][39m Matched '/element' to command name 'findElement'
[debug] [35m[WD Proxy][39m Proxying [POST /element] to [POST http://localhost:8202/wd/hub/session/de9ee0b5-646f-482e-831a-15f73108b241/element] with body: {"strategy":"id","selector":"com.vanthink.student.debug:id/btn_login","context":"","multiple":false}
[35m[HTTP][39m [37m-->[39m [37mGET[39m [37m/wd/hub/status[39m
[35m[HTTP][39m [90m{}[39m
[debug] [35m[GENERIC][39m Calling AppiumDriver.getStatus() with args: []
[debug] [35m[GENERIC][39m Responding to client with driver.getStatus() result: {"build":{"version":"1.13.0"}}
[35m[HTTP][39m [37m<-- GET /wd/hub/status [39m[32m200[39m [90m5 ms - 68[39m
[35m[HTTP][39m [90m[39m
[35m[WD Proxy][39m Got an unexpected response: {"sessionId":"de9ee0b5-646f-482e-831a-15f73108b241","status":7,"value":"An element could not be located on the page using the given search parameters."}
[debug] [35m[MJSONWP][39m Matched JSONWP error code 7 to NoSuchElementError
[debug] [35m[W3C (7ddd9ae8)][39m Encountered internal error running command: NoSuchElementError: An element could not be located on the page using the given search parameters.
[debug] [35m[W3C (7ddd9ae8)][39m     at AndroidUiautomator2Driver.findElOrEls (/Users/vanthink_test_ios/.nvm/v8.14.1/lib/node_modules/appium/node_modules/appium-android-driver/lib/commands/find.js:75:11)
[debug] [35m[W3C (7ddd9ae8)][39m     at <anonymous>
[35m[HTTP][39m [37m<-- POST /wd/hub/session/7ddd9ae8-b461-49d5-907f-1ed718db1e70/element [39m[33m404[39m [90m1669 ms - 434[39m
[35m[HTTP][39m [90m[39m
[35m[HTTP][39m [37m-->[39m [37mPOST[39m [37m/wd/hub/session/7ddd9ae8-b461-49d5-907f-1ed718db1e70/element[39m
[35m[HTTP][39m [90m{"using":"xpath","value":"//android.widget.TextView[contains(@text,'åšè¯•å·')]"}[39m
[debug] [35m[W3C (7ddd9ae8)][39m Calling AppiumDriver.findElement() with args: ["xpath","//android.widget.TextView[contains(@text,'åšè¯•å·')]","7ddd9ae8-b461-49d5-907f-1ed718db1e70"]
[debug] [35m[BaseDriver][39m Valid locator strategies for this request: xpath, id, class name, accessibility id, -android uiautomator
[debug] [35m[BaseDriver][39m Waiting up to 0 ms for condition
[debug] [35m[WD Proxy][39m Matched '/element' to command name 'findElement'
[debug] [35m[WD Proxy][39m Proxying [POST /element] to [POST http://localhost:8202/wd/hub/session/de9ee0b5-646f-482e-831a-15f73108b241/element] with body: {"strategy":"xpath","selector":"//android.widget.TextView[contains(@text,'åšè¯•å·')]","context":"","multiple":false}
[35m[WD Proxy][39m Got an unexpected response: {"sessionId":"de9ee0b5-646f-482e-831a-15f73108b241","status":7,"value":"An element could not be located on the page using the given search parameters."}
[debug] [35m[MJSONWP][39m Matched JSONWP error code 7 to NoSuchElementError
[debug] [35m[W3C (7ddd9ae8)][39m Encountered internal error running command: NoSuchElementError: An element could not be located on the page using the given search parameters.
[debug] [35m[W3C (7ddd9ae8)][39m     at AndroidUiautomator2Driver.findElOrEls (/Users/vanthink_test_ios/.nvm/v8.14.1/lib/node_modules/appium/node_modules/appium-android-driver/lib/commands/find.js:75:11)
[debug] [35m[W3C (7ddd9ae8)][39m     at <anonymous>
[35m[HTTP][39m [37m<-- POST /wd/hub/session/7ddd9ae8-b461-49d5-907f-1ed718db1e70/element [39m[33m404[39m [90m647 ms - 434[39m
[35m[HTTP][39m [90m[39m
[35m[HTTP][39m [37m-->[39m [37mPOST[39m [37m/wd/hub/session/7ddd9ae8-b461-49d5-907f-1ed718db1e70/element[39m
[35m[HTTP][39m [90m{"using":"xpath","value":"//android.widget.TextView[contains(@text,'åšè¯•å·')]"}[39m
[debug] [35m[W3C (7ddd9ae8)][39m Calling AppiumDriver.findElement() with args: ["xpath","//android.widget.TextView[contains(@text,'åšè¯•å·')]","7ddd9ae8-b461-49d5-907f-1ed718db1e70"]
[debug] [35m[BaseDriver][39m Valid locator strategies for this request: xpath, id, class name, accessibility id, -android uiautomator
[debug] [35m[BaseDriver][39m Waiting up to 0 ms for condition
[debug] [35m[WD Proxy][39m Matched '/element' to command name 'findElement'
[debug] [35m[WD Proxy][39m Proxying [POST /element] to [POST http://localhost:8202/wd/hub/session/de9ee0b5-646f-482e-831a-15f73108b241/element] with body: {"strategy":"xpath","selector":"//android.widget.TextView[contains(@text,'åšè¯•å·')]","context":"","multiple":false}
[35m[WD Proxy][39m Got an unexpected response: {"sessionId":"de9ee0b5-646f-482e-831a-15f73108b241","status":7,"value":"An element could not be located on the page using the given search parameters."}
[debug] [35m[MJSONWP][39m Matched JSONWP error code 7 to NoSuchElementError
[debug] [35m[W3C (7ddd9ae8)][39m Encountered internal error running command: NoSuchElementError: An element could not be located on the page using the given search parameters.
[debug] [35m[W3C (7ddd9ae8)][39m     at AndroidUiautomator2Driver.findElOrEls (/Users/vanthink_test_ios/.nvm/v8.14.1/lib/node_modules/appium/node_modules/appium-android-driver/lib/commands/find.js:75:11)
[debug] [35m[W3C (7ddd9ae8)][39m     at <anonymous>
[35m[HTTP][39m [37m<-- POST /wd/hub/session/7ddd9ae8-b461-49d5-907f-1ed718db1e70/element [39m[33m404[39m [90m433 ms - 434[39m
[35m[HTTP][39m [90m[39m
[35m[HTTP][39m [37m-->[39m [37mPOST[39m [37m/wd/hub/session/7ddd9ae8-b461-49d5-907f-1ed718db1e70/element[39m
[35m[HTTP][39m [90m{"using":"xpath","value":"//android.widget.TextView[contains(@text,'åšè¯•å·')]"}[39m
[debug] [35m[W3C (7ddd9ae8)][39m Calling AppiumDriver.findElement() with args: ["xpath","//android.widget.TextView[contains(@text,'åšè¯•å·')]","7ddd9ae8-b461-49d5-907f-1ed718db1e70"]
[debug] [35m[BaseDriver][39m Valid locator strategies for this request: xpath, id, class name, accessibility id, -android uiautomator
[debug] [35m[BaseDriver][39m Waiting up to 0 ms for condition
[debug] [35m[WD Proxy][39m Matched '/element' to command name 'findElement'
[debug] [35m[WD Proxy][39m Proxying [POST /element] to [POST http://localhost:8202/wd/hub/session/de9ee0b5-646f-482e-831a-15f73108b241/element] with body: {"strategy":"xpath","selector":"//android.widget.TextView[contains(@text,'åšè¯•å·')]","context":"","multiple":false}
[35m[HTTP][39m [37m-->[39m [37mGET[39m [37m/wd/hub/status[39m
[35m[HTTP][39m [90m{}[39m
[debug] [35m[GENERIC][39m Calling AppiumDriver.getStatus() with args: []
[debug] [35m[GENERIC][39m Responding to client with driver.getStatus() result: {"build":{"version":"1.13.0"}}
[35m[HTTP][39m [37m<-- GET /wd/hub/status [39m[32m200[39m [90m1 ms - 68[39m
[35m[HTTP][39m [90m[39m
[35m[WD Proxy][39m Got an unexpected response: {"sessionId":"de9ee0b5-646f-482e-831a-15f73108b241","status":7,"value":"An element could not be located on the page using the given search parameters."}
[debug] [35m[MJSONWP][39m Matched JSONWP error code 7 to NoSuchElementError
[debug] [35m[W3C (7ddd9ae8)][39m Encountered internal error running command: NoSuchElementError: An element could not be located on the page using the given search parameters.
[debug] [35m[W3C (7ddd9ae8)][39m     at AndroidUiautomator2Driver.findElOrEls (/Users/vanthink_test_ios/.nvm/v8.14.1/lib/node_modules/appium/node_modules/appium-android-driver/lib/commands/find.js:75:11)
[debug] [35m[W3C (7ddd9ae8)][39m     at <anonymous>
[35m[HTTP][39m [37m<-- POST /wd/hub/session/7ddd9ae8-b461-49d5-907f-1ed718db1e70/element [39m[33m404[39m [90m1705 ms - 434[39m
[35m[HTTP][39m [90m[39m
[35m[HTTP][39m [37m-->[39m [37mPOST[39m [37m/wd/hub/session/7ddd9ae8-b461-49d5-907f-1ed718db1e70/element[39m
[35m[HTTP][39m [90m{"using":"xpath","value":"//android.widget.TextView[contains(@text,'åšè¯•å·')]"}[39m
[debug] [35m[W3C (7ddd9ae8)][39m Calling AppiumDriver.findElement() with args: ["xpath","//android.widget.TextView[contains(@text,'åšè¯•å·')]","7ddd9ae8-b461-49d5-907f-1ed718db1e70"]
[debug] [35m[BaseDriver][39m Valid locator strategies for this request: xpath, id, class name, accessibility id, -android uiautomator
[debug] [35m[BaseDriver][39m Waiting up to 0 ms for condition
[debug] [35m[WD Proxy][39m Matched '/element' to command name 'findElement'
[debug] [35m[WD Proxy][39m Proxying [POST /element] to [POST http://localhost:8202/wd/hub/session/de9ee0b5-646f-482e-831a-15f73108b241/element] with body: {"strategy":"xpath","selector":"//android.widget.TextView[contains(@text,'åšè¯•å·')]","context":"","multiple":false}
[35m[WD Proxy][39m Got an unexpected response: {"sessionId":"de9ee0b5-646f-482e-831a-15f73108b241","status":7,"value":"An element could not be located on the page using the given search parameters."}
[debug] [35m[MJSONWP][39m Matched JSONWP error code 7 to NoSuchElementError
[debug] [35m[W3C (7ddd9ae8)][39m Encountered internal error running command: NoSuchElementError: An element could not be located on the page using the given search parameters.
[debug] [35m[W3C (7ddd9ae8)][39m     at AndroidUiautomator2Driver.findElOrEls (/Users/vanthink_test_ios/.nvm/v8.14.1/lib/node_modules/appium/node_modules/appium-android-driver/lib/commands/find.js:75:11)
[debug] [35m[W3C (7ddd9ae8)][39m     at <anonymous>
[35m[HTTP][39m [37m<-- POST /wd/hub/session/7ddd9ae8-b461-49d5-907f-1ed718db1e70/element [39m[33m404[39m [90m2108 ms - 434[39m
[35m[HTTP][39m [90m[39m
[35m[HTTP][39m [37m-->[39m [37mPOST[39m [37m/wd/hub/session/7ddd9ae8-b461-49d5-907f-1ed718db1e70/element[39m
[35m[HTTP][39m [90m{"using":"xpath","value":"//android.widget.TextView[contains(@text,'åšè¯•å·')]"}[39m
[debug] [35m[W3C (7ddd9ae8)][39m Calling AppiumDriver.findElement() with args: ["xpath","//android.widget.TextView[contains(@text,'åšè¯•å·')]","7ddd9ae8-b461-49d5-907f-1ed718db1e70"]
[debug] [35m[BaseDriver][39m Valid locator strategies for this request: xpath, id, class name, accessibility id, -android uiautomator
[debug] [35m[BaseDriver][39m Waiting up to 0 ms for condition
[debug] [35m[WD Proxy][39m Matched '/element' to command name 'findElement'
[debug] [35m[WD Proxy][39m Proxying [POST /element] to [POST http://localhost:8202/wd/hub/session/de9ee0b5-646f-482e-831a-15f73108b241/element] with body: {"strategy":"xpath","selector":"//android.widget.TextView[contains(@text,'åšè¯•å·')]","context":"","multiple":false}
[35m[WD Proxy][39m Got an unexpected response: {"sessionId":"de9ee0b5-646f-482e-831a-15f73108b241","status":7,"value":"An element could not be located on the page using the given search parameters."}
[debug] [35m[MJSONWP][39m Matched JSONWP error code 7 to NoSuchElementError
[debug] [35m[W3C (7ddd9ae8)][39m Encountered internal error running command: NoSuchElementError: An element could not be located on the page using the given search parameters.
[debug] [35m[W3C (7ddd9ae8)][39m     at AndroidUiautomator2Driver.findElOrEls (/Users/vanthink_test_ios/.nvm/v8.14.1/lib/node_modules/appium/node_modules/appium-android-driver/lib/commands/find.js:75:11)
[debug] [35m[W3C (7ddd9ae8)][39m     at <anonymous>
[35m[HTTP][39m [37m<-- POST /wd/hub/session/7ddd9ae8-b461-49d5-907f-1ed718db1e70/element [39m[33m404[39m [90m610 ms - 434[39m
[35m[HTTP][39m [90m[39m
[35m[HTTP][39m [37m-->[39m [37mPOST[39m [37m/wd/hub/session/7ddd9ae8-b461-49d5-907f-1ed718db1e70/element[39m
[35m[HTTP][39m [90m{"using":"xpath","value":"//android.widget.TextView[contains(@text,'åšè¯•å·')]"}[39m
[debug] [35m[W3C (7ddd9ae8)][39m Calling AppiumDriver.findElement() with args: ["xpath","//android.widget.TextView[contains(@text,'åšè¯•å·')]","7ddd9ae8-b461-49d5-907f-1ed718db1e70"]
[debug] [35m[BaseDriver][39m Valid locator strategies for this request: xpath, id, class name, accessibility id, -android uiautomator
[debug] [35m[BaseDriver][39m Waiting up to 0 ms for condition
[debug] [35m[WD Proxy][39m Matched '/element' to command name 'findElement'
[debug] [35m[WD Proxy][39m Proxying [POST /element] to [POST http://localhost:8202/wd/hub/session/de9ee0b5-646f-482e-831a-15f73108b241/element] with body: {"strategy":"xpath","selector":"//android.widget.TextView[contains(@text,'åšè¯•å·')]","context":"","multiple":false}
[35m[WD Proxy][39m Got an unexpected response: {"sessionId":"de9ee0b5-646f-482e-831a-15f73108b241","status":7,"value":"An element could not be located on the page using the given search parameters."}
[debug] [35m[MJSONWP][39m Matched JSONWP error code 7 to NoSuchElementError
[debug] [35m[W3C (7ddd9ae8)][39m Encountered internal error running command: NoSuchElementError: An element could not be located on the page using the given search parameters.
[debug] [35m[W3C (7ddd9ae8)][39m     at AndroidUiautomator2Driver.findElOrEls (/Users/vanthink_test_ios/.nvm/v8.14.1/lib/node_modules/appium/node_modules/appium-android-driver/lib/commands/find.js:75:11)
[debug] [35m[W3C (7ddd9ae8)][39m     at <anonymous>
[35m[HTTP][39m [37m<-- POST /wd/hub/session/7ddd9ae8-b461-49d5-907f-1ed718db1e70/element [39m[33m404[39m [90m254 ms - 434[39m
[35m[HTTP][39m [90m[39m
[35m[HTTP][39m [37m-->[39m [37mGET[39m [37m/wd/hub/status[39m
[35m[HTTP][39m [90m{}[39m
[debug] [35m[GENERIC][39m Calling AppiumDriver.getStatus() with args: []
[debug] [35m[GENERIC][39m Responding to client with driver.getStatus() result: {"build":{"version":"1.13.0"}}
[35m[HTTP][39m [37m<-- GET /wd/hub/status [39m[32m200[39m [90m1 ms - 68[39m
[35m[HTTP][39m [90m[39m
[35m[HTTP][39m [37m-->[39m [37mPOST[39m [37m/wd/hub/session/7ddd9ae8-b461-49d5-907f-1ed718db1e70/element[39m
[35m[HTTP][39m [90m{"using":"xpath","value":"//android.widget.TextView[contains(@text,'åšè¯•å·')]"}[39m
[debug] [35m[W3C (7ddd9ae8)][39m Calling AppiumDriver.findElement() with args: ["xpath","//android.widget.TextView[contains(@text,'åšè¯•å·')]","7ddd9ae8-b461-49d5-907f-1ed718db1e70"]
[debug] [35m[BaseDriver][39m Valid locator strategies for this request: xpath, id, class name, accessibility id, -android uiautomator
[debug] [35m[BaseDriver][39m Waiting up to 0 ms for condition
[debug] [35m[WD Proxy][39m Matched '/element' to command name 'findElement'
[debug] [35m[WD Proxy][39m Proxying [POST /element] to [POST http://localhost:8202/wd/hub/session/de9ee0b5-646f-482e-831a-15f73108b241/element] with body: {"strategy":"xpath","selector":"//android.widget.TextView[contains(@text,'åšè¯•å·')]","context":"","multiple":false}
[35m[WD Proxy][39m Got an unexpected response: {"sessionId":"de9ee0b5-646f-482e-831a-15f73108b241","status":7,"value":"An element could not be located on the page using the given search parameters."}
[debug] [35m[MJSONWP][39m Matched JSONWP error code 7 to NoSuchElementError
[debug] [35m[W3C (7ddd9ae8)][39m Encountered internal error running command: NoSuchElementError: An element could not be located on the page using the given search parameters.
[debug] [35m[W3C (7ddd9ae8)][39m     at AndroidUiautomator2Driver.findElOrEls (/Users/vanthink_test_ios/.nvm/v8.14.1/lib/node_modules/appium/node_modules/appium-android-driver/lib/commands/find.js:75:11)
[debug] [35m[W3C (7ddd9ae8)][39m     at <anonymous>
[35m[HTTP][39m [37m<-- POST /wd/hub/session/7ddd9ae8-b461-49d5-907f-1ed718db1e70/element [39m[33m404[39m [90m620 ms - 434[39m
[35m[HTTP][39m [90m[39m
[35m[HTTP][39m [37m-->[39m [37mPOST[39m [37m/wd/hub/session/7ddd9ae8-b461-49d5-907f-1ed718db1e70/element[39m
[35m[HTTP][39m [90m{"using":"xpath","value":"//android.widget.TextView[contains(@text,'åšè¯•å·')]"}[39m
[debug] [35m[W3C (7ddd9ae8)][39m Calling AppiumDriver.findElement() with args: ["xpath","//android.widget.TextView[contains(@text,'åšè¯•å·')]","7ddd9ae8-b461-49d5-907f-1ed718db1e70"]
[debug] [35m[BaseDriver][39m Valid locator strategies for this request: xpath, id, class name, accessibility id, -android uiautomator
[debug] [35m[BaseDriver][39m Waiting up to 0 ms for condition
[debug] [35m[WD Proxy][39m Matched '/element' to command name 'findElement'
[debug] [35m[WD Proxy][39m Proxying [POST /element] to [POST http://localhost:8202/wd/hub/session/de9ee0b5-646f-482e-831a-15f73108b241/element] with body: {"strategy":"xpath","selector":"//android.widget.TextView[contains(@text,'åšè¯•å·')]","context":"","multiple":false}
[35m[WD Proxy][39m Got an unexpected response: {"sessionId":"de9ee0b5-646f-482e-831a-15f73108b241","status":7,"value":"An element could not be located on the page using the given search parameters."}
[debug] [35m[MJSONWP][39m Matched JSONWP error code 7 to NoSuchElementError
[debug] [35m[W3C (7ddd9ae8)][39m Encountered internal error running command: NoSuchElementError: An element could not be located on the page using the given search parameters.
[debug] [35m[W3C (7ddd9ae8)][39m     at AndroidUiautomator2Driver.findElOrEls (/Users/vanthink_test_ios/.nvm/v8.14.1/lib/node_modules/appium/node_modules/appium-android-driver/lib/commands/find.js:75:11)
[debug] [35m[W3C (7ddd9ae8)][39m     at <anonymous>
[35m[HTTP][39m [37m<-- POST /wd/hub/session/7ddd9ae8-b461-49d5-907f-1ed718db1e70/element [39m[33m404[39m [90m1253 ms - 434[39m
[35m[HTTP][39m [90m[39m
[35m[HTTP][39m [37m-->[39m [37mPOST[39m [37m/wd/hub/session/7ddd9ae8-b461-49d5-907f-1ed718db1e70/element[39m
[35m[HTTP][39m [90m{"using":"xpath","value":"//android.widget.TextView[contains(@text,'åšè¯•å·')]"}[39m
[debug] [35m[W3C (7ddd9ae8)][39m Calling AppiumDriver.findElement() with args: ["xpath","//android.widget.TextView[contains(@text,'åšè¯•å·')]","7ddd9ae8-b461-49d5-907f-1ed718db1e70"]
[debug] [35m[BaseDriver][39m Valid locator strategies for this request: xpath, id, class name, accessibility id, -android uiautomator
[debug] [35m[BaseDriver][39m Waiting up to 0 ms for condition
[debug] [35m[WD Proxy][39m Matched '/element' to command name 'findElement'
[debug] [35m[WD Proxy][39m Proxying [POST /element] to [POST http://localhost:8202/wd/hub/session/de9ee0b5-646f-482e-831a-15f73108b241/element] with body: {"strategy":"xpath","selector":"//android.widget.TextView[contains(@text,'åšè¯•å·')]","context":"","multiple":false}
[35m[WD Proxy][39m Got an unexpected response: {"sessionId":"de9ee0b5-646f-482e-831a-15f73108b241","status":7,"value":"An element could not be located on the page using the given search parameters."}
[debug] [35m[MJSONWP][39m Matched JSONWP error code 7 to NoSuchElementError
[debug] [35m[W3C (7ddd9ae8)][39m Encountered internal error running command: NoSuchElementError: An element could not be located on the page using the given search parameters.
[debug] [35m[W3C (7ddd9ae8)][39m     at AndroidUiautomator2Driver.findElOrEls (/Users/vanthink_test_ios/.nvm/v8.14.1/lib/node_modules/appium/node_modules/appium-android-driver/lib/commands/find.js:75:11)
[debug] [35m[W3C (7ddd9ae8)][39m     at <anonymous>
[35m[HTTP][39m [37m<-- POST /wd/hub/session/7ddd9ae8-b461-49d5-907f-1ed718db1e70/element [39m[33m404[39m [90m1182 ms - 434[39m
[35m[HTTP][39m [90m[39m
[35m[HTTP][39m [37m-->[39m [37mPOST[39m [37m/wd/hub/session/7ddd9ae8-b461-49d5-907f-1ed718db1e70/element[39m
[35m[HTTP][39m [90m{"using":"xpath","value":"//android.widget.TextView[contains(@text,'åšè¯•å·')]"}[39m
[debug] [35m[W3C (7ddd9ae8)][39m Calling AppiumDriver.findElement() with args: ["xpath","//android.widget.TextView[contains(@text,'åšè¯•å·')]","7ddd9ae8-b461-49d5-907f-1ed718db1e70"]
[debug] [35m[BaseDriver][39m Valid locator strategies for this request: xpath, id, class name, accessibility id, -android uiautomator
[debug] [35m[BaseDriver][39m Waiting up to 0 ms for condition
[debug] [35m[WD Proxy][39m Matched '/element' to command name 'findElement'
[debug] [35m[WD Proxy][39m Proxying [POST /element] to [POST http://localhost:8202/wd/hub/session/de9ee0b5-646f-482e-831a-15f73108b241/element] with body: {"strategy":"xpath","selector":"//android.widget.TextView[contains(@text,'åšè¯•å·')]","context":"","multiple":false}
[35m[HTTP][39m [37m-->[39m [37mGET[39m [37m/wd/hub/status[39m
[35m[HTTP][39m [90m{}[39m
[debug] [35m[GENERIC][39m Calling AppiumDriver.getStatus() with args: []
[debug] [35m[GENERIC][39m Responding to client with driver.getStatus() result: {"build":{"version":"1.13.0"}}
[35m[HTTP][39m [37m<-- GET /wd/hub/status [39m[32m200[39m [90m1 ms - 68[39m
[35m[HTTP][39m [90m[39m
[35m[WD Proxy][39m Got an unexpected response: {"sessionId":"de9ee0b5-646f-482e-831a-15f73108b241","status":7,"value":"An element could not be located on the page using the given search parameters."}
[debug] [35m[MJSONWP][39m Matched JSONWP error code 7 to NoSuchElementError
[debug] [35m[W3C (7ddd9ae8)][39m Encountered internal error running command: NoSuchElementError: An element could not be located on the page using the given search parameters.
[debug] [35m[W3C (7ddd9ae8)][39m     at AndroidUiautomator2Driver.findElOrEls (/Users/vanthink_test_ios/.nvm/v8.14.1/lib/node_modules/appium/node_modules/appium-android-driver/lib/commands/find.js:75:11)
[debug] [35m[W3C (7ddd9ae8)][39m     at <anonymous>
[35m[HTTP][39m [37m<-- POST /wd/hub/session/7ddd9ae8-b461-49d5-907f-1ed718db1e70/element [39m[33m404[39m [90m362 ms - 434[39m
[35m[HTTP][39m [90m[39m
[35m[HTTP][39m [37m-->[39m [37mPOST[39m [37m/wd/hub/session/7ddd9ae8-b461-49d5-907f-1ed718db1e70/element[39m
[35m[HTTP][39m [90m{"using":"xpath","value":"//android.widget.TextView[contains(@text,'åšè¯•å·')]"}[39m
[debug] [35m[W3C (7ddd9ae8)][39m Calling AppiumDriver.findElement() with args: ["xpath","//android.widget.TextView[contains(@text,'åšè¯•å·')]","7ddd9ae8-b461-49d5-907f-1ed718db1e70"]
[debug] [35m[BaseDriver][39m Valid locator strategies for this request: xpath, id, class name, accessibility id, -android uiautomator
[debug] [35m[BaseDriver][39m Waiting up to 0 ms for condition
[debug] [35m[WD Proxy][39m Matched '/element' to command name 'findElement'
[debug] [35m[WD Proxy][39m Proxying [POST /element] to [POST http://localhost:8202/wd/hub/session/de9ee0b5-646f-482e-831a-15f73108b241/element] with body: {"strategy":"xpath","selector":"//android.widget.TextView[contains(@text,'åšè¯•å·')]","context":"","multiple":false}
[35m[WD Proxy][39m Got an unexpected response: {"sessionId":"de9ee0b5-646f-482e-831a-15f73108b241","status":7,"value":"An element could not be located on the page using the given search parameters."}
[debug] [35m[MJSONWP][39m Matched JSONWP error code 7 to NoSuchElementError
[debug] [35m[W3C (7ddd9ae8)][39m Encountered internal error running command: NoSuchElementError: An element could not be located on the page using the given search parameters.
[debug] [35m[W3C (7ddd9ae8)][39m     at AndroidUiautomator2Driver.findElOrEls (/Users/vanthink_test_ios/.nvm/v8.14.1/lib/node_modules/appium/node_modules/appium-android-driver/lib/commands/find.js:75:11)
[debug] [35m[W3C (7ddd9ae8)][39m     at <anonymous>
[35m[HTTP][39m [37m<-- POST /wd/hub/session/7ddd9ae8-b461-49d5-907f-1ed718db1e70/element [39m[33m404[39m [90m333 ms - 434[39m
[35m[HTTP][39m [90m[39m
[35m[HTTP][39m [37m-->[39m [37mPOST[39m [37m/wd/hub/session/7ddd9ae8-b461-49d5-907f-1ed718db1e70/element[39m
[35m[HTTP][39m [90m{"using":"id","value":"com.vanthink.student.debug:id/tv_title"}[39m
[debug] [35m[W3C (7ddd9ae8)][39m Calling AppiumDriver.findElement() with args: ["id","com.vanthink.student.debug:id/tv_title","7ddd9ae8-b461-49d5-907f-1ed718db1e70"]
[debug] [35m[BaseDriver][39m Valid locator strategies for this request: xpath, id, class name, accessibility id, -android uiautomator
[debug] [35m[BaseDriver][39m Waiting up to 0 ms for condition
[debug] [35m[WD Proxy][39m Matched '/element' to command name 'findElement'
[debug] [35m[WD Proxy][39m Proxying [POST /element] to [POST http://localhost:8202/wd/hub/session/de9ee0b5-646f-482e-831a-15f73108b241/element] with body: {"strategy":"id","selector":"com.vanthink.student.debug:id/tv_title","context":"","multiple":false}
[35m[WD Proxy][39m Got an unexpected response: {"sessionId":"de9ee0b5-646f-482e-831a-15f73108b241","status":7,"value":"An element could not be located on the page using the given search parameters."}
[debug] [35m[MJSONWP][39m Matched JSONWP error code 7 to NoSuchElementError
[debug] [35m[W3C (7ddd9ae8)][39m Encountered internal error running command: NoSuchElementError: An element could not be located on the page using the given search parameters.
[debug] [35m[W3C (7ddd9ae8)][39m     at AndroidUiautomator2Driver.findElOrEls (/Users/vanthink_test_ios/.nvm/v8.14.1/lib/node_modules/appium/node_modules/appium-android-driver/lib/commands/find.js:75:11)
[debug] [35m[W3C (7ddd9ae8)][39m     at <anonymous>
[35m[HTTP][39m [37m<-- POST /wd/hub/session/7ddd9ae8-b461-49d5-907f-1ed718db1e70/element [39m[33m404[39m [90m229 ms - 434[39m
[35m[HTTP][39m [90m[39m
[35m[HTTP][39m [37m-->[39m [37mPOST[39m [37m/wd/hub/session/7ddd9ae8-b461-49d5-907f-1ed718db1e70/element[39m
[35m[HTTP][39m [90m{"using":"id","value":"com.vanthink.student.debug:id/tv_title"}[39m
[debug] [35m[W3C (7ddd9ae8)][39m Calling AppiumDriver.findElement() with args: ["id","com.vanthink.student.debug:id/tv_title","7ddd9ae8-b461-49d5-907f-1ed718db1e70"]
[debug] [35m[BaseDriver][39m Valid locator strategies for this request: xpath, id, class name, accessibility id, -android uiautomator
[debug] [35m[BaseDriver][39m Waiting up to 0 ms for condition
[debug] [35m[WD Proxy][39m Matched '/element' to command name 'findElement'
[debug] [35m[WD Proxy][39m Proxying [POST /element] to [POST http://localhost:8202/wd/hub/session/de9ee0b5-646f-482e-831a-15f73108b241/element] with body: {"strategy":"id","selector":"com.vanthink.student.debug:id/tv_title","context":"","multiple":false}
[35m[WD Proxy][39m Got an unexpected response: {"sessionId":"de9ee0b5-646f-482e-831a-15f73108b241","status":7,"value":"An element could not be located on the page using the given search parameters."}
[debug] [35m[MJSONWP][39m Matched JSONWP error code 7 to NoSuchElementError
[debug] [35m[W3C (7ddd9ae8)][39m Encountered internal error running command: NoSuchElementError: An element could not be located on the page using the given search parameters.
[debug] [35m[W3C (7ddd9ae8)][39m     at AndroidUiautomator2Driver.findElOrEls (/Users/vanthink_test_ios/.nvm/v8.14.1/lib/node_modules/appium/node_modules/appium-android-driver/lib/commands/find.js:75:11)
[debug] [35m[W3C (7ddd9ae8)][39m     at <anonymous>
[35m[HTTP][39m [37m<-- POST /wd/hub/session/7ddd9ae8-b461-49d5-907f-1ed718db1e70/element [39m[33m404[39m [90m151 ms - 434[39m
[35m[HTTP][39m [90m[39m
[35m[HTTP][39m [37m-->[39m [37mPOST[39m [37m/wd/hub/session/7ddd9ae8-b461-49d5-907f-1ed718db1e70/element[39m
[35m[HTTP][39m [90m{"using":"id","value":"com.vanthink.student.debug:id/tv_title"}[39m
[debug] [35m[W3C (7ddd9ae8)][39m Calling AppiumDriver.findElement() with args: ["id","com.vanthink.student.debug:id/tv_title","7ddd9ae8-b461-49d5-907f-1ed718db1e70"]
[debug] [35m[BaseDriver][39m Valid locator strategies for this request: xpath, id, class name, accessibility id, -android uiautomator
[debug] [35m[BaseDriver][39m Waiting up to 0 ms for condition
[debug] [35m[WD Proxy][39m Matched '/element' to command name 'findElement'
[debug] [35m[WD Proxy][39m Proxying [POST /element] to [POST http://localhost:8202/wd/hub/session/de9ee0b5-646f-482e-831a-15f73108b241/element] with body: {"strategy":"id","selector":"com.vanthink.student.debug:id/tv_title","context":"","multiple":false}
[35m[WD Proxy][39m Got an unexpected response: {"sessionId":"de9ee0b5-646f-482e-831a-15f73108b241","status":7,"value":"An element could not be located on the page using the given search parameters."}
[debug] [35m[MJSONWP][39m Matched JSONWP error code 7 to NoSuchElementError
[debug] [35m[W3C (7ddd9ae8)][39m Encountered internal error running command: NoSuchElementError: An element could not be located on the page using the given search parameters.
[debug] [35m[W3C (7ddd9ae8)][39m     at AndroidUiautomator2Driver.findElOrEls (/Users/vanthink_test_ios/.nvm/v8.14.1/lib/node_modules/appium/node_modules/appium-android-driver/lib/commands/find.js:75:11)
[debug] [35m[W3C (7ddd9ae8)][39m     at <anonymous>
[35m[HTTP][39m [37m<-- POST /wd/hub/session/7ddd9ae8-b461-49d5-907f-1ed718db1e70/element [39m[33m404[39m [90m165 ms - 434[39m
[35m[HTTP][39m [90m[39m
[35m[HTTP][39m [37m-->[39m [37mPOST[39m [37m/wd/hub/session/7ddd9ae8-b461-49d5-907f-1ed718db1e70/element[39m
[35m[HTTP][39m [90m{"using":"id","value":"com.vanthink.student.debug:id/tv_title"}[39m
[debug] [35m[W3C (7ddd9ae8)][39m Calling AppiumDriver.findElement() with args: ["id","com.vanthink.student.debug:id/tv_title","7ddd9ae8-b461-49d5-907f-1ed718db1e70"]
[debug] [35m[BaseDriver][39m Valid locator strategies for this request: xpath, id, class name, accessibility id, -android uiautomator
[debug] [35m[BaseDriver][39m Waiting up to 0 ms for condition
[debug] [35m[WD Proxy][39m Matched '/element' to command name 'findElement'
[debug] [35m[WD Proxy][39m Proxying [POST /element] to [POST http://localhost:8202/wd/hub/session/de9ee0b5-646f-482e-831a-15f73108b241/element] with body: {"strategy":"id","selector":"com.vanthink.student.debug:id/tv_title","context":"","multiple":false}
[35m[WD Proxy][39m Got an unexpected response: {"sessionId":"de9ee0b5-646f-482e-831a-15f73108b241","status":7,"value":"An element could not be located on the page using the given search parameters."}
[debug] [35m[MJSONWP][39m Matched JSONWP error code 7 to NoSuchElementError
[debug] [35m[W3C (7ddd9ae8)][39m Encountered internal error running command: NoSuchElementError: An element could not be located on the page using the given search parameters.
[debug] [35m[W3C (7ddd9ae8)][39m     at AndroidUiautomator2Driver.findElOrEls (/Users/vanthink_test_ios/.nvm/v8.14.1/lib/node_modules/appium/node_modules/appium-android-driver/lib/commands/find.js:75:11)
[debug] [35m[W3C (7ddd9ae8)][39m     at <anonymous>
[35m[HTTP][39m [37m<-- POST /wd/hub/session/7ddd9ae8-b461-49d5-907f-1ed718db1e70/element [39m[33m404[39m [90m143 ms - 434[39m
[35m[HTTP][39m [90m[39m
[35m[HTTP][39m [37m-->[39m [37mPOST[39m [37m/wd/hub/session/7ddd9ae8-b461-49d5-907f-1ed718db1e70/element[39m
[35m[HTTP][39m [90m{"using":"id","value":"com.vanthink.student.debug:id/tv_title"}[39m
[debug] [35m[W3C (7ddd9ae8)][39m Calling AppiumDriver.findElement() with args: ["id","com.vanthink.student.debug:id/tv_title","7ddd9ae8-b461-49d5-907f-1ed718db1e70"]
[debug] [35m[BaseDriver][39m Valid locator strategies for this request: xpath, id, class name, accessibility id, -android uiautomator
[debug] [35m[BaseDriver][39m Waiting up to 0 ms for condition
[debug] [35m[WD Proxy][39m Matched '/element' to command name 'findElement'
[debug] [35m[WD Proxy][39m Proxying [POST /element] to [POST http://localhost:8202/wd/hub/session/de9ee0b5-646f-482e-831a-15f73108b241/element] with body: {"strategy":"id","selector":"com.vanthink.student.debug:id/tv_title","context":"","multiple":false}
[35m[WD Proxy][39m Got an unexpected response: {"sessionId":"de9ee0b5-646f-482e-831a-15f73108b241","status":7,"value":"An element could not be located on the page using the given search parameters."}
[debug] [35m[MJSONWP][39m Matched JSONWP error code 7 to NoSuchElementError
[debug] [35m[W3C (7ddd9ae8)][39m Encountered internal error running command: NoSuchElementError: An element could not be located on the page using the given search parameters.
[debug] [35m[W3C (7ddd9ae8)][39m     at AndroidUiautomator2Driver.findElOrEls (/Users/vanthink_test_ios/.nvm/v8.14.1/lib/node_modules/appium/node_modules/appium-android-driver/lib/commands/find.js:75:11)
[debug] [35m[W3C (7ddd9ae8)][39m     at <anonymous>
[35m[HTTP][39m [37m<-- POST /wd/hub/session/7ddd9ae8-b461-49d5-907f-1ed718db1e70/element [39m[33m404[39m [90m520 ms - 434[39m
[35m[HTTP][39m [90m[39m
[35m[HTTP][39m [37m-->[39m [37mGET[39m [37m/wd/hub/status[39m
[35m[HTTP][39m [90m{}[39m
[debug] [35m[GENERIC][39m Calling AppiumDriver.getStatus() with args: []
[debug] [35m[GENERIC][39m Responding to client with driver.getStatus() result: {"build":{"version":"1.13.0"}}
[35m[HTTP][39m [37m<-- GET /wd/hub/status [39m[32m200[39m [90m1 ms - 68[39m
[35m[HTTP][39m [90m[39m
[35m[HTTP][39m [37m-->[39m [37mPOST[39m [37m/wd/hub/session/7ddd9ae8-b461-49d5-907f-1ed718db1e70/element[39m
[35m[HTTP][39m [90m{"using":"id","value":"com.vanthink.student.debug:id/tv_title"}[39m
[debug] [35m[W3C (7ddd9ae8)][39m Calling AppiumDriver.findElement() with args: ["id","com.vanthink.student.debug:id/tv_title","7ddd9ae8-b461-49d5-907f-1ed718db1e70"]
[debug] [35m[BaseDriver][39m Valid locator strategies for this request: xpath, id, class name, accessibility id, -android uiautomator
[debug] [35m[BaseDriver][39m Waiting up to 0 ms for condition
[debug] [35m[WD Proxy][39m Matched '/element' to command name 'findElement'
[debug] [35m[WD Proxy][39m Proxying [POST /element] to [POST http://localhost:8202/wd/hub/session/de9ee0b5-646f-482e-831a-15f73108b241/element] with body: {"strategy":"id","selector":"com.vanthink.student.debug:id/tv_title","context":"","multiple":false}
[35m[WD Proxy][39m Got an unexpected response: {"sessionId":"de9ee0b5-646f-482e-831a-15f73108b241","status":7,"value":"An element could not be located on the page using the given search parameters."}
[debug] [35m[MJSONWP][39m Matched JSONWP error code 7 to NoSuchElementError
[debug] [35m[W3C (7ddd9ae8)][39m Encountered internal error running command: NoSuchElementError: An element could not be located on the page using the given search parameters.
[debug] [35m[W3C (7ddd9ae8)][39m     at AndroidUiautomator2Driver.findElOrEls (/Users/vanthink_test_ios/.nvm/v8.14.1/lib/node_modules/appium/node_modules/appium-android-driver/lib/commands/find.js:75:11)
[debug] [35m[W3C (7ddd9ae8)][39m     at <anonymous>
[35m[HTTP][39m [37m<-- POST /wd/hub/session/7ddd9ae8-b461-49d5-907f-1ed718db1e70/element [39m[33m404[39m [90m150 ms - 434[39m
[35m[HTTP][39m [90m[39m
[35m[HTTP][39m [37m-->[39m [37mPOST[39m [37m/wd/hub/session/7ddd9ae8-b461-49d5-907f-1ed718db1e70/element[39m
[35m[HTTP][39m [90m{"using":"id","value":"com.vanthink.student.debug:id/tv_title"}[39m
[debug] [35m[W3C (7ddd9ae8)][39m Calling AppiumDriver.findElement() with args: ["id","com.vanthink.student.debug:id/tv_title","7ddd9ae8-b461-49d5-907f-1ed718db1e70"]
[debug] [35m[BaseDriver][39m Valid locator strategies for this request: xpath, id, class name, accessibility id, -android uiautomator
[debug] [35m[BaseDriver][39m Waiting up to 0 ms for condition
[debug] [35m[WD Proxy][39m Matched '/element' to command name 'findElement'
[debug] [35m[WD Proxy][39m Proxying [POST /element] to [POST http://localhost:8202/wd/hub/session/de9ee0b5-646f-482e-831a-15f73108b241/element] with body: {"strategy":"id","selector":"com.vanthink.student.debug:id/tv_title","context":"","multiple":false}
[35m[WD Proxy][39m Got an unexpected response: {"sessionId":"de9ee0b5-646f-482e-831a-15f73108b241","status":7,"value":"An element could not be located on the page using the given search parameters."}
[debug] [35m[MJSONWP][39m Matched JSONWP error code 7 to NoSuchElementError
[debug] [35m[W3C (7ddd9ae8)][39m Encountered internal error running command: NoSuchElementError: An element could not be located on the page using the given search parameters.
[debug] [35m[W3C (7ddd9ae8)][39m     at AndroidUiautomator2Driver.findElOrEls (/Users/vanthink_test_ios/.nvm/v8.14.1/lib/node_modules/appium/node_modules/appium-android-driver/lib/commands/find.js:75:11)
[debug] [35m[W3C (7ddd9ae8)][39m     at <anonymous>
[35m[HTTP][39m [37m<-- POST /wd/hub/session/7ddd9ae8-b461-49d5-907f-1ed718db1e70/element [39m[33m404[39m [90m133 ms - 434[39m
[35m[HTTP][39m [90m[39m
[35m[HTTP][39m [37m-->[39m [37mPOST[39m [37m/wd/hub/session/7ddd9ae8-b461-49d5-907f-1ed718db1e70/element[39m
[35m[HTTP][39m [90m{"using":"id","value":"com.vanthink.student.debug:id/tv_title"}[39m
[debug] [35m[W3C (7ddd9ae8)][39m Calling AppiumDriver.findElement() with args: ["id","com.vanthink.student.debug:id/tv_title","7ddd9ae8-b461-49d5-907f-1ed718db1e70"]
[debug] [35m[BaseDriver][39m Valid locator strategies for this request: xpath, id, class name, accessibility id, -android uiautomator
[debug] [35m[BaseDriver][39m Waiting up to 0 ms for condition
[debug] [35m[WD Proxy][39m Matched '/element' to command name 'findElement'
[debug] [35m[WD Proxy][39m Proxying [POST /element] to [POST http://localhost:8202/wd/hub/session/de9ee0b5-646f-482e-831a-15f73108b241/element] with body: {"strategy":"id","selector":"com.vanthink.student.debug:id/tv_title","context":"","multiple":false}
[35m[WD Proxy][39m Got an unexpected response: {"sessionId":"de9ee0b5-646f-482e-831a-15f73108b241","status":7,"value":"An element could not be located on the page using the given search parameters."}
[debug] [35m[MJSONWP][39m Matched JSONWP error code 7 to NoSuchElementError
[debug] [35m[W3C (7ddd9ae8)][39m Encountered internal error running command: NoSuchElementError: An element could not be located on the page using the given search parameters.
[debug] [35m[W3C (7ddd9ae8)][39m     at AndroidUiautomator2Driver.findElOrEls (/Users/vanthink_test_ios/.nvm/v8.14.1/lib/node_modules/appium/node_modules/appium-android-driver/lib/commands/find.js:75:11)
[debug] [35m[W3C (7ddd9ae8)][39m     at <anonymous>
[35m[HTTP][39m [37m<-- POST /wd/hub/session/7ddd9ae8-b461-49d5-907f-1ed718db1e70/element [39m[33m404[39m [90m98 ms - 434[39m
[35m[HTTP][39m [90m[39m
[35m[HTTP][39m [37m-->[39m [37mPOST[39m [37m/wd/hub/session/7ddd9ae8-b461-49d5-907f-1ed718db1e70/element[39m
[35m[HTTP][39m [90m{"using":"id","value":"com.vanthink.student.debug:id/tv_title"}[39m
[debug] [35m[W3C (7ddd9ae8)][39m Calling AppiumDriver.findElement() with args: ["id","com.vanthink.student.debug:id/tv_title","7ddd9ae8-b461-49d5-907f-1ed718db1e70"]
[debug] [35m[BaseDriver][39m Valid locator strategies for this request: xpath, id, class name, accessibility id, -android uiautomator
[debug] [35m[BaseDriver][39m Waiting up to 0 ms for condition
[debug] [35m[WD Proxy][39m Matched '/element' to command name 'findElement'
[debug] [35m[WD Proxy][39m Proxying [POST /element] to [POST http://localhost:8202/wd/hub/session/de9ee0b5-646f-482e-831a-15f73108b241/element] with body: {"strategy":"id","selector":"com.vanthink.student.debug:id/tv_title","context":"","multiple":false}
[35m[WD Proxy][39m Got an unexpected response: {"sessionId":"de9ee0b5-646f-482e-831a-15f73108b241","status":7,"value":"An element could not be located on the page using the given search parameters."}
[debug] [35m[MJSONWP][39m Matched JSONWP error code 7 to NoSuchElementError
[debug] [35m[W3C (7ddd9ae8)][39m Encountered internal error running command: NoSuchElementError: An element could not be located on the page using the given search parameters.
[debug] [35m[W3C (7ddd9ae8)][39m     at AndroidUiautomator2Driver.findElOrEls (/Users/vanthink_test_ios/.nvm/v8.14.1/lib/node_modules/appium/node_modules/appium-android-driver/lib/commands/find.js:75:11)
[debug] [35m[W3C (7ddd9ae8)][39m     at <anonymous>
[35m[HTTP][39m [37m<-- POST /wd/hub/session/7ddd9ae8-b461-49d5-907f-1ed718db1e70/element [39m[33m404[39m [90m597 ms - 434[39m
[35m[HTTP][39m [90m[39m
[35m[HTTP][39m [37m-->[39m [37mPOST[39m [37m/wd/hub/session/7ddd9ae8-b461-49d5-907f-1ed718db1e70/element[39m
[35m[HTTP][39m [90m{"using":"id","value":"com.vanthink.student.debug:id/tv_title"}[39m
[debug] [35m[W3C (7ddd9ae8)][39m Calling AppiumDriver.findElement() with args: ["id","com.vanthink.student.debug:id/tv_title","7ddd9ae8-b461-49d5-907f-1ed718db1e70"]
[debug] [35m[BaseDriver][39m Valid locator strategies for this request: xpath, id, class name, accessibility id, -android uiautomator
[debug] [35m[BaseDriver][39m Waiting up to 0 ms for condition
[debug] [35m[WD Proxy][39m Matched '/element' to command name 'findElement'
[debug] [35m[WD Proxy][39m Proxying [POST /element] to [POST http://localhost:8202/wd/hub/session/de9ee0b5-646f-482e-831a-15f73108b241/element] with body: {"strategy":"id","selector":"com.vanthink.student.debug:id/tv_title","context":"","multiple":false}
[35m[WD Proxy][39m Got an unexpected response: {"sessionId":"de9ee0b5-646f-482e-831a-15f73108b241","status":7,"value":"An element could not be located on the page using the given search parameters."}
[debug] [35m[MJSONWP][39m Matched JSONWP error code 7 to NoSuchElementError
[debug] [35m[W3C (7ddd9ae8)][39m Encountered internal error running command: NoSuchElementError: An element could not be located on the page using the given search parameters.
[debug] [35m[W3C (7ddd9ae8)][39m     at AndroidUiautomator2Driver.findElOrEls (/Users/vanthink_test_ios/.nvm/v8.14.1/lib/node_modules/appium/node_modules/appium-android-driver/lib/commands/find.js:75:11)
[debug] [35m[W3C (7ddd9ae8)][39m     at <anonymous>
[35m[HTTP][39m [37m<-- POST /wd/hub/session/7ddd9ae8-b461-49d5-907f-1ed718db1e70/element [39m[33m404[39m [90m128 ms - 434[39m
[35m[HTTP][39m [90m[39m
[35m[HTTP][39m [37m-->[39m [37mPOST[39m [37m/wd/hub/session/7ddd9ae8-b461-49d5-907f-1ed718db1e70/element[39m
[35m[HTTP][39m [90m{"using":"id","value":"com.vanthink.student.debug:id/tv_title"}[39m
[debug] [35m[W3C (7ddd9ae8)][39m Calling AppiumDriver.findElement() with args: ["id","com.vanthink.student.debug:id/tv_title","7ddd9ae8-b461-49d5-907f-1ed718db1e70"]
[debug] [35m[BaseDriver][39m Valid locator strategies for this request: xpath, id, class name, accessibility id, -android uiautomator
[debug] [35m[BaseDriver][39m Waiting up to 0 ms for condition
[debug] [35m[WD Proxy][39m Matched '/element' to command name 'findElement'
[debug] [35m[WD Proxy][39m Proxying [POST /element] to [POST http://localhost:8202/wd/hub/session/de9ee0b5-646f-482e-831a-15f73108b241/element] with body: {"strategy":"id","selector":"com.vanthink.student.debug:id/tv_title","context":"","multiple":false}
[35m[WD Proxy][39m Got an unexpected response: {"sessionId":"de9ee0b5-646f-482e-831a-15f73108b241","status":7,"value":"An element could not be located on the page using the given search parameters."}
[debug] [35m[MJSONWP][39m Matched JSONWP error code 7 to NoSuchElementError
[debug] [35m[W3C (7ddd9ae8)][39m Encountered internal error running command: NoSuchElementError: An element could not be located on the page using the given search parameters.
[debug] [35m[W3C (7ddd9ae8)][39m     at AndroidUiautomator2Driver.findElOrEls (/Users/vanthink_test_ios/.nvm/v8.14.1/lib/node_modules/appium/node_modules/appium-android-driver/lib/commands/find.js:75:11)
[debug] [35m[W3C (7ddd9ae8)][39m     at <anonymous>
[35m[HTTP][39m [37m<-- POST /wd/hub/session/7ddd9ae8-b461-49d5-907f-1ed718db1e70/element [39m[33m404[39m [90m123 ms - 434[39m
[35m[HTTP][39m [90m[39m
[35m[HTTP][39m [37m-->[39m [37mPOST[39m [37m/wd/hub/session/7ddd9ae8-b461-49d5-907f-1ed718db1e70/element[39m
[35m[HTTP][39m [90m{"using":"id","value":"com.vanthink.student.debug:id/tv_title"}[39m
[debug] [35m[W3C (7ddd9ae8)][39m Calling AppiumDriver.findElement() with args: ["id","com.vanthink.student.debug:id/tv_title","7ddd9ae8-b461-49d5-907f-1ed718db1e70"]
[debug] [35m[BaseDriver][39m Valid locator strategies for this request: xpath, id, class name, accessibility id, -android uiautomator
[debug] [35m[BaseDriver][39m Waiting up to 0 ms for condition
[debug] [35m[WD Proxy][39m Matched '/element' to command name 'findElement'
[debug] [35m[WD Proxy][39m Proxying [POST /element] to [POST http://localhost:8202/wd/hub/session/de9ee0b5-646f-482e-831a-15f73108b241/element] with body: {"strategy":"id","selector":"com.vanthink.student.debug:id/tv_title","context":"","multiple":false}
[35m[WD Proxy][39m Got an unexpected response: {"sessionId":"de9ee0b5-646f-482e-831a-15f73108b241","status":7,"value":"An element could not be located on the page using the given search parameters."}
[debug] [35m[MJSONWP][39m Matched JSONWP error code 7 to NoSuchElementError
[debug] [35m[W3C (7ddd9ae8)][39m Encountered internal error running command: NoSuchElementError: An element could not be located on the page using the given search parameters.
[debug] [35m[W3C (7ddd9ae8)][39m     at AndroidUiautomator2Driver.findElOrEls (/Users/vanthink_test_ios/.nvm/v8.14.1/lib/node_modules/appium/node_modules/appium-android-driver/lib/commands/find.js:75:11)
[debug] [35m[W3C (7ddd9ae8)][39m     at <anonymous>
[35m[HTTP][39m [37m<-- POST /wd/hub/session/7ddd9ae8-b461-49d5-907f-1ed718db1e70/element [39m[33m404[39m [90m140 ms - 434[39m
[35m[HTTP][39m [90m[39m
[35m[HTTP][39m [37m-->[39m [37mGET[39m [37m/wd/hub/status[39m
[35m[HTTP][39m [90m{}[39m
[debug] [35m[GENERIC][39m Calling AppiumDriver.getStatus() with args: []
[debug] [35m[GENERIC][39m Responding to client with driver.getStatus() result: {"build":{"version":"1.13.0"}}
[35m[HTTP][39m [37m<-- GET /wd/hub/status [39m[32m200[39m [90m1 ms - 68[39m
[35m[HTTP][39m [90m[39m
[35m[HTTP][39m [37m-->[39m [37mPOST[39m [37m/wd/hub/session/7ddd9ae8-b461-49d5-907f-1ed718db1e70/element[39m
[35m[HTTP][39m [90m{"using":"id","value":"com.vanthink.student.debug:id/tv_title"}[39m
[debug] [35m[W3C (7ddd9ae8)][39m Calling AppiumDriver.findElement() with args: ["id","com.vanthink.student.debug:id/tv_title","7ddd9ae8-b461-49d5-907f-1ed718db1e70"]
[debug] [35m[BaseDriver][39m Valid locator strategies for this request: xpath, id, class name, accessibility id, -android uiautomator
[debug] [35m[BaseDriver][39m Waiting up to 0 ms for condition
[debug] [35m[WD Proxy][39m Matched '/element' to command name 'findElement'
[debug] [35m[WD Proxy][39m Proxying [POST /element] to [POST http://localhost:8202/wd/hub/session/de9ee0b5-646f-482e-831a-15f73108b241/element] with body: {"strategy":"id","selector":"com.vanthink.student.debug:id/tv_title","context":"","multiple":false}
[35m[WD Proxy][39m Got an unexpected response: {"sessionId":"de9ee0b5-646f-482e-831a-15f73108b241","status":7,"value":"An element could not be located on the page using the given search parameters."}
[debug] [35m[MJSONWP][39m Matched JSONWP error code 7 to NoSuchElementError
[debug] [35m[W3C (7ddd9ae8)][39m Encountered internal error running command: NoSuchElementError: An element could not be located on the page using the given search parameters.
[debug] [35m[W3C (7ddd9ae8)][39m     at AndroidUiautomator2Driver.findElOrEls (/Users/vanthink_test_ios/.nvm/v8.14.1/lib/node_modules/appium/node_modules/appium-android-driver/lib/commands/find.js:75:11)
[debug] [35m[W3C (7ddd9ae8)][39m     at <anonymous>
[35m[HTTP][39m [37m<-- POST /wd/hub/session/7ddd9ae8-b461-49d5-907f-1ed718db1e70/element [39m[33m404[39m [90m643 ms - 434[39m
[35m[HTTP][39m [90m[39m
[35m[HTTP][39m [37m-->[39m [37mPOST[39m [37m/wd/hub/session/7ddd9ae8-b461-49d5-907f-1ed718db1e70/element[39m
[35m[HTTP][39m [90m{"using":"id","value":"com.vanthink.student.debug:id/tv_title"}[39m
[debug] [35m[W3C (7ddd9ae8)][39m Calling AppiumDriver.findElement() with args: ["id","com.vanthink.student.debug:id/tv_title","7ddd9ae8-b461-49d5-907f-1ed718db1e70"]
[debug] [35m[BaseDriver][39m Valid locator strategies for this request: xpath, id, class name, accessibility id, -android uiautomator
[debug] [35m[BaseDriver][39m Waiting up to 0 ms for condition
[debug] [35m[WD Proxy][39m Matched '/element' to command name 'findElement'
[debug] [35m[WD Proxy][39m Proxying [POST /element] to [POST http://localhost:8202/wd/hub/session/de9ee0b5-646f-482e-831a-15f73108b241/element] with body: {"strategy":"id","selector":"com.vanthink.student.debug:id/tv_title","context":"","multiple":false}
[35m[WD Proxy][39m Got an unexpected response: {"sessionId":"de9ee0b5-646f-482e-831a-15f73108b241","status":7,"value":"An element could not be located on the page using the given search parameters."}
[debug] [35m[MJSONWP][39m Matched JSONWP error code 7 to NoSuchElementError
[debug] [35m[W3C (7ddd9ae8)][39m Encountered internal error running command: NoSuchElementError: An element could not be located on the page using the given search parameters.
[debug] [35m[W3C (7ddd9ae8)][39m     at AndroidUiautomator2Driver.findElOrEls (/Users/vanthink_test_ios/.nvm/v8.14.1/lib/node_modules/appium/node_modules/appium-android-driver/lib/commands/find.js:75:11)
[debug] [35m[W3C (7ddd9ae8)][39m     at <anonymous>
[35m[HTTP][39m [37m<-- POST /wd/hub/session/7ddd9ae8-b461-49d5-907f-1ed718db1e70/element [39m[33m404[39m [90m144 ms - 434[39m
[35m[HTTP][39m [90m[39m
[35m[HTTP][39m [37m-->[39m [37mPOST[39m [37m/wd/hub/session/7ddd9ae8-b461-49d5-907f-1ed718db1e70/element[39m
[35m[HTTP][39m [90m{"using":"id","value":"com.vanthink.student.debug:id/tv_title"}[39m
[debug] [35m[W3C (7ddd9ae8)][39m Calling AppiumDriver.findElement() with args: ["id","com.vanthink.student.debug:id/tv_title","7ddd9ae8-b461-49d5-907f-1ed718db1e70"]
[debug] [35m[BaseDriver][39m Valid locator strategies for this request: xpath, id, class name, accessibility id, -android uiautomator
[debug] [35m[BaseDriver][39m Waiting up to 0 ms for condition
[debug] [35m[WD Proxy][39m Matched '/element' to command name 'findElement'
[debug] [35m[WD Proxy][39m Proxying [POST /element] to [POST http://localhost:8202/wd/hub/session/de9ee0b5-646f-482e-831a-15f73108b241/element] with body: {"strategy":"id","selector":"com.vanthink.student.debug:id/tv_title","context":"","multiple":false}
[35m[WD Proxy][39m Got an unexpected response: {"sessionId":"de9ee0b5-646f-482e-831a-15f73108b241","status":7,"value":"An element could not be located on the page using the given search parameters."}
[debug] [35m[MJSONWP][39m Matched JSONWP error code 7 to NoSuchElementError
[debug] [35m[W3C (7ddd9ae8)][39m Encountered internal error running command: NoSuchElementError: An element could not be located on the page using the given search parameters.
[debug] [35m[W3C (7ddd9ae8)][39m     at AndroidUiautomator2Driver.findElOrEls (/Users/vanthink_test_ios/.nvm/v8.14.1/lib/node_modules/appium/node_modules/appium-android-driver/lib/commands/find.js:75:11)
[debug] [35m[W3C (7ddd9ae8)][39m     at <anonymous>
[35m[HTTP][39m [37m<-- POST /wd/hub/session/7ddd9ae8-b461-49d5-907f-1ed718db1e70/element [39m[33m404[39m [90m137 ms - 434[39m
[35m[HTTP][39m [90m[39m
[35m[HTTP][39m [37m-->[39m [37mPOST[39m [37m/wd/hub/session/7ddd9ae8-b461-49d5-907f-1ed718db1e70/element[39m
[35m[HTTP][39m [90m{"using":"id","value":"com.vanthink.student.debug:id/tv_title"}[39m
[debug] [35m[W3C (7ddd9ae8)][39m Calling AppiumDriver.findElement() with args: ["id","com.vanthink.student.debug:id/tv_title","7ddd9ae8-b461-49d5-907f-1ed718db1e70"]
[debug] [35m[BaseDriver][39m Valid locator strategies for this request: xpath, id, class name, accessibility id, -android uiautomator
[debug] [35m[BaseDriver][39m Waiting up to 0 ms for condition
[debug] [35m[WD Proxy][39m Matched '/element' to command name 'findElement'
[debug] [35m[WD Proxy][39m Proxying [POST /element] to [POST http://localhost:8202/wd/hub/session/de9ee0b5-646f-482e-831a-15f73108b241/element] with body: {"strategy":"id","selector":"com.vanthink.student.debug:id/tv_title","context":"","multiple":false}
[35m[WD Proxy][39m Got an unexpected response: {"sessionId":"de9ee0b5-646f-482e-831a-15f73108b241","status":7,"value":"An element could not be located on the page using the given search parameters."}
[debug] [35m[MJSONWP][39m Matched JSONWP error code 7 to NoSuchElementError
[debug] [35m[W3C (7ddd9ae8)][39m Encountered internal error running command: NoSuchElementError: An element could not be located on the page using the given search parameters.
[debug] [35m[W3C (7ddd9ae8)][39m     at AndroidUiautomator2Driver.findElOrEls (/Users/vanthink_test_ios/.nvm/v8.14.1/lib/node_modules/appium/node_modules/appium-android-driver/lib/commands/find.js:75:11)
[debug] [35m[W3C (7ddd9ae8)][39m     at <anonymous>
[35m[HTTP][39m [37m<-- POST /wd/hub/session/7ddd9ae8-b461-49d5-907f-1ed718db1e70/element [39m[33m404[39m [90m109 ms - 434[39m
[35m[HTTP][39m [90m[39m
[35m[HTTP][39m [37m-->[39m [37mPOST[39m [37m/wd/hub/session/7ddd9ae8-b461-49d5-907f-1ed718db1e70/element[39m
[35m[HTTP][39m [90m{"using":"id","value":"com.vanthink.student.debug:id/tv_title"}[39m
[debug] [35m[W3C (7ddd9ae8)][39m Calling AppiumDriver.findElement() with args: ["id","com.vanthink.student.debug:id/tv_title","7ddd9ae8-b461-49d5-907f-1ed718db1e70"]
[debug] [35m[BaseDriver][39m Valid locator strategies for this request: xpath, id, class name, accessibility id, -android uiautomator
[debug] [35m[BaseDriver][39m Waiting up to 0 ms for condition
[debug] [35m[WD Proxy][39m Matched '/element' to command name 'findElement'
[debug] [35m[WD Proxy][39m Proxying [POST /element] to [POST http://localhost:8202/wd/hub/session/de9ee0b5-646f-482e-831a-15f73108b241/element] with body: {"strategy":"id","selector":"com.vanthink.student.debug:id/tv_title","context":"","multiple":false}
[35m[WD Proxy][39m Got an unexpected response: {"sessionId":"de9ee0b5-646f-482e-831a-15f73108b241","status":7,"value":"An element could not be located on the page using the given search parameters."}
[debug] [35m[MJSONWP][39m Matched JSONWP error code 7 to NoSuchElementError
[debug] [35m[W3C (7ddd9ae8)][39m Encountered internal error running command: NoSuchElementError: An element could not be located on the page using the given search parameters.
[debug] [35m[W3C (7ddd9ae8)][39m     at AndroidUiautomator2Driver.findElOrEls (/Users/vanthink_test_ios/.nvm/v8.14.1/lib/node_modules/appium/node_modules/appium-android-driver/lib/commands/find.js:75:11)
[debug] [35m[W3C (7ddd9ae8)][39m     at <anonymous>
[35m[HTTP][39m [37m<-- POST /wd/hub/session/7ddd9ae8-b461-49d5-907f-1ed718db1e70/element [39m[33m404[39m [90m543 ms - 434[39m
[35m[HTTP][39m [90m[39m
[35m[HTTP][39m [37m-->[39m [37mPOST[39m [37m/wd/hub/session/7ddd9ae8-b461-49d5-907f-1ed718db1e70/element[39m
[35m[HTTP][39m [90m{"using":"id","value":"com.vanthink.student.debug:id/tv_title"}[39m
[debug] [35m[W3C (7ddd9ae8)][39m Calling AppiumDriver.findElement() with args: ["id","com.vanthink.student.debug:id/tv_title","7ddd9ae8-b461-49d5-907f-1ed718db1e70"]
[debug] [35m[BaseDriver][39m Valid locator strategies for this request: xpath, id, class name, accessibility id, -android uiautomator
[debug] [35m[BaseDriver][39m Waiting up to 0 ms for condition
[debug] [35m[WD Proxy][39m Matched '/element' to command name 'findElement'
[debug] [35m[WD Proxy][39m Proxying [POST /element] to [POST http://localhost:8202/wd/hub/session/de9ee0b5-646f-482e-831a-15f73108b241/element] with body: {"strategy":"id","selector":"com.vanthink.student.debug:id/tv_title","context":"","multiple":false}
[35m[WD Proxy][39m Got an unexpected response: {"sessionId":"de9ee0b5-646f-482e-831a-15f73108b241","status":7,"value":"An element could not be located on the page using the given search parameters."}
[debug] [35m[MJSONWP][39m Matched JSONWP error code 7 to NoSuchElementError
[debug] [35m[W3C (7ddd9ae8)][39m Encountered internal error running command: NoSuchElementError: An element could not be located on the page using the given search parameters.
[debug] [35m[W3C (7ddd9ae8)][39m     at AndroidUiautomator2Driver.findElOrEls (/Users/vanthink_test_ios/.nvm/v8.14.1/lib/node_modules/appium/node_modules/appium-android-driver/lib/commands/find.js:75:11)
[debug] [35m[W3C (7ddd9ae8)][39m     at <anonymous>
[35m[HTTP][39m [37m<-- POST /wd/hub/session/7ddd9ae8-b461-49d5-907f-1ed718db1e70/element [39m[33m404[39m [90m142 ms - 434[39m
[35m[HTTP][39m [90m[39m
[35m[HTTP][39m [37m-->[39m [37mPOST[39m [37m/wd/hub/session/7ddd9ae8-b461-49d5-907f-1ed718db1e70/element[39m
[35m[HTTP][39m [90m{"using":"id","value":"com.vanthink.student.debug:id/tv_title"}[39m
[debug] [35m[W3C (7ddd9ae8)][39m Calling AppiumDriver.findElement() with args: ["id","com.vanthink.student.debug:id/tv_title","7ddd9ae8-b461-49d5-907f-1ed718db1e70"]
[debug] [35m[BaseDriver][39m Valid locator strategies for this request: xpath, id, class name, accessibility id, -android uiautomator
[debug] [35m[BaseDriver][39m Waiting up to 0 ms for condition
[debug] [35m[WD Proxy][39m Matched '/element' to command name 'findElement'
[debug] [35m[WD Proxy][39m Proxying [POST /element] to [POST http://localhost:8202/wd/hub/session/de9ee0b5-646f-482e-831a-15f73108b241/element] with body: {"strategy":"id","selector":"com.vanthink.student.debug:id/tv_title","context":"","multiple":false}
[35m[HTTP][39m [37m-->[39m [37mGET[39m [37m/wd/hub/status[39m
[35m[HTTP][39m [90m{}[39m
[debug] [35m[GENERIC][39m Calling AppiumDriver.getStatus() with args: []
[debug] [35m[GENERIC][39m Responding to client with driver.getStatus() result: {"build":{"version":"1.13.0"}}
[35m[HTTP][39m [37m<-- GET /wd/hub/status [39m[32m200[39m [90m1 ms - 68[39m
[35m[HTTP][39m [90m[39m
[35m[WD Proxy][39m Got an unexpected response: {"sessionId":"de9ee0b5-646f-482e-831a-15f73108b241","status":7,"value":"An element could not be located on the page using the given search parameters."}
[debug] [35m[MJSONWP][39m Matched JSONWP error code 7 to NoSuchElementError
[debug] [35m[W3C (7ddd9ae8)][39m Encountered internal error running command: NoSuchElementError: An element could not be located on the page using the given search parameters.
[debug] [35m[W3C (7ddd9ae8)][39m     at AndroidUiautomator2Driver.findElOrEls (/Users/vanthink_test_ios/.nvm/v8.14.1/lib/node_modules/appium/node_modules/appium-android-driver/lib/commands/find.js:75:11)
[debug] [35m[W3C (7ddd9ae8)][39m     at <anonymous>
[35m[HTTP][39m [37m<-- POST /wd/hub/session/7ddd9ae8-b461-49d5-907f-1ed718db1e70/element [39m[33m404[39m [90m127 ms - 434[39m
[35m[HTTP][39m [90m[39m
[35m[HTTP][39m [37m-->[39m [37mPOST[39m [37m/wd/hub/session/7ddd9ae8-b461-49d5-907f-1ed718db1e70/element[39m
[35m[HTTP][39m [90m{"using":"id","value":"com.vanthink.student.debug:id/tv_title"}[39m
[debug] [35m[W3C (7ddd9ae8)][39m Calling AppiumDriver.findElement() with args: ["id","com.vanthink.student.debug:id/tv_title","7ddd9ae8-b461-49d5-907f-1ed718db1e70"]
[debug] [35m[BaseDriver][39m Valid locator strategies for this request: xpath, id, class name, accessibility id, -android uiautomator
[debug] [35m[BaseDriver][39m Waiting up to 0 ms for condition
[debug] [35m[WD Proxy][39m Matched '/element' to command name 'findElement'
[debug] [35m[WD Proxy][39m Proxying [POST /element] to [POST http://localhost:8202/wd/hub/session/de9ee0b5-646f-482e-831a-15f73108b241/element] with body: {"strategy":"id","selector":"com.vanthink.student.debug:id/tv_title","context":"","multiple":false}
[35m[WD Proxy][39m Got an unexpected response: {"sessionId":"de9ee0b5-646f-482e-831a-15f73108b241","status":7,"value":"An element could not be located on the page using the given search parameters."}
[debug] [35m[MJSONWP][39m Matched JSONWP error code 7 to NoSuchElementError
[debug] [35m[W3C (7ddd9ae8)][39m Encountered internal error running command: NoSuchElementError: An element could not be located on the page using the given search parameters.
[debug] [35m[W3C (7ddd9ae8)][39m     at AndroidUiautomator2Driver.findElOrEls (/Users/vanthink_test_ios/.nvm/v8.14.1/lib/node_modules/appium/node_modules/appium-android-driver/lib/commands/find.js:75:11)
[debug] [35m[W3C (7ddd9ae8)][39m     at <anonymous>
[35m[HTTP][39m [37m<-- POST /wd/hub/session/7ddd9ae8-b461-49d5-907f-1ed718db1e70/element [39m[33m404[39m [90m100 ms - 434[39m
[35m[HTTP][39m [90m[39m
[35m[HTTP][39m [37m-->[39m [37mPOST[39m [37m/wd/hub/session/7ddd9ae8-b461-49d5-907f-1ed718db1e70/element[39m
[35m[HTTP][39m [90m{"using":"id","value":"com.vanthink.student.debug:id/tv_title"}[39m
[debug] [35m[W3C (7ddd9ae8)][39m Calling AppiumDriver.findElement() with args: ["id","com.vanthink.student.debug:id/tv_title","7ddd9ae8-b461-49d5-907f-1ed718db1e70"]
[debug] [35m[BaseDriver][39m Valid locator strategies for this request: xpath, id, class name, accessibility id, -android uiautomator
[debug] [35m[BaseDriver][39m Waiting up to 0 ms for condition
[debug] [35m[WD Proxy][39m Matched '/element' to command name 'findElement'
[debug] [35m[WD Proxy][39m Proxying [POST /element] to [POST http://localhost:8202/wd/hub/session/de9ee0b5-646f-482e-831a-15f73108b241/element] with body: {"strategy":"id","selector":"com.vanthink.student.debug:id/tv_title","context":"","multiple":false}
[35m[WD Proxy][39m Got an unexpected response: {"sessionId":"de9ee0b5-646f-482e-831a-15f73108b241","status":7,"value":"An element could not be located on the page using the given search parameters."}
[debug] [35m[MJSONWP][39m Matched JSONWP error code 7 to NoSuchElementError
[debug] [35m[W3C (7ddd9ae8)][39m Encountered internal error running command: NoSuchElementError: An element could not be located on the page using the given search parameters.
[debug] [35m[W3C (7ddd9ae8)][39m     at AndroidUiautomator2Driver.findElOrEls (/Users/vanthink_test_ios/.nvm/v8.14.1/lib/node_modules/appium/node_modules/appium-android-driver/lib/commands/find.js:75:11)
[debug] [35m[W3C (7ddd9ae8)][39m     at <anonymous>
[35m[HTTP][39m [37m<-- POST /wd/hub/session/7ddd9ae8-b461-49d5-907f-1ed718db1e70/element [39m[33m404[39m [90m578 ms - 434[39m
[35m[HTTP][39m [90m[39m
[35m[HTTP][39m [37m-->[39m [37mPOST[39m [37m/wd/hub/session/7ddd9ae8-b461-49d5-907f-1ed718db1e70/appium/app/close[39m
[35m[HTTP][39m [90m{}[39m
[debug] [35m[W3C (7ddd9ae8)][39m Calling AppiumDriver.closeApp() with args: ["7ddd9ae8-b461-49d5-907f-1ed718db1e70"]
[debug] [35m[ADB][39m Running '/Users/vanthink_test_ios/Desktop/intsall/adt-bundle-mac-x86_64-20140624/sdk/platform-tools/adb -P 5037 -s A6BERSWW99999999 shell am force-stop com.vanthink.student.debug'
[debug] [35m[W3C (7ddd9ae8)][39m Responding to client with driver.closeApp() result: null
[35m[HTTP][39m [37m<-- POST /wd/hub/session/7ddd9ae8-b461-49d5-907f-1ed718db1e70/appium/app/close [39m[32m200[39m [90m1289 ms - 14[39m
[35m[HTTP][39m [90m[39m
[35m[HTTP][39m [37m-->[39m [37mPOST[39m [37m/wd/hub/session/7ddd9ae8-b461-49d5-907f-1ed718db1e70/appium/app/launch[39m
[35m[HTTP][39m [90m{}[39m
[debug] [35m[W3C (7ddd9ae8)][39m Calling AppiumDriver.launchApp() with args: ["7ddd9ae8-b461-49d5-907f-1ed718db1e70"]
[debug] [35m[ADB][39m Checking app cert for /Users/vanthink_test_ios/Desktop/student_env_devMasterDebug_1.4.2-1.apk
[debug] [35m[ADB][39m Starting '/Users/vanthink_test_ios/Desktop/intsall/adt-bundle-mac-x86_64-20140624/sdk/build-tools/28.0.3/apksigner' with args '["verify","--print-certs","/Users/vanthink_test_ios/Desktop/student_env_devMasterDebug_1.4.2-1.apk"]'
[debug] [35m[ADB][39m apksigner stdout: Signer #1 certificate DN: EMAILADDRESS=android@android.com, CN=Android, OU=Android, O=Android, L=Mountain View, ST=California, C=US
[debug] [35m[ADB][39m Signer #1 certificate SHA-256 digest: a40da80a59d170caa950cf15c18c454d47a39b26989d8b640ecd745ba71bf5dc
[debug] [35m[ADB][39m Signer #1 certificate SHA-1 digest: 61ed377e85d386a8dfee6b864bd85b0bfaa5af81
[debug] [35m[ADB][39m Signer #1 certificate MD5 digest: e89b158e4bcf988ebd09eb83f5378e87
[debug] [35m[ADB][39m 
[debug] [35m[ADB][39m '/Users/vanthink_test_ios/Desktop/student_env_devMasterDebug_1.4.2-1.apk' is already signed.
[debug] [35m[ADB][39m Getting install status for com.vanthink.student.debug
[debug] [35m[ADB][39m Running '/Users/vanthink_test_ios/Desktop/intsall/adt-bundle-mac-x86_64-20140624/sdk/platform-tools/adb -P 5037 -s A6BERSWW99999999 shell dumpsys package com.vanthink.student.debug'
[debug] [35m[ADB][39m 'com.vanthink.student.debug' is installed
[debug] [35m[ADB][39m Getting package info for 'com.vanthink.student.debug'
[debug] [35m[ADB][39m Running '/Users/vanthink_test_ios/Desktop/intsall/adt-bundle-mac-x86_64-20140624/sdk/platform-tools/adb -P 5037 -s A6BERSWW99999999 shell dumpsys package com.vanthink.student.debug'
[debug] [35m[ADB][39m The version name of the installed 'com.vanthink.student.debug' is greater or equal to the application version name ('1.4.2' >= '1.4.2')
[debug] [35m[ADB][39m There is no need to install/upgrade '/Users/vanthink_test_ios/Desktop/student_env_devMasterDebug_1.4.2-1.apk'
[debug] [35m[ADB][39m Running '/Users/vanthink_test_ios/Desktop/intsall/adt-bundle-mac-x86_64-20140624/sdk/platform-tools/adb -P 5037 -s A6BERSWW99999999 shell am start -W -n com.vanthink.student.debug/com.vanthink.vanthinkstudent.ui.splash.SplashActivity -S -a android.intent.action.MAIN -c android.intent.category.LAUNCHER -f 0x10200000'
[35m[HTTP][39m [37m-->[39m [37mGET[39m [37m/wd/hub/status[39m
[35m[HTTP][39m [90m{}[39m
[debug] [35m[GENERIC][39m Calling AppiumDriver.getStatus() with args: []
[debug] [35m[GENERIC][39m Responding to client with driver.getStatus() result: {"build":{"version":"1.13.0"}}
[35m[HTTP][39m [37m<-- GET /wd/hub/status [39m[32m200[39m [90m1 ms - 68[39m
[35m[HTTP][39m [90m[39m
[debug] [35m[ADB][39m Waiting up to 20000ms for activity matching pkg: 'com.vanthink.student.debug' and activity: 'com.vanthink.vanthinkstudent.ui.splash.SplashActivity' to be focused
[debug] [35m[ADB][39m Possible activities, to be checked: 'com.vanthink.vanthinkstudent.ui.splash.SplashActivity', 'com.vanthink.student.debug.com.vanthink.vanthinkstudent.ui.splash.SplashActivity'
[debug] [35m[ADB][39m Getting focused package and activity
[debug] [35m[ADB][39m Running '/Users/vanthink_test_ios/Desktop/intsall/adt-bundle-mac-x86_64-20140624/sdk/platform-tools/adb -P 5037 -s A6BERSWW99999999 shell dumpsys window windows'
[debug] [35m[ADB][39m Found package: 'com.vanthink.student.debug' and fully qualified activity name : 'com.vanthink.vanthinkstudent.ui.splash.SplashActivity'
[debug] [35m[W3C (7ddd9ae8)][39m Responding to client with driver.launchApp() result: null
[35m[HTTP][39m [37m<-- POST /wd/hub/session/7ddd9ae8-b461-49d5-907f-1ed718db1e70/appium/app/launch [39m[32m200[39m [90m3277 ms - 14[39m
[35m[HTTP][39m [90m[39m
[35m[HTTP][39m [37m-->[39m [37mGET[39m [37m/wd/hub/status[39m
[35m[HTTP][39m [90m{}[39m
[debug] [35m[GENERIC][39m Calling AppiumDriver.getStatus() with args: []
[debug] [35m[GENERIC][39m Responding to client with driver.getStatus() result: {"build":{"version":"1.13.0"}}
[35m[HTTP][39m [37m<-- GET /wd/hub/status [39m[32m200[39m [90m1 ms - 68[39m
[35m[HTTP][39m [90m[39m
[35m[HTTP][39m [37m-->[39m [37mPOST[39m [37m/wd/hub/session/7ddd9ae8-b461-49d5-907f-1ed718db1e70/element[39m
[35m[HTTP][39m [90m{"using":"xpath","value":"//android.widget.TextView[contains(@text,'åšè¯•å·')]"}[39m
[debug] [35m[W3C (7ddd9ae8)][39m Calling AppiumDriver.findElement() with args: ["xpath","//android.widget.TextView[contains(@text,'åšè¯•å·')]","7ddd9ae8-b461-49d5-907f-1ed718db1e70"]
[debug] [35m[BaseDriver][39m Valid locator strategies for this request: xpath, id, class name, accessibility id, -android uiautomator
[debug] [35m[BaseDriver][39m Waiting up to 0 ms for condition
[debug] [35m[WD Proxy][39m Matched '/element' to command name 'findElement'
[debug] [35m[WD Proxy][39m Proxying [POST /element] to [POST http://localhost:8202/wd/hub/session/de9ee0b5-646f-482e-831a-15f73108b241/element] with body: {"strategy":"xpath","selector":"//android.widget.TextView[contains(@text,'åšè¯•å·')]","context":"","multiple":false}
[35m[WD Proxy][39m Got an unexpected response: {"sessionId":"de9ee0b5-646f-482e-831a-15f73108b241","status":7,"value":"An element could not be located on the page using the given search parameters."}
[debug] [35m[MJSONWP][39m Matched JSONWP error code 7 to NoSuchElementError
[debug] [35m[W3C (7ddd9ae8)][39m Encountered internal error running command: NoSuchElementError: An element could not be located on the page using the given search parameters.
[debug] [35m[W3C (7ddd9ae8)][39m     at AndroidUiautomator2Driver.findElOrEls (/Users/vanthink_test_ios/.nvm/v8.14.1/lib/node_modules/appium/node_modules/appium-android-driver/lib/commands/find.js:75:11)
[debug] [35m[W3C (7ddd9ae8)][39m     at <anonymous>
[35m[HTTP][39m [37m<-- POST /wd/hub/session/7ddd9ae8-b461-49d5-907f-1ed718db1e70/element [39m[33m404[39m [90m296 ms - 434[39m
[35m[HTTP][39m [90m[39m
[35m[HTTP][39m [37m-->[39m [37mPOST[39m [37m/wd/hub/session/7ddd9ae8-b461-49d5-907f-1ed718db1e70/element[39m
[35m[HTTP][39m [90m{"using":"xpath","value":"//android.widget.TextView[contains(@text,'åšè¯•å·')]"}[39m
[debug] [35m[W3C (7ddd9ae8)][39m Calling AppiumDriver.findElement() with args: ["xpath","//android.widget.TextView[contains(@text,'åšè¯•å·')]","7ddd9ae8-b461-49d5-907f-1ed718db1e70"]
[debug] [35m[BaseDriver][39m Valid locator strategies for this request: xpath, id, class name, accessibility id, -android uiautomator
[debug] [35m[BaseDriver][39m Waiting up to 0 ms for condition
[debug] [35m[WD Proxy][39m Matched '/element' to command name 'findElement'
[debug] [35m[WD Proxy][39m Proxying [POST /element] to [POST http://localhost:8202/wd/hub/session/de9ee0b5-646f-482e-831a-15f73108b241/element] with body: {"strategy":"xpath","selector":"//android.widget.TextView[contains(@text,'åšè¯•å·')]","context":"","multiple":false}
[35m[WD Proxy][39m Got an unexpected response: {"sessionId":"de9ee0b5-646f-482e-831a-15f73108b241","status":7,"value":"An element could not be located on the page using the given search parameters."}
[debug] [35m[MJSONWP][39m Matched JSONWP error code 7 to NoSuchElementError
[debug] [35m[W3C (7ddd9ae8)][39m Encountered internal error running command: NoSuchElementError: An element could not be located on the page using the given search parameters.
[debug] [35m[W3C (7ddd9ae8)][39m     at AndroidUiautomator2Driver.findElOrEls (/Users/vanthink_test_ios/.nvm/v8.14.1/lib/node_modules/appium/node_modules/appium-android-driver/lib/commands/find.js:75:11)
[debug] [35m[W3C (7ddd9ae8)][39m     at <anonymous>
[35m[HTTP][39m [37m<-- POST /wd/hub/session/7ddd9ae8-b461-49d5-907f-1ed718db1e70/element [39m[33m404[39m [90m387 ms - 434[39m
[35m[HTTP][39m [90m[39m
[35m[HTTP][39m [37m-->[39m [37mPOST[39m [37m/wd/hub/session/7ddd9ae8-b461-49d5-907f-1ed718db1e70/element[39m
[35m[HTTP][39m [90m{"using":"xpath","value":"//android.widget.TextView[contains(@text,'åšè¯•å·')]"}[39m
[debug] [35m[W3C (7ddd9ae8)][39m Calling AppiumDriver.findElement() with args: ["xpath","//android.widget.TextView[contains(@text,'åšè¯•å·')]","7ddd9ae8-b461-49d5-907f-1ed718db1e70"]
[debug] [35m[BaseDriver][39m Valid locator strategies for this request: xpath, id, class name, accessibility id, -android uiautomator
[debug] [35m[BaseDriver][39m Waiting up to 0 ms for condition
[debug] [35m[WD Proxy][39m Matched '/element' to command name 'findElement'
[debug] [35m[WD Proxy][39m Proxying [POST /element] to [POST http://localhost:8202/wd/hub/session/de9ee0b5-646f-482e-831a-15f73108b241/element] with body: {"strategy":"xpath","selector":"//android.widget.TextView[contains(@text,'åšè¯•å·')]","context":"","multiple":false}
[35m[WD Proxy][39m Got an unexpected response: {"sessionId":"de9ee0b5-646f-482e-831a-15f73108b241","status":7,"value":"An element could not be located on the page using the given search parameters."}
[debug] [35m[MJSONWP][39m Matched JSONWP error code 7 to NoSuchElementError
[debug] [35m[W3C (7ddd9ae8)][39m Encountered internal error running command: NoSuchElementError: An element could not be located on the page using the given search parameters.
[debug] [35m[W3C (7ddd9ae8)][39m     at AndroidUiautomator2Driver.findElOrEls (/Users/vanthink_test_ios/.nvm/v8.14.1/lib/node_modules/appium/node_modules/appium-android-driver/lib/commands/find.js:75:11)
[debug] [35m[W3C (7ddd9ae8)][39m     at <anonymous>
[35m[HTTP][39m [37m<-- POST /wd/hub/session/7ddd9ae8-b461-49d5-907f-1ed718db1e70/element [39m[33m404[39m [90m508 ms - 434[39m
[35m[HTTP][39m [90m[39m
[35m[HTTP][39m [37m-->[39m [37mPOST[39m [37m/wd/hub/session/7ddd9ae8-b461-49d5-907f-1ed718db1e70/element[39m
[35m[HTTP][39m [90m{"using":"xpath","value":"//android.widget.TextView[contains(@text,'åšè¯•å·')]"}[39m
[debug] [35m[W3C (7ddd9ae8)][39m Calling AppiumDriver.findElement() with args: ["xpath","//android.widget.TextView[contains(@text,'åšè¯•å·')]","7ddd9ae8-b461-49d5-907f-1ed718db1e70"]
[debug] [35m[BaseDriver][39m Valid locator strategies for this request: xpath, id, class name, accessibility id, -android uiautomator
[debug] [35m[BaseDriver][39m Waiting up to 0 ms for condition
[debug] [35m[WD Proxy][39m Matched '/element' to command name 'findElement'
[debug] [35m[WD Proxy][39m Proxying [POST /element] to [POST http://localhost:8202/wd/hub/session/de9ee0b5-646f-482e-831a-15f73108b241/element] with body: {"strategy":"xpath","selector":"//android.widget.TextView[contains(@text,'åšè¯•å·')]","context":"","multiple":false}
[35m[WD Proxy][39m Got an unexpected response: {"sessionId":"de9ee0b5-646f-482e-831a-15f73108b241","status":7,"value":"An element could not be located on the page using the given search parameters."}
[debug] [35m[MJSONWP][39m Matched JSONWP error code 7 to NoSuchElementError
[debug] [35m[W3C (7ddd9ae8)][39m Encountered internal error running command: NoSuchElementError: An element could not be located on the page using the given search parameters.
[debug] [35m[W3C (7ddd9ae8)][39m     at AndroidUiautomator2Driver.findElOrEls (/Users/vanthink_test_ios/.nvm/v8.14.1/lib/node_modules/appium/node_modules/appium-android-driver/lib/commands/find.js:75:11)
[debug] [35m[W3C (7ddd9ae8)][39m     at <anonymous>
[35m[HTTP][39m [37m<-- POST /wd/hub/session/7ddd9ae8-b461-49d5-907f-1ed718db1e70/element [39m[33m404[39m [90m387 ms - 434[39m
[35m[HTTP][39m [90m[39m
[35m[HTTP][39m [37m-->[39m [37mGET[39m [37m/wd/hub/status[39m
[35m[HTTP][39m [90m{}[39m
[debug] [35m[GENERIC][39m Calling AppiumDriver.getStatus() with args: []
[debug] [35m[GENERIC][39m Responding to client with driver.getStatus() result: {"build":{"version":"1.13.0"}}
[35m[HTTP][39m [37m<-- GET /wd/hub/status [39m[32m200[39m [90m1 ms - 68[39m
[35m[HTTP][39m [90m[39m
[35m[HTTP][39m [37m-->[39m [37mPOST[39m [37m/wd/hub/session/7ddd9ae8-b461-49d5-907f-1ed718db1e70/element[39m
[35m[HTTP][39m [90m{"using":"xpath","value":"//android.widget.TextView[contains(@text,'åšè¯•å·')]"}[39m
[debug] [35m[W3C (7ddd9ae8)][39m Calling AppiumDriver.findElement() with args: ["xpath","//android.widget.TextView[contains(@text,'åšè¯•å·')]","7ddd9ae8-b461-49d5-907f-1ed718db1e70"]
[debug] [35m[BaseDriver][39m Valid locator strategies for this request: xpath, id, class name, accessibility id, -android uiautomator
[debug] [35m[BaseDriver][39m Waiting up to 0 ms for condition
[debug] [35m[WD Proxy][39m Matched '/element' to command name 'findElement'
[debug] [35m[WD Proxy][39m Proxying [POST /element] to [POST http://localhost:8202/wd/hub/session/de9ee0b5-646f-482e-831a-15f73108b241/element] with body: {"strategy":"xpath","selector":"//android.widget.TextView[contains(@text,'åšè¯•å·')]","context":"","multiple":false}
[35m[WD Proxy][39m Got an unexpected response: {"sessionId":"de9ee0b5-646f-482e-831a-15f73108b241","status":7,"value":"An element could not be located on the page using the given search parameters."}
[debug] [35m[MJSONWP][39m Matched JSONWP error code 7 to NoSuchElementError
[debug] [35m[W3C (7ddd9ae8)][39m Encountered internal error running command: NoSuchElementError: An element could not be located on the page using the given search parameters.
[debug] [35m[W3C (7ddd9ae8)][39m     at AndroidUiautomator2Driver.findElOrEls (/Users/vanthink_test_ios/.nvm/v8.14.1/lib/node_modules/appium/node_modules/appium-android-driver/lib/commands/find.js:75:11)
[debug] [35m[W3C (7ddd9ae8)][39m     at <anonymous>
[35m[HTTP][39m [37m<-- POST /wd/hub/session/7ddd9ae8-b461-49d5-907f-1ed718db1e70/element [39m[33m404[39m [90m324 ms - 434[39m
[35m[HTTP][39m [90m[39m
[35m[HTTP][39m [37m-->[39m [37mPOST[39m [37m/wd/hub/session/7ddd9ae8-b461-49d5-907f-1ed718db1e70/element[39m
[35m[HTTP][39m [90m{"using":"xpath","value":"//android.widget.TextView[contains(@text,'åšè¯•å·')]"}[39m
[debug] [35m[W3C (7ddd9ae8)][39m Calling AppiumDriver.findElement() with args: ["xpath","//android.widget.TextView[contains(@text,'åšè¯•å·')]","7ddd9ae8-b461-49d5-907f-1ed718db1e70"]
[debug] [35m[BaseDriver][39m Valid locator strategies for this request: xpath, id, class name, accessibility id, -android uiautomator
[debug] [35m[BaseDriver][39m Waiting up to 0 ms for condition
[debug] [35m[WD Proxy][39m Matched '/element' to command name 'findElement'
[debug] [35m[WD Proxy][39m Proxying [POST /element] to [POST http://localhost:8202/wd/hub/session/de9ee0b5-646f-482e-831a-15f73108b241/element] with body: {"strategy":"xpath","selector":"//android.widget.TextView[contains(@text,'åšè¯•å·')]","context":"","multiple":false}
[35m[WD Proxy][39m Got an unexpected response: {"sessionId":"de9ee0b5-646f-482e-831a-15f73108b241","status":7,"value":"An element could not be located on the page using the given search parameters."}
[debug] [35m[MJSONWP][39m Matched JSONWP error code 7 to NoSuchElementError
[debug] [35m[W3C (7ddd9ae8)][39m Encountered internal error running command: NoSuchElementError: An element could not be located on the page using the given search parameters.
[debug] [35m[W3C (7ddd9ae8)][39m     at AndroidUiautomator2Driver.findElOrEls (/Users/vanthink_test_ios/.nvm/v8.14.1/lib/node_modules/appium/node_modules/appium-android-driver/lib/commands/find.js:75:11)
[debug] [35m[W3C (7ddd9ae8)][39m     at <anonymous>
[35m[HTTP][39m [37m<-- POST /wd/hub/session/7ddd9ae8-b461-49d5-907f-1ed718db1e70/element [39m[33m404[39m [90m640 ms - 434[39m
[35m[HTTP][39m [90m[39m
[35m[HTTP][39m [37m-->[39m [37mPOST[39m [37m/wd/hub/session/7ddd9ae8-b461-49d5-907f-1ed718db1e70/element[39m
[35m[HTTP][39m [90m{"using":"xpath","value":"//android.widget.TextView[contains(@text,'åšè¯•å·')]"}[39m
[debug] [35m[W3C (7ddd9ae8)][39m Calling AppiumDriver.findElement() with args: ["xpath","//android.widget.TextView[contains(@text,'åšè¯•å·')]","7ddd9ae8-b461-49d5-907f-1ed718db1e70"]
[debug] [35m[BaseDriver][39m Valid locator strategies for this request: xpath, id, class name, accessibility id, -android uiautomator
[debug] [35m[BaseDriver][39m Waiting up to 0 ms for condition
[debug] [35m[WD Proxy][39m Matched '/element' to command name 'findElement'
[debug] [35m[WD Proxy][39m Proxying [POST /element] to [POST http://localhost:8202/wd/hub/session/de9ee0b5-646f-482e-831a-15f73108b241/element] with body: {"strategy":"xpath","selector":"//android.widget.TextView[contains(@text,'åšè¯•å·')]","context":"","multiple":false}
[35m[WD Proxy][39m Got an unexpected response: {"sessionId":"de9ee0b5-646f-482e-831a-15f73108b241","status":7,"value":"An element could not be located on the page using the given search parameters."}
[debug] [35m[MJSONWP][39m Matched JSONWP error code 7 to NoSuchElementError
[debug] [35m[W3C (7ddd9ae8)][39m Encountered internal error running command: NoSuchElementError: An element could not be located on the page using the given search parameters.
[debug] [35m[W3C (7ddd9ae8)][39m     at AndroidUiautomator2Driver.findElOrEls (/Users/vanthink_test_ios/.nvm/v8.14.1/lib/node_modules/appium/node_modules/appium-android-driver/lib/commands/find.js:75:11)
[debug] [35m[W3C (7ddd9ae8)][39m     at <anonymous>
[35m[HTTP][39m [37m<-- POST /wd/hub/session/7ddd9ae8-b461-49d5-907f-1ed718db1e70/element [39m[33m404[39m [90m421 ms - 434[39m
[35m[HTTP][39m [90m[39m
[35m[HTTP][39m [37m-->[39m [37mPOST[39m [37m/wd/hub/session/7ddd9ae8-b461-49d5-907f-1ed718db1e70/element[39m
[35m[HTTP][39m [90m{"using":"xpath","value":"//android.widget.TextView[contains(@text,'åšè¯•å·')]"}[39m
[debug] [35m[W3C (7ddd9ae8)][39m Calling AppiumDriver.findElement() with args: ["xpath","//android.widget.TextView[contains(@text,'åšè¯•å·')]","7ddd9ae8-b461-49d5-907f-1ed718db1e70"]
[debug] [35m[BaseDriver][39m Valid locator strategies for this request: xpath, id, class name, accessibility id, -android uiautomator
[debug] [35m[BaseDriver][39m Waiting up to 0 ms for condition
[debug] [35m[WD Proxy][39m Matched '/element' to command name 'findElement'
[debug] [35m[WD Proxy][39m Proxying [POST /element] to [POST http://localhost:8202/wd/hub/session/de9ee0b5-646f-482e-831a-15f73108b241/element] with body: {"strategy":"xpath","selector":"//android.widget.TextView[contains(@text,'åšè¯•å·')]","context":"","multiple":false}
[35m[WD Proxy][39m Got an unexpected response: {"sessionId":"de9ee0b5-646f-482e-831a-15f73108b241","status":7,"value":"An element could not be located on the page using the given search parameters."}
[debug] [35m[MJSONWP][39m Matched JSONWP error code 7 to NoSuchElementError
[debug] [35m[W3C (7ddd9ae8)][39m Encountered internal error running command: NoSuchElementError: An element could not be located on the page using the given search parameters.
[debug] [35m[W3C (7ddd9ae8)][39m     at AndroidUiautomator2Driver.findElOrEls (/Users/vanthink_test_ios/.nvm/v8.14.1/lib/node_modules/appium/node_modules/appium-android-driver/lib/commands/find.js:75:11)
[debug] [35m[W3C (7ddd9ae8)][39m     at <anonymous>
[35m[HTTP][39m [37m<-- POST /wd/hub/session/7ddd9ae8-b461-49d5-907f-1ed718db1e70/element [39m[33m404[39m [90m391 ms - 434[39m
[35m[HTTP][39m [90m[39m
[35m[HTTP][39m [37m-->[39m [37mPOST[39m [37m/wd/hub/session/7ddd9ae8-b461-49d5-907f-1ed718db1e70/element[39m
[35m[HTTP][39m [90m{"using":"xpath","value":"//android.widget.TextView[contains(@text,'åšè¯•å·')]"}[39m
[debug] [35m[W3C (7ddd9ae8)][39m Calling AppiumDriver.findElement() with args: ["xpath","//android.widget.TextView[contains(@text,'åšè¯•å·')]","7ddd9ae8-b461-49d5-907f-1ed718db1e70"]
[debug] [35m[BaseDriver][39m Valid locator strategies for this request: xpath, id, class name, accessibility id, -android uiautomator
[debug] [35m[BaseDriver][39m Waiting up to 0 ms for condition
[debug] [35m[WD Proxy][39m Matched '/element' to command name 'findElement'
[debug] [35m[WD Proxy][39m Proxying [POST /element] to [POST http://localhost:8202/wd/hub/session/de9ee0b5-646f-482e-831a-15f73108b241/element] with body: {"strategy":"xpath","selector":"//android.widget.TextView[contains(@text,'åšè¯•å·')]","context":"","multiple":false}
[35m[HTTP][39m [37m-->[39m [37mGET[39m [37m/wd/hub/status[39m
[35m[HTTP][39m [90m{}[39m
[debug] [35m[GENERIC][39m Calling AppiumDriver.getStatus() with args: []
[debug] [35m[GENERIC][39m Responding to client with driver.getStatus() result: {"build":{"version":"1.13.0"}}
[35m[HTTP][39m [37m<-- GET /wd/hub/status [39m[32m200[39m [90m1 ms - 68[39m
[35m[HTTP][39m [90m[39m
[35m[WD Proxy][39m Got an unexpected response: {"sessionId":"de9ee0b5-646f-482e-831a-15f73108b241","status":7,"value":"An element could not be located on the page using the given search parameters."}
[debug] [35m[MJSONWP][39m Matched JSONWP error code 7 to NoSuchElementError
[debug] [35m[W3C (7ddd9ae8)][39m Encountered internal error running command: NoSuchElementError: An element could not be located on the page using the given search parameters.
[debug] [35m[W3C (7ddd9ae8)][39m     at AndroidUiautomator2Driver.findElOrEls (/Users/vanthink_test_ios/.nvm/v8.14.1/lib/node_modules/appium/node_modules/appium-android-driver/lib/commands/find.js:75:11)
[debug] [35m[W3C (7ddd9ae8)][39m     at <anonymous>
[35m[HTTP][39m [37m<-- POST /wd/hub/session/7ddd9ae8-b461-49d5-907f-1ed718db1e70/element [39m[33m404[39m [90m769 ms - 434[39m
[35m[HTTP][39m [90m[39m
[35m[HTTP][39m [37m-->[39m [37mPOST[39m [37m/wd/hub/session/7ddd9ae8-b461-49d5-907f-1ed718db1e70/element[39m
[35m[HTTP][39m [90m{"using":"xpath","value":"//android.widget.TextView[contains(@text,'åšè¯•å·')]"}[39m
[debug] [35m[W3C (7ddd9ae8)][39m Calling AppiumDriver.findElement() with args: ["xpath","//android.widget.TextView[contains(@text,'åšè¯•å·')]","7ddd9ae8-b461-49d5-907f-1ed718db1e70"]
[debug] [35m[BaseDriver][39m Valid locator strategies for this request: xpath, id, class name, accessibility id, -android uiautomator
[debug] [35m[BaseDriver][39m Waiting up to 0 ms for condition
[debug] [35m[WD Proxy][39m Matched '/element' to command name 'findElement'
[debug] [35m[WD Proxy][39m Proxying [POST /element] to [POST http://localhost:8202/wd/hub/session/de9ee0b5-646f-482e-831a-15f73108b241/element] with body: {"strategy":"xpath","selector":"//android.widget.TextView[contains(@text,'åšè¯•å·')]","context":"","multiple":false}
[35m[WD Proxy][39m Got an unexpected response: {"sessionId":"de9ee0b5-646f-482e-831a-15f73108b241","status":7,"value":"An element could not be located on the page using the given search parameters."}
[debug] [35m[MJSONWP][39m Matched JSONWP error code 7 to NoSuchElementError
[debug] [35m[W3C (7ddd9ae8)][39m Encountered internal error running command: NoSuchElementError: An element could not be located on the page using the given search parameters.
[debug] [35m[W3C (7ddd9ae8)][39m     at AndroidUiautomator2Driver.findElOrEls (/Users/vanthink_test_ios/.nvm/v8.14.1/lib/node_modules/appium/node_modules/appium-android-driver/lib/commands/find.js:75:11)
[debug] [35m[W3C (7ddd9ae8)][39m     at <anonymous>
[35m[HTTP][39m [37m<-- POST /wd/hub/session/7ddd9ae8-b461-49d5-907f-1ed718db1e70/element [39m[33m404[39m [90m366 ms - 434[39m
[35m[HTTP][39m [90m[39m
[35m[HTTP][39m [37m-->[39m [37mPOST[39m [37m/wd/hub/session/7ddd9ae8-b461-49d5-907f-1ed718db1e70/element[39m
[35m[HTTP][39m [90m{"using":"xpath","value":"//android.widget.TextView[contains(@text,'åšè¯•å·')]"}[39m
[debug] [35m[W3C (7ddd9ae8)][39m Calling AppiumDriver.findElement() with args: ["xpath","//android.widget.TextView[contains(@text,'åšè¯•å·')]","7ddd9ae8-b461-49d5-907f-1ed718db1e70"]
[debug] [35m[BaseDriver][39m Valid locator strategies for this request: xpath, id, class name, accessibility id, -android uiautomator
[debug] [35m[BaseDriver][39m Waiting up to 0 ms for condition
[debug] [35m[WD Proxy][39m Matched '/element' to command name 'findElement'
[debug] [35m[WD Proxy][39m Proxying [POST /element] to [POST http://localhost:8202/wd/hub/session/de9ee0b5-646f-482e-831a-15f73108b241/element] with body: {"strategy":"xpath","selector":"//android.widget.TextView[contains(@text,'åšè¯•å·')]","context":"","multiple":false}
[35m[WD Proxy][39m Got an unexpected response: {"sessionId":"de9ee0b5-646f-482e-831a-15f73108b241","status":7,"value":"An element could not be located on the page using the given search parameters."}
[debug] [35m[MJSONWP][39m Matched JSONWP error code 7 to NoSuchElementError
[debug] [35m[W3C (7ddd9ae8)][39m Encountered internal error running command: NoSuchElementError: An element could not be located on the page using the given search parameters.
[debug] [35m[W3C (7ddd9ae8)][39m     at AndroidUiautomator2Driver.findElOrEls (/Users/vanthink_test_ios/.nvm/v8.14.1/lib/node_modules/appium/node_modules/appium-android-driver/lib/commands/find.js:75:11)
[debug] [35m[W3C (7ddd9ae8)][39m     at <anonymous>
[35m[HTTP][39m [37m<-- POST /wd/hub/session/7ddd9ae8-b461-49d5-907f-1ed718db1e70/element [39m[33m404[39m [90m854 ms - 434[39m
[35m[HTTP][39m [90m[39m
[35m[HTTP][39m [37m-->[39m [37mPOST[39m [37m/wd/hub/session/7ddd9ae8-b461-49d5-907f-1ed718db1e70/element[39m
[35m[HTTP][39m [90m{"using":"xpath","value":"//android.widget.TextView[contains(@text,'åšè¯•å·')]"}[39m
[debug] [35m[W3C (7ddd9ae8)][39m Calling AppiumDriver.findElement() with args: ["xpath","//android.widget.TextView[contains(@text,'åšè¯•å·')]","7ddd9ae8-b461-49d5-907f-1ed718db1e70"]
[debug] [35m[BaseDriver][39m Valid locator strategies for this request: xpath, id, class name, accessibility id, -android uiautomator
[debug] [35m[BaseDriver][39m Waiting up to 0 ms for condition
[debug] [35m[WD Proxy][39m Matched '/element' to command name 'findElement'
[debug] [35m[WD Proxy][39m Proxying [POST /element] to [POST http://localhost:8202/wd/hub/session/de9ee0b5-646f-482e-831a-15f73108b241/element] with body: {"strategy":"xpath","selector":"//android.widget.TextView[contains(@text,'åšè¯•å·')]","context":"","multiple":false}
[35m[WD Proxy][39m Got an unexpected response: {"sessionId":"de9ee0b5-646f-482e-831a-15f73108b241","status":7,"value":"An element could not be located on the page using the given search parameters."}
[debug] [35m[MJSONWP][39m Matched JSONWP error code 7 to NoSuchElementError
[debug] [35m[W3C (7ddd9ae8)][39m Encountered internal error running command: NoSuchElementError: An element could not be located on the page using the given search parameters.
[debug] [35m[W3C (7ddd9ae8)][39m     at AndroidUiautomator2Driver.findElOrEls (/Users/vanthink_test_ios/.nvm/v8.14.1/lib/node_modules/appium/node_modules/appium-android-driver/lib/commands/find.js:75:11)
[debug] [35m[W3C (7ddd9ae8)][39m     at <anonymous>
[35m[HTTP][39m [37m<-- POST /wd/hub/session/7ddd9ae8-b461-49d5-907f-1ed718db1e70/element [39m[33m404[39m [90m1812 ms - 434[39m
[35m[HTTP][39m [90m[39m
[35m[HTTP][39m [37m-->[39m [37mGET[39m [37m/wd/hub/status[39m
[35m[HTTP][39m [90m{}[39m
[debug] [35m[GENERIC][39m Calling AppiumDriver.getStatus() with args: []
[debug] [35m[GENERIC][39m Responding to client with driver.getStatus() result: {"build":{"version":"1.13.0"}}
[35m[HTTP][39m [37m<-- GET /wd/hub/status [39m[32m200[39m [90m1 ms - 68[39m
[35m[HTTP][39m [90m[39m
[35m[HTTP][39m [37m-->[39m [37mPOST[39m [37m/wd/hub/session/7ddd9ae8-b461-49d5-907f-1ed718db1e70/element[39m
[35m[HTTP][39m [90m{"using":"xpath","value":"//android.widget.TextView[contains(@text,'åšè¯•å·')]"}[39m
[debug] [35m[W3C (7ddd9ae8)][39m Calling AppiumDriver.findElement() with args: ["xpath","//android.widget.TextView[contains(@text,'åšè¯•å·')]","7ddd9ae8-b461-49d5-907f-1ed718db1e70"]
[debug] [35m[BaseDriver][39m Valid locator strategies for this request: xpath, id, class name, accessibility id, -android uiautomator
[debug] [35m[BaseDriver][39m Waiting up to 0 ms for condition
[debug] [35m[WD Proxy][39m Matched '/element' to command name 'findElement'
[debug] [35m[WD Proxy][39m Proxying [POST /element] to [POST http://localhost:8202/wd/hub/session/de9ee0b5-646f-482e-831a-15f73108b241/element] with body: {"strategy":"xpath","selector":"//android.widget.TextView[contains(@text,'åšè¯•å·')]","context":"","multiple":false}
[35m[WD Proxy][39m Got an unexpected response: {"sessionId":"de9ee0b5-646f-482e-831a-15f73108b241","status":7,"value":"An element could not be located on the page using the given search parameters."}
[debug] [35m[MJSONWP][39m Matched JSONWP error code 7 to NoSuchElementError
[debug] [35m[W3C (7ddd9ae8)][39m Encountered internal error running command: NoSuchElementError: An element could not be located on the page using the given search parameters.
[debug] [35m[W3C (7ddd9ae8)][39m     at AndroidUiautomator2Driver.findElOrEls (/Users/vanthink_test_ios/.nvm/v8.14.1/lib/node_modules/appium/node_modules/appium-android-driver/lib/commands/find.js:75:11)
[debug] [35m[W3C (7ddd9ae8)][39m     at <anonymous>
[35m[HTTP][39m [37m<-- POST /wd/hub/session/7ddd9ae8-b461-49d5-907f-1ed718db1e70/element [39m[33m404[39m [90m98 ms - 434[39m
[35m[HTTP][39m [90m[39m
[35m[HTTP][39m [37m-->[39m [37mPOST[39m [37m/wd/hub/session/7ddd9ae8-b461-49d5-907f-1ed718db1e70/element[39m
[35m[HTTP][39m [90m{"using":"xpath","value":"//android.widget.TextView[contains(@text,'åšè¯•å·')]"}[39m
[debug] [35m[W3C (7ddd9ae8)][39m Calling AppiumDriver.findElement() with args: ["xpath","//android.widget.TextView[contains(@text,'åšè¯•å·')]","7ddd9ae8-b461-49d5-907f-1ed718db1e70"]
[debug] [35m[BaseDriver][39m Valid locator strategies for this request: xpath, id, class name, accessibility id, -android uiautomator
[debug] [35m[BaseDriver][39m Waiting up to 0 ms for condition
[debug] [35m[WD Proxy][39m Matched '/element' to command name 'findElement'
[debug] [35m[WD Proxy][39m Proxying [POST /element] to [POST http://localhost:8202/wd/hub/session/de9ee0b5-646f-482e-831a-15f73108b241/element] with body: {"strategy":"xpath","selector":"//android.widget.TextView[contains(@text,'åšè¯•å·')]","context":"","multiple":false}
[35m[WD Proxy][39m Got an unexpected response: {"sessionId":"de9ee0b5-646f-482e-831a-15f73108b241","status":7,"value":"An element could not be located on the page using the given search parameters."}
[debug] [35m[MJSONWP][39m Matched JSONWP error code 7 to NoSuchElementError
[debug] [35m[W3C (7ddd9ae8)][39m Encountered internal error running command: NoSuchElementError: An element could not be located on the page using the given search parameters.
[debug] [35m[W3C (7ddd9ae8)][39m     at AndroidUiautomator2Driver.findElOrEls (/Users/vanthink_test_ios/.nvm/v8.14.1/lib/node_modules/appium/node_modules/appium-android-driver/lib/commands/find.js:75:11)
[debug] [35m[W3C (7ddd9ae8)][39m     at <anonymous>
[35m[HTTP][39m [37m<-- POST /wd/hub/session/7ddd9ae8-b461-49d5-907f-1ed718db1e70/element [39m[33m404[39m [90m98 ms - 434[39m
[35m[HTTP][39m [90m[39m
[35m[HTTP][39m [37m-->[39m [37mPOST[39m [37m/wd/hub/session/7ddd9ae8-b461-49d5-907f-1ed718db1e70/element[39m
[35m[HTTP][39m [90m{"using":"xpath","value":"//android.widget.TextView[contains(@text,'åšè¯•å·')]"}[39m
[debug] [35m[W3C (7ddd9ae8)][39m Calling AppiumDriver.findElement() with args: ["xpath","//android.widget.TextView[contains(@text,'åšè¯•å·')]","7ddd9ae8-b461-49d5-907f-1ed718db1e70"]
[debug] [35m[BaseDriver][39m Valid locator strategies for this request: xpath, id, class name, accessibility id, -android uiautomator
[debug] [35m[BaseDriver][39m Waiting up to 0 ms for condition
[debug] [35m[WD Proxy][39m Matched '/element' to command name 'findElement'
[debug] [35m[WD Proxy][39m Proxying [POST /element] to [POST http://localhost:8202/wd/hub/session/de9ee0b5-646f-482e-831a-15f73108b241/element] with body: {"strategy":"xpath","selector":"//android.widget.TextView[contains(@text,'åšè¯•å·')]","context":"","multiple":false}
[35m[WD Proxy][39m Got an unexpected response: {"sessionId":"de9ee0b5-646f-482e-831a-15f73108b241","status":7,"value":"An element could not be located on the page using the given search parameters."}
[debug] [35m[MJSONWP][39m Matched JSONWP error code 7 to NoSuchElementError
[debug] [35m[W3C (7ddd9ae8)][39m Encountered internal error running command: NoSuchElementError: An element could not be located on the page using the given search parameters.
[debug] [35m[W3C (7ddd9ae8)][39m     at AndroidUiautomator2Driver.findElOrEls (/Users/vanthink_test_ios/.nvm/v8.14.1/lib/node_modules/appium/node_modules/appium-android-driver/lib/commands/find.js:75:11)
[debug] [35m[W3C (7ddd9ae8)][39m     at <anonymous>
[35m[HTTP][39m [37m<-- POST /wd/hub/session/7ddd9ae8-b461-49d5-907f-1ed718db1e70/element [39m[33m404[39m [90m132 ms - 434[39m
[35m[HTTP][39m [90m[39m
[35m[HTTP][39m [37m-->[39m [37mPOST[39m [37m/wd/hub/session/7ddd9ae8-b461-49d5-907f-1ed718db1e70/element[39m
[35m[HTTP][39m [90m{"using":"id","value":"com.vanthink.student.debug:id/btn_login"}[39m
[debug] [35m[W3C (7ddd9ae8)][39m Calling AppiumDriver.findElement() with args: ["id","com.vanthink.student.debug:id/btn_login","7ddd9ae8-b461-49d5-907f-1ed718db1e70"]
[debug] [35m[BaseDriver][39m Valid locator strategies for this request: xpath, id, class name, accessibility id, -android uiautomator
[debug] [35m[BaseDriver][39m Waiting up to 0 ms for condition
[debug] [35m[WD Proxy][39m Matched '/element' to command name 'findElement'
[debug] [35m[WD Proxy][39m Proxying [POST /element] to [POST http://localhost:8202/wd/hub/session/de9ee0b5-646f-482e-831a-15f73108b241/element] with body: {"strategy":"id","selector":"com.vanthink.student.debug:id/btn_login","context":"","multiple":false}
[35m[WD Proxy][39m Got an unexpected response: {"sessionId":"de9ee0b5-646f-482e-831a-15f73108b241","status":7,"value":"An element could not be located on the page using the given search parameters."}
[debug] [35m[MJSONWP][39m Matched JSONWP error code 7 to NoSuchElementError
[debug] [35m[W3C (7ddd9ae8)][39m Encountered internal error running command: NoSuchElementError: An element could not be located on the page using the given search parameters.
[debug] [35m[W3C (7ddd9ae8)][39m     at AndroidUiautomator2Driver.findElOrEls (/Users/vanthink_test_ios/.nvm/v8.14.1/lib/node_modules/appium/node_modules/appium-android-driver/lib/commands/find.js:75:11)
[debug] [35m[W3C (7ddd9ae8)][39m     at <anonymous>
[35m[HTTP][39m [37m<-- POST /wd/hub/session/7ddd9ae8-b461-49d5-907f-1ed718db1e70/element [39m[33m404[39m [90m2024 ms - 434[39m
[35m[HTTP][39m [90m[39m
[35m[HTTP][39m [37m-->[39m [37mPOST[39m [37m/wd/hub/session/7ddd9ae8-b461-49d5-907f-1ed718db1e70/element[39m
[35m[HTTP][39m [90m{"using":"id","value":"com.vanthink.student.debug:id/btn_login"}[39m
[debug] [35m[W3C (7ddd9ae8)][39m Calling AppiumDriver.findElement() with args: ["id","com.vanthink.student.debug:id/btn_login","7ddd9ae8-b461-49d5-907f-1ed718db1e70"]
[debug] [35m[BaseDriver][39m Valid locator strategies for this request: xpath, id, class name, accessibility id, -android uiautomator
[debug] [35m[BaseDriver][39m Waiting up to 0 ms for condition
[debug] [35m[WD Proxy][39m Matched '/element' to command name 'findElement'
[debug] [35m[WD Proxy][39m Proxying [POST /element] to [POST http://localhost:8202/wd/hub/session/de9ee0b5-646f-482e-831a-15f73108b241/element] with body: {"strategy":"id","selector":"com.vanthink.student.debug:id/btn_login","context":"","multiple":false}
[35m[WD Proxy][39m Got an unexpected response: {"sessionId":"de9ee0b5-646f-482e-831a-15f73108b241","status":7,"value":"An element could not be located on the page using the given search parameters."}
[debug] [35m[MJSONWP][39m Matched JSONWP error code 7 to NoSuchElementError
[debug] [35m[W3C (7ddd9ae8)][39m Encountered internal error running command: NoSuchElementError: An element could not be located on the page using the given search parameters.
[debug] [35m[W3C (7ddd9ae8)][39m     at AndroidUiautomator2Driver.findElOrEls (/Users/vanthink_test_ios/.nvm/v8.14.1/lib/node_modules/appium/node_modules/appium-android-driver/lib/commands/find.js:75:11)
[debug] [35m[W3C (7ddd9ae8)][39m     at <anonymous>
[35m[HTTP][39m [37m<-- POST /wd/hub/session/7ddd9ae8-b461-49d5-907f-1ed718db1e70/element [39m[33m404[39m [90m174 ms - 434[39m
[35m[HTTP][39m [90m[39m
[35m[HTTP][39m [37m-->[39m [37mGET[39m [37m/wd/hub/status[39m
[35m[HTTP][39m [90m{}[39m
[debug] [35m[GENERIC][39m Calling AppiumDriver.getStatus() with args: []
[debug] [35m[GENERIC][39m Responding to client with driver.getStatus() result: {"build":{"version":"1.13.0"}}
[35m[HTTP][39m [37m<-- GET /wd/hub/status [39m[32m200[39m [90m1 ms - 68[39m
[35m[HTTP][39m [90m[39m
[35m[HTTP][39m [37m-->[39m [37mPOST[39m [37m/wd/hub/session/7ddd9ae8-b461-49d5-907f-1ed718db1e70/element[39m
[35m[HTTP][39m [90m{"using":"id","value":"com.vanthink.student.debug:id/btn_login"}[39m
[debug] [35m[W3C (7ddd9ae8)][39m Calling AppiumDriver.findElement() with args: ["id","com.vanthink.student.debug:id/btn_login","7ddd9ae8-b461-49d5-907f-1ed718db1e70"]
[debug] [35m[BaseDriver][39m Valid locator strategies for this request: xpath, id, class name, accessibility id, -android uiautomator
[debug] [35m[BaseDriver][39m Waiting up to 0 ms for condition
[debug] [35m[WD Proxy][39m Matched '/element' to command name 'findElement'
[debug] [35m[WD Proxy][39m Proxying [POST /element] to [POST http://localhost:8202/wd/hub/session/de9ee0b5-646f-482e-831a-15f73108b241/element] with body: {"strategy":"id","selector":"com.vanthink.student.debug:id/btn_login","context":"","multiple":false}
[35m[WD Proxy][39m Got an unexpected response: {"sessionId":"de9ee0b5-646f-482e-831a-15f73108b241","status":7,"value":"An element could not be located on the page using the given search parameters."}
[debug] [35m[MJSONWP][39m Matched JSONWP error code 7 to NoSuchElementError
[debug] [35m[W3C (7ddd9ae8)][39m Encountered internal error running command: NoSuchElementError: An element could not be located on the page using the given search parameters.
[debug] [35m[W3C (7ddd9ae8)][39m     at AndroidUiautomator2Driver.findElOrEls (/Users/vanthink_test_ios/.nvm/v8.14.1/lib/node_modules/appium/node_modules/appium-android-driver/lib/commands/find.js:75:11)
[debug] [35m[W3C (7ddd9ae8)][39m     at <anonymous>
[35m[HTTP][39m [37m<-- POST /wd/hub/session/7ddd9ae8-b461-49d5-907f-1ed718db1e70/element [39m[33m404[39m [90m636 ms - 434[39m
[35m[HTTP][39m [90m[39m
[35m[HTTP][39m [37m-->[39m [37mPOST[39m [37m/wd/hub/session/7ddd9ae8-b461-49d5-907f-1ed718db1e70/element[39m
[35m[HTTP][39m [90m{"using":"id","value":"com.vanthink.student.debug:id/btn_login"}[39m
[debug] [35m[W3C (7ddd9ae8)][39m Calling AppiumDriver.findElement() with args: ["id","com.vanthink.student.debug:id/btn_login","7ddd9ae8-b461-49d5-907f-1ed718db1e70"]
[debug] [35m[BaseDriver][39m Valid locator strategies for this request: xpath, id, class name, accessibility id, -android uiautomator
[debug] [35m[BaseDriver][39m Waiting up to 0 ms for condition
[debug] [35m[WD Proxy][39m Matched '/element' to command name 'findElement'
[debug] [35m[WD Proxy][39m Proxying [POST /element] to [POST http://localhost:8202/wd/hub/session/de9ee0b5-646f-482e-831a-15f73108b241/element] with body: {"strategy":"id","selector":"com.vanthink.student.debug:id/btn_login","context":"","multiple":false}
[35m[WD Proxy][39m Got an unexpected response: {"sessionId":"de9ee0b5-646f-482e-831a-15f73108b241","status":7,"value":"An element could not be located on the page using the given search parameters."}
[debug] [35m[MJSONWP][39m Matched JSONWP error code 7 to NoSuchElementError
[debug] [35m[W3C (7ddd9ae8)][39m Encountered internal error running command: NoSuchElementError: An element could not be located on the page using the given search parameters.
[debug] [35m[W3C (7ddd9ae8)][39m     at AndroidUiautomator2Driver.findElOrEls (/Users/vanthink_test_ios/.nvm/v8.14.1/lib/node_modules/appium/node_modules/appium-android-driver/lib/commands/find.js:75:11)
[debug] [35m[W3C (7ddd9ae8)][39m     at <anonymous>
[35m[HTTP][39m [37m<-- POST /wd/hub/session/7ddd9ae8-b461-49d5-907f-1ed718db1e70/element [39m[33m404[39m [90m498 ms - 434[39m
[35m[HTTP][39m [90m[39m
[35m[HTTP][39m [37m-->[39m [37mPOST[39m [37m/wd/hub/session/7ddd9ae8-b461-49d5-907f-1ed718db1e70/element[39m
[35m[HTTP][39m [90m{"using":"xpath","value":"//android.widget.TextView[contains(@text,'åšè¯•å·')]"}[39m
[debug] [35m[W3C (7ddd9ae8)][39m Calling AppiumDriver.findElement() with args: ["xpath","//android.widget.TextView[contains(@text,'åšè¯•å·')]","7ddd9ae8-b461-49d5-907f-1ed718db1e70"]
[debug] [35m[BaseDriver][39m Valid locator strategies for this request: xpath, id, class name, accessibility id, -android uiautomator
[debug] [35m[BaseDriver][39m Waiting up to 0 ms for condition
[debug] [35m[WD Proxy][39m Matched '/element' to command name 'findElement'
[debug] [35m[WD Proxy][39m Proxying [POST /element] to [POST http://localhost:8202/wd/hub/session/de9ee0b5-646f-482e-831a-15f73108b241/element] with body: {"strategy":"xpath","selector":"//android.widget.TextView[contains(@text,'åšè¯•å·')]","context":"","multiple":false}
[35m[WD Proxy][39m Got an unexpected response: {"sessionId":"de9ee0b5-646f-482e-831a-15f73108b241","status":7,"value":"An element could not be located on the page using the given search parameters."}
[debug] [35m[MJSONWP][39m Matched JSONWP error code 7 to NoSuchElementError
[debug] [35m[W3C (7ddd9ae8)][39m Encountered internal error running command: NoSuchElementError: An element could not be located on the page using the given search parameters.
[debug] [35m[W3C (7ddd9ae8)][39m     at AndroidUiautomator2Driver.findElOrEls (/Users/vanthink_test_ios/.nvm/v8.14.1/lib/node_modules/appium/node_modules/appium-android-driver/lib/commands/find.js:75:11)
[debug] [35m[W3C (7ddd9ae8)][39m     at <anonymous>
[35m[HTTP][39m [37m<-- POST /wd/hub/session/7ddd9ae8-b461-49d5-907f-1ed718db1e70/element [39m[33m404[39m [90m385 ms - 434[39m
[35m[HTTP][39m [90m[39m
[35m[HTTP][39m [37m-->[39m [37mPOST[39m [37m/wd/hub/session/7ddd9ae8-b461-49d5-907f-1ed718db1e70/element[39m
[35m[HTTP][39m [90m{"using":"xpath","value":"//android.widget.TextView[contains(@text,'åšè¯•å·')]"}[39m
[debug] [35m[W3C (7ddd9ae8)][39m Calling AppiumDriver.findElement() with args: ["xpath","//android.widget.TextView[contains(@text,'åšè¯•å·')]","7ddd9ae8-b461-49d5-907f-1ed718db1e70"]
[debug] [35m[BaseDriver][39m Valid locator strategies for this request: xpath, id, class name, accessibility id, -android uiautomator
[debug] [35m[BaseDriver][39m Waiting up to 0 ms for condition
[debug] [35m[WD Proxy][39m Matched '/element' to command name 'findElement'
[debug] [35m[WD Proxy][39m Proxying [POST /element] to [POST http://localhost:8202/wd/hub/session/de9ee0b5-646f-482e-831a-15f73108b241/element] with body: {"strategy":"xpath","selector":"//android.widget.TextView[contains(@text,'åšè¯•å·')]","context":"","multiple":false}
[35m[WD Proxy][39m Got an unexpected response: {"sessionId":"de9ee0b5-646f-482e-831a-15f73108b241","status":7,"value":"An element could not be located on the page using the given search parameters."}
[debug] [35m[MJSONWP][39m Matched JSONWP error code 7 to NoSuchElementError
[debug] [35m[W3C (7ddd9ae8)][39m Encountered internal error running command: NoSuchElementError: An element could not be located on the page using the given search parameters.
[debug] [35m[W3C (7ddd9ae8)][39m     at AndroidUiautomator2Driver.findElOrEls (/Users/vanthink_test_ios/.nvm/v8.14.1/lib/node_modules/appium/node_modules/appium-android-driver/lib/commands/find.js:75:11)
[debug] [35m[W3C (7ddd9ae8)][39m     at <anonymous>
[35m[HTTP][39m [37m<-- POST /wd/hub/session/7ddd9ae8-b461-49d5-907f-1ed718db1e70/element [39m[33m404[39m [90m478 ms - 434[39m
[35m[HTTP][39m [90m[39m
[35m[HTTP][39m [37m-->[39m [37mPOST[39m [37m/wd/hub/session/7ddd9ae8-b461-49d5-907f-1ed718db1e70/element[39m
[35m[HTTP][39m [90m{"using":"xpath","value":"//android.widget.TextView[contains(@text,'åšè¯•å·')]"}[39m
[debug] [35m[W3C (7ddd9ae8)][39m Calling AppiumDriver.findElement() with args: ["xpath","//android.widget.TextView[contains(@text,'åšè¯•å·')]","7ddd9ae8-b461-49d5-907f-1ed718db1e70"]
[debug] [35m[BaseDriver][39m Valid locator strategies for this request: xpath, id, class name, accessibility id, -android uiautomator
[debug] [35m[BaseDriver][39m Waiting up to 0 ms for condition
[debug] [35m[WD Proxy][39m Matched '/element' to command name 'findElement'
[debug] [35m[WD Proxy][39m Proxying [POST /element] to [POST http://localhost:8202/wd/hub/session/de9ee0b5-646f-482e-831a-15f73108b241/element] with body: {"strategy":"xpath","selector":"//android.widget.TextView[contains(@text,'åšè¯•å·')]","context":"","multiple":false}
[35m[WD Proxy][39m Got an unexpected response: {"sessionId":"de9ee0b5-646f-482e-831a-15f73108b241","status":7,"value":"An element could not be located on the page using the given search parameters."}
[debug] [35m[MJSONWP][39m Matched JSONWP error code 7 to NoSuchElementError
[debug] [35m[W3C (7ddd9ae8)][39m Encountered internal error running command: NoSuchElementError: An element could not be located on the page using the given search parameters.
[debug] [35m[W3C (7ddd9ae8)][39m     at AndroidUiautomator2Driver.findElOrEls (/Users/vanthink_test_ios/.nvm/v8.14.1/lib/node_modules/appium/node_modules/appium-android-driver/lib/commands/find.js:75:11)
[debug] [35m[W3C (7ddd9ae8)][39m     at <anonymous>
[35m[HTTP][39m [37m<-- POST /wd/hub/session/7ddd9ae8-b461-49d5-907f-1ed718db1e70/element [39m[33m404[39m [90m862 ms - 434[39m
[35m[HTTP][39m [90m[39m
[35m[HTTP][39m [37m-->[39m [37mGET[39m [37m/wd/hub/status[39m
[35m[HTTP][39m [90m{}[39m
[debug] [35m[GENERIC][39m Calling AppiumDriver.getStatus() with args: []
[debug] [35m[GENERIC][39m Responding to client with driver.getStatus() result: {"build":{"version":"1.13.0"}}
[35m[HTTP][39m [37m<-- GET /wd/hub/status [39m[32m200[39m [90m2 ms - 68[39m
[35m[HTTP][39m [90m[39m
[35m[HTTP][39m [37m-->[39m [37mPOST[39m [37m/wd/hub/session/7ddd9ae8-b461-49d5-907f-1ed718db1e70/element[39m
[35m[HTTP][39m [90m{"using":"xpath","value":"//android.widget.TextView[contains(@text,'åšè¯•å·')]"}[39m
[debug] [35m[W3C (7ddd9ae8)][39m Calling AppiumDriver.findElement() with args: ["xpath","//android.widget.TextView[contains(@text,'åšè¯•å·')]","7ddd9ae8-b461-49d5-907f-1ed718db1e70"]
[debug] [35m[BaseDriver][39m Valid locator strategies for this request: xpath, id, class name, accessibility id, -android uiautomator
[debug] [35m[BaseDriver][39m Waiting up to 0 ms for condition
[debug] [35m[WD Proxy][39m Matched '/element' to command name 'findElement'
[debug] [35m[WD Proxy][39m Proxying [POST /element] to [POST http://localhost:8202/wd/hub/session/de9ee0b5-646f-482e-831a-15f73108b241/element] with body: {"strategy":"xpath","selector":"//android.widget.TextView[contains(@text,'åšè¯•å·')]","context":"","multiple":false}
[35m[WD Proxy][39m Got an unexpected response: {"sessionId":"de9ee0b5-646f-482e-831a-15f73108b241","status":7,"value":"An element could not be located on the page using the given search parameters."}
[debug] [35m[MJSONWP][39m Matched JSONWP error code 7 to NoSuchElementError
[debug] [35m[W3C (7ddd9ae8)][39m Encountered internal error running command: NoSuchElementError: An element could not be located on the page using the given search parameters.
[debug] [35m[W3C (7ddd9ae8)][39m     at AndroidUiautomator2Driver.findElOrEls (/Users/vanthink_test_ios/.nvm/v8.14.1/lib/node_modules/appium/node_modules/appium-android-driver/lib/commands/find.js:75:11)
[debug] [35m[W3C (7ddd9ae8)][39m     at <anonymous>
[35m[HTTP][39m [37m<-- POST /wd/hub/session/7ddd9ae8-b461-49d5-907f-1ed718db1e70/element [39m[33m404[39m [90m375 ms - 434[39m
[35m[HTTP][39m [90m[39m
[35m[HTTP][39m [37m-->[39m [37mPOST[39m [37m/wd/hub/session/7ddd9ae8-b461-49d5-907f-1ed718db1e70/element[39m
[35m[HTTP][39m [90m{"using":"xpath","value":"//android.widget.TextView[contains(@text,'åšè¯•å·')]"}[39m
[debug] [35m[W3C (7ddd9ae8)][39m Calling AppiumDriver.findElement() with args: ["xpath","//android.widget.TextView[contains(@text,'åšè¯•å·')]","7ddd9ae8-b461-49d5-907f-1ed718db1e70"]
[debug] [35m[BaseDriver][39m Valid locator strategies for this request: xpath, id, class name, accessibility id, -android uiautomator
[debug] [35m[BaseDriver][39m Waiting up to 0 ms for condition
[debug] [35m[WD Proxy][39m Matched '/element' to command name 'findElement'
[debug] [35m[WD Proxy][39m Proxying [POST /element] to [POST http://localhost:8202/wd/hub/session/de9ee0b5-646f-482e-831a-15f73108b241/element] with body: {"strategy":"xpath","selector":"//android.widget.TextView[contains(@text,'åšè¯•å·')]","context":"","multiple":false}
[35m[WD Proxy][39m Got an unexpected response: {"sessionId":"de9ee0b5-646f-482e-831a-15f73108b241","status":7,"value":"An element could not be located on the page using the given search parameters."}
[debug] [35m[MJSONWP][39m Matched JSONWP error code 7 to NoSuchElementError
[debug] [35m[W3C (7ddd9ae8)][39m Encountered internal error running command: NoSuchElementError: An element could not be located on the page using the given search parameters.
[debug] [35m[W3C (7ddd9ae8)][39m     at AndroidUiautomator2Driver.findElOrEls (/Users/vanthink_test_ios/.nvm/v8.14.1/lib/node_modules/appium/node_modules/appium-android-driver/lib/commands/find.js:75:11)
[debug] [35m[W3C (7ddd9ae8)][39m     at <anonymous>
[35m[HTTP][39m [37m<-- POST /wd/hub/session/7ddd9ae8-b461-49d5-907f-1ed718db1e70/element [39m[33m404[39m [90m1606 ms - 434[39m
[35m[HTTP][39m [90m[39m
[35m[HTTP][39m [37m-->[39m [37mPOST[39m [37m/wd/hub/session/7ddd9ae8-b461-49d5-907f-1ed718db1e70/element[39m
[35m[HTTP][39m [90m{"using":"xpath","value":"//android.widget.TextView[contains(@text,'åšè¯•å·')]"}[39m
[debug] [35m[W3C (7ddd9ae8)][39m Calling AppiumDriver.findElement() with args: ["xpath","//android.widget.TextView[contains(@text,'åšè¯•å·')]","7ddd9ae8-b461-49d5-907f-1ed718db1e70"]
[debug] [35m[BaseDriver][39m Valid locator strategies for this request: xpath, id, class name, accessibility id, -android uiautomator
[debug] [35m[BaseDriver][39m Waiting up to 0 ms for condition
[debug] [35m[WD Proxy][39m Matched '/element' to command name 'findElement'
[debug] [35m[WD Proxy][39m Proxying [POST /element] to [POST http://localhost:8202/wd/hub/session/de9ee0b5-646f-482e-831a-15f73108b241/element] with body: {"strategy":"xpath","selector":"//android.widget.TextView[contains(@text,'åšè¯•å·')]","context":"","multiple":false}
[35m[WD Proxy][39m Got an unexpected response: {"sessionId":"de9ee0b5-646f-482e-831a-15f73108b241","status":7,"value":"An element could not be located on the page using the given search parameters."}
[debug] [35m[MJSONWP][39m Matched JSONWP error code 7 to NoSuchElementError
[debug] [35m[W3C (7ddd9ae8)][39m Encountered internal error running command: NoSuchElementError: An element could not be located on the page using the given search parameters.
[debug] [35m[W3C (7ddd9ae8)][39m     at AndroidUiautomator2Driver.findElOrEls (/Users/vanthink_test_ios/.nvm/v8.14.1/lib/node_modules/appium/node_modules/appium-android-driver/lib/commands/find.js:75:11)
[debug] [35m[W3C (7ddd9ae8)][39m     at <anonymous>
[35m[HTTP][39m [37m<-- POST /wd/hub/session/7ddd9ae8-b461-49d5-907f-1ed718db1e70/element [39m[33m404[39m [90m410 ms - 434[39m
[35m[HTTP][39m [90m[39m
[35m[HTTP][39m [37m-->[39m [37mPOST[39m [37m/wd/hub/session/7ddd9ae8-b461-49d5-907f-1ed718db1e70/element[39m
[35m[HTTP][39m [90m{"using":"xpath","value":"//android.widget.TextView[contains(@text,'åšè¯•å·')]"}[39m
[debug] [35m[W3C (7ddd9ae8)][39m Calling AppiumDriver.findElement() with args: ["xpath","//android.widget.TextView[contains(@text,'åšè¯•å·')]","7ddd9ae8-b461-49d5-907f-1ed718db1e70"]
[debug] [35m[BaseDriver][39m Valid locator strategies for this request: xpath, id, class name, accessibility id, -android uiautomator
[debug] [35m[BaseDriver][39m Waiting up to 0 ms for condition
[debug] [35m[WD Proxy][39m Matched '/element' to command name 'findElement'
[debug] [35m[WD Proxy][39m Proxying [POST /element] to [POST http://localhost:8202/wd/hub/session/de9ee0b5-646f-482e-831a-15f73108b241/element] with body: {"strategy":"xpath","selector":"//android.widget.TextView[contains(@text,'åšè¯•å·')]","context":"","multiple":false}
[35m[WD Proxy][39m Got an unexpected response: {"sessionId":"de9ee0b5-646f-482e-831a-15f73108b241","status":7,"value":"An element could not be located on the page using the given search parameters."}
[debug] [35m[MJSONWP][39m Matched JSONWP error code 7 to NoSuchElementError
[debug] [35m[W3C (7ddd9ae8)][39m Encountered internal error running command: NoSuchElementError: An element could not be located on the page using the given search parameters.
[debug] [35m[W3C (7ddd9ae8)][39m     at AndroidUiautomator2Driver.findElOrEls (/Users/vanthink_test_ios/.nvm/v8.14.1/lib/node_modules/appium/node_modules/appium-android-driver/lib/commands/find.js:75:11)
[debug] [35m[W3C (7ddd9ae8)][39m     at <anonymous>
[35m[HTTP][39m [37m<-- POST /wd/hub/session/7ddd9ae8-b461-49d5-907f-1ed718db1e70/element [39m[33m404[39m [90m280 ms - 434[39m
[35m[HTTP][39m [90m[39m
[35m[HTTP][39m [37m-->[39m [37mGET[39m [37m/wd/hub/status[39m
[35m[HTTP][39m [90m{}[39m
[debug] [35m[GENERIC][39m Calling AppiumDriver.getStatus() with args: []
[debug] [35m[GENERIC][39m Responding to client with driver.getStatus() result: {"build":{"version":"1.13.0"}}
[35m[HTTP][39m [37m<-- GET /wd/hub/status [39m[32m200[39m [90m1 ms - 68[39m
[35m[HTTP][39m [90m[39m
[35m[HTTP][39m [37m-->[39m [37mPOST[39m [37m/wd/hub/session/7ddd9ae8-b461-49d5-907f-1ed718db1e70/element[39m
[35m[HTTP][39m [90m{"using":"xpath","value":"//android.widget.TextView[contains(@text,'åšè¯•å·')]"}[39m
[debug] [35m[W3C (7ddd9ae8)][39m Calling AppiumDriver.findElement() with args: ["xpath","//android.widget.TextView[contains(@text,'åšè¯•å·')]","7ddd9ae8-b461-49d5-907f-1ed718db1e70"]
[debug] [35m[BaseDriver][39m Valid locator strategies for this request: xpath, id, class name, accessibility id, -android uiautomator
[debug] [35m[BaseDriver][39m Waiting up to 0 ms for condition
[debug] [35m[WD Proxy][39m Matched '/element' to command name 'findElement'
[debug] [35m[WD Proxy][39m Proxying [POST /element] to [POST http://localhost:8202/wd/hub/session/de9ee0b5-646f-482e-831a-15f73108b241/element] with body: {"strategy":"xpath","selector":"//android.widget.TextView[contains(@text,'åšè¯•å·')]","context":"","multiple":false}
[35m[WD Proxy][39m Got an unexpected response: {"sessionId":"de9ee0b5-646f-482e-831a-15f73108b241","status":7,"value":"An element could not be located on the page using the given search parameters."}
[debug] [35m[MJSONWP][39m Matched JSONWP error code 7 to NoSuchElementError
[debug] [35m[W3C (7ddd9ae8)][39m Encountered internal error running command: NoSuchElementError: An element could not be located on the page using the given search parameters.
[debug] [35m[W3C (7ddd9ae8)][39m     at AndroidUiautomator2Driver.findElOrEls (/Users/vanthink_test_ios/.nvm/v8.14.1/lib/node_modules/appium/node_modules/appium-android-driver/lib/commands/find.js:75:11)
[debug] [35m[W3C (7ddd9ae8)][39m     at <anonymous>
[35m[HTTP][39m [37m<-- POST /wd/hub/session/7ddd9ae8-b461-49d5-907f-1ed718db1e70/element [39m[33m404[39m [90m781 ms - 434[39m
[35m[HTTP][39m [90m[39m
[35m[HTTP][39m [37m-->[39m [37mPOST[39m [37m/wd/hub/session/7ddd9ae8-b461-49d5-907f-1ed718db1e70/element[39m
[35m[HTTP][39m [90m{"using":"xpath","value":"//android.widget.TextView[contains(@text,'åšè¯•å·')]"}[39m
[debug] [35m[W3C (7ddd9ae8)][39m Calling AppiumDriver.findElement() with args: ["xpath","//android.widget.TextView[contains(@text,'åšè¯•å·')]","7ddd9ae8-b461-49d5-907f-1ed718db1e70"]
[debug] [35m[BaseDriver][39m Valid locator strategies for this request: xpath, id, class name, accessibility id, -android uiautomator
[debug] [35m[BaseDriver][39m Waiting up to 0 ms for condition
[debug] [35m[WD Proxy][39m Matched '/element' to command name 'findElement'
[debug] [35m[WD Proxy][39m Proxying [POST /element] to [POST http://localhost:8202/wd/hub/session/de9ee0b5-646f-482e-831a-15f73108b241/element] with body: {"strategy":"xpath","selector":"//android.widget.TextView[contains(@text,'åšè¯•å·')]","context":"","multiple":false}
[35m[WD Proxy][39m Got an unexpected response: {"sessionId":"de9ee0b5-646f-482e-831a-15f73108b241","status":7,"value":"An element could not be located on the page using the given search parameters."}
[debug] [35m[MJSONWP][39m Matched JSONWP error code 7 to NoSuchElementError
[debug] [35m[W3C (7ddd9ae8)][39m Encountered internal error running command: NoSuchElementError: An element could not be located on the page using the given search parameters.
[debug] [35m[W3C (7ddd9ae8)][39m     at AndroidUiautomator2Driver.findElOrEls (/Users/vanthink_test_ios/.nvm/v8.14.1/lib/node_modules/appium/node_modules/appium-android-driver/lib/commands/find.js:75:11)
[debug] [35m[W3C (7ddd9ae8)][39m     at <anonymous>
[35m[HTTP][39m [37m<-- POST /wd/hub/session/7ddd9ae8-b461-49d5-907f-1ed718db1e70/element [39m[33m404[39m [90m1288 ms - 434[39m
[35m[HTTP][39m [90m[39m
[35m[HTTP][39m [37m-->[39m [37mPOST[39m [37m/wd/hub/session/7ddd9ae8-b461-49d5-907f-1ed718db1e70/element[39m
[35m[HTTP][39m [90m{"using":"xpath","value":"//android.widget.TextView[contains(@text,'åšè¯•å·')]"}[39m
[debug] [35m[W3C (7ddd9ae8)][39m Calling AppiumDriver.findElement() with args: ["xpath","//android.widget.TextView[contains(@text,'åšè¯•å·')]","7ddd9ae8-b461-49d5-907f-1ed718db1e70"]
[debug] [35m[BaseDriver][39m Valid locator strategies for this request: xpath, id, class name, accessibility id, -android uiautomator
[debug] [35m[BaseDriver][39m Waiting up to 0 ms for condition
[debug] [35m[WD Proxy][39m Matched '/element' to command name 'findElement'
[debug] [35m[WD Proxy][39m Proxying [POST /element] to [POST http://localhost:8202/wd/hub/session/de9ee0b5-646f-482e-831a-15f73108b241/element] with body: {"strategy":"xpath","selector":"//android.widget.TextView[contains(@text,'åšè¯•å·')]","context":"","multiple":false}
[35m[WD Proxy][39m Got an unexpected response: {"sessionId":"de9ee0b5-646f-482e-831a-15f73108b241","status":7,"value":"An element could not be located on the page using the given search parameters."}
[debug] [35m[MJSONWP][39m Matched JSONWP error code 7 to NoSuchElementError
[debug] [35m[W3C (7ddd9ae8)][39m Encountered internal error running command: NoSuchElementError: An element could not be located on the page using the given search parameters.
[debug] [35m[W3C (7ddd9ae8)][39m     at AndroidUiautomator2Driver.findElOrEls (/Users/vanthink_test_ios/.nvm/v8.14.1/lib/node_modules/appium/node_modules/appium-android-driver/lib/commands/find.js:75:11)
[debug] [35m[W3C (7ddd9ae8)][39m     at <anonymous>
[35m[HTTP][39m [37m<-- POST /wd/hub/session/7ddd9ae8-b461-49d5-907f-1ed718db1e70/element [39m[33m404[39m [90m664 ms - 434[39m
[35m[HTTP][39m [90m[39m
[35m[HTTP][39m [37m-->[39m [37mPOST[39m [37m/wd/hub/session/7ddd9ae8-b461-49d5-907f-1ed718db1e70/element[39m
[35m[HTTP][39m [90m{"using":"xpath","value":"//android.widget.TextView[contains(@text,'åšè¯•å·')]"}[39m
[debug] [35m[W3C (7ddd9ae8)][39m Calling AppiumDriver.findElement() with args: ["xpath","//android.widget.TextView[contains(@text,'åšè¯•å·')]","7ddd9ae8-b461-49d5-907f-1ed718db1e70"]
[debug] [35m[BaseDriver][39m Valid locator strategies for this request: xpath, id, class name, accessibility id, -android uiautomator
[debug] [35m[BaseDriver][39m Waiting up to 0 ms for condition
[debug] [35m[WD Proxy][39m Matched '/element' to command name 'findElement'
[debug] [35m[WD Proxy][39m Proxying [POST /element] to [POST http://localhost:8202/wd/hub/session/de9ee0b5-646f-482e-831a-15f73108b241/element] with body: {"strategy":"xpath","selector":"//android.widget.TextView[contains(@text,'åšè¯•å·')]","context":"","multiple":false}
[35m[WD Proxy][39m Got an unexpected response: {"sessionId":"de9ee0b5-646f-482e-831a-15f73108b241","status":7,"value":"An element could not be located on the page using the given search parameters."}
[debug] [35m[MJSONWP][39m Matched JSONWP error code 7 to NoSuchElementError
[debug] [35m[W3C (7ddd9ae8)][39m Encountered internal error running command: NoSuchElementError: An element could not be located on the page using the given search parameters.
[debug] [35m[W3C (7ddd9ae8)][39m     at AndroidUiautomator2Driver.findElOrEls (/Users/vanthink_test_ios/.nvm/v8.14.1/lib/node_modules/appium/node_modules/appium-android-driver/lib/commands/find.js:75:11)
[debug] [35m[W3C (7ddd9ae8)][39m     at <anonymous>
[35m[HTTP][39m [37m<-- POST /wd/hub/session/7ddd9ae8-b461-49d5-907f-1ed718db1e70/element [39m[33m404[39m [90m189 ms - 434[39m
[35m[HTTP][39m [90m[39m
[35m[HTTP][39m [37m-->[39m [37mGET[39m [37m/wd/hub/status[39m
[35m[HTTP][39m [90m{}[39m
[debug] [35m[GENERIC][39m Calling AppiumDriver.getStatus() with args: []
[debug] [35m[GENERIC][39m Responding to client with driver.getStatus() result: {"build":{"version":"1.13.0"}}
[35m[HTTP][39m [37m<-- GET /wd/hub/status [39m[32m200[39m [90m1 ms - 68[39m
[35m[HTTP][39m [90m[39m
[35m[HTTP][39m [37m-->[39m [37mPOST[39m [37m/wd/hub/session/7ddd9ae8-b461-49d5-907f-1ed718db1e70/element[39m
[35m[HTTP][39m [90m{"using":"xpath","value":"//android.widget.TextView[contains(@text,'åšè¯•å·')]"}[39m
[debug] [35m[W3C (7ddd9ae8)][39m Calling AppiumDriver.findElement() with args: ["xpath","//android.widget.TextView[contains(@text,'åšè¯•å·')]","7ddd9ae8-b461-49d5-907f-1ed718db1e70"]
[debug] [35m[BaseDriver][39m Valid locator strategies for this request: xpath, id, class name, accessibility id, -android uiautomator
[debug] [35m[BaseDriver][39m Waiting up to 0 ms for condition
[debug] [35m[WD Proxy][39m Matched '/element' to command name 'findElement'
[debug] [35m[WD Proxy][39m Proxying [POST /element] to [POST http://localhost:8202/wd/hub/session/de9ee0b5-646f-482e-831a-15f73108b241/element] with body: {"strategy":"xpath","selector":"//android.widget.TextView[contains(@text,'åšè¯•å·')]","context":"","multiple":false}
[35m[WD Proxy][39m Got an unexpected response: {"sessionId":"de9ee0b5-646f-482e-831a-15f73108b241","status":7,"value":"An element could not be located on the page using the given search parameters."}
[debug] [35m[MJSONWP][39m Matched JSONWP error code 7 to NoSuchElementError
[debug] [35m[W3C (7ddd9ae8)][39m Encountered internal error running command: NoSuchElementError: An element could not be located on the page using the given search parameters.
[debug] [35m[W3C (7ddd9ae8)][39m     at AndroidUiautomator2Driver.findElOrEls (/Users/vanthink_test_ios/.nvm/v8.14.1/lib/node_modules/appium/node_modules/appium-android-driver/lib/commands/find.js:75:11)
[debug] [35m[W3C (7ddd9ae8)][39m     at <anonymous>
[35m[HTTP][39m [37m<-- POST /wd/hub/session/7ddd9ae8-b461-49d5-907f-1ed718db1e70/element [39m[33m404[39m [90m185 ms - 434[39m
[35m[HTTP][39m [90m[39m
[35m[HTTP][39m [37m-->[39m [37mPOST[39m [37m/wd/hub/session/7ddd9ae8-b461-49d5-907f-1ed718db1e70/element[39m
[35m[HTTP][39m [90m{"using":"xpath","value":"//android.widget.TextView[contains(@text,'åšè¯•å·')]"}[39m
[debug] [35m[W3C (7ddd9ae8)][39m Calling AppiumDriver.findElement() with args: ["xpath","//android.widget.TextView[contains(@text,'åšè¯•å·')]","7ddd9ae8-b461-49d5-907f-1ed718db1e70"]
[debug] [35m[BaseDriver][39m Valid locator strategies for this request: xpath, id, class name, accessibility id, -android uiautomator
[debug] [35m[BaseDriver][39m Waiting up to 0 ms for condition
[debug] [35m[WD Proxy][39m Matched '/element' to command name 'findElement'
[debug] [35m[WD Proxy][39m Proxying [POST /element] to [POST http://localhost:8202/wd/hub/session/de9ee0b5-646f-482e-831a-15f73108b241/element] with body: {"strategy":"xpath","selector":"//android.widget.TextView[contains(@text,'åšè¯•å·')]","context":"","multiple":false}
[35m[WD Proxy][39m Got an unexpected response: {"sessionId":"de9ee0b5-646f-482e-831a-15f73108b241","status":7,"value":"An element could not be located on the page using the given search parameters."}
[debug] [35m[MJSONWP][39m Matched JSONWP error code 7 to NoSuchElementError
[debug] [35m[W3C (7ddd9ae8)][39m Encountered internal error running command: NoSuchElementError: An element could not be located on the page using the given search parameters.
[debug] [35m[W3C (7ddd9ae8)][39m     at AndroidUiautomator2Driver.findElOrEls (/Users/vanthink_test_ios/.nvm/v8.14.1/lib/node_modules/appium/node_modules/appium-android-driver/lib/commands/find.js:75:11)
[debug] [35m[W3C (7ddd9ae8)][39m     at <anonymous>
[35m[HTTP][39m [37m<-- POST /wd/hub/session/7ddd9ae8-b461-49d5-907f-1ed718db1e70/element [39m[33m404[39m [90m184 ms - 434[39m
[35m[HTTP][39m [90m[39m
[35m[HTTP][39m [37m-->[39m [37mPOST[39m [37m/wd/hub/session/7ddd9ae8-b461-49d5-907f-1ed718db1e70/element[39m
[35m[HTTP][39m [90m{"using":"xpath","value":"//android.widget.TextView[contains(@text,'åšè¯•å·')]"}[39m
[debug] [35m[W3C (7ddd9ae8)][39m Calling AppiumDriver.findElement() with args: ["xpath","//android.widget.TextView[contains(@text,'åšè¯•å·')]","7ddd9ae8-b461-49d5-907f-1ed718db1e70"]
[debug] [35m[BaseDriver][39m Valid locator strategies for this request: xpath, id, class name, accessibility id, -android uiautomator
[debug] [35m[BaseDriver][39m Waiting up to 0 ms for condition
[debug] [35m[WD Proxy][39m Matched '/element' to command name 'findElement'
[debug] [35m[WD Proxy][39m Proxying [POST /element] to [POST http://localhost:8202/wd/hub/session/de9ee0b5-646f-482e-831a-15f73108b241/element] with body: {"strategy":"xpath","selector":"//android.widget.TextView[contains(@text,'åšè¯•å·')]","context":"","multiple":false}
[35m[WD Proxy][39m Got an unexpected response: {"sessionId":"de9ee0b5-646f-482e-831a-15f73108b241","status":7,"value":"An element could not be located on the page using the given search parameters."}
[debug] [35m[MJSONWP][39m Matched JSONWP error code 7 to NoSuchElementError
[debug] [35m[W3C (7ddd9ae8)][39m Encountered internal error running command: NoSuchElementError: An element could not be located on the page using the given search parameters.
[debug] [35m[W3C (7ddd9ae8)][39m     at AndroidUiautomator2Driver.findElOrEls (/Users/vanthink_test_ios/.nvm/v8.14.1/lib/node_modules/appium/node_modules/appium-android-driver/lib/commands/find.js:75:11)
[debug] [35m[W3C (7ddd9ae8)][39m     at <anonymous>
[35m[HTTP][39m [37m<-- POST /wd/hub/session/7ddd9ae8-b461-49d5-907f-1ed718db1e70/element [39m[33m404[39m [90m918 ms - 434[39m
[35m[HTTP][39m [90m[39m
[35m[HTTP][39m [37m-->[39m [37mDELETE[39m [37m/wd/hub/session/7ddd9ae8-b461-49d5-907f-1ed718db1e70[39m
[35m[HTTP][39m [90m{}[39m
[debug] [35m[W3C (7ddd9ae8)][39m Calling AppiumDriver.deleteSession() with args: ["7ddd9ae8-b461-49d5-907f-1ed718db1e70"]
[debug] [35m[BaseDriver][39m Event 'quitSessionRequested' logged at 1569553409475 (11:03:29 GMT+0800 (CST))
[35m[Appium][39m Removing session 7ddd9ae8-b461-49d5-907f-1ed718db1e70 from our master session list
[debug] [35m[UiAutomator2][39m Deleting UiAutomator2 session
[debug] [35m[UiAutomator2][39m Deleting UiAutomator2 server session
[debug] [35m[WD Proxy][39m Matched '/' to command name 'deleteSession'
[debug] [35m[WD Proxy][39m Proxying [DELETE /] to [DELETE http://localhost:8202/wd/hub/session/de9ee0b5-646f-482e-831a-15f73108b241] with no body
[debug] [35m[WD Proxy][39m Got response with status 200: "{\"sessionId\":\"de9ee0b5-646f-482e-831a-15f73108b241\",\"status\":0,\"value\":\"Session deleted\"}"
[debug] [35m[ADB][39m Running '/Users/vanthink_test_ios/Desktop/intsall/adt-bundle-mac-x86_64-20140624/sdk/platform-tools/adb -P 5037 -s A6BERSWW99999999 shell am force-stop com.vanthink.student.debug'
[debug] [35m[Logcat][39m Stopping logcat capture
[debug] [35m[ADB][39m Removing forwarded port socket connection: 8202 
[debug] [35m[ADB][39m Running '/Users/vanthink_test_ios/Desktop/intsall/adt-bundle-mac-x86_64-20140624/sdk/platform-tools/adb -P 5037 -s A6BERSWW99999999 forward --remove tcp\:8202'
[35m[UiAutomator2][39m Unable to remove port forward 'Error executing adbExec. Original error: 'Command '/Users/vanthink_test_ios/Desktop/intsall/adt-bundle-mac-x86_64-20140624/sdk/platform-tools/adb -P 5037 -s A6BERSWW99999999 forward --remove tcp\:8202' exited with code 1'; Stderr: 'adb: error: listener 'tcp:8202' not found'; Code: '1''
[debug] [35m[BaseDriver][39m Event 'quitSessionFinished' logged at 1569553410762 (11:03:30 GMT+0800 (CST))
[debug] [35m[W3C (7ddd9ae8)][39m Received response: null
[debug] [35m[W3C (7ddd9ae8)][39m But deleting session, so not returning
[debug] [35m[W3C (7ddd9ae8)][39m Responding to client with driver.deleteSession() result: null
[35m[HTTP][39m [37m<-- DELETE /wd/hub/session/7ddd9ae8-b461-49d5-907f-1ed718db1e70 [39m[32m200[39m [90m1288 ms - 14[39m
[35m[HTTP][39m [90m[39m
